ARM GAS  C:\Users\ANDREW~1\AppData\Local\Temp\ccuAE2lI.s 			page 1


   1              		.syntax unified
   2              		.cpu cortex-m3
   3              		.fpu softvfp
   4              		.eabi_attribute 20, 1
   5              		.eabi_attribute 21, 1
   6              		.eabi_attribute 23, 3
   7              		.eabi_attribute 24, 1
   8              		.eabi_attribute 25, 1
   9              		.eabi_attribute 26, 1
  10              		.eabi_attribute 30, 1
  11              		.eabi_attribute 34, 1
  12              		.eabi_attribute 18, 4
  13              		.thumb
  14              		.syntax unified
  15              		.file	"cymetadata.c"
  16              		.text
  17              	.Ltext0:
  18              		.cfi_sections	.debug_frame
  19              		.global	cy_metadata
  20              		.global	cy_meta_flashprotect
  21              		.global	cy_meta_wonvl
  22              		.global	cy_meta_custnvl
  23              		.global	cy_meta_configecc
  24              		.section	.cyconfigecc,"a",%progbits
  25              		.align	2
  26              		.type	cy_meta_configecc, %object
  27              		.size	cy_meta_configecc, 1500
  28              	cy_meta_configecc:
  29 0000 02       		.byte	2
  30 0001 4F       		.byte	79
  31 0002 00       		.byte	0
  32 0003 40       		.byte	64
  33 0004 02       		.byte	2
  34 0005 52       		.byte	82
  35 0006 00       		.byte	0
  36 0007 40       		.byte	64
  37 0008 01       		.byte	1
  38 0009 64       		.byte	100
  39 000a 00       		.byte	0
  40 000b 40       		.byte	64
  41 000c 03       		.byte	3
  42 000d 65       		.byte	101
  43 000e 00       		.byte	0
  44 000f 40       		.byte	64
  45 0010 02       		.byte	2
  46 0011 05       		.byte	5
  47 0012 01       		.byte	1
  48 0013 40       		.byte	64
  49 0014 57       		.byte	87
  50 0015 06       		.byte	6
  51 0016 01       		.byte	1
  52 0017 40       		.byte	64
  53 0018 3F       		.byte	63
  54 0019 07       		.byte	7
  55 001a 01       		.byte	1
  56 001b 40       		.byte	64
  57 001c 55       		.byte	85
ARM GAS  C:\Users\ANDREW~1\AppData\Local\Temp\ccuAE2lI.s 			page 2


  58 001d 08       		.byte	8
  59 001e 01       		.byte	1
  60 001f 40       		.byte	64
  61 0020 3B       		.byte	59
  62 0021 09       		.byte	9
  63 0022 01       		.byte	1
  64 0023 40       		.byte	64
  65 0024 04       		.byte	4
  66 0025 0A       		.byte	10
  67 0026 01       		.byte	1
  68 0027 40       		.byte	64
  69 0028 03       		.byte	3
  70 0029 0B       		.byte	11
  71 002a 01       		.byte	1
  72 002b 40       		.byte	64
  73 002c 07       		.byte	7
  74 002d 17       		.byte	23
  75 002e 01       		.byte	1
  76 002f 40       		.byte	64
  77 0030 57       		.byte	87
  78 0031 18       		.byte	24
  79 0032 01       		.byte	1
  80 0033 40       		.byte	64
  81 0034 4A       		.byte	74
  82 0035 19       		.byte	25
  83 0036 01       		.byte	1
  84 0037 40       		.byte	64
  85 0038 14       		.byte	20
  86 0039 1A       		.byte	26
  87 003a 01       		.byte	1
  88 003b 40       		.byte	64
  89 003c 45       		.byte	69
  90 003d 1B       		.byte	27
  91 003e 01       		.byte	1
  92 003f 40       		.byte	64
  93 0040 02       		.byte	2
  94 0041 40       		.byte	64
  95 0042 01       		.byte	1
  96 0043 40       		.byte	64
  97 0044 03       		.byte	3
  98 0045 41       		.byte	65
  99 0046 01       		.byte	1
 100 0047 40       		.byte	64
 101 0048 06       		.byte	6
 102 0049 42       		.byte	66
 103 004a 01       		.byte	1
 104 004b 40       		.byte	64
 105 004c 05       		.byte	5
 106 004d 43       		.byte	67
 107 004e 01       		.byte	1
 108 004f 40       		.byte	64
 109 0050 02       		.byte	2
 110 0051 45       		.byte	69
 111 0052 01       		.byte	1
 112 0053 40       		.byte	64
 113 0054 01       		.byte	1
 114 0055 46       		.byte	70
ARM GAS  C:\Users\ANDREW~1\AppData\Local\Temp\ccuAE2lI.s 			page 3


 115 0056 01       		.byte	1
 116 0057 40       		.byte	64
 117 0058 02       		.byte	2
 118 0059 47       		.byte	71
 119 005a 01       		.byte	1
 120 005b 40       		.byte	64
 121 005c 02       		.byte	2
 122 005d 4C       		.byte	76
 123 005e 01       		.byte	1
 124 005f 40       		.byte	64
 125 0060 07       		.byte	7
 126 0061 4D       		.byte	77
 127 0062 01       		.byte	1
 128 0063 40       		.byte	64
 129 0064 05       		.byte	5
 130 0065 50       		.byte	80
 131 0066 01       		.byte	1
 132 0067 40       		.byte	64
 133 0068 01       		.byte	1
 134 0069 51       		.byte	81
 135 006a 01       		.byte	1
 136 006b 40       		.byte	64
 137 006c 01       		.byte	1
 138 006d 20       		.byte	32
 139 006e 0A       		.byte	10
 140 006f 4B       		.byte	75
 141 0070 10       		.byte	16
 142 0071 02       		.byte	2
 143 0072 11       		.byte	17
 144 0073 02       		.byte	2
 145 0074 87       		.byte	-121
 146 0075 0F       		.byte	15
 147 0076 88       		.byte	-120
 148 0077 38       		.byte	56
 149 0078 8A       		.byte	-118
 150 0079 0F       		.byte	15
 151 007a 8B       		.byte	-117
 152 007b 72       		.byte	114
 153 007c 85       		.byte	-123
 154 007d 04       		.byte	4
 155 007e E4       		.byte	-28
 156 007f 02       		.byte	2
 157 0080 06       		.byte	6
 158 0081 01       		.byte	1
 159 0082 0F       		.byte	15
 160 0083 01       		.byte	1
 161 0084 24       		.byte	36
 162 0085 01       		.byte	1
 163 0086 2A       		.byte	42
 164 0087 01       		.byte	1
 165 0088 31       		.byte	49
 166 0089 01       		.byte	1
 167 008a 36       		.byte	54
 168 008b 01       		.byte	1
 169 008c 3E       		.byte	62
 170 008d 40       		.byte	64
 171 008e 40       		.byte	64
ARM GAS  C:\Users\ANDREW~1\AppData\Local\Temp\ccuAE2lI.s 			page 4


 172 008f 32       		.byte	50
 173 0090 41       		.byte	65
 174 0091 04       		.byte	4
 175 0092 42       		.byte	66
 176 0093 01       		.byte	1
 177 0094 49       		.byte	73
 178 0095 FF       		.byte	-1
 179 0096 4A       		.byte	74
 180 0097 FF       		.byte	-1
 181 0098 4B       		.byte	75
 182 0099 FF       		.byte	-1
 183 009a 4F       		.byte	79
 184 009b 01       		.byte	1
 185 009c 50       		.byte	80
 186 009d 18       		.byte	24
 187 009e 58       		.byte	88
 188 009f 04       		.byte	4
 189 00a0 59       		.byte	89
 190 00a1 04       		.byte	4
 191 00a2 5A       		.byte	90
 192 00a3 04       		.byte	4
 193 00a4 5B       		.byte	91
 194 00a5 04       		.byte	4
 195 00a6 5F       		.byte	95
 196 00a7 01       		.byte	1
 197 00a8 60       		.byte	96
 198 00a9 40       		.byte	64
 199 00aa 62       		.byte	98
 200 00ab 40       		.byte	64
 201 00ac 64       		.byte	100
 202 00ad 40       		.byte	64
 203 00ae 65       		.byte	101
 204 00af 40       		.byte	64
 205 00b0 66       		.byte	102
 206 00b1 80       		.byte	-128
 207 00b2 68       		.byte	104
 208 00b3 80       		.byte	-128
 209 00b4 6A       		.byte	106
 210 00b5 80       		.byte	-128
 211 00b6 6C       		.byte	108
 212 00b7 80       		.byte	-128
 213 00b8 6E       		.byte	110
 214 00b9 80       		.byte	-128
 215 00ba 81       		.byte	-127
 216 00bb 3E       		.byte	62
 217 00bc 82       		.byte	-126
 218 00bd 02       		.byte	2
 219 00be 84       		.byte	-124
 220 00bf 01       		.byte	1
 221 00c0 86       		.byte	-122
 222 00c1 04       		.byte	4
 223 00c2 8C       		.byte	-116
 224 00c3 0F       		.byte	15
 225 00c4 8F       		.byte	-113
 226 00c5 38       		.byte	56
 227 00c6 91       		.byte	-111
 228 00c7 38       		.byte	56
ARM GAS  C:\Users\ANDREW~1\AppData\Local\Temp\ccuAE2lI.s 			page 5


 229 00c8 92       		.byte	-110
 230 00c9 08       		.byte	8
 231 00ca 93       		.byte	-109
 232 00cb 04       		.byte	4
 233 00cc 95       		.byte	-107
 234 00cd 08       		.byte	8
 235 00ce 97       		.byte	-105
 236 00cf 03       		.byte	3
 237 00d0 99       		.byte	-103
 238 00d1 20       		.byte	32
 239 00d2 9B       		.byte	-101
 240 00d3 42       		.byte	66
 241 00d4 9D       		.byte	-99
 242 00d5 10       		.byte	16
 243 00d6 9F       		.byte	-97
 244 00d7 42       		.byte	66
 245 00d8 A2       		.byte	-94
 246 00d9 0F       		.byte	15
 247 00da A3       		.byte	-93
 248 00db 7B       		.byte	123
 249 00dc A4       		.byte	-92
 250 00dd 04       		.byte	4
 251 00de A6       		.byte	-90
 252 00df 01       		.byte	1
 253 00e0 AE       		.byte	-82
 254 00e1 0F       		.byte	15
 255 00e2 AF       		.byte	-81
 256 00e3 7B       		.byte	123
 257 00e4 B0       		.byte	-80
 258 00e5 03       		.byte	3
 259 00e6 B1       		.byte	-79
 260 00e7 06       		.byte	6
 261 00e8 B3       		.byte	-77
 262 00e9 38       		.byte	56
 263 00ea B5       		.byte	-75
 264 00eb 01       		.byte	1
 265 00ec B6       		.byte	-74
 266 00ed 0C       		.byte	12
 267 00ee B7       		.byte	-73
 268 00ef 40       		.byte	64
 269 00f0 BF       		.byte	-65
 270 00f1 50       		.byte	80
 271 00f2 C0       		.byte	-64
 272 00f3 26       		.byte	38
 273 00f4 C1       		.byte	-63
 274 00f5 04       		.byte	4
 275 00f6 C2       		.byte	-62
 276 00f7 01       		.byte	1
 277 00f8 C5       		.byte	-59
 278 00f9 EC       		.byte	-20
 279 00fa C6       		.byte	-58
 280 00fb 20       		.byte	32
 281 00fc C8       		.byte	-56
 282 00fd 0B       		.byte	11
 283 00fe C9       		.byte	-55
 284 00ff FF       		.byte	-1
 285 0100 CA       		.byte	-54
ARM GAS  C:\Users\ANDREW~1\AppData\Local\Temp\ccuAE2lI.s 			page 6


 286 0101 FF       		.byte	-1
 287 0102 CB       		.byte	-53
 288 0103 FF       		.byte	-1
 289 0104 CD       		.byte	-51
 290 0105 83       		.byte	-125
 291 0106 CE       		.byte	-50
 292 0107 03       		.byte	3
 293 0108 CF       		.byte	-49
 294 0109 01       		.byte	1
 295 010a D0       		.byte	-48
 296 010b 18       		.byte	24
 297 010c D2       		.byte	-46
 298 010d 93       		.byte	-109
 299 010e D4       		.byte	-44
 300 010f 03       		.byte	3
 301 0110 D6       		.byte	-42
 302 0111 04       		.byte	4
 303 0112 D8       		.byte	-40
 304 0113 04       		.byte	4
 305 0114 D9       		.byte	-39
 306 0115 04       		.byte	4
 307 0116 DA       		.byte	-38
 308 0117 04       		.byte	4
 309 0118 DB       		.byte	-37
 310 0119 04       		.byte	4
 311 011a DF       		.byte	-33
 312 011b 05       		.byte	5
 313 011c E0       		.byte	-32
 314 011d 40       		.byte	64
 315 011e E2       		.byte	-30
 316 011f 40       		.byte	64
 317 0120 E4       		.byte	-28
 318 0121 40       		.byte	64
 319 0122 E5       		.byte	-27
 320 0123 40       		.byte	64
 321 0124 E6       		.byte	-26
 322 0125 80       		.byte	-128
 323 0126 E8       		.byte	-24
 324 0127 80       		.byte	-128
 325 0128 EA       		.byte	-22
 326 0129 80       		.byte	-128
 327 012a EC       		.byte	-20
 328 012b 80       		.byte	-128
 329 012c EE       		.byte	-18
 330 012d 80       		.byte	-128
 331 012e 01       		.byte	1
 332 012f 06       		.byte	6
 333 0130 03       		.byte	3
 334 0131 01       		.byte	1
 335 0132 06       		.byte	6
 336 0133 20       		.byte	32
 337 0134 08       		.byte	8
 338 0135 01       		.byte	1
 339 0136 10       		.byte	16
 340 0137 80       		.byte	-128
 341 0138 11       		.byte	17
 342 0139 08       		.byte	8
ARM GAS  C:\Users\ANDREW~1\AppData\Local\Temp\ccuAE2lI.s 			page 7


 343 013a 13       		.byte	19
 344 013b 40       		.byte	64
 345 013c 15       		.byte	21
 346 013d 04       		.byte	4
 347 013e 17       		.byte	23
 348 013f 20       		.byte	32
 349 0140 19       		.byte	25
 350 0141 42       		.byte	66
 351 0142 1D       		.byte	29
 352 0143 80       		.byte	-128
 353 0144 20       		.byte	32
 354 0145 04       		.byte	4
 355 0146 22       		.byte	34
 356 0147 45       		.byte	69
 357 0148 23       		.byte	35
 358 0149 28       		.byte	40
 359 014a 27       		.byte	39
 360 014b 40       		.byte	64
 361 014c 28       		.byte	40
 362 014d 01       		.byte	1
 363 014e 29       		.byte	41
 364 014f 40       		.byte	64
 365 0150 2A       		.byte	42
 366 0151 02       		.byte	2
 367 0152 31       		.byte	49
 368 0153 20       		.byte	32
 369 0154 32       		.byte	50
 370 0155 05       		.byte	5
 371 0156 33       		.byte	51
 372 0157 40       		.byte	64
 373 0158 38       		.byte	56
 374 0159 02       		.byte	2
 375 015a 3B       		.byte	59
 376 015b 40       		.byte	64
 377 015c 3F       		.byte	63
 378 015d 40       		.byte	64
 379 015e 40       		.byte	64
 380 015f 04       		.byte	4
 381 0160 41       		.byte	65
 382 0161 80       		.byte	-128
 383 0162 43       		.byte	67
 384 0163 01       		.byte	1
 385 0164 45       		.byte	69
 386 0165 A0       		.byte	-96
 387 0166 47       		.byte	71
 388 0167 09       		.byte	9
 389 0168 49       		.byte	73
 390 0169 05       		.byte	5
 391 016a 4B       		.byte	75
 392 016b 20       		.byte	32
 393 016c 51       		.byte	81
 394 016d 20       		.byte	32
 395 016e 53       		.byte	83
 396 016f 10       		.byte	16
 397 0170 58       		.byte	88
 398 0171 10       		.byte	16
 399 0172 59       		.byte	89
ARM GAS  C:\Users\ANDREW~1\AppData\Local\Temp\ccuAE2lI.s 			page 8


 400 0173 05       		.byte	5
 401 0174 5A       		.byte	90
 402 0175 80       		.byte	-128
 403 0176 63       		.byte	99
 404 0177 80       		.byte	-128
 405 0178 69       		.byte	105
 406 0179 10       		.byte	16
 407 017a 6A       		.byte	106
 408 017b 40       		.byte	64
 409 017c 6C       		.byte	108
 410 017d 01       		.byte	1
 411 017e 6D       		.byte	109
 412 017f 40       		.byte	64
 413 0180 6F       		.byte	111
 414 0181 01       		.byte	1
 415 0182 70       		.byte	112
 416 0183 80       		.byte	-128
 417 0184 72       		.byte	114
 418 0185 02       		.byte	2
 419 0186 73       		.byte	115
 420 0187 40       		.byte	64
 421 0188 79       		.byte	121
 422 0189 40       		.byte	64
 423 018a 83       		.byte	-125
 424 018b 40       		.byte	64
 425 018c 89       		.byte	-119
 426 018d 10       		.byte	16
 427 018e 8E       		.byte	-114
 428 018f 40       		.byte	64
 429 0190 91       		.byte	-111
 430 0191 04       		.byte	4
 431 0192 C0       		.byte	-64
 432 0193 2D       		.byte	45
 433 0194 C2       		.byte	-62
 434 0195 08       		.byte	8
 435 0196 C4       		.byte	-60
 436 0197 6D       		.byte	109
 437 0198 CA       		.byte	-54
 438 0199 09       		.byte	9
 439 019a CC       		.byte	-52
 440 019b 0F       		.byte	15
 441 019c CE       		.byte	-50
 442 019d 19       		.byte	25
 443 019e D0       		.byte	-48
 444 019f FD       		.byte	-3
 445 01a0 D2       		.byte	-46
 446 01a1 04       		.byte	4
 447 01a2 D6       		.byte	-42
 448 01a3 0F       		.byte	15
 449 01a4 D8       		.byte	-40
 450 01a5 01       		.byte	1
 451 01a6 DE       		.byte	-34
 452 01a7 08       		.byte	8
 453 01a8 E0       		.byte	-32
 454 01a9 04       		.byte	4
 455 01aa EE       		.byte	-18
 456 01ab 08       		.byte	8
ARM GAS  C:\Users\ANDREW~1\AppData\Local\Temp\ccuAE2lI.s 			page 9


 457 01ac 05       		.byte	5
 458 01ad 0F       		.byte	15
 459 01ae 06       		.byte	6
 460 01af 0F       		.byte	15
 461 01b0 07       		.byte	7
 462 01b1 20       		.byte	32
 463 01b2 09       		.byte	9
 464 01b3 05       		.byte	5
 465 01b4 0E       		.byte	14
 466 01b5 0F       		.byte	15
 467 01b6 10       		.byte	16
 468 01b7 0F       		.byte	15
 469 01b8 13       		.byte	19
 470 01b9 19       		.byte	25
 471 01ba 14       		.byte	20
 472 01bb 03       		.byte	3
 473 01bc 16       		.byte	22
 474 01bd 0C       		.byte	12
 475 01be 17       		.byte	23
 476 01bf 0F       		.byte	15
 477 01c0 18       		.byte	24
 478 01c1 05       		.byte	5
 479 01c2 1A       		.byte	26
 480 01c3 0A       		.byte	10
 481 01c4 1B       		.byte	27
 482 01c5 0E       		.byte	14
 483 01c6 20       		.byte	32
 484 01c7 03       		.byte	3
 485 01c8 22       		.byte	34
 486 01c9 0C       		.byte	12
 487 01ca 23       		.byte	35
 488 01cb 03       		.byte	3
 489 01cc 24       		.byte	36
 490 01cd 05       		.byte	5
 491 01ce 26       		.byte	38
 492 01cf 0A       		.byte	10
 493 01d0 2B       		.byte	43
 494 01d1 0F       		.byte	15
 495 01d2 2C       		.byte	44
 496 01d3 0F       		.byte	15
 497 01d4 2D       		.byte	45
 498 01d5 06       		.byte	6
 499 01d6 2F       		.byte	47
 500 01d7 10       		.byte	16
 501 01d8 33       		.byte	51
 502 01d9 20       		.byte	32
 503 01da 34       		.byte	52
 504 01db 0F       		.byte	15
 505 01dc 37       		.byte	55
 506 01dd 1F       		.byte	31
 507 01de 3B       		.byte	59
 508 01df 80       		.byte	-128
 509 01e0 58       		.byte	88
 510 01e1 04       		.byte	4
 511 01e2 59       		.byte	89
 512 01e3 04       		.byte	4
 513 01e4 5F       		.byte	95
ARM GAS  C:\Users\ANDREW~1\AppData\Local\Temp\ccuAE2lI.s 			page 10


 514 01e5 01       		.byte	1
 515 01e6 81       		.byte	-127
 516 01e7 0F       		.byte	15
 517 01e8 84       		.byte	-124
 518 01e9 DC       		.byte	-36
 519 01ea 86       		.byte	-122
 520 01eb 22       		.byte	34
 521 01ec 87       		.byte	-121
 522 01ed 0F       		.byte	15
 523 01ee 8A       		.byte	-118
 524 01ef 03       		.byte	3
 525 01f0 8B       		.byte	-117
 526 01f1 0F       		.byte	15
 527 01f2 8C       		.byte	-116
 528 01f3 10       		.byte	16
 529 01f4 8D       		.byte	-115
 530 01f5 60       		.byte	96
 531 01f6 8E       		.byte	-114
 532 01f7 AC       		.byte	-84
 533 01f8 90       		.byte	-112
 534 01f9 0C       		.byte	12
 535 01fa 91       		.byte	-111
 536 01fb 02       		.byte	2
 537 01fc 92       		.byte	-110
 538 01fd 71       		.byte	113
 539 01fe 93       		.byte	-109
 540 01ff 01       		.byte	1
 541 0200 94       		.byte	-108
 542 0201 09       		.byte	9
 543 0202 95       		.byte	-107
 544 0203 07       		.byte	7
 545 0204 96       		.byte	-106
 546 0205 D0       		.byte	-48
 547 0206 97       		.byte	-105
 548 0207 10       		.byte	16
 549 0208 9A       		.byte	-102
 550 0209 20       		.byte	32
 551 020a 9B       		.byte	-101
 552 020b 18       		.byte	24
 553 020c 9D       		.byte	-99
 554 020d 60       		.byte	96
 555 020e A0       		.byte	-96
 556 020f 14       		.byte	20
 557 0210 A3       		.byte	-93
 558 0211 04       		.byte	4
 559 0212 A7       		.byte	-89
 560 0213 20       		.byte	32
 561 0214 A8       		.byte	-88
 562 0215 10       		.byte	16
 563 0216 A9       		.byte	-87
 564 0217 40       		.byte	64
 565 0218 AA       		.byte	-86
 566 0219 40       		.byte	64
 567 021a AD       		.byte	-83
 568 021b 01       		.byte	1
 569 021c AF       		.byte	-81
 570 021d 02       		.byte	2
ARM GAS  C:\Users\ANDREW~1\AppData\Local\Temp\ccuAE2lI.s 			page 11


 571 021e B0       		.byte	-80
 572 021f E0       		.byte	-32
 573 0220 B1       		.byte	-79
 574 0221 60       		.byte	96
 575 0222 B4       		.byte	-76
 576 0223 1F       		.byte	31
 577 0224 B5       		.byte	-75
 578 0225 1F       		.byte	31
 579 0226 B9       		.byte	-71
 580 0227 02       		.byte	2
 581 0228 BA       		.byte	-70
 582 0229 02       		.byte	2
 583 022a BB       		.byte	-69
 584 022b 20       		.byte	32
 585 022c BF       		.byte	-65
 586 022d 01       		.byte	1
 587 022e C0       		.byte	-64
 588 022f 53       		.byte	83
 589 0230 C1       		.byte	-63
 590 0231 01       		.byte	1
 591 0232 C6       		.byte	-58
 592 0233 EB       		.byte	-21
 593 0234 C7       		.byte	-57
 594 0235 0C       		.byte	12
 595 0236 C8       		.byte	-56
 596 0237 1C       		.byte	28
 597 0238 C9       		.byte	-55
 598 0239 FF       		.byte	-1
 599 023a CA       		.byte	-54
 600 023b FF       		.byte	-1
 601 023c CB       		.byte	-53
 602 023d FF       		.byte	-1
 603 023e CE       		.byte	-50
 604 023f F0       		.byte	-16
 605 0240 CF       		.byte	-49
 606 0241 44       		.byte	68
 607 0242 D0       		.byte	-48
 608 0243 0C       		.byte	12
 609 0244 D8       		.byte	-40
 610 0245 04       		.byte	4
 611 0246 D9       		.byte	-39
 612 0247 04       		.byte	4
 613 0248 DA       		.byte	-38
 614 0249 04       		.byte	4
 615 024a DC       		.byte	-36
 616 024b 01       		.byte	1
 617 024c DD       		.byte	-35
 618 024d 01       		.byte	1
 619 024e DF       		.byte	-33
 620 024f 01       		.byte	1
 621 0250 E6       		.byte	-26
 622 0251 C0       		.byte	-64
 623 0252 EA       		.byte	-22
 624 0253 40       		.byte	64
 625 0254 EB       		.byte	-21
 626 0255 02       		.byte	2
 627 0256 00       		.byte	0
ARM GAS  C:\Users\ANDREW~1\AppData\Local\Temp\ccuAE2lI.s 			page 12


 628 0257 40       		.byte	64
 629 0258 01       		.byte	1
 630 0259 20       		.byte	32
 631 025a 03       		.byte	3
 632 025b 20       		.byte	32
 633 025c 04       		.byte	4
 634 025d 08       		.byte	8
 635 025e 06       		.byte	6
 636 025f 02       		.byte	2
 637 0260 07       		.byte	7
 638 0261 10       		.byte	16
 639 0262 08       		.byte	8
 640 0263 20       		.byte	32
 641 0264 0A       		.byte	10
 642 0265 A0       		.byte	-96
 643 0266 0D       		.byte	13
 644 0267 21       		.byte	33
 645 0268 0E       		.byte	14
 646 0269 20       		.byte	32
 647 026a 10       		.byte	16
 648 026b 80       		.byte	-128
 649 026c 12       		.byte	18
 650 026d 04       		.byte	4
 651 026e 14       		.byte	20
 652 026f 01       		.byte	1
 653 0270 16       		.byte	22
 654 0271 20       		.byte	32
 655 0272 17       		.byte	23
 656 0273 01       		.byte	1
 657 0274 19       		.byte	25
 658 0275 20       		.byte	32
 659 0276 1A       		.byte	26
 660 0277 80       		.byte	-128
 661 0278 1F       		.byte	31
 662 0279 10       		.byte	16
 663 027a 21       		.byte	33
 664 027b 22       		.byte	34
 665 027c 22       		.byte	34
 666 027d 20       		.byte	32
 667 027e 26       		.byte	38
 668 027f 08       		.byte	8
 669 0280 27       		.byte	39
 670 0281 11       		.byte	17
 671 0282 28       		.byte	40
 672 0283 20       		.byte	32
 673 0284 29       		.byte	41
 674 0285 54       		.byte	84
 675 0286 2A       		.byte	42
 676 0287 01       		.byte	1
 677 0288 2C       		.byte	44
 678 0289 01       		.byte	1
 679 028a 2D       		.byte	45
 680 028b 10       		.byte	16
 681 028c 2F       		.byte	47
 682 028d 84       		.byte	-124
 683 028e 31       		.byte	49
 684 028f 28       		.byte	40
ARM GAS  C:\Users\ANDREW~1\AppData\Local\Temp\ccuAE2lI.s 			page 13


 685 0290 32       		.byte	50
 686 0291 40       		.byte	64
 687 0292 33       		.byte	51
 688 0293 41       		.byte	65
 689 0294 36       		.byte	54
 690 0295 28       		.byte	40
 691 0296 37       		.byte	55
 692 0297 01       		.byte	1
 693 0298 38       		.byte	56
 694 0299 48       		.byte	72
 695 029a 39       		.byte	57
 696 029b 12       		.byte	18
 697 029c 3B       		.byte	59
 698 029d 40       		.byte	64
 699 029e 3C       		.byte	60
 700 029f 08       		.byte	8
 701 02a0 3E       		.byte	62
 702 02a1 20       		.byte	32
 703 02a2 40       		.byte	64
 704 02a3 20       		.byte	32
 705 02a4 43       		.byte	67
 706 02a5 40       		.byte	64
 707 02a6 4B       		.byte	75
 708 02a7 40       		.byte	64
 709 02a8 50       		.byte	80
 710 02a9 98       		.byte	-104
 711 02aa 89       		.byte	-119
 712 02ab 40       		.byte	64
 713 02ac 8A       		.byte	-118
 714 02ad 10       		.byte	16
 715 02ae 8B       		.byte	-117
 716 02af 80       		.byte	-128
 717 02b0 8E       		.byte	-114
 718 02b1 21       		.byte	33
 719 02b2 91       		.byte	-111
 720 02b3 02       		.byte	2
 721 02b4 A0       		.byte	-96
 722 02b5 04       		.byte	4
 723 02b6 AF       		.byte	-81
 724 02b7 20       		.byte	32
 725 02b8 C0       		.byte	-64
 726 02b9 A7       		.byte	-89
 727 02ba C2       		.byte	-62
 728 02bb 7E       		.byte	126
 729 02bc C4       		.byte	-60
 730 02bd BA       		.byte	-70
 731 02be CA       		.byte	-54
 732 02bf BF       		.byte	-65
 733 02c0 CC       		.byte	-52
 734 02c1 EF       		.byte	-17
 735 02c2 CE       		.byte	-50
 736 02c3 6F       		.byte	111
 737 02c4 D0       		.byte	-48
 738 02c5 0A       		.byte	10
 739 02c6 D2       		.byte	-46
 740 02c7 08       		.byte	8
 741 02c8 E0       		.byte	-32
ARM GAS  C:\Users\ANDREW~1\AppData\Local\Temp\ccuAE2lI.s 			page 14


 742 02c9 84       		.byte	-124
 743 02ca E4       		.byte	-28
 744 02cb 40       		.byte	64
 745 02cc B8       		.byte	-72
 746 02cd 20       		.byte	32
 747 02ce BE       		.byte	-66
 748 02cf 10       		.byte	16
 749 02d0 D8       		.byte	-40
 750 02d1 04       		.byte	4
 751 02d2 DF       		.byte	-33
 752 02d3 01       		.byte	1
 753 02d4 1F       		.byte	31
 754 02d5 20       		.byte	32
 755 02d6 84       		.byte	-124
 756 02d7 04       		.byte	4
 757 02d8 85       		.byte	-123
 758 02d9 01       		.byte	1
 759 02da AC       		.byte	-84
 760 02db 10       		.byte	16
 761 02dc AE       		.byte	-82
 762 02dd 04       		.byte	4
 763 02de B3       		.byte	-77
 764 02df 01       		.byte	1
 765 02e0 B5       		.byte	-75
 766 02e1 04       		.byte	4
 767 02e2 B6       		.byte	-74
 768 02e3 20       		.byte	32
 769 02e4 EC       		.byte	-20
 770 02e5 08       		.byte	8
 771 02e6 EE       		.byte	-18
 772 02e7 02       		.byte	2
 773 02e8 01       		.byte	1
 774 02e9 04       		.byte	4
 775 02ea 02       		.byte	2
 776 02eb 63       		.byte	99
 777 02ec 03       		.byte	3
 778 02ed 18       		.byte	24
 779 02ee 04       		.byte	4
 780 02ef 3C       		.byte	60
 781 02f0 05       		.byte	5
 782 02f1 02       		.byte	2
 783 02f2 06       		.byte	6
 784 02f3 42       		.byte	66
 785 02f4 07       		.byte	7
 786 02f5 01       		.byte	1
 787 02f6 08       		.byte	8
 788 02f7 08       		.byte	8
 789 02f8 09       		.byte	9
 790 02f9 10       		.byte	16
 791 02fa 0B       		.byte	11
 792 02fb 04       		.byte	4
 793 02fc 0F       		.byte	15
 794 02fd 20       		.byte	32
 795 02fe 11       		.byte	17
 796 02ff 03       		.byte	3
 797 0300 14       		.byte	20
 798 0301 04       		.byte	4
ARM GAS  C:\Users\ANDREW~1\AppData\Local\Temp\ccuAE2lI.s 			page 15


 799 0302 15       		.byte	21
 800 0303 03       		.byte	3
 801 0304 19       		.byte	25
 802 0305 08       		.byte	8
 803 0306 1A       		.byte	26
 804 0307 04       		.byte	4
 805 0308 1B       		.byte	27
 806 0309 04       		.byte	4
 807 030a 1C       		.byte	28
 808 030b 10       		.byte	16
 809 030c 1F       		.byte	31
 810 030d 20       		.byte	32
 811 030e 20       		.byte	32
 812 030f 7F       		.byte	127
 813 0310 24       		.byte	36
 814 0311 67       		.byte	103
 815 0312 25       		.byte	37
 816 0313 1C       		.byte	28
 817 0314 26       		.byte	38
 818 0315 18       		.byte	24
 819 0316 28       		.byte	40
 820 0317 18       		.byte	24
 821 0318 29       		.byte	41
 822 0319 1C       		.byte	28
 823 031a 2C       		.byte	44
 824 031b 1C       		.byte	28
 825 031c 2D       		.byte	45
 826 031d 02       		.byte	2
 827 031e 2E       		.byte	46
 828 031f 61       		.byte	97
 829 0320 2F       		.byte	47
 830 0321 01       		.byte	1
 831 0322 30       		.byte	48
 832 0323 58       		.byte	88
 833 0324 31       		.byte	49
 834 0325 1C       		.byte	28
 835 0326 33       		.byte	51
 836 0327 02       		.byte	2
 837 0328 34       		.byte	52
 838 0329 1F       		.byte	31
 839 032a 35       		.byte	53
 840 032b 20       		.byte	32
 841 032c 36       		.byte	54
 842 032d 38       		.byte	56
 843 032e 37       		.byte	55
 844 032f 01       		.byte	1
 845 0330 39       		.byte	57
 846 0331 80       		.byte	-128
 847 0332 3A       		.byte	58
 848 0333 22       		.byte	34
 849 0334 3F       		.byte	63
 850 0335 14       		.byte	20
 851 0336 54       		.byte	84
 852 0337 18       		.byte	24
 853 0338 58       		.byte	88
 854 0339 04       		.byte	4
 855 033a 59       		.byte	89
ARM GAS  C:\Users\ANDREW~1\AppData\Local\Temp\ccuAE2lI.s 			page 16


 856 033b 04       		.byte	4
 857 033c 5B       		.byte	91
 858 033d 04       		.byte	4
 859 033e 5C       		.byte	92
 860 033f 11       		.byte	17
 861 0340 5D       		.byte	93
 862 0341 10       		.byte	16
 863 0342 5F       		.byte	95
 864 0343 01       		.byte	1
 865 0344 84       		.byte	-124
 866 0345 AC       		.byte	-84
 867 0346 86       		.byte	-122
 868 0347 43       		.byte	67
 869 0348 8A       		.byte	-118
 870 0349 08       		.byte	8
 871 034a 8C       		.byte	-116
 872 034b 31       		.byte	49
 873 034c 8E       		.byte	-114
 874 034d C6       		.byte	-58
 875 034e 90       		.byte	-112
 876 034f 31       		.byte	49
 877 0350 92       		.byte	-110
 878 0351 4E       		.byte	78
 879 0352 93       		.byte	-109
 880 0353 01       		.byte	1
 881 0354 96       		.byte	-106
 882 0355 8C       		.byte	-116
 883 0356 A6       		.byte	-90
 884 0357 53       		.byte	83
 885 0358 A8       		.byte	-88
 886 0359 30       		.byte	48
 887 035a A9       		.byte	-87
 888 035b 02       		.byte	2
 889 035c AA       		.byte	-86
 890 035d 40       		.byte	64
 891 035e AF       		.byte	-81
 892 035f 01       		.byte	1
 893 0360 B0       		.byte	-80
 894 0361 F0       		.byte	-16
 895 0362 B3       		.byte	-77
 896 0363 02       		.byte	2
 897 0364 B4       		.byte	-76
 898 0365 0F       		.byte	15
 899 0366 B5       		.byte	-75
 900 0367 01       		.byte	1
 901 0368 BA       		.byte	-70
 902 0369 22       		.byte	34
 903 036a BB       		.byte	-69
 904 036b 02       		.byte	2
 905 036c BF       		.byte	-65
 906 036d 14       		.byte	20
 907 036e C0       		.byte	-64
 908 036f 04       		.byte	4
 909 0370 C7       		.byte	-57
 910 0371 04       		.byte	4
 911 0372 C9       		.byte	-55
 912 0373 FF       		.byte	-1
ARM GAS  C:\Users\ANDREW~1\AppData\Local\Temp\ccuAE2lI.s 			page 17


 913 0374 CA       		.byte	-54
 914 0375 07       		.byte	7
 915 0376 CB       		.byte	-53
 916 0377 FF       		.byte	-1
 917 0378 CC       		.byte	-52
 918 0379 40       		.byte	64
 919 037a CD       		.byte	-51
 920 037b 20       		.byte	32
 921 037c CE       		.byte	-50
 922 037d F0       		.byte	-16
 923 037e CF       		.byte	-49
 924 037f 05       		.byte	5
 925 0380 D0       		.byte	-48
 926 0381 08       		.byte	8
 927 0382 D8       		.byte	-40
 928 0383 04       		.byte	4
 929 0384 D9       		.byte	-39
 930 0385 04       		.byte	4
 931 0386 DA       		.byte	-38
 932 0387 04       		.byte	4
 933 0388 DC       		.byte	-36
 934 0389 11       		.byte	17
 935 038a DD       		.byte	-35
 936 038b 01       		.byte	1
 937 038c DF       		.byte	-33
 938 038d 01       		.byte	1
 939 038e E0       		.byte	-32
 940 038f 40       		.byte	64
 941 0390 E1       		.byte	-31
 942 0391 A8       		.byte	-88
 943 0392 E2       		.byte	-30
 944 0393 40       		.byte	64
 945 0394 E3       		.byte	-29
 946 0395 20       		.byte	32
 947 0396 00       		.byte	0
 948 0397 40       		.byte	64
 949 0398 02       		.byte	2
 950 0399 04       		.byte	4
 951 039a 03       		.byte	3
 952 039b 20       		.byte	32
 953 039c 04       		.byte	4
 954 039d 04       		.byte	4
 955 039e 05       		.byte	5
 956 039f 01       		.byte	1
 957 03a0 06       		.byte	6
 958 03a1 08       		.byte	8
 959 03a2 0A       		.byte	10
 960 03a3 A0       		.byte	-96
 961 03a4 0C       		.byte	12
 962 03a5 80       		.byte	-128
 963 03a6 0D       		.byte	13
 964 03a7 20       		.byte	32
 965 03a8 0E       		.byte	14
 966 03a9 20       		.byte	32
 967 03aa 10       		.byte	16
 968 03ab 28       		.byte	40
 969 03ac 15       		.byte	21
ARM GAS  C:\Users\ANDREW~1\AppData\Local\Temp\ccuAE2lI.s 			page 18


 970 03ad 42       		.byte	66
 971 03ae 17       		.byte	23
 972 03af 14       		.byte	20
 973 03b0 18       		.byte	24
 974 03b1 40       		.byte	64
 975 03b2 19       		.byte	25
 976 03b3 10       		.byte	16
 977 03b4 1B       		.byte	27
 978 03b5 20       		.byte	32
 979 03b6 1C       		.byte	28
 980 03b7 04       		.byte	4
 981 03b8 1D       		.byte	29
 982 03b9 40       		.byte	64
 983 03ba 1E       		.byte	30
 984 03bb 04       		.byte	4
 985 03bc 1F       		.byte	31
 986 03bd 01       		.byte	1
 987 03be 21       		.byte	33
 988 03bf 01       		.byte	1
 989 03c0 22       		.byte	34
 990 03c1 0A       		.byte	10
 991 03c2 23       		.byte	35
 992 03c3 04       		.byte	4
 993 03c4 24       		.byte	36
 994 03c5 10       		.byte	16
 995 03c6 25       		.byte	37
 996 03c7 11       		.byte	17
 997 03c8 26       		.byte	38
 998 03c9 01       		.byte	1
 999 03ca 27       		.byte	39
 1000 03cb 01       		.byte	1
 1001 03cc 29       		.byte	41
 1002 03cd 20       		.byte	32
 1003 03ce 2B       		.byte	43
 1004 03cf 01       		.byte	1
 1005 03d0 2D       		.byte	45
 1006 03d1 54       		.byte	84
 1007 03d2 2F       		.byte	47
 1008 03d3 01       		.byte	1
 1009 03d4 33       		.byte	51
 1010 03d5 01       		.byte	1
 1011 03d6 34       		.byte	52
 1012 03d7 80       		.byte	-128
 1013 03d8 35       		.byte	53
 1014 03d9 40       		.byte	64
 1015 03da 36       		.byte	54
 1016 03db 12       		.byte	18
 1017 03dc 37       		.byte	55
 1018 03dd 04       		.byte	4
 1019 03de 3C       		.byte	60
 1020 03df 20       		.byte	32
 1021 03e0 3D       		.byte	61
 1022 03e1 02       		.byte	2
 1023 03e2 3E       		.byte	62
 1024 03e3 04       		.byte	4
 1025 03e4 3F       		.byte	63
 1026 03e5 80       		.byte	-128
ARM GAS  C:\Users\ANDREW~1\AppData\Local\Temp\ccuAE2lI.s 			page 19


 1027 03e6 41       		.byte	65
 1028 03e7 02       		.byte	2
 1029 03e8 48       		.byte	72
 1030 03e9 20       		.byte	32
 1031 03ea 49       		.byte	73
 1032 03eb 04       		.byte	4
 1033 03ec 52       		.byte	82
 1034 03ed 04       		.byte	4
 1035 03ee 5C       		.byte	92
 1036 03ef 01       		.byte	1
 1037 03f0 66       		.byte	102
 1038 03f1 80       		.byte	-128
 1039 03f2 67       		.byte	103
 1040 03f3 04       		.byte	4
 1041 03f4 8E       		.byte	-114
 1042 03f5 08       		.byte	8
 1043 03f6 90       		.byte	-112
 1044 03f7 20       		.byte	32
 1045 03f8 92       		.byte	-110
 1046 03f9 80       		.byte	-128
 1047 03fa 94       		.byte	-108
 1048 03fb 40       		.byte	64
 1049 03fc 96       		.byte	-106
 1050 03fd 20       		.byte	32
 1051 03fe 99       		.byte	-103
 1052 03ff 20       		.byte	32
 1053 0400 9D       		.byte	-99
 1054 0401 14       		.byte	20
 1055 0402 9E       		.byte	-98
 1056 0403 04       		.byte	4
 1057 0404 A0       		.byte	-96
 1058 0405 08       		.byte	8
 1059 0406 A1       		.byte	-95
 1060 0407 02       		.byte	2
 1061 0408 A7       		.byte	-89
 1062 0409 20       		.byte	32
 1063 040a AE       		.byte	-82
 1064 040b 02       		.byte	2
 1065 040c AF       		.byte	-81
 1066 040d 14       		.byte	20
 1067 040e B0       		.byte	-80
 1068 040f 01       		.byte	1
 1069 0410 B1       		.byte	-79
 1070 0411 08       		.byte	8
 1071 0412 B7       		.byte	-73
 1072 0413 10       		.byte	16
 1073 0414 C0       		.byte	-64
 1074 0415 77       		.byte	119
 1075 0416 C2       		.byte	-62
 1076 0417 EC       		.byte	-20
 1077 0418 C4       		.byte	-60
 1078 0419 F6       		.byte	-10
 1079 041a CA       		.byte	-54
 1080 041b 7C       		.byte	124
 1081 041c CC       		.byte	-52
 1082 041d F1       		.byte	-15
 1083 041e CE       		.byte	-50
ARM GAS  C:\Users\ANDREW~1\AppData\Local\Temp\ccuAE2lI.s 			page 20


 1084 041f F0       		.byte	-16
 1085 0420 D0       		.byte	-48
 1086 0421 01       		.byte	1
 1087 0422 D6       		.byte	-42
 1088 0423 80       		.byte	-128
 1089 0424 D8       		.byte	-40
 1090 0425 30       		.byte	48
 1091 0426 EC       		.byte	-20
 1092 0427 20       		.byte	32
 1093 0428 EE       		.byte	-18
 1094 0429 40       		.byte	64
 1095 042a 06       		.byte	6
 1096 042b 05       		.byte	5
 1097 042c 09       		.byte	9
 1098 042d 01       		.byte	1
 1099 042e 0C       		.byte	12
 1100 042f 05       		.byte	5
 1101 0430 10       		.byte	16
 1102 0431 05       		.byte	5
 1103 0432 24       		.byte	36
 1104 0433 02       		.byte	2
 1105 0434 26       		.byte	38
 1106 0435 04       		.byte	4
 1107 0436 2A       		.byte	42
 1108 0437 04       		.byte	4
 1109 0438 30       		.byte	48
 1110 0439 04       		.byte	4
 1111 043a 32       		.byte	50
 1112 043b 03       		.byte	3
 1113 043c 33       		.byte	51
 1114 043d 01       		.byte	1
 1115 043e 38       		.byte	56
 1116 043f 08       		.byte	8
 1117 0440 3E       		.byte	62
 1118 0441 01       		.byte	1
 1119 0442 3F       		.byte	63
 1120 0443 04       		.byte	4
 1121 0444 54       		.byte	84
 1122 0445 01       		.byte	1
 1123 0446 58       		.byte	88
 1124 0447 04       		.byte	4
 1125 0448 59       		.byte	89
 1126 0449 04       		.byte	4
 1127 044a 5B       		.byte	91
 1128 044b 04       		.byte	4
 1129 044c 5C       		.byte	92
 1130 044d 01       		.byte	1
 1131 044e 5D       		.byte	93
 1132 044f 10       		.byte	16
 1133 0450 5F       		.byte	95
 1134 0451 01       		.byte	1
 1135 0452 00       		.byte	0
 1136 0453 40       		.byte	64
 1137 0454 03       		.byte	3
 1138 0455 20       		.byte	32
 1139 0456 05       		.byte	5
 1140 0457 04       		.byte	4
ARM GAS  C:\Users\ANDREW~1\AppData\Local\Temp\ccuAE2lI.s 			page 21


 1141 0458 0A       		.byte	10
 1142 0459 80       		.byte	-128
 1143 045a 0E       		.byte	14
 1144 045b 20       		.byte	32
 1145 045c 10       		.byte	16
 1146 045d 28       		.byte	40
 1147 045e 13       		.byte	19
 1148 045f 20       		.byte	32
 1149 0460 15       		.byte	21
 1150 0461 54       		.byte	84
 1151 0462 1A       		.byte	26
 1152 0463 60       		.byte	96
 1153 0464 1C       		.byte	28
 1154 0465 20       		.byte	32
 1155 0466 1D       		.byte	29
 1156 0467 27       		.byte	39
 1157 0468 1E       		.byte	30
 1158 0469 80       		.byte	-128
 1159 046a 1F       		.byte	31
 1160 046b 04       		.byte	4
 1161 046c 22       		.byte	34
 1162 046d 04       		.byte	4
 1163 046e 24       		.byte	36
 1164 046f 01       		.byte	1
 1165 0470 27       		.byte	39
 1166 0471 44       		.byte	68
 1167 0472 2C       		.byte	44
 1168 0473 80       		.byte	-128
 1169 0474 2E       		.byte	46
 1170 0475 04       		.byte	4
 1171 0476 2F       		.byte	47
 1172 0477 05       		.byte	5
 1173 0478 36       		.byte	54
 1174 0479 41       		.byte	65
 1175 047a 37       		.byte	55
 1176 047b 14       		.byte	20
 1177 047c 38       		.byte	56
 1178 047d 20       		.byte	32
 1179 047e 3A       		.byte	58
 1180 047f 20       		.byte	32
 1181 0480 3C       		.byte	60
 1182 0481 02       		.byte	2
 1183 0482 3E       		.byte	62
 1184 0483 08       		.byte	8
 1185 0484 3F       		.byte	63
 1186 0485 40       		.byte	64
 1187 0486 45       		.byte	69
 1188 0487 02       		.byte	2
 1189 0488 47       		.byte	71
 1190 0489 44       		.byte	68
 1191 048a 4E       		.byte	78
 1192 048b 02       		.byte	2
 1193 048c 4F       		.byte	79
 1194 048d 60       		.byte	96
 1195 048e 57       		.byte	87
 1196 048f 41       		.byte	65
 1197 0490 5A       		.byte	90
ARM GAS  C:\Users\ANDREW~1\AppData\Local\Temp\ccuAE2lI.s 			page 22


 1198 0491 49       		.byte	73
 1199 0492 5B       		.byte	91
 1200 0493 20       		.byte	32
 1201 0494 5C       		.byte	92
 1202 0495 10       		.byte	16
 1203 0496 6D       		.byte	109
 1204 0497 54       		.byte	84
 1205 0498 74       		.byte	116
 1206 0499 80       		.byte	-128
 1207 049a 76       		.byte	118
 1208 049b 08       		.byte	8
 1209 049c 77       		.byte	119
 1210 049d 10       		.byte	16
 1211 049e 88       		.byte	-120
 1212 049f 01       		.byte	1
 1213 04a0 8A       		.byte	-118
 1214 04a1 31       		.byte	49
 1215 04a2 90       		.byte	-112
 1216 04a3 70       		.byte	112
 1217 04a4 92       		.byte	-110
 1218 04a5 84       		.byte	-124
 1219 04a6 93       		.byte	-109
 1220 04a7 02       		.byte	2
 1221 04a8 94       		.byte	-108
 1222 04a9 01       		.byte	1
 1223 04aa 95       		.byte	-107
 1224 04ab 14       		.byte	20
 1225 04ac 96       		.byte	-106
 1226 04ad 20       		.byte	32
 1227 04ae 9D       		.byte	-99
 1228 04af 01       		.byte	1
 1229 04b0 9E       		.byte	-98
 1230 04b1 08       		.byte	8
 1231 04b2 9F       		.byte	-97
 1232 04b3 14       		.byte	20
 1233 04b4 A0       		.byte	-96
 1234 04b5 28       		.byte	40
 1235 04b6 A2       		.byte	-94
 1236 04b7 03       		.byte	3
 1237 04b8 A3       		.byte	-93
 1238 04b9 30       		.byte	48
 1239 04ba A4       		.byte	-92
 1240 04bb 90       		.byte	-112
 1241 04bc A5       		.byte	-91
 1242 04bd 20       		.byte	32
 1243 04be A6       		.byte	-90
 1244 04bf 10       		.byte	16
 1245 04c0 A7       		.byte	-89
 1246 04c1 41       		.byte	65
 1247 04c2 B4       		.byte	-76
 1248 04c3 80       		.byte	-128
 1249 04c4 B5       		.byte	-75
 1250 04c5 10       		.byte	16
 1251 04c6 B6       		.byte	-74
 1252 04c7 80       		.byte	-128
 1253 04c8 B7       		.byte	-73
 1254 04c9 10       		.byte	16
ARM GAS  C:\Users\ANDREW~1\AppData\Local\Temp\ccuAE2lI.s 			page 23


 1255 04ca C0       		.byte	-64
 1256 04cb 25       		.byte	37
 1257 04cc C2       		.byte	-62
 1258 04cd 28       		.byte	40
 1259 04ce C4       		.byte	-60
 1260 04cf E6       		.byte	-26
 1261 04d0 CA       		.byte	-54
 1262 04d1 F0       		.byte	-16
 1263 04d2 CC       		.byte	-52
 1264 04d3 F0       		.byte	-16
 1265 04d4 CE       		.byte	-50
 1266 04d5 D4       		.byte	-44
 1267 04d6 D0       		.byte	-48
 1268 04d7 D0       		.byte	-48
 1269 04d8 D2       		.byte	-46
 1270 04d9 30       		.byte	48
 1271 04da D6       		.byte	-42
 1272 04db 2F       		.byte	47
 1273 04dc 30       		.byte	48
 1274 04dd 80       		.byte	-128
 1275 04de CC       		.byte	-52
 1276 04df 10       		.byte	16
 1277 04e0 06       		.byte	6
 1278 04e1 08       		.byte	8
 1279 04e2 A4       		.byte	-92
 1280 04e3 80       		.byte	-128
 1281 04e4 C0       		.byte	-64
 1282 04e5 80       		.byte	-128
 1283 04e6 63       		.byte	99
 1284 04e7 02       		.byte	2
 1285 04e8 86       		.byte	-122
 1286 04e9 08       		.byte	8
 1287 04ea 9A       		.byte	-102
 1288 04eb 08       		.byte	8
 1289 04ec A4       		.byte	-92
 1290 04ed 80       		.byte	-128
 1291 04ee D6       		.byte	-42
 1292 04ef 40       		.byte	64
 1293 04f0 E4       		.byte	-28
 1294 04f1 40       		.byte	64
 1295 04f2 80       		.byte	-128
 1296 04f3 80       		.byte	-128
 1297 04f4 A4       		.byte	-92
 1298 04f5 80       		.byte	-128
 1299 04f6 AF       		.byte	-81
 1300 04f7 01       		.byte	1
 1301 04f8 E2       		.byte	-30
 1302 04f9 20       		.byte	32
 1303 04fa EE       		.byte	-18
 1304 04fb 10       		.byte	16
 1305 04fc 5D       		.byte	93
 1306 04fd 80       		.byte	-128
 1307 04fe D6       		.byte	-42
 1308 04ff 04       		.byte	4
 1309 0500 9D       		.byte	-99
 1310 0501 80       		.byte	-128
 1311 0502 81       		.byte	-127
ARM GAS  C:\Users\ANDREW~1\AppData\Local\Temp\ccuAE2lI.s 			page 24


 1312 0503 80       		.byte	-128
 1313 0504 9D       		.byte	-99
 1314 0505 80       		.byte	-128
 1315 0506 8C       		.byte	-116
 1316 0507 02       		.byte	2
 1317 0508 E4       		.byte	-28
 1318 0509 02       		.byte	2
 1319 050a 10       		.byte	16
 1320 050b 40       		.byte	64
 1321 050c 74       		.byte	116
 1322 050d 02       		.byte	2
 1323 050e 88       		.byte	-120
 1324 050f 40       		.byte	64
 1325 0510 A0       		.byte	-96
 1326 0511 02       		.byte	2
 1327 0512 C4       		.byte	-60
 1328 0513 08       		.byte	8
 1329 0514 DE       		.byte	-34
 1330 0515 04       		.byte	4
 1331 0516 E2       		.byte	-30
 1332 0517 01       		.byte	1
 1333 0518 00       		.byte	0
 1334 0519 03       		.byte	3
 1335 051a 0A       		.byte	10
 1336 051b 01       		.byte	1
 1337 051c 0C       		.byte	12
 1338 051d 03       		.byte	3
 1339 051e 10       		.byte	16
 1340 051f 02       		.byte	2
 1341 0520 1C       		.byte	28
 1342 0521 02       		.byte	2
 1343 0522 00       		.byte	0
 1344 0523 03       		.byte	3
 1345 0524 80       		.byte	-128
 1346 0525 80       		.byte	-128
 1347 0526 00       		.byte	0
 1348 0527 00       		.byte	0
 1349 0528 40       		.byte	64
 1350 0529 00       		.byte	0
 1351 052a 00       		.byte	0
 1352 052b 00       		.byte	0
 1353 052c 00       		.byte	0
 1354 052d 11       		.byte	17
 1355 052e 00       		.byte	0
 1356 052f 80       		.byte	-128
 1357 0530 08       		.byte	8
 1358 0531 04       		.byte	4
 1359 0532 04       		.byte	4
 1360 0533 00       		.byte	0
 1361 0534 00       		.byte	0
 1362 0535 00       		.byte	0
 1363 0536 00       		.byte	0
 1364 0537 00       		.byte	0
 1365 0538 00       		.byte	0
 1366 0539 3F       		.byte	63
 1367 053a 00       		.byte	0
 1368 053b 00       		.byte	0
ARM GAS  C:\Users\ANDREW~1\AppData\Local\Temp\ccuAE2lI.s 			page 25


 1369 053c 00       		.byte	0
 1370 053d 33       		.byte	51
 1371 053e 00       		.byte	0
 1372 053f 40       		.byte	64
 1373 0540 04       		.byte	4
 1374 0541 33       		.byte	51
 1375 0542 09       		.byte	9
 1376 0543 0C       		.byte	12
 1377 0544 00       		.byte	0
 1378 0545 0C       		.byte	12
 1379 0546 00       		.byte	0
 1380 0547 00       		.byte	0
 1381 0548 00       		.byte	0
 1382 0549 00       		.byte	0
 1383 054a 00       		.byte	0
 1384 054b 33       		.byte	51
 1385 054c 00       		.byte	0
 1386 054d 08       		.byte	8
 1387 054e 00       		.byte	0
 1388 054f 00       		.byte	0
 1389 0550 0E       		.byte	14
 1390 0551 0C       		.byte	12
 1391 0552 00       		.byte	0
 1392 0553 33       		.byte	51
 1393 0554 0E       		.byte	14
 1394 0555 22       		.byte	34
 1395 0556 00       		.byte	0
 1396 0557 80       		.byte	-128
 1397 0558 02       		.byte	2
 1398 0559 0F       		.byte	15
 1399 055a 00       		.byte	0
 1400 055b 30       		.byte	48
 1401 055c 02       		.byte	2
 1402 055d C0       		.byte	-64
 1403 055e 0C       		.byte	12
 1404 055f 00       		.byte	0
 1405 0560 01       		.byte	1
 1406 0561 0F       		.byte	15
 1407 0562 00       		.byte	0
 1408 0563 30       		.byte	48
 1409 0564 00       		.byte	0
 1410 0565 00       		.byte	0
 1411 0566 00       		.byte	0
 1412 0567 20       		.byte	32
 1413 0568 00       		.byte	0
 1414 0569 00       		.byte	0
 1415 056a 00       		.byte	0
 1416 056b 01       		.byte	1
 1417 056c 34       		.byte	52
 1418 056d 05       		.byte	5
 1419 056e 06       		.byte	6
 1420 056f 00       		.byte	0
 1421 0570 01       		.byte	1
 1422 0571 00       		.byte	0
 1423 0572 0C       		.byte	12
 1424 0573 E0       		.byte	-32
 1425 0574 24       		.byte	36
ARM GAS  C:\Users\ANDREW~1\AppData\Local\Temp\ccuAE2lI.s 			page 26


 1426 0575 FF       		.byte	-1
 1427 0576 FF       		.byte	-1
 1428 0577 FF       		.byte	-1
 1429 0578 62       		.byte	98
 1430 0579 A0       		.byte	-96
 1431 057a F0       		.byte	-16
 1432 057b 41       		.byte	65
 1433 057c 0C       		.byte	12
 1434 057d 00       		.byte	0
 1435 057e 00       		.byte	0
 1436 057f 00       		.byte	0
 1437 0580 00       		.byte	0
 1438 0581 00       		.byte	0
 1439 0582 02       		.byte	2
 1440 0583 11       		.byte	17
 1441 0584 04       		.byte	4
 1442 0585 04       		.byte	4
 1443 0586 04       		.byte	4
 1444 0587 04       		.byte	4
 1445 0588 11       		.byte	17
 1446 0589 11       		.byte	17
 1447 058a 00       		.byte	0
 1448 058b 01       		.byte	1
 1449 058c 00       		.byte	0
 1450 058d 00       		.byte	0
 1451 058e 00       		.byte	0
 1452 058f 00       		.byte	0
 1453 0590 00       		.byte	0
 1454 0591 00       		.byte	0
 1455 0592 40       		.byte	64
 1456 0593 02       		.byte	2
 1457 0594 00       		.byte	0
 1458 0595 10       		.byte	16
 1459 0596 30       		.byte	48
 1460 0597 10       		.byte	16
 1461 0598 00       		.byte	0
 1462 0599 10       		.byte	16
 1463 059a 10       		.byte	16
 1464 059b 12       		.byte	18
 1465 059c 00       		.byte	0
 1466 059d 00       		.byte	0
 1467 059e 00       		.byte	0
 1468 059f 00       		.byte	0
 1469 05a0 00       		.byte	0
 1470 05a1 00       		.byte	0
 1471 05a2 00       		.byte	0
 1472 05a3 00       		.byte	0
 1473 05a4 00       		.byte	0
 1474 05a5 00       		.byte	0
 1475 05a6 00       		.byte	0
 1476 05a7 00       		.byte	0
 1477 05a8 00       		.byte	0
 1478 05a9 00       		.byte	0
 1479 05aa 00       		.byte	0
 1480 05ab 00       		.byte	0
 1481 05ac 08       		.byte	8
 1482 05ad 00       		.byte	0
ARM GAS  C:\Users\ANDREW~1\AppData\Local\Temp\ccuAE2lI.s 			page 27


 1483 05ae 00       		.byte	0
 1484 05af F8       		.byte	-8
 1485 05b0 F0       		.byte	-16
 1486 05b1 00       		.byte	0
 1487 05b2 00       		.byte	0
 1488 05b3 00       		.byte	0
 1489 05b4 00       		.byte	0
 1490 05b5 00       		.byte	0
 1491 05b6 00       		.byte	0
 1492 05b7 00       		.byte	0
 1493 05b8 80       		.byte	-128
 1494 05b9 00       		.byte	0
 1495 05ba 40       		.byte	64
 1496 05bb 80       		.byte	-128
 1497 05bc 80       		.byte	-128
 1498 05bd 00       		.byte	0
 1499 05be 80       		.byte	-128
 1500 05bf 00       		.byte	0
 1501 05c0 00       		.byte	0
 1502 05c1 00       		.byte	0
 1503 05c2 00       		.byte	0
 1504 05c3 00       		.byte	0
 1505 05c4 00       		.byte	0
 1506 05c5 03       		.byte	3
 1507 05c6 03       		.byte	3
 1508 05c7 00       		.byte	0
 1509 05c8 00       		.byte	0
 1510 05c9 00       		.byte	0
 1511 05ca 00       		.byte	0
 1512 05cb 00       		.byte	0
 1513 05cc 04       		.byte	4
 1514 05cd 00       		.byte	0
 1515 05ce 00       		.byte	0
 1516 05cf 06       		.byte	6
 1517 05d0 02       		.byte	2
 1518 05d1 00       		.byte	0
 1519 05d2 02       		.byte	2
 1520 05d3 00       		.byte	0
 1521 05d4 00       		.byte	0
 1522 05d5 00       		.byte	0
 1523 05d6 00       		.byte	0
 1524 05d7 00       		.byte	0
 1525 05d8 01       		.byte	1
 1526 05d9 00       		.byte	0
 1527 05da 14       		.byte	20
 1528 05db 01       		.byte	1
 1529              		.section	.cywolatch,"a",%progbits
 1530              		.align	2
 1531              		.type	cy_meta_wonvl, %object
 1532              		.size	cy_meta_wonvl, 4
 1533              	cy_meta_wonvl:
 1534 0000 BC       		.byte	-68
 1535 0001 90       		.byte	-112
 1536 0002 AC       		.byte	-84
 1537 0003 AF       		.byte	-81
 1538              		.section	.cycustnvl,"a",%progbits
 1539              		.align	2
ARM GAS  C:\Users\ANDREW~1\AppData\Local\Temp\ccuAE2lI.s 			page 28


 1540              		.type	cy_meta_custnvl, %object
 1541              		.size	cy_meta_custnvl, 4
 1542              	cy_meta_custnvl:
 1543 0000 00       		.byte	0
 1544 0001 00       		.byte	0
 1545 0002 40       		.byte	64
 1546 0003 05       		.byte	5
 1547              		.section	.cymeta,"a",%progbits
 1548              		.align	2
 1549              		.type	cy_metadata, %object
 1550              		.size	cy_metadata, 12
 1551              	cy_metadata:
 1552 0000 00       		.byte	0
 1553 0001 01       		.byte	1
 1554 0002 2E       		.byte	46
 1555 0003 16       		.byte	22
 1556 0004 10       		.byte	16
 1557 0005 69       		.byte	105
 1558 0006 00       		.byte	0
 1559 0007 01       		.byte	1
 1560 0008 00       		.byte	0
 1561 0009 00       		.byte	0
 1562 000a 00       		.byte	0
 1563 000b 00       		.byte	0
 1564              		.section	.cyflashprotect,"a",%progbits
 1565              		.align	2
 1566              		.type	cy_meta_flashprotect, %object
 1567              		.size	cy_meta_flashprotect, 256
 1568              	cy_meta_flashprotect:
 1569 0000 00000000 		.space	256
 1569      00000000 
 1569      00000000 
 1569      00000000 
 1569      00000000 
 1570              		.text
 1571              	.Letext0:
 1572              		.file 1 "d:\\monash_apps\\psoc creator\\4.4\\psoc creator\\import\\gnu\\arm\\5.4.1\\arm-none-eabi\
 1573              		.file 2 "d:\\monash_apps\\psoc creator\\4.4\\psoc creator\\import\\gnu\\arm\\5.4.1\\arm-none-eabi\
 1574              		.file 3 "Generated_Source\\PSoC5\\cymetadata.c"
 1575              		.section	.debug_info,"",%progbits
 1576              	.Ldebug_info0:
 1577 0000 33010000 		.4byte	0x133
 1578 0004 0400     		.2byte	0x4
 1579 0006 00000000 		.4byte	.Ldebug_abbrev0
 1580 000a 04       		.byte	0x4
 1581 000b 01       		.uleb128 0x1
 1582 000c 24000000 		.4byte	.LASF17
 1583 0010 0C       		.byte	0xc
 1584 0011 BD010000 		.4byte	.LASF18
 1585 0015 D7000000 		.4byte	.LASF19
 1586 0019 00000000 		.4byte	.Ldebug_line0
 1587 001d 02       		.uleb128 0x2
 1588 001e 01       		.byte	0x1
 1589 001f 06       		.byte	0x6
 1590 0020 B1010000 		.4byte	.LASF0
 1591 0024 03       		.uleb128 0x3
 1592 0025 00000000 		.4byte	.LASF9
ARM GAS  C:\Users\ANDREW~1\AppData\Local\Temp\ccuAE2lI.s 			page 29


 1593 0029 01       		.byte	0x1
 1594 002a 1D       		.byte	0x1d
 1595 002b 2F000000 		.4byte	0x2f
 1596 002f 02       		.uleb128 0x2
 1597 0030 01       		.byte	0x1
 1598 0031 08       		.byte	0x8
 1599 0032 16000000 		.4byte	.LASF1
 1600 0036 02       		.uleb128 0x2
 1601 0037 02       		.byte	0x2
 1602 0038 05       		.byte	0x5
 1603 0039 9E010000 		.4byte	.LASF2
 1604 003d 02       		.uleb128 0x2
 1605 003e 02       		.byte	0x2
 1606 003f 07       		.byte	0x7
 1607 0040 C4000000 		.4byte	.LASF3
 1608 0044 02       		.uleb128 0x2
 1609 0045 04       		.byte	0x4
 1610 0046 05       		.byte	0x5
 1611 0047 A8010000 		.4byte	.LASF4
 1612 004b 02       		.uleb128 0x2
 1613 004c 04       		.byte	0x4
 1614 004d 07       		.byte	0x7
 1615 004e B2000000 		.4byte	.LASF5
 1616 0052 02       		.uleb128 0x2
 1617 0053 08       		.byte	0x8
 1618 0054 05       		.byte	0x5
 1619 0055 90010000 		.4byte	.LASF6
 1620 0059 02       		.uleb128 0x2
 1621 005a 08       		.byte	0x8
 1622 005b 07       		.byte	0x7
 1623 005c 45010000 		.4byte	.LASF7
 1624 0060 04       		.uleb128 0x4
 1625 0061 04       		.byte	0x4
 1626 0062 05       		.byte	0x5
 1627 0063 696E7400 		.ascii	"int\000"
 1628 0067 02       		.uleb128 0x2
 1629 0068 04       		.byte	0x4
 1630 0069 07       		.byte	0x7
 1631 006a 38010000 		.4byte	.LASF8
 1632 006e 03       		.uleb128 0x3
 1633 006f 5C010000 		.4byte	.LASF10
 1634 0073 02       		.byte	0x2
 1635 0074 18       		.byte	0x18
 1636 0075 24000000 		.4byte	0x24
 1637 0079 05       		.uleb128 0x5
 1638 007a 91000000 		.4byte	0x91
 1639 007e 8A000000 		.4byte	0x8a
 1640 0082 06       		.uleb128 0x6
 1641 0083 8A000000 		.4byte	0x8a
 1642 0087 DB05     		.2byte	0x5db
 1643 0089 00       		.byte	0
 1644 008a 02       		.uleb128 0x2
 1645 008b 04       		.byte	0x4
 1646 008c 07       		.byte	0x7
 1647 008d 87010000 		.4byte	.LASF11
 1648 0091 07       		.uleb128 0x7
 1649 0092 6E000000 		.4byte	0x6e
ARM GAS  C:\Users\ANDREW~1\AppData\Local\Temp\ccuAE2lI.s 			page 30


 1650 0096 08       		.uleb128 0x8
 1651 0097 26010000 		.4byte	.LASF12
 1652 009b 03       		.byte	0x3
 1653 009c 1F       		.byte	0x1f
 1654 009d A7000000 		.4byte	0xa7
 1655 00a1 05       		.uleb128 0x5
 1656 00a2 03       		.byte	0x3
 1657 00a3 00000000 		.4byte	cy_meta_configecc
 1658 00a7 07       		.uleb128 0x7
 1659 00a8 79000000 		.4byte	0x79
 1660 00ac 05       		.uleb128 0x5
 1661 00ad 91000000 		.4byte	0x91
 1662 00b1 BC000000 		.4byte	0xbc
 1663 00b5 09       		.uleb128 0x9
 1664 00b6 8A000000 		.4byte	0x8a
 1665 00ba 03       		.byte	0x3
 1666 00bb 00       		.byte	0
 1667 00bc 08       		.uleb128 0x8
 1668 00bd 16010000 		.4byte	.LASF13
 1669 00c1 03       		.byte	0x3
 1670 00c2 E8       		.byte	0xe8
 1671 00c3 CD000000 		.4byte	0xcd
 1672 00c7 05       		.uleb128 0x5
 1673 00c8 03       		.byte	0x3
 1674 00c9 00000000 		.4byte	cy_meta_custnvl
 1675 00cd 07       		.uleb128 0x7
 1676 00ce AC000000 		.4byte	0xac
 1677 00d2 08       		.uleb128 0x8
 1678 00d3 79010000 		.4byte	.LASF14
 1679 00d7 03       		.byte	0x3
 1680 00d8 F6       		.byte	0xf6
 1681 00d9 E3000000 		.4byte	0xe3
 1682 00dd 05       		.uleb128 0x5
 1683 00de 03       		.byte	0x3
 1684 00df 00000000 		.4byte	cy_meta_wonvl
 1685 00e3 07       		.uleb128 0x7
 1686 00e4 AC000000 		.4byte	0xac
 1687 00e8 05       		.uleb128 0x5
 1688 00e9 91000000 		.4byte	0x91
 1689 00ed F8000000 		.4byte	0xf8
 1690 00f1 09       		.uleb128 0x9
 1691 00f2 8A000000 		.4byte	0x8a
 1692 00f6 FF       		.byte	0xff
 1693 00f7 00       		.byte	0
 1694 00f8 0A       		.uleb128 0xa
 1695 00f9 64010000 		.4byte	.LASF15
 1696 00fd 03       		.byte	0x3
 1697 00fe 0401     		.2byte	0x104
 1698 0100 0A010000 		.4byte	0x10a
 1699 0104 05       		.uleb128 0x5
 1700 0105 03       		.byte	0x3
 1701 0106 00000000 		.4byte	cy_meta_flashprotect
 1702 010a 07       		.uleb128 0x7
 1703 010b E8000000 		.4byte	0xe8
 1704 010f 05       		.uleb128 0x5
 1705 0110 91000000 		.4byte	0x91
 1706 0114 1F010000 		.4byte	0x11f
ARM GAS  C:\Users\ANDREW~1\AppData\Local\Temp\ccuAE2lI.s 			page 31


 1707 0118 09       		.uleb128 0x9
 1708 0119 8A000000 		.4byte	0x8a
 1709 011d 0B       		.byte	0xb
 1710 011e 00       		.byte	0
 1711 011f 0A       		.uleb128 0xa
 1712 0120 0A000000 		.4byte	.LASF16
 1713 0124 03       		.byte	0x3
 1714 0125 3101     		.2byte	0x131
 1715 0127 31010000 		.4byte	0x131
 1716 012b 05       		.uleb128 0x5
 1717 012c 03       		.byte	0x3
 1718 012d 00000000 		.4byte	cy_metadata
 1719 0131 07       		.uleb128 0x7
 1720 0132 0F010000 		.4byte	0x10f
 1721 0136 00       		.byte	0
 1722              		.section	.debug_abbrev,"",%progbits
 1723              	.Ldebug_abbrev0:
 1724 0000 01       		.uleb128 0x1
 1725 0001 11       		.uleb128 0x11
 1726 0002 01       		.byte	0x1
 1727 0003 25       		.uleb128 0x25
 1728 0004 0E       		.uleb128 0xe
 1729 0005 13       		.uleb128 0x13
 1730 0006 0B       		.uleb128 0xb
 1731 0007 03       		.uleb128 0x3
 1732 0008 0E       		.uleb128 0xe
 1733 0009 1B       		.uleb128 0x1b
 1734 000a 0E       		.uleb128 0xe
 1735 000b 10       		.uleb128 0x10
 1736 000c 17       		.uleb128 0x17
 1737 000d 00       		.byte	0
 1738 000e 00       		.byte	0
 1739 000f 02       		.uleb128 0x2
 1740 0010 24       		.uleb128 0x24
 1741 0011 00       		.byte	0
 1742 0012 0B       		.uleb128 0xb
 1743 0013 0B       		.uleb128 0xb
 1744 0014 3E       		.uleb128 0x3e
 1745 0015 0B       		.uleb128 0xb
 1746 0016 03       		.uleb128 0x3
 1747 0017 0E       		.uleb128 0xe
 1748 0018 00       		.byte	0
 1749 0019 00       		.byte	0
 1750 001a 03       		.uleb128 0x3
 1751 001b 16       		.uleb128 0x16
 1752 001c 00       		.byte	0
 1753 001d 03       		.uleb128 0x3
 1754 001e 0E       		.uleb128 0xe
 1755 001f 3A       		.uleb128 0x3a
 1756 0020 0B       		.uleb128 0xb
 1757 0021 3B       		.uleb128 0x3b
 1758 0022 0B       		.uleb128 0xb
 1759 0023 49       		.uleb128 0x49
 1760 0024 13       		.uleb128 0x13
 1761 0025 00       		.byte	0
 1762 0026 00       		.byte	0
 1763 0027 04       		.uleb128 0x4
ARM GAS  C:\Users\ANDREW~1\AppData\Local\Temp\ccuAE2lI.s 			page 32


 1764 0028 24       		.uleb128 0x24
 1765 0029 00       		.byte	0
 1766 002a 0B       		.uleb128 0xb
 1767 002b 0B       		.uleb128 0xb
 1768 002c 3E       		.uleb128 0x3e
 1769 002d 0B       		.uleb128 0xb
 1770 002e 03       		.uleb128 0x3
 1771 002f 08       		.uleb128 0x8
 1772 0030 00       		.byte	0
 1773 0031 00       		.byte	0
 1774 0032 05       		.uleb128 0x5
 1775 0033 01       		.uleb128 0x1
 1776 0034 01       		.byte	0x1
 1777 0035 49       		.uleb128 0x49
 1778 0036 13       		.uleb128 0x13
 1779 0037 01       		.uleb128 0x1
 1780 0038 13       		.uleb128 0x13
 1781 0039 00       		.byte	0
 1782 003a 00       		.byte	0
 1783 003b 06       		.uleb128 0x6
 1784 003c 21       		.uleb128 0x21
 1785 003d 00       		.byte	0
 1786 003e 49       		.uleb128 0x49
 1787 003f 13       		.uleb128 0x13
 1788 0040 2F       		.uleb128 0x2f
 1789 0041 05       		.uleb128 0x5
 1790 0042 00       		.byte	0
 1791 0043 00       		.byte	0
 1792 0044 07       		.uleb128 0x7
 1793 0045 26       		.uleb128 0x26
 1794 0046 00       		.byte	0
 1795 0047 49       		.uleb128 0x49
 1796 0048 13       		.uleb128 0x13
 1797 0049 00       		.byte	0
 1798 004a 00       		.byte	0
 1799 004b 08       		.uleb128 0x8
 1800 004c 34       		.uleb128 0x34
 1801 004d 00       		.byte	0
 1802 004e 03       		.uleb128 0x3
 1803 004f 0E       		.uleb128 0xe
 1804 0050 3A       		.uleb128 0x3a
 1805 0051 0B       		.uleb128 0xb
 1806 0052 3B       		.uleb128 0x3b
 1807 0053 0B       		.uleb128 0xb
 1808 0054 49       		.uleb128 0x49
 1809 0055 13       		.uleb128 0x13
 1810 0056 3F       		.uleb128 0x3f
 1811 0057 19       		.uleb128 0x19
 1812 0058 02       		.uleb128 0x2
 1813 0059 18       		.uleb128 0x18
 1814 005a 00       		.byte	0
 1815 005b 00       		.byte	0
 1816 005c 09       		.uleb128 0x9
 1817 005d 21       		.uleb128 0x21
 1818 005e 00       		.byte	0
 1819 005f 49       		.uleb128 0x49
 1820 0060 13       		.uleb128 0x13
ARM GAS  C:\Users\ANDREW~1\AppData\Local\Temp\ccuAE2lI.s 			page 33


 1821 0061 2F       		.uleb128 0x2f
 1822 0062 0B       		.uleb128 0xb
 1823 0063 00       		.byte	0
 1824 0064 00       		.byte	0
 1825 0065 0A       		.uleb128 0xa
 1826 0066 34       		.uleb128 0x34
 1827 0067 00       		.byte	0
 1828 0068 03       		.uleb128 0x3
 1829 0069 0E       		.uleb128 0xe
 1830 006a 3A       		.uleb128 0x3a
 1831 006b 0B       		.uleb128 0xb
 1832 006c 3B       		.uleb128 0x3b
 1833 006d 05       		.uleb128 0x5
 1834 006e 49       		.uleb128 0x49
 1835 006f 13       		.uleb128 0x13
 1836 0070 3F       		.uleb128 0x3f
 1837 0071 19       		.uleb128 0x19
 1838 0072 02       		.uleb128 0x2
 1839 0073 18       		.uleb128 0x18
 1840 0074 00       		.byte	0
 1841 0075 00       		.byte	0
 1842 0076 00       		.byte	0
 1843              		.section	.debug_aranges,"",%progbits
 1844 0000 14000000 		.4byte	0x14
 1845 0004 0200     		.2byte	0x2
 1846 0006 00000000 		.4byte	.Ldebug_info0
 1847 000a 04       		.byte	0x4
 1848 000b 00       		.byte	0
 1849 000c 0000     		.2byte	0
 1850 000e 0000     		.2byte	0
 1851 0010 00000000 		.4byte	0
 1852 0014 00000000 		.4byte	0
 1853              		.section	.debug_line,"",%progbits
 1854              	.Ldebug_line0:
 1855 0000 1D010000 		.section	.debug_str,"MS",%progbits,1
 1855      02001701 
 1855      00000201 
 1855      FB0E0D00 
 1855      01010101 
 1856              	.LASF9:
 1857 0000 5F5F7569 		.ascii	"__uint8_t\000"
 1857      6E74385F 
 1857      7400
 1858              	.LASF16:
 1859 000a 63795F6D 		.ascii	"cy_metadata\000"
 1859      65746164 
 1859      61746100 
 1860              	.LASF1:
 1861 0016 756E7369 		.ascii	"unsigned char\000"
 1861      676E6564 
 1861      20636861 
 1861      7200
 1862              	.LASF17:
 1863 0024 474E5520 		.ascii	"GNU C11 5.4.1 20160609 (release) [ARM/embedded-5-br"
 1863      43313120 
 1863      352E342E 
 1863      31203230 
ARM GAS  C:\Users\ANDREW~1\AppData\Local\Temp\ccuAE2lI.s 			page 34


 1863      31363036 
 1864 0057 616E6368 		.ascii	"anch revision 237715] -mcpu=cortex-m3 -mthumb -g -O"
 1864      20726576 
 1864      6973696F 
 1864      6E203233 
 1864      37373135 
 1865 008a 67202D66 		.ascii	"g -ffunction-sections -ffat-lto-objects\000"
 1865      66756E63 
 1865      74696F6E 
 1865      2D736563 
 1865      74696F6E 
 1866              	.LASF5:
 1867 00b2 6C6F6E67 		.ascii	"long unsigned int\000"
 1867      20756E73 
 1867      69676E65 
 1867      6420696E 
 1867      7400
 1868              	.LASF3:
 1869 00c4 73686F72 		.ascii	"short unsigned int\000"
 1869      7420756E 
 1869      7369676E 
 1869      65642069 
 1869      6E7400
 1870              	.LASF19:
 1871 00d7 443A5C4D 		.ascii	"D:\\Monash - Legion\\Y4S1\\ECE4191\\ECE4191-G3\\Rob"
 1871      6F6E6173 
 1871      68202D20 
 1871      4C656769 
 1871      6F6E5C59 
 1872 0105 6F745F63 		.ascii	"ot_code_G3.cydsn\000"
 1872      6F64655F 
 1872      47332E63 
 1872      7964736E 
 1872      00
 1873              	.LASF13:
 1874 0116 63795F6D 		.ascii	"cy_meta_custnvl\000"
 1874      6574615F 
 1874      63757374 
 1874      6E766C00 
 1875              	.LASF12:
 1876 0126 63795F6D 		.ascii	"cy_meta_configecc\000"
 1876      6574615F 
 1876      636F6E66 
 1876      69676563 
 1876      6300
 1877              	.LASF8:
 1878 0138 756E7369 		.ascii	"unsigned int\000"
 1878      676E6564 
 1878      20696E74 
 1878      00
 1879              	.LASF7:
 1880 0145 6C6F6E67 		.ascii	"long long unsigned int\000"
 1880      206C6F6E 
 1880      6720756E 
 1880      7369676E 
 1880      65642069 
 1881              	.LASF10:
ARM GAS  C:\Users\ANDREW~1\AppData\Local\Temp\ccuAE2lI.s 			page 35


 1882 015c 75696E74 		.ascii	"uint8_t\000"
 1882      385F7400 
 1883              	.LASF15:
 1884 0164 63795F6D 		.ascii	"cy_meta_flashprotect\000"
 1884      6574615F 
 1884      666C6173 
 1884      6870726F 
 1884      74656374 
 1885              	.LASF14:
 1886 0179 63795F6D 		.ascii	"cy_meta_wonvl\000"
 1886      6574615F 
 1886      776F6E76 
 1886      6C00
 1887              	.LASF11:
 1888 0187 73697A65 		.ascii	"sizetype\000"
 1888      74797065 
 1888      00
 1889              	.LASF6:
 1890 0190 6C6F6E67 		.ascii	"long long int\000"
 1890      206C6F6E 
 1890      6720696E 
 1890      7400
 1891              	.LASF2:
 1892 019e 73686F72 		.ascii	"short int\000"
 1892      7420696E 
 1892      7400
 1893              	.LASF4:
 1894 01a8 6C6F6E67 		.ascii	"long int\000"
 1894      20696E74 
 1894      00
 1895              	.LASF0:
 1896 01b1 7369676E 		.ascii	"signed char\000"
 1896      65642063 
 1896      68617200 
 1897              	.LASF18:
 1898 01bd 47656E65 		.ascii	"Generated_Source\\PSoC5\\cymetadata.c\000"
 1898      72617465 
 1898      645F536F 
 1898      75726365 
 1898      5C50536F 
 1899              		.ident	"GCC: (GNU Tools for ARM Embedded Processors) 5.4.1 20160609 (release) [ARM/embedded-5-bran
