ARM GAS  C:\Users\ANDREW~1\AppData\Local\Temp\ccEnuc4u.s 			page 1


   1              		.syntax unified
   2              		.cpu cortex-m3
   3              		.fpu softvfp
   4              		.eabi_attribute 20, 1
   5              		.eabi_attribute 21, 1
   6              		.eabi_attribute 23, 3
   7              		.eabi_attribute 24, 1
   8              		.eabi_attribute 25, 1
   9              		.eabi_attribute 26, 1
  10              		.eabi_attribute 30, 1
  11              		.eabi_attribute 34, 1
  12              		.eabi_attribute 18, 4
  13              		.thumb
  14              		.syntax unified
  15              		.file	"main.c"
  16              		.text
  17              	.Ltext0:
  18              		.cfi_sections	.debug_frame
  19              		.section	.text.main,"ax",%progbits
  20              		.align	2
  21              		.global	main
  22              		.thumb
  23              		.thumb_func
  24              		.type	main, %function
  25              	main:
  26              	.LFB64:
  27              		.file 1 "main.c"
   1:main.c        **** /* ========================================
   2:main.c        ****  *
   3:main.c        ****  * Copyright YOUR COMPANY, THE YEAR
   4:main.c        ****  * All Rights Reserved
   5:main.c        ****  * UNPUBLISHED, LICENSED SOFTWARE.
   6:main.c        ****  *
   7:main.c        ****  * CONFIDENTIAL AND PROPRIETARY INFORMATION
   8:main.c        ****  * WHICH IS THE PROPERTY OF your company.
   9:main.c        ****  *
  10:main.c        ****  * ========================================
  11:main.c        **** */
  12:main.c        **** #include "project.h"
  13:main.c        **** void print_uart(int num);
  14:main.c        **** 
  15:main.c        **** CY_ISR(ReadTimer);
  16:main.c        **** 
  17:main.c        **** // Interrupt routine for displaying each sections
  18:main.c        **** int time =0;
  19:main.c        **** CY_ISR(ReadTimer) 
  20:main.c        **** {
  21:main.c        ****     time = (int)(Timer_1_ReadPeriod()-Timer_1_ReadCounter());
  22:main.c        ****     
  23:main.c        ****     print_uart(time);
  24:main.c        ****     CyDelay(5);
  25:main.c        ****     UART_1_PutString("\n");
  26:main.c        ****     CyDelay(5);
  27:main.c        ****     Timer_1_Start();
  28:main.c        ****     
  29:main.c        ****     Control_Reg_1_Write(1); // Reset counter to do more pulses
  30:main.c        ****     CyDelay(5);
ARM GAS  C:\Users\ANDREW~1\AppData\Local\Temp\ccEnuc4u.s 			page 2


  31:main.c        ****     Control_Reg_1_Write(0); // Reset counter to do more pulses
  32:main.c        **** }
  33:main.c        **** 
  34:main.c        **** int main(void)
  35:main.c        **** {
  28              		.loc 1 35 0
  29              		.cfi_startproc
  30              		@ Volatile: function does not return.
  31              		@ args = 0, pretend = 0, frame = 0
  32              		@ frame_needed = 0, uses_anonymous_args = 0
  33 0000 08B5     		push	{r3, lr}
  34              		.cfi_def_cfa_offset 8
  35              		.cfi_offset 3, -8
  36              		.cfi_offset 14, -4
  36:main.c        ****     CyGlobalIntEnable; /* Enable global interrupts. */
  37              		.loc 1 36 0
  38              		.syntax unified
  39              	@ 36 "main.c" 1
  40 0002 62B6     		CPSIE   i
  41              	@ 0 "" 2
  37:main.c        ****     PWM_1_Start();
  42              		.loc 1 37 0
  43              		.thumb
  44              		.syntax unified
  45 0004 FFF7FEFF 		bl	PWM_1_Start
  46              	.LVL0:
  38:main.c        ****     
  39:main.c        ****     Control_Reg_1_Write(0); // Reset counter to do more pulses
  47              		.loc 1 39 0
  48 0008 0020     		movs	r0, #0
  49 000a FFF7FEFF 		bl	Control_Reg_1_Write
  50              	.LVL1:
  40:main.c        ****     /* Place your initialization/startup code here (e.g. MyInst_Start()) */
  41:main.c        **** 
  42:main.c        ****     // Setup Colour sensor
  43:main.c        ****     colour_S0_Write(1);
  51              		.loc 1 43 0
  52 000e 0120     		movs	r0, #1
  53 0010 FFF7FEFF 		bl	colour_S0_Write
  54              	.LVL2:
  44:main.c        ****     colour_S1_Write(1);
  55              		.loc 1 44 0
  56 0014 0120     		movs	r0, #1
  57 0016 FFF7FEFF 		bl	colour_S1_Write
  58              	.LVL3:
  45:main.c        ****     
  46:main.c        ****     colour_S2_Write(1);
  59              		.loc 1 46 0
  60 001a 0120     		movs	r0, #1
  61 001c FFF7FEFF 		bl	colour_S2_Write
  62              	.LVL4:
  47:main.c        ****     colour_S3_Write(1);
  63              		.loc 1 47 0
  64 0020 0120     		movs	r0, #1
  65 0022 FFF7FEFF 		bl	colour_S3_Write
  66              	.LVL5:
  48:main.c        ****     
ARM GAS  C:\Users\ANDREW~1\AppData\Local\Temp\ccEnuc4u.s 			page 3


  49:main.c        ****     
  50:main.c        ****     Timer_1_SetInterruptMode(3);
  67              		.loc 1 50 0
  68 0026 0320     		movs	r0, #3
  69 0028 FFF7FEFF 		bl	Timer_1_SetInterruptMode
  70              	.LVL6:
  51:main.c        ****     Timer_1_Start();
  71              		.loc 1 51 0
  72 002c FFF7FEFF 		bl	Timer_1_Start
  73              	.LVL7:
  52:main.c        ****     
  53:main.c        ****     // Setup UART
  54:main.c        ****     UART_1_Start();
  74              		.loc 1 54 0
  75 0030 FFF7FEFF 		bl	UART_1_Start
  76              	.LVL8:
  55:main.c        ****     UART_1_PutString("Start UART");
  77              		.loc 1 55 0
  78 0034 0848     		ldr	r0, .L4
  79 0036 FFF7FEFF 		bl	UART_1_PutString
  80              	.LVL9:
  56:main.c        ****     CyDelay(5);
  81              		.loc 1 56 0
  82 003a 0520     		movs	r0, #5
  83 003c FFF7FEFF 		bl	CyDelay
  84              	.LVL10:
  57:main.c        ****     UART_1_WriteTxData(0x20);   
  85              		.loc 1 57 0
  86 0040 2020     		movs	r0, #32
  87 0042 FFF7FEFF 		bl	UART_1_WriteTxData
  88              	.LVL11:
  58:main.c        ****     CyDelay(5);
  89              		.loc 1 58 0
  90 0046 0520     		movs	r0, #5
  91 0048 FFF7FEFF 		bl	CyDelay
  92              	.LVL12:
  59:main.c        ****     
  60:main.c        ****     isr_1_ClearPending(); 
  93              		.loc 1 60 0
  94 004c FFF7FEFF 		bl	isr_1_ClearPending
  95              	.LVL13:
  61:main.c        ****     isr_1_StartEx(ReadTimer);  
  96              		.loc 1 61 0
  97 0050 0248     		ldr	r0, .L4+4
  98 0052 FFF7FEFF 		bl	isr_1_StartEx
  99              	.LVL14:
 100              	.L2:
 101 0056 FEE7     		b	.L2
 102              	.L5:
 103              		.align	2
 104              	.L4:
 105 0058 00000000 		.word	.LC0
 106 005c 00000000 		.word	ReadTimer
 107              		.cfi_endproc
 108              	.LFE64:
 109              		.size	main, .-main
 110              		.section	.text.print_uart,"ax",%progbits
ARM GAS  C:\Users\ANDREW~1\AppData\Local\Temp\ccEnuc4u.s 			page 4


 111              		.align	2
 112              		.global	print_uart
 113              		.thumb
 114              		.thumb_func
 115              		.type	print_uart, %function
 116              	print_uart:
 117              	.LFB65:
  62:main.c        ****     
  63:main.c        ****     
  64:main.c        ****     for(;;)
  65:main.c        ****     {
  66:main.c        ****         /*for(int i=0;i<=255;i++)
  67:main.c        ****         {
  68:main.c        ****         PWM_1_WriteCompare(i);
  69:main.c        ****         CyDelay(100);
  70:main.c        ****         
  71:main.c        ****         }*/
  72:main.c        ****         //print_uart(15);
  73:main.c        ****        // time = Timer_1_ReadCounter();
  74:main.c        ****        // print_uart(time);
  75:main.c        ****     //CyDelay(5);
  76:main.c        ****     //UART_1_WriteTxData(0x20);  
  77:main.c        ****     //UART_1_PutString("\n");
  78:main.c        ****     //CyDelay(5);
  79:main.c        ****         /* Place your application code here. */
  80:main.c        ****         //LED_Write(0);
  81:main.c        ****         //CyDelay(500);
  82:main.c        ****         //LED_Write(1);
  83:main.c        ****        // CyDelay(500);
  84:main.c        ****     }
  85:main.c        **** }
  86:main.c        **** 
  87:main.c        **** 
  88:main.c        **** uint8 value_text[16];
  89:main.c        **** void print_uart(int num)
  90:main.c        **** { 
 118              		.loc 1 90 0
 119              		.cfi_startproc
 120              		@ args = 0, pretend = 0, frame = 0
 121              		@ frame_needed = 0, uses_anonymous_args = 0
 122              	.LVL15:
 123 0000 38B5     		push	{r3, r4, r5, lr}
 124              		.cfi_def_cfa_offset 16
 125              		.cfi_offset 3, -16
 126              		.cfi_offset 4, -12
 127              		.cfi_offset 5, -8
 128              		.cfi_offset 14, -4
 129              	.LVL16:
  91:main.c        ****     int num_digits = 0;
  92:main.c        ****     int temp = num;
 130              		.loc 1 92 0
 131 0002 0346     		mov	r3, r0
  91:main.c        ****     int num_digits = 0;
 132              		.loc 1 91 0
 133 0004 0025     		movs	r5, #0
  93:main.c        ****     
  94:main.c        ****     // Count the number of digits (optional for pre-allocation)
ARM GAS  C:\Users\ANDREW~1\AppData\Local\Temp\ccEnuc4u.s 			page 5


  95:main.c        ****     while (temp != 0) {
 134              		.loc 1 95 0
 135 0006 06E0     		b	.L7
 136              	.LVL17:
 137              	.L8:
  96:main.c        ****         temp /= 10;
 138              		.loc 1 96 0
 139 0008 154A     		ldr	r2, .L14
 140 000a 82FB0312 		smull	r1, r2, r2, r3
 141 000e DB17     		asrs	r3, r3, #31
 142              	.LVL18:
 143 0010 C3EBA203 		rsb	r3, r3, r2, asr #2
 144              	.LVL19:
  97:main.c        ****         num_digits++;
 145              		.loc 1 97 0
 146 0014 0135     		adds	r5, r5, #1
 147              	.LVL20:
 148              	.L7:
  95:main.c        ****         temp /= 10;
 149              		.loc 1 95 0
 150 0016 002B     		cmp	r3, #0
 151 0018 F6D1     		bne	.L8
 152              	.LBB2:
  98:main.c        ****     }
  99:main.c        **** 
 100:main.c        ****     for (int i = num_digits-1; i >= 0; --i) {
 153              		.loc 1 100 0
 154 001a 6A1E     		subs	r2, r5, #1
 155              	.LVL21:
 156 001c 0EE0     		b	.L9
 157              	.LVL22:
 158              	.L10:
 101:main.c        ****         value_text[i] = num % 10;
 159              		.loc 1 101 0 discriminator 3
 160 001e 104B     		ldr	r3, .L14
 161 0020 83FB0031 		smull	r3, r1, r3, r0
 162 0024 C317     		asrs	r3, r0, #31
 163 0026 C3EBA103 		rsb	r3, r3, r1, asr #2
 164 002a 1C46     		mov	r4, r3
 165 002c 03EB8303 		add	r3, r3, r3, lsl #2
 166 0030 5900     		lsls	r1, r3, #1
 167 0032 431A     		subs	r3, r0, r1
 168 0034 0B49     		ldr	r1, .L14+4
 169 0036 8B54     		strb	r3, [r1, r2]
 102:main.c        ****         num /= 10;
 170              		.loc 1 102 0 discriminator 3
 171 0038 2046     		mov	r0, r4
 172              	.LVL23:
 100:main.c        ****         value_text[i] = num % 10;
 173              		.loc 1 100 0 discriminator 3
 174 003a 013A     		subs	r2, r2, #1
 175              	.LVL24:
 176              	.L9:
 100:main.c        ****         value_text[i] = num % 10;
 177              		.loc 1 100 0 is_stmt 0 discriminator 1
 178 003c 002A     		cmp	r2, #0
 179 003e EEDA     		bge	.L10
ARM GAS  C:\Users\ANDREW~1\AppData\Local\Temp\ccEnuc4u.s 			page 6


 180 0040 0024     		movs	r4, #0
 181 0042 09E0     		b	.L11
 182              	.LVL25:
 183              	.L12:
 184              	.LBE2:
 185              	.LBB3:
 103:main.c        ****     }
 104:main.c        ****     
 105:main.c        ****     for (int i = 0; i < num_digits; ++i) {
 106:main.c        ****         UART_1_WriteTxData(value_text[i]+0x30); //display number
 186              		.loc 1 106 0 is_stmt 1 discriminator 3
 187 0044 074B     		ldr	r3, .L14+4
 188 0046 185D     		ldrb	r0, [r3, r4]	@ zero_extendqisi2
 189 0048 3030     		adds	r0, r0, #48
 190 004a C0B2     		uxtb	r0, r0
 191 004c FFF7FEFF 		bl	UART_1_WriteTxData
 192              	.LVL26:
 107:main.c        ****         CyDelay(5);
 193              		.loc 1 107 0 discriminator 3
 194 0050 0520     		movs	r0, #5
 195 0052 FFF7FEFF 		bl	CyDelay
 196              	.LVL27:
 105:main.c        ****         UART_1_WriteTxData(value_text[i]+0x30); //display number
 197              		.loc 1 105 0 discriminator 3
 198 0056 0134     		adds	r4, r4, #1
 199              	.LVL28:
 200              	.L11:
 105:main.c        ****         UART_1_WriteTxData(value_text[i]+0x30); //display number
 201              		.loc 1 105 0 is_stmt 0 discriminator 1
 202 0058 A542     		cmp	r5, r4
 203 005a F3DC     		bgt	.L12
 204              	.LBE3:
 108:main.c        ****     }
 109:main.c        ****     
 110:main.c        **** }
 205              		.loc 1 110 0 is_stmt 1
 206 005c 38BD     		pop	{r3, r4, r5, pc}
 207              	.LVL29:
 208              	.L15:
 209 005e 00BF     		.align	2
 210              	.L14:
 211 0060 67666666 		.word	1717986919
 212 0064 00000000 		.word	value_text
 213              		.cfi_endproc
 214              	.LFE65:
 215              		.size	print_uart, .-print_uart
 216              		.section	.text.ReadTimer,"ax",%progbits
 217              		.align	2
 218              		.global	ReadTimer
 219              		.thumb
 220              		.thumb_func
 221              		.type	ReadTimer, %function
 222              	ReadTimer:
 223              	.LFB63:
  20:main.c        ****     time = (int)(Timer_1_ReadPeriod()-Timer_1_ReadCounter());
 224              		.loc 1 20 0
 225              		.cfi_startproc
ARM GAS  C:\Users\ANDREW~1\AppData\Local\Temp\ccEnuc4u.s 			page 7


 226              		@ args = 0, pretend = 0, frame = 0
 227              		@ frame_needed = 0, uses_anonymous_args = 0
 228 0000 10B5     		push	{r4, lr}
 229              		.cfi_def_cfa_offset 8
 230              		.cfi_offset 4, -8
 231              		.cfi_offset 14, -4
  21:main.c        ****     
 232              		.loc 1 21 0
 233 0002 FFF7FEFF 		bl	Timer_1_ReadPeriod
 234              	.LVL30:
 235 0006 0446     		mov	r4, r0
 236 0008 FFF7FEFF 		bl	Timer_1_ReadCounter
 237              	.LVL31:
 238 000c 201A     		subs	r0, r4, r0
 239 000e 0C4B     		ldr	r3, .L18
 240 0010 1860     		str	r0, [r3]
  23:main.c        ****     CyDelay(5);
 241              		.loc 1 23 0
 242 0012 FFF7FEFF 		bl	print_uart
 243              	.LVL32:
  24:main.c        ****     UART_1_PutString("\n");
 244              		.loc 1 24 0
 245 0016 0520     		movs	r0, #5
 246 0018 FFF7FEFF 		bl	CyDelay
 247              	.LVL33:
  25:main.c        ****     CyDelay(5);
 248              		.loc 1 25 0
 249 001c 0948     		ldr	r0, .L18+4
 250 001e FFF7FEFF 		bl	UART_1_PutString
 251              	.LVL34:
  26:main.c        ****     Timer_1_Start();
 252              		.loc 1 26 0
 253 0022 0520     		movs	r0, #5
 254 0024 FFF7FEFF 		bl	CyDelay
 255              	.LVL35:
  27:main.c        ****     
 256              		.loc 1 27 0
 257 0028 FFF7FEFF 		bl	Timer_1_Start
 258              	.LVL36:
  29:main.c        ****     CyDelay(5);
 259              		.loc 1 29 0
 260 002c 0120     		movs	r0, #1
 261 002e FFF7FEFF 		bl	Control_Reg_1_Write
 262              	.LVL37:
  30:main.c        ****     Control_Reg_1_Write(0); // Reset counter to do more pulses
 263              		.loc 1 30 0
 264 0032 0520     		movs	r0, #5
 265 0034 FFF7FEFF 		bl	CyDelay
 266              	.LVL38:
  31:main.c        **** }
 267              		.loc 1 31 0
 268 0038 0020     		movs	r0, #0
 269 003a FFF7FEFF 		bl	Control_Reg_1_Write
 270              	.LVL39:
 271 003e 10BD     		pop	{r4, pc}
 272              	.L19:
 273              		.align	2
ARM GAS  C:\Users\ANDREW~1\AppData\Local\Temp\ccEnuc4u.s 			page 8


 274              	.L18:
 275 0040 00000000 		.word	.LANCHOR0
 276 0044 0C000000 		.word	.LC1
 277              		.cfi_endproc
 278              	.LFE63:
 279              		.size	ReadTimer, .-ReadTimer
 280              		.comm	value_text,16,4
 281              		.global	time
 282              		.section	.rodata.str1.4,"aMS",%progbits,1
 283              		.align	2
 284              	.LC0:
 285 0000 53746172 		.ascii	"Start UART\000"
 285      74205541 
 285      525400
 286 000b 00       		.space	1
 287              	.LC1:
 288 000c 0A00     		.ascii	"\012\000"
 289              		.bss
 290              		.align	2
 291              		.set	.LANCHOR0,. + 0
 292              		.type	time, %object
 293              		.size	time, 4
 294              	time:
 295 0000 00000000 		.space	4
 296              		.text
 297              	.Letext0:
 298              		.file 2 "d:\\monash_apps\\psoc creator\\4.4\\psoc creator\\import\\gnu\\arm\\5.4.1\\arm-none-eabi\
 299              		.file 3 "d:\\monash_apps\\psoc creator\\4.4\\psoc creator\\import\\gnu\\arm\\5.4.1\\arm-none-eabi\
 300              		.file 4 "Generated_Source\\PSoC5/cytypes.h"
 301              		.file 5 "Generated_Source\\PSoC5/core_cm3.h"
 302              		.file 6 "Generated_Source\\PSoC5/PWM_1.h"
 303              		.file 7 "Generated_Source\\PSoC5/Control_Reg_1.h"
 304              		.file 8 "Generated_Source\\PSoC5/colour_S0.h"
 305              		.file 9 "Generated_Source\\PSoC5/colour_S1.h"
 306              		.file 10 "Generated_Source\\PSoC5/colour_S2.h"
 307              		.file 11 "Generated_Source\\PSoC5/colour_S3.h"
 308              		.file 12 "Generated_Source\\PSoC5/Timer_1.h"
 309              		.file 13 "Generated_Source\\PSoC5/UART_1.h"
 310              		.file 14 "Generated_Source\\PSoC5/CyLib.h"
 311              		.file 15 "Generated_Source\\PSoC5/isr_1.h"
 312              		.section	.debug_info,"",%progbits
 313              	.Ldebug_info0:
 314 0000 ED030000 		.4byte	0x3ed
 315 0004 0400     		.2byte	0x4
 316 0006 00000000 		.4byte	.Ldebug_abbrev0
 317 000a 04       		.byte	0x4
 318 000b 01       		.uleb128 0x1
 319 000c 8B000000 		.4byte	.LASF40
 320 0010 0C       		.byte	0xc
 321 0011 73020000 		.4byte	.LASF41
 322 0015 76010000 		.4byte	.LASF42
 323 0019 00000000 		.4byte	.Ldebug_ranges0+0
 324 001d 00000000 		.4byte	0
 325 0021 00000000 		.4byte	.Ldebug_line0
 326 0025 02       		.uleb128 0x2
 327 0026 01       		.byte	0x1
 328 0027 06       		.byte	0x6
ARM GAS  C:\Users\ANDREW~1\AppData\Local\Temp\ccEnuc4u.s 			page 9


 329 0028 C4020000 		.4byte	.LASF0
 330 002c 02       		.uleb128 0x2
 331 002d 01       		.byte	0x1
 332 002e 08       		.byte	0x8
 333 002f 7D000000 		.4byte	.LASF1
 334 0033 02       		.uleb128 0x2
 335 0034 02       		.byte	0x2
 336 0035 05       		.byte	0x5
 337 0036 DF010000 		.4byte	.LASF2
 338 003a 02       		.uleb128 0x2
 339 003b 02       		.byte	0x2
 340 003c 07       		.byte	0x7
 341 003d 49000000 		.4byte	.LASF3
 342 0041 03       		.uleb128 0x3
 343 0042 3F000000 		.4byte	.LASF9
 344 0046 02       		.byte	0x2
 345 0047 3F       		.byte	0x3f
 346 0048 4C000000 		.4byte	0x4c
 347 004c 02       		.uleb128 0x2
 348 004d 04       		.byte	0x4
 349 004e 05       		.byte	0x5
 350 004f A4020000 		.4byte	.LASF4
 351 0053 02       		.uleb128 0x2
 352 0054 04       		.byte	0x4
 353 0055 07       		.byte	0x7
 354 0056 29010000 		.4byte	.LASF5
 355 005a 02       		.uleb128 0x2
 356 005b 08       		.byte	0x8
 357 005c 05       		.byte	0x5
 358 005d 65020000 		.4byte	.LASF6
 359 0061 02       		.uleb128 0x2
 360 0062 08       		.byte	0x8
 361 0063 07       		.byte	0x7
 362 0064 24020000 		.4byte	.LASF7
 363 0068 04       		.uleb128 0x4
 364 0069 04       		.byte	0x4
 365 006a 05       		.byte	0x5
 366 006b 696E7400 		.ascii	"int\000"
 367 006f 02       		.uleb128 0x2
 368 0070 04       		.byte	0x4
 369 0071 07       		.byte	0x7
 370 0072 17020000 		.4byte	.LASF8
 371 0076 03       		.uleb128 0x3
 372 0077 54020000 		.4byte	.LASF10
 373 007b 03       		.byte	0x3
 374 007c 2C       		.byte	0x2c
 375 007d 41000000 		.4byte	0x41
 376 0081 05       		.uleb128 0x5
 377 0082 9E020000 		.4byte	.LASF11
 378 0086 04       		.byte	0x4
 379 0087 E801     		.2byte	0x1e8
 380 0089 2C000000 		.4byte	0x2c
 381 008d 02       		.uleb128 0x2
 382 008e 04       		.byte	0x4
 383 008f 04       		.byte	0x4
 384 0090 6C000000 		.4byte	.LASF12
 385 0094 02       		.uleb128 0x2
ARM GAS  C:\Users\ANDREW~1\AppData\Local\Temp\ccEnuc4u.s 			page 10


 386 0095 08       		.byte	0x8
 387 0096 04       		.byte	0x4
 388 0097 D8010000 		.4byte	.LASF13
 389 009b 02       		.uleb128 0x2
 390 009c 01       		.byte	0x1
 391 009d 08       		.byte	0x8
 392 009e 7A020000 		.4byte	.LASF14
 393 00a2 02       		.uleb128 0x2
 394 00a3 08       		.byte	0x8
 395 00a4 04       		.byte	0x4
 396 00a5 B8020000 		.4byte	.LASF15
 397 00a9 02       		.uleb128 0x2
 398 00aa 04       		.byte	0x4
 399 00ab 07       		.byte	0x7
 400 00ac 5C020000 		.4byte	.LASF16
 401 00b0 06       		.uleb128 0x6
 402 00b1 12020000 		.4byte	.LASF43
 403 00b5 01       		.byte	0x1
 404 00b6 22       		.byte	0x22
 405 00b7 68000000 		.4byte	0x68
 406 00bb 00000000 		.4byte	.LFB64
 407 00bf 60000000 		.4byte	.LFE64-.LFB64
 408 00c3 01       		.uleb128 0x1
 409 00c4 9C       		.byte	0x9c
 410 00c5 C4010000 		.4byte	0x1c4
 411 00c9 07       		.uleb128 0x7
 412 00ca 08000000 		.4byte	.LVL0
 413 00ce 40030000 		.4byte	0x340
 414 00d2 08       		.uleb128 0x8
 415 00d3 0E000000 		.4byte	.LVL1
 416 00d7 4B030000 		.4byte	0x34b
 417 00db E5000000 		.4byte	0xe5
 418 00df 09       		.uleb128 0x9
 419 00e0 01       		.uleb128 0x1
 420 00e1 50       		.byte	0x50
 421 00e2 01       		.uleb128 0x1
 422 00e3 30       		.byte	0x30
 423 00e4 00       		.byte	0
 424 00e5 08       		.uleb128 0x8
 425 00e6 14000000 		.4byte	.LVL2
 426 00ea 56030000 		.4byte	0x356
 427 00ee F8000000 		.4byte	0xf8
 428 00f2 09       		.uleb128 0x9
 429 00f3 01       		.uleb128 0x1
 430 00f4 50       		.byte	0x50
 431 00f5 01       		.uleb128 0x1
 432 00f6 31       		.byte	0x31
 433 00f7 00       		.byte	0
 434 00f8 08       		.uleb128 0x8
 435 00f9 1A000000 		.4byte	.LVL3
 436 00fd 61030000 		.4byte	0x361
 437 0101 0B010000 		.4byte	0x10b
 438 0105 09       		.uleb128 0x9
 439 0106 01       		.uleb128 0x1
 440 0107 50       		.byte	0x50
 441 0108 01       		.uleb128 0x1
 442 0109 31       		.byte	0x31
ARM GAS  C:\Users\ANDREW~1\AppData\Local\Temp\ccEnuc4u.s 			page 11


 443 010a 00       		.byte	0
 444 010b 08       		.uleb128 0x8
 445 010c 20000000 		.4byte	.LVL4
 446 0110 6C030000 		.4byte	0x36c
 447 0114 1E010000 		.4byte	0x11e
 448 0118 09       		.uleb128 0x9
 449 0119 01       		.uleb128 0x1
 450 011a 50       		.byte	0x50
 451 011b 01       		.uleb128 0x1
 452 011c 31       		.byte	0x31
 453 011d 00       		.byte	0
 454 011e 08       		.uleb128 0x8
 455 011f 26000000 		.4byte	.LVL5
 456 0123 77030000 		.4byte	0x377
 457 0127 31010000 		.4byte	0x131
 458 012b 09       		.uleb128 0x9
 459 012c 01       		.uleb128 0x1
 460 012d 50       		.byte	0x50
 461 012e 01       		.uleb128 0x1
 462 012f 31       		.byte	0x31
 463 0130 00       		.byte	0
 464 0131 08       		.uleb128 0x8
 465 0132 2C000000 		.4byte	.LVL6
 466 0136 82030000 		.4byte	0x382
 467 013a 44010000 		.4byte	0x144
 468 013e 09       		.uleb128 0x9
 469 013f 01       		.uleb128 0x1
 470 0140 50       		.byte	0x50
 471 0141 01       		.uleb128 0x1
 472 0142 33       		.byte	0x33
 473 0143 00       		.byte	0
 474 0144 07       		.uleb128 0x7
 475 0145 30000000 		.4byte	.LVL7
 476 0149 8D030000 		.4byte	0x38d
 477 014d 07       		.uleb128 0x7
 478 014e 34000000 		.4byte	.LVL8
 479 0152 98030000 		.4byte	0x398
 480 0156 08       		.uleb128 0x8
 481 0157 3A000000 		.4byte	.LVL9
 482 015b A3030000 		.4byte	0x3a3
 483 015f 6D010000 		.4byte	0x16d
 484 0163 09       		.uleb128 0x9
 485 0164 01       		.uleb128 0x1
 486 0165 50       		.byte	0x50
 487 0166 05       		.uleb128 0x5
 488 0167 03       		.byte	0x3
 489 0168 00000000 		.4byte	.LC0
 490 016c 00       		.byte	0
 491 016d 08       		.uleb128 0x8
 492 016e 40000000 		.4byte	.LVL10
 493 0172 AE030000 		.4byte	0x3ae
 494 0176 80010000 		.4byte	0x180
 495 017a 09       		.uleb128 0x9
 496 017b 01       		.uleb128 0x1
 497 017c 50       		.byte	0x50
 498 017d 01       		.uleb128 0x1
 499 017e 35       		.byte	0x35
ARM GAS  C:\Users\ANDREW~1\AppData\Local\Temp\ccEnuc4u.s 			page 12


 500 017f 00       		.byte	0
 501 0180 08       		.uleb128 0x8
 502 0181 46000000 		.4byte	.LVL11
 503 0185 B9030000 		.4byte	0x3b9
 504 0189 94010000 		.4byte	0x194
 505 018d 09       		.uleb128 0x9
 506 018e 01       		.uleb128 0x1
 507 018f 50       		.byte	0x50
 508 0190 02       		.uleb128 0x2
 509 0191 08       		.byte	0x8
 510 0192 20       		.byte	0x20
 511 0193 00       		.byte	0
 512 0194 08       		.uleb128 0x8
 513 0195 4C000000 		.4byte	.LVL12
 514 0199 AE030000 		.4byte	0x3ae
 515 019d A7010000 		.4byte	0x1a7
 516 01a1 09       		.uleb128 0x9
 517 01a2 01       		.uleb128 0x1
 518 01a3 50       		.byte	0x50
 519 01a4 01       		.uleb128 0x1
 520 01a5 35       		.byte	0x35
 521 01a6 00       		.byte	0
 522 01a7 07       		.uleb128 0x7
 523 01a8 50000000 		.4byte	.LVL13
 524 01ac C4030000 		.4byte	0x3c4
 525 01b0 0A       		.uleb128 0xa
 526 01b1 56000000 		.4byte	.LVL14
 527 01b5 CF030000 		.4byte	0x3cf
 528 01b9 09       		.uleb128 0x9
 529 01ba 01       		.uleb128 0x1
 530 01bb 50       		.byte	0x50
 531 01bc 05       		.uleb128 0x5
 532 01bd 03       		.byte	0x3
 533 01be 00000000 		.4byte	ReadTimer
 534 01c2 00       		.byte	0
 535 01c3 00       		.byte	0
 536 01c4 0B       		.uleb128 0xb
 537 01c5 72000000 		.4byte	.LASF19
 538 01c9 01       		.byte	0x1
 539 01ca 59       		.byte	0x59
 540 01cb 00000000 		.4byte	.LFB65
 541 01cf 68000000 		.4byte	.LFE65-.LFB65
 542 01d3 01       		.uleb128 0x1
 543 01d4 9C       		.byte	0x9c
 544 01d5 51020000 		.4byte	0x251
 545 01d9 0C       		.uleb128 0xc
 546 01da 6E756D00 		.ascii	"num\000"
 547 01de 01       		.byte	0x1
 548 01df 59       		.byte	0x59
 549 01e0 68000000 		.4byte	0x68
 550 01e4 00000000 		.4byte	.LLST0
 551 01e8 0D       		.uleb128 0xd
 552 01e9 AD020000 		.4byte	.LASF17
 553 01ed 01       		.byte	0x1
 554 01ee 5B       		.byte	0x5b
 555 01ef 68000000 		.4byte	0x68
 556 01f3 1E000000 		.4byte	.LLST1
ARM GAS  C:\Users\ANDREW~1\AppData\Local\Temp\ccEnuc4u.s 			page 13


 557 01f7 0D       		.uleb128 0xd
 558 01f8 3B010000 		.4byte	.LASF18
 559 01fc 01       		.byte	0x1
 560 01fd 5C       		.byte	0x5c
 561 01fe 68000000 		.4byte	0x68
 562 0202 3D000000 		.4byte	.LLST2
 563 0206 0E       		.uleb128 0xe
 564 0207 1A000000 		.4byte	.LBB2
 565 020b 2A000000 		.4byte	.LBE2-.LBB2
 566 020f 21020000 		.4byte	0x221
 567 0213 0F       		.uleb128 0xf
 568 0214 6900     		.ascii	"i\000"
 569 0216 01       		.byte	0x1
 570 0217 64       		.byte	0x64
 571 0218 68000000 		.4byte	0x68
 572 021c 66000000 		.4byte	.LLST3
 573 0220 00       		.byte	0
 574 0221 10       		.uleb128 0x10
 575 0222 44000000 		.4byte	.LBB3
 576 0226 18000000 		.4byte	.LBE3-.LBB3
 577 022a 0F       		.uleb128 0xf
 578 022b 6900     		.ascii	"i\000"
 579 022d 01       		.byte	0x1
 580 022e 69       		.byte	0x69
 581 022f 68000000 		.4byte	0x68
 582 0233 79000000 		.4byte	.LLST4
 583 0237 07       		.uleb128 0x7
 584 0238 50000000 		.4byte	.LVL26
 585 023c B9030000 		.4byte	0x3b9
 586 0240 0A       		.uleb128 0xa
 587 0241 56000000 		.4byte	.LVL27
 588 0245 AE030000 		.4byte	0x3ae
 589 0249 09       		.uleb128 0x9
 590 024a 01       		.uleb128 0x1
 591 024b 50       		.byte	0x50
 592 024c 01       		.uleb128 0x1
 593 024d 35       		.byte	0x35
 594 024e 00       		.byte	0
 595 024f 00       		.byte	0
 596 0250 00       		.byte	0
 597 0251 0B       		.uleb128 0xb
 598 0252 5F010000 		.4byte	.LASF20
 599 0256 01       		.byte	0x1
 600 0257 13       		.byte	0x13
 601 0258 00000000 		.4byte	.LFB63
 602 025c 48000000 		.4byte	.LFE63-.LFB63
 603 0260 01       		.uleb128 0x1
 604 0261 9C       		.byte	0x9c
 605 0262 FD020000 		.4byte	0x2fd
 606 0266 07       		.uleb128 0x7
 607 0267 06000000 		.4byte	.LVL30
 608 026b DA030000 		.4byte	0x3da
 609 026f 07       		.uleb128 0x7
 610 0270 0C000000 		.4byte	.LVL31
 611 0274 E5030000 		.4byte	0x3e5
 612 0278 07       		.uleb128 0x7
 613 0279 16000000 		.4byte	.LVL32
ARM GAS  C:\Users\ANDREW~1\AppData\Local\Temp\ccEnuc4u.s 			page 14


 614 027d C4010000 		.4byte	0x1c4
 615 0281 08       		.uleb128 0x8
 616 0282 1C000000 		.4byte	.LVL33
 617 0286 AE030000 		.4byte	0x3ae
 618 028a 94020000 		.4byte	0x294
 619 028e 09       		.uleb128 0x9
 620 028f 01       		.uleb128 0x1
 621 0290 50       		.byte	0x50
 622 0291 01       		.uleb128 0x1
 623 0292 35       		.byte	0x35
 624 0293 00       		.byte	0
 625 0294 08       		.uleb128 0x8
 626 0295 22000000 		.4byte	.LVL34
 627 0299 A3030000 		.4byte	0x3a3
 628 029d AB020000 		.4byte	0x2ab
 629 02a1 09       		.uleb128 0x9
 630 02a2 01       		.uleb128 0x1
 631 02a3 50       		.byte	0x50
 632 02a4 05       		.uleb128 0x5
 633 02a5 03       		.byte	0x3
 634 02a6 0C000000 		.4byte	.LC1
 635 02aa 00       		.byte	0
 636 02ab 08       		.uleb128 0x8
 637 02ac 28000000 		.4byte	.LVL35
 638 02b0 AE030000 		.4byte	0x3ae
 639 02b4 BE020000 		.4byte	0x2be
 640 02b8 09       		.uleb128 0x9
 641 02b9 01       		.uleb128 0x1
 642 02ba 50       		.byte	0x50
 643 02bb 01       		.uleb128 0x1
 644 02bc 35       		.byte	0x35
 645 02bd 00       		.byte	0
 646 02be 07       		.uleb128 0x7
 647 02bf 2C000000 		.4byte	.LVL36
 648 02c3 8D030000 		.4byte	0x38d
 649 02c7 08       		.uleb128 0x8
 650 02c8 32000000 		.4byte	.LVL37
 651 02cc 4B030000 		.4byte	0x34b
 652 02d0 DA020000 		.4byte	0x2da
 653 02d4 09       		.uleb128 0x9
 654 02d5 01       		.uleb128 0x1
 655 02d6 50       		.byte	0x50
 656 02d7 01       		.uleb128 0x1
 657 02d8 31       		.byte	0x31
 658 02d9 00       		.byte	0
 659 02da 08       		.uleb128 0x8
 660 02db 38000000 		.4byte	.LVL38
 661 02df AE030000 		.4byte	0x3ae
 662 02e3 ED020000 		.4byte	0x2ed
 663 02e7 09       		.uleb128 0x9
 664 02e8 01       		.uleb128 0x1
 665 02e9 50       		.byte	0x50
 666 02ea 01       		.uleb128 0x1
 667 02eb 35       		.byte	0x35
 668 02ec 00       		.byte	0
 669 02ed 0A       		.uleb128 0xa
 670 02ee 3E000000 		.4byte	.LVL39
ARM GAS  C:\Users\ANDREW~1\AppData\Local\Temp\ccEnuc4u.s 			page 15


 671 02f2 4B030000 		.4byte	0x34b
 672 02f6 09       		.uleb128 0x9
 673 02f7 01       		.uleb128 0x1
 674 02f8 50       		.byte	0x50
 675 02f9 01       		.uleb128 0x1
 676 02fa 30       		.byte	0x30
 677 02fb 00       		.byte	0
 678 02fc 00       		.byte	0
 679 02fd 11       		.uleb128 0x11
 680 02fe 69010000 		.4byte	.LASF21
 681 0302 05       		.byte	0x5
 682 0303 1207     		.2byte	0x712
 683 0305 09030000 		.4byte	0x309
 684 0309 12       		.uleb128 0x12
 685 030a 76000000 		.4byte	0x76
 686 030e 13       		.uleb128 0x13
 687 030f 4F020000 		.4byte	.LASF22
 688 0313 01       		.byte	0x1
 689 0314 12       		.byte	0x12
 690 0315 68000000 		.4byte	0x68
 691 0319 05       		.uleb128 0x5
 692 031a 03       		.byte	0x3
 693 031b 00000000 		.4byte	time
 694 031f 14       		.uleb128 0x14
 695 0320 81000000 		.4byte	0x81
 696 0324 2F030000 		.4byte	0x32f
 697 0328 15       		.uleb128 0x15
 698 0329 A9000000 		.4byte	0xa9
 699 032d 0F       		.byte	0xf
 700 032e 00       		.byte	0
 701 032f 13       		.uleb128 0x13
 702 0330 93020000 		.4byte	.LASF23
 703 0334 01       		.byte	0x1
 704 0335 58       		.byte	0x58
 705 0336 1F030000 		.4byte	0x31f
 706 033a 05       		.uleb128 0x5
 707 033b 03       		.byte	0x3
 708 033c 00000000 		.4byte	value_text
 709 0340 16       		.uleb128 0x16
 710 0341 40010000 		.4byte	.LASF24
 711 0345 40010000 		.4byte	.LASF24
 712 0349 06       		.byte	0x6
 713 034a 92       		.byte	0x92
 714 034b 16       		.uleb128 0x16
 715 034c 3B020000 		.4byte	.LASF25
 716 0350 3B020000 		.4byte	.LASF25
 717 0354 07       		.byte	0x7
 718 0355 2F       		.byte	0x2f
 719 0356 16       		.uleb128 0x16
 720 0357 5C000000 		.4byte	.LASF26
 721 035b 5C000000 		.4byte	.LASF26
 722 035f 08       		.byte	0x8
 723 0360 26       		.byte	0x26
 724 0361 16       		.uleb128 0x16
 725 0362 19010000 		.4byte	.LASF27
 726 0366 19010000 		.4byte	.LASF27
 727 036a 09       		.byte	0x9
ARM GAS  C:\Users\ANDREW~1\AppData\Local\Temp\ccEnuc4u.s 			page 16


 728 036b 26       		.byte	0x26
 729 036c 16       		.uleb128 0x16
 730 036d B5010000 		.4byte	.LASF28
 731 0371 B5010000 		.4byte	.LASF28
 732 0375 0A       		.byte	0xa
 733 0376 26       		.byte	0x26
 734 0377 16       		.uleb128 0x16
 735 0378 02020000 		.4byte	.LASF29
 736 037c 02020000 		.4byte	.LASF29
 737 0380 0B       		.byte	0xb
 738 0381 26       		.byte	0x26
 739 0382 16       		.uleb128 0x16
 740 0383 E9010000 		.4byte	.LASF30
 741 0387 E9010000 		.4byte	.LASF30
 742 038b 0C       		.byte	0xc
 743 038c 5D       		.byte	0x5d
 744 038d 16       		.uleb128 0x16
 745 038e 20000000 		.4byte	.LASF31
 746 0392 20000000 		.4byte	.LASF31
 747 0396 0C       		.byte	0xc
 748 0397 5A       		.byte	0x5a
 749 0398 16       		.uleb128 0x16
 750 0399 13000000 		.4byte	.LASF32
 751 039d 13000000 		.4byte	.LASF32
 752 03a1 0D       		.byte	0xd
 753 03a2 54       		.byte	0x54
 754 03a3 16       		.uleb128 0x16
 755 03a4 2E000000 		.4byte	.LASF33
 756 03a8 2E000000 		.4byte	.LASF33
 757 03ac 0D       		.byte	0xd
 758 03ad 8B       		.byte	0x8b
 759 03ae 16       		.uleb128 0x16
 760 03af DE020000 		.4byte	.LASF34
 761 03b3 DE020000 		.4byte	.LASF34
 762 03b7 0E       		.byte	0xe
 763 03b8 76       		.byte	0x76
 764 03b9 16       		.uleb128 0x16
 765 03ba C5010000 		.4byte	.LASF35
 766 03be C5010000 		.4byte	.LASF35
 767 03c2 0D       		.byte	0xd
 768 03c3 88       		.byte	0x88
 769 03c4 16       		.uleb128 0x16
 770 03c5 00000000 		.4byte	.LASF36
 771 03c9 00000000 		.4byte	.LASF36
 772 03cd 0F       		.byte	0xf
 773 03ce 28       		.byte	0x28
 774 03cf 16       		.uleb128 0x16
 775 03d0 D0020000 		.4byte	.LASF37
 776 03d4 D0020000 		.4byte	.LASF37
 777 03d8 0F       		.byte	0xf
 778 03d9 18       		.byte	0x18
 779 03da 16       		.uleb128 0x16
 780 03db 4C010000 		.4byte	.LASF38
 781 03df 4C010000 		.4byte	.LASF38
 782 03e3 0C       		.byte	0xc
 783 03e4 67       		.byte	0x67
 784 03e5 16       		.uleb128 0x16
ARM GAS  C:\Users\ANDREW~1\AppData\Local\Temp\ccEnuc4u.s 			page 17


 785 03e6 7F020000 		.4byte	.LASF39
 786 03ea 7F020000 		.4byte	.LASF39
 787 03ee 0C       		.byte	0xc
 788 03ef 69       		.byte	0x69
 789 03f0 00       		.byte	0
 790              		.section	.debug_abbrev,"",%progbits
 791              	.Ldebug_abbrev0:
 792 0000 01       		.uleb128 0x1
 793 0001 11       		.uleb128 0x11
 794 0002 01       		.byte	0x1
 795 0003 25       		.uleb128 0x25
 796 0004 0E       		.uleb128 0xe
 797 0005 13       		.uleb128 0x13
 798 0006 0B       		.uleb128 0xb
 799 0007 03       		.uleb128 0x3
 800 0008 0E       		.uleb128 0xe
 801 0009 1B       		.uleb128 0x1b
 802 000a 0E       		.uleb128 0xe
 803 000b 55       		.uleb128 0x55
 804 000c 17       		.uleb128 0x17
 805 000d 11       		.uleb128 0x11
 806 000e 01       		.uleb128 0x1
 807 000f 10       		.uleb128 0x10
 808 0010 17       		.uleb128 0x17
 809 0011 00       		.byte	0
 810 0012 00       		.byte	0
 811 0013 02       		.uleb128 0x2
 812 0014 24       		.uleb128 0x24
 813 0015 00       		.byte	0
 814 0016 0B       		.uleb128 0xb
 815 0017 0B       		.uleb128 0xb
 816 0018 3E       		.uleb128 0x3e
 817 0019 0B       		.uleb128 0xb
 818 001a 03       		.uleb128 0x3
 819 001b 0E       		.uleb128 0xe
 820 001c 00       		.byte	0
 821 001d 00       		.byte	0
 822 001e 03       		.uleb128 0x3
 823 001f 16       		.uleb128 0x16
 824 0020 00       		.byte	0
 825 0021 03       		.uleb128 0x3
 826 0022 0E       		.uleb128 0xe
 827 0023 3A       		.uleb128 0x3a
 828 0024 0B       		.uleb128 0xb
 829 0025 3B       		.uleb128 0x3b
 830 0026 0B       		.uleb128 0xb
 831 0027 49       		.uleb128 0x49
 832 0028 13       		.uleb128 0x13
 833 0029 00       		.byte	0
 834 002a 00       		.byte	0
 835 002b 04       		.uleb128 0x4
 836 002c 24       		.uleb128 0x24
 837 002d 00       		.byte	0
 838 002e 0B       		.uleb128 0xb
 839 002f 0B       		.uleb128 0xb
 840 0030 3E       		.uleb128 0x3e
 841 0031 0B       		.uleb128 0xb
ARM GAS  C:\Users\ANDREW~1\AppData\Local\Temp\ccEnuc4u.s 			page 18


 842 0032 03       		.uleb128 0x3
 843 0033 08       		.uleb128 0x8
 844 0034 00       		.byte	0
 845 0035 00       		.byte	0
 846 0036 05       		.uleb128 0x5
 847 0037 16       		.uleb128 0x16
 848 0038 00       		.byte	0
 849 0039 03       		.uleb128 0x3
 850 003a 0E       		.uleb128 0xe
 851 003b 3A       		.uleb128 0x3a
 852 003c 0B       		.uleb128 0xb
 853 003d 3B       		.uleb128 0x3b
 854 003e 05       		.uleb128 0x5
 855 003f 49       		.uleb128 0x49
 856 0040 13       		.uleb128 0x13
 857 0041 00       		.byte	0
 858 0042 00       		.byte	0
 859 0043 06       		.uleb128 0x6
 860 0044 2E       		.uleb128 0x2e
 861 0045 01       		.byte	0x1
 862 0046 3F       		.uleb128 0x3f
 863 0047 19       		.uleb128 0x19
 864 0048 03       		.uleb128 0x3
 865 0049 0E       		.uleb128 0xe
 866 004a 3A       		.uleb128 0x3a
 867 004b 0B       		.uleb128 0xb
 868 004c 3B       		.uleb128 0x3b
 869 004d 0B       		.uleb128 0xb
 870 004e 27       		.uleb128 0x27
 871 004f 19       		.uleb128 0x19
 872 0050 49       		.uleb128 0x49
 873 0051 13       		.uleb128 0x13
 874 0052 8701     		.uleb128 0x87
 875 0054 19       		.uleb128 0x19
 876 0055 11       		.uleb128 0x11
 877 0056 01       		.uleb128 0x1
 878 0057 12       		.uleb128 0x12
 879 0058 06       		.uleb128 0x6
 880 0059 40       		.uleb128 0x40
 881 005a 18       		.uleb128 0x18
 882 005b 9742     		.uleb128 0x2117
 883 005d 19       		.uleb128 0x19
 884 005e 01       		.uleb128 0x1
 885 005f 13       		.uleb128 0x13
 886 0060 00       		.byte	0
 887 0061 00       		.byte	0
 888 0062 07       		.uleb128 0x7
 889 0063 898201   		.uleb128 0x4109
 890 0066 00       		.byte	0
 891 0067 11       		.uleb128 0x11
 892 0068 01       		.uleb128 0x1
 893 0069 31       		.uleb128 0x31
 894 006a 13       		.uleb128 0x13
 895 006b 00       		.byte	0
 896 006c 00       		.byte	0
 897 006d 08       		.uleb128 0x8
 898 006e 898201   		.uleb128 0x4109
ARM GAS  C:\Users\ANDREW~1\AppData\Local\Temp\ccEnuc4u.s 			page 19


 899 0071 01       		.byte	0x1
 900 0072 11       		.uleb128 0x11
 901 0073 01       		.uleb128 0x1
 902 0074 31       		.uleb128 0x31
 903 0075 13       		.uleb128 0x13
 904 0076 01       		.uleb128 0x1
 905 0077 13       		.uleb128 0x13
 906 0078 00       		.byte	0
 907 0079 00       		.byte	0
 908 007a 09       		.uleb128 0x9
 909 007b 8A8201   		.uleb128 0x410a
 910 007e 00       		.byte	0
 911 007f 02       		.uleb128 0x2
 912 0080 18       		.uleb128 0x18
 913 0081 9142     		.uleb128 0x2111
 914 0083 18       		.uleb128 0x18
 915 0084 00       		.byte	0
 916 0085 00       		.byte	0
 917 0086 0A       		.uleb128 0xa
 918 0087 898201   		.uleb128 0x4109
 919 008a 01       		.byte	0x1
 920 008b 11       		.uleb128 0x11
 921 008c 01       		.uleb128 0x1
 922 008d 31       		.uleb128 0x31
 923 008e 13       		.uleb128 0x13
 924 008f 00       		.byte	0
 925 0090 00       		.byte	0
 926 0091 0B       		.uleb128 0xb
 927 0092 2E       		.uleb128 0x2e
 928 0093 01       		.byte	0x1
 929 0094 3F       		.uleb128 0x3f
 930 0095 19       		.uleb128 0x19
 931 0096 03       		.uleb128 0x3
 932 0097 0E       		.uleb128 0xe
 933 0098 3A       		.uleb128 0x3a
 934 0099 0B       		.uleb128 0xb
 935 009a 3B       		.uleb128 0x3b
 936 009b 0B       		.uleb128 0xb
 937 009c 27       		.uleb128 0x27
 938 009d 19       		.uleb128 0x19
 939 009e 11       		.uleb128 0x11
 940 009f 01       		.uleb128 0x1
 941 00a0 12       		.uleb128 0x12
 942 00a1 06       		.uleb128 0x6
 943 00a2 40       		.uleb128 0x40
 944 00a3 18       		.uleb128 0x18
 945 00a4 9742     		.uleb128 0x2117
 946 00a6 19       		.uleb128 0x19
 947 00a7 01       		.uleb128 0x1
 948 00a8 13       		.uleb128 0x13
 949 00a9 00       		.byte	0
 950 00aa 00       		.byte	0
 951 00ab 0C       		.uleb128 0xc
 952 00ac 05       		.uleb128 0x5
 953 00ad 00       		.byte	0
 954 00ae 03       		.uleb128 0x3
 955 00af 08       		.uleb128 0x8
ARM GAS  C:\Users\ANDREW~1\AppData\Local\Temp\ccEnuc4u.s 			page 20


 956 00b0 3A       		.uleb128 0x3a
 957 00b1 0B       		.uleb128 0xb
 958 00b2 3B       		.uleb128 0x3b
 959 00b3 0B       		.uleb128 0xb
 960 00b4 49       		.uleb128 0x49
 961 00b5 13       		.uleb128 0x13
 962 00b6 02       		.uleb128 0x2
 963 00b7 17       		.uleb128 0x17
 964 00b8 00       		.byte	0
 965 00b9 00       		.byte	0
 966 00ba 0D       		.uleb128 0xd
 967 00bb 34       		.uleb128 0x34
 968 00bc 00       		.byte	0
 969 00bd 03       		.uleb128 0x3
 970 00be 0E       		.uleb128 0xe
 971 00bf 3A       		.uleb128 0x3a
 972 00c0 0B       		.uleb128 0xb
 973 00c1 3B       		.uleb128 0x3b
 974 00c2 0B       		.uleb128 0xb
 975 00c3 49       		.uleb128 0x49
 976 00c4 13       		.uleb128 0x13
 977 00c5 02       		.uleb128 0x2
 978 00c6 17       		.uleb128 0x17
 979 00c7 00       		.byte	0
 980 00c8 00       		.byte	0
 981 00c9 0E       		.uleb128 0xe
 982 00ca 0B       		.uleb128 0xb
 983 00cb 01       		.byte	0x1
 984 00cc 11       		.uleb128 0x11
 985 00cd 01       		.uleb128 0x1
 986 00ce 12       		.uleb128 0x12
 987 00cf 06       		.uleb128 0x6
 988 00d0 01       		.uleb128 0x1
 989 00d1 13       		.uleb128 0x13
 990 00d2 00       		.byte	0
 991 00d3 00       		.byte	0
 992 00d4 0F       		.uleb128 0xf
 993 00d5 34       		.uleb128 0x34
 994 00d6 00       		.byte	0
 995 00d7 03       		.uleb128 0x3
 996 00d8 08       		.uleb128 0x8
 997 00d9 3A       		.uleb128 0x3a
 998 00da 0B       		.uleb128 0xb
 999 00db 3B       		.uleb128 0x3b
 1000 00dc 0B       		.uleb128 0xb
 1001 00dd 49       		.uleb128 0x49
 1002 00de 13       		.uleb128 0x13
 1003 00df 02       		.uleb128 0x2
 1004 00e0 17       		.uleb128 0x17
 1005 00e1 00       		.byte	0
 1006 00e2 00       		.byte	0
 1007 00e3 10       		.uleb128 0x10
 1008 00e4 0B       		.uleb128 0xb
 1009 00e5 01       		.byte	0x1
 1010 00e6 11       		.uleb128 0x11
 1011 00e7 01       		.uleb128 0x1
 1012 00e8 12       		.uleb128 0x12
ARM GAS  C:\Users\ANDREW~1\AppData\Local\Temp\ccEnuc4u.s 			page 21


 1013 00e9 06       		.uleb128 0x6
 1014 00ea 00       		.byte	0
 1015 00eb 00       		.byte	0
 1016 00ec 11       		.uleb128 0x11
 1017 00ed 34       		.uleb128 0x34
 1018 00ee 00       		.byte	0
 1019 00ef 03       		.uleb128 0x3
 1020 00f0 0E       		.uleb128 0xe
 1021 00f1 3A       		.uleb128 0x3a
 1022 00f2 0B       		.uleb128 0xb
 1023 00f3 3B       		.uleb128 0x3b
 1024 00f4 05       		.uleb128 0x5
 1025 00f5 49       		.uleb128 0x49
 1026 00f6 13       		.uleb128 0x13
 1027 00f7 3F       		.uleb128 0x3f
 1028 00f8 19       		.uleb128 0x19
 1029 00f9 3C       		.uleb128 0x3c
 1030 00fa 19       		.uleb128 0x19
 1031 00fb 00       		.byte	0
 1032 00fc 00       		.byte	0
 1033 00fd 12       		.uleb128 0x12
 1034 00fe 35       		.uleb128 0x35
 1035 00ff 00       		.byte	0
 1036 0100 49       		.uleb128 0x49
 1037 0101 13       		.uleb128 0x13
 1038 0102 00       		.byte	0
 1039 0103 00       		.byte	0
 1040 0104 13       		.uleb128 0x13
 1041 0105 34       		.uleb128 0x34
 1042 0106 00       		.byte	0
 1043 0107 03       		.uleb128 0x3
 1044 0108 0E       		.uleb128 0xe
 1045 0109 3A       		.uleb128 0x3a
 1046 010a 0B       		.uleb128 0xb
 1047 010b 3B       		.uleb128 0x3b
 1048 010c 0B       		.uleb128 0xb
 1049 010d 49       		.uleb128 0x49
 1050 010e 13       		.uleb128 0x13
 1051 010f 3F       		.uleb128 0x3f
 1052 0110 19       		.uleb128 0x19
 1053 0111 02       		.uleb128 0x2
 1054 0112 18       		.uleb128 0x18
 1055 0113 00       		.byte	0
 1056 0114 00       		.byte	0
 1057 0115 14       		.uleb128 0x14
 1058 0116 01       		.uleb128 0x1
 1059 0117 01       		.byte	0x1
 1060 0118 49       		.uleb128 0x49
 1061 0119 13       		.uleb128 0x13
 1062 011a 01       		.uleb128 0x1
 1063 011b 13       		.uleb128 0x13
 1064 011c 00       		.byte	0
 1065 011d 00       		.byte	0
 1066 011e 15       		.uleb128 0x15
 1067 011f 21       		.uleb128 0x21
 1068 0120 00       		.byte	0
 1069 0121 49       		.uleb128 0x49
ARM GAS  C:\Users\ANDREW~1\AppData\Local\Temp\ccEnuc4u.s 			page 22


 1070 0122 13       		.uleb128 0x13
 1071 0123 2F       		.uleb128 0x2f
 1072 0124 0B       		.uleb128 0xb
 1073 0125 00       		.byte	0
 1074 0126 00       		.byte	0
 1075 0127 16       		.uleb128 0x16
 1076 0128 2E       		.uleb128 0x2e
 1077 0129 00       		.byte	0
 1078 012a 3F       		.uleb128 0x3f
 1079 012b 19       		.uleb128 0x19
 1080 012c 3C       		.uleb128 0x3c
 1081 012d 19       		.uleb128 0x19
 1082 012e 6E       		.uleb128 0x6e
 1083 012f 0E       		.uleb128 0xe
 1084 0130 03       		.uleb128 0x3
 1085 0131 0E       		.uleb128 0xe
 1086 0132 3A       		.uleb128 0x3a
 1087 0133 0B       		.uleb128 0xb
 1088 0134 3B       		.uleb128 0x3b
 1089 0135 0B       		.uleb128 0xb
 1090 0136 00       		.byte	0
 1091 0137 00       		.byte	0
 1092 0138 00       		.byte	0
 1093              		.section	.debug_loc,"",%progbits
 1094              	.Ldebug_loc0:
 1095              	.LLST0:
 1096 0000 00000000 		.4byte	.LVL15
 1097 0004 3A000000 		.4byte	.LVL23
 1098 0008 0100     		.2byte	0x1
 1099 000a 50       		.byte	0x50
 1100 000b 3A000000 		.4byte	.LVL23
 1101 000f 44000000 		.4byte	.LVL25
 1102 0013 0100     		.2byte	0x1
 1103 0015 50       		.byte	0x50
 1104 0016 00000000 		.4byte	0
 1105 001a 00000000 		.4byte	0
 1106              	.LLST1:
 1107 001e 02000000 		.4byte	.LVL16
 1108 0022 08000000 		.4byte	.LVL17
 1109 0026 0200     		.2byte	0x2
 1110 0028 30       		.byte	0x30
 1111 0029 9F       		.byte	0x9f
 1112 002a 08000000 		.4byte	.LVL17
 1113 002e 5E000000 		.4byte	.LVL29
 1114 0032 0100     		.2byte	0x1
 1115 0034 55       		.byte	0x55
 1116 0035 00000000 		.4byte	0
 1117 0039 00000000 		.4byte	0
 1118              	.LLST2:
 1119 003d 02000000 		.4byte	.LVL16
 1120 0041 08000000 		.4byte	.LVL17
 1121 0045 0100     		.2byte	0x1
 1122 0047 50       		.byte	0x50
 1123 0048 08000000 		.4byte	.LVL17
 1124 004c 10000000 		.4byte	.LVL18
 1125 0050 0100     		.2byte	0x1
 1126 0052 53       		.byte	0x53
ARM GAS  C:\Users\ANDREW~1\AppData\Local\Temp\ccEnuc4u.s 			page 23


 1127 0053 14000000 		.4byte	.LVL19
 1128 0057 1E000000 		.4byte	.LVL22
 1129 005b 0100     		.2byte	0x1
 1130 005d 53       		.byte	0x53
 1131 005e 00000000 		.4byte	0
 1132 0062 00000000 		.4byte	0
 1133              	.LLST3:
 1134 0066 1C000000 		.4byte	.LVL21
 1135 006a 44000000 		.4byte	.LVL25
 1136 006e 0100     		.2byte	0x1
 1137 0070 52       		.byte	0x52
 1138 0071 00000000 		.4byte	0
 1139 0075 00000000 		.4byte	0
 1140              	.LLST4:
 1141 0079 44000000 		.4byte	.LVL25
 1142 007d 5E000000 		.4byte	.LVL29
 1143 0081 0100     		.2byte	0x1
 1144 0083 54       		.byte	0x54
 1145 0084 00000000 		.4byte	0
 1146 0088 00000000 		.4byte	0
 1147              		.section	.debug_aranges,"",%progbits
 1148 0000 2C000000 		.4byte	0x2c
 1149 0004 0200     		.2byte	0x2
 1150 0006 00000000 		.4byte	.Ldebug_info0
 1151 000a 04       		.byte	0x4
 1152 000b 00       		.byte	0
 1153 000c 0000     		.2byte	0
 1154 000e 0000     		.2byte	0
 1155 0010 00000000 		.4byte	.LFB64
 1156 0014 60000000 		.4byte	.LFE64-.LFB64
 1157 0018 00000000 		.4byte	.LFB65
 1158 001c 68000000 		.4byte	.LFE65-.LFB65
 1159 0020 00000000 		.4byte	.LFB63
 1160 0024 48000000 		.4byte	.LFE63-.LFB63
 1161 0028 00000000 		.4byte	0
 1162 002c 00000000 		.4byte	0
 1163              		.section	.debug_ranges,"",%progbits
 1164              	.Ldebug_ranges0:
 1165 0000 00000000 		.4byte	.LFB64
 1166 0004 60000000 		.4byte	.LFE64
 1167 0008 00000000 		.4byte	.LFB65
 1168 000c 68000000 		.4byte	.LFE65
 1169 0010 00000000 		.4byte	.LFB63
 1170 0014 48000000 		.4byte	.LFE63
 1171 0018 00000000 		.4byte	0
 1172 001c 00000000 		.4byte	0
 1173              		.section	.debug_line,"",%progbits
 1174              	.Ldebug_line0:
 1175 0000 36020000 		.section	.debug_str,"MS",%progbits,1
 1175      0200B501 
 1175      00000201 
 1175      FB0E0D00 
 1175      01010101 
 1176              	.LASF36:
 1177 0000 6973725F 		.ascii	"isr_1_ClearPending\000"
 1177      315F436C 
 1177      65617250 
ARM GAS  C:\Users\ANDREW~1\AppData\Local\Temp\ccEnuc4u.s 			page 24


 1177      656E6469 
 1177      6E6700
 1178              	.LASF32:
 1179 0013 55415254 		.ascii	"UART_1_Start\000"
 1179      5F315F53 
 1179      74617274 
 1179      00
 1180              	.LASF31:
 1181 0020 54696D65 		.ascii	"Timer_1_Start\000"
 1181      725F315F 
 1181      53746172 
 1181      7400
 1182              	.LASF33:
 1183 002e 55415254 		.ascii	"UART_1_PutString\000"
 1183      5F315F50 
 1183      75745374 
 1183      72696E67 
 1183      00
 1184              	.LASF9:
 1185 003f 5F5F696E 		.ascii	"__int32_t\000"
 1185      7433325F 
 1185      7400
 1186              	.LASF3:
 1187 0049 73686F72 		.ascii	"short unsigned int\000"
 1187      7420756E 
 1187      7369676E 
 1187      65642069 
 1187      6E7400
 1188              	.LASF26:
 1189 005c 636F6C6F 		.ascii	"colour_S0_Write\000"
 1189      75725F53 
 1189      305F5772 
 1189      69746500 
 1190              	.LASF12:
 1191 006c 666C6F61 		.ascii	"float\000"
 1191      7400
 1192              	.LASF19:
 1193 0072 7072696E 		.ascii	"print_uart\000"
 1193      745F7561 
 1193      727400
 1194              	.LASF1:
 1195 007d 756E7369 		.ascii	"unsigned char\000"
 1195      676E6564 
 1195      20636861 
 1195      7200
 1196              	.LASF40:
 1197 008b 474E5520 		.ascii	"GNU C11 5.4.1 20160609 (release) [ARM/embedded-5-br"
 1197      43313120 
 1197      352E342E 
 1197      31203230 
 1197      31363036 
 1198 00be 616E6368 		.ascii	"anch revision 237715] -mcpu=cortex-m3 -mthumb -g -O"
 1198      20726576 
 1198      6973696F 
 1198      6E203233 
 1198      37373135 
 1199 00f1 67202D66 		.ascii	"g -ffunction-sections -ffat-lto-objects\000"
ARM GAS  C:\Users\ANDREW~1\AppData\Local\Temp\ccEnuc4u.s 			page 25


 1199      66756E63 
 1199      74696F6E 
 1199      2D736563 
 1199      74696F6E 
 1200              	.LASF27:
 1201 0119 636F6C6F 		.ascii	"colour_S1_Write\000"
 1201      75725F53 
 1201      315F5772 
 1201      69746500 
 1202              	.LASF5:
 1203 0129 6C6F6E67 		.ascii	"long unsigned int\000"
 1203      20756E73 
 1203      69676E65 
 1203      6420696E 
 1203      7400
 1204              	.LASF18:
 1205 013b 74656D70 		.ascii	"temp\000"
 1205      00
 1206              	.LASF24:
 1207 0140 50574D5F 		.ascii	"PWM_1_Start\000"
 1207      315F5374 
 1207      61727400 
 1208              	.LASF38:
 1209 014c 54696D65 		.ascii	"Timer_1_ReadPeriod\000"
 1209      725F315F 
 1209      52656164 
 1209      50657269 
 1209      6F6400
 1210              	.LASF20:
 1211 015f 52656164 		.ascii	"ReadTimer\000"
 1211      54696D65 
 1211      7200
 1212              	.LASF21:
 1213 0169 49544D5F 		.ascii	"ITM_RxBuffer\000"
 1213      52784275 
 1213      66666572 
 1213      00
 1214              	.LASF42:
 1215 0176 443A5C4D 		.ascii	"D:\\Monash - Legion\\Y4S1\\ECE4191\\ECE4191-G3\\Rob"
 1215      6F6E6173 
 1215      68202D20 
 1215      4C656769 
 1215      6F6E5C59 
 1216 01a4 6F745F63 		.ascii	"ot_code_G3.cydsn\000"
 1216      6F64655F 
 1216      47332E63 
 1216      7964736E 
 1216      00
 1217              	.LASF28:
 1218 01b5 636F6C6F 		.ascii	"colour_S2_Write\000"
 1218      75725F53 
 1218      325F5772 
 1218      69746500 
 1219              	.LASF35:
 1220 01c5 55415254 		.ascii	"UART_1_WriteTxData\000"
 1220      5F315F57 
 1220      72697465 
ARM GAS  C:\Users\ANDREW~1\AppData\Local\Temp\ccEnuc4u.s 			page 26


 1220      54784461 
 1220      746100
 1221              	.LASF13:
 1222 01d8 646F7562 		.ascii	"double\000"
 1222      6C6500
 1223              	.LASF2:
 1224 01df 73686F72 		.ascii	"short int\000"
 1224      7420696E 
 1224      7400
 1225              	.LASF30:
 1226 01e9 54696D65 		.ascii	"Timer_1_SetInterruptMode\000"
 1226      725F315F 
 1226      53657449 
 1226      6E746572 
 1226      72757074 
 1227              	.LASF29:
 1228 0202 636F6C6F 		.ascii	"colour_S3_Write\000"
 1228      75725F53 
 1228      335F5772 
 1228      69746500 
 1229              	.LASF43:
 1230 0212 6D61696E 		.ascii	"main\000"
 1230      00
 1231              	.LASF8:
 1232 0217 756E7369 		.ascii	"unsigned int\000"
 1232      676E6564 
 1232      20696E74 
 1232      00
 1233              	.LASF7:
 1234 0224 6C6F6E67 		.ascii	"long long unsigned int\000"
 1234      206C6F6E 
 1234      6720756E 
 1234      7369676E 
 1234      65642069 
 1235              	.LASF25:
 1236 023b 436F6E74 		.ascii	"Control_Reg_1_Write\000"
 1236      726F6C5F 
 1236      5265675F 
 1236      315F5772 
 1236      69746500 
 1237              	.LASF22:
 1238 024f 74696D65 		.ascii	"time\000"
 1238      00
 1239              	.LASF10:
 1240 0254 696E7433 		.ascii	"int32_t\000"
 1240      325F7400 
 1241              	.LASF16:
 1242 025c 73697A65 		.ascii	"sizetype\000"
 1242      74797065 
 1242      00
 1243              	.LASF6:
 1244 0265 6C6F6E67 		.ascii	"long long int\000"
 1244      206C6F6E 
 1244      6720696E 
 1244      7400
 1245              	.LASF41:
 1246 0273 6D61696E 		.ascii	"main.c\000"
ARM GAS  C:\Users\ANDREW~1\AppData\Local\Temp\ccEnuc4u.s 			page 27


 1246      2E6300
 1247              	.LASF14:
 1248 027a 63686172 		.ascii	"char\000"
 1248      00
 1249              	.LASF39:
 1250 027f 54696D65 		.ascii	"Timer_1_ReadCounter\000"
 1250      725F315F 
 1250      52656164 
 1250      436F756E 
 1250      74657200 
 1251              	.LASF23:
 1252 0293 76616C75 		.ascii	"value_text\000"
 1252      655F7465 
 1252      787400
 1253              	.LASF11:
 1254 029e 75696E74 		.ascii	"uint8\000"
 1254      3800
 1255              	.LASF4:
 1256 02a4 6C6F6E67 		.ascii	"long int\000"
 1256      20696E74 
 1256      00
 1257              	.LASF17:
 1258 02ad 6E756D5F 		.ascii	"num_digits\000"
 1258      64696769 
 1258      747300
 1259              	.LASF15:
 1260 02b8 6C6F6E67 		.ascii	"long double\000"
 1260      20646F75 
 1260      626C6500 
 1261              	.LASF0:
 1262 02c4 7369676E 		.ascii	"signed char\000"
 1262      65642063 
 1262      68617200 
 1263              	.LASF37:
 1264 02d0 6973725F 		.ascii	"isr_1_StartEx\000"
 1264      315F5374 
 1264      61727445 
 1264      7800
 1265              	.LASF34:
 1266 02de 43794465 		.ascii	"CyDelay\000"
 1266      6C617900 
 1267              		.ident	"GCC: (GNU Tools for ARM Embedded Processors) 5.4.1 20160609 (release) [ARM/embedded-5-bran
