--------------- Build Started: 08/08/2024 18:56:17 Project: Design01, Configuration: ARM GCC 5.4-2016-q2-update Debug ---------------
The code generation step is up to date.
arm-none-eabi-gcc.exe -mcpu=cortex-m3 -mthumb -I. -IGenerated_Source\PSoC5 -Wa,-alh=.\CortexM3\ARM_GCC_541\Debug/main.lst -g -D DEBUG -D CY_CORE_ID=0 -Wall -ffunction-sections -ffat-lto-objects -Og -c main.c -o .\CortexM3\ARM_GCC_541\Debug\main.o
main.c: In function 'main':
main.c:243:16: warning: unused variable 'data_size' [-Wunused-variable]
         size_t data_size = (size_t)UART_2_GetRxBufferSize();
                ^
main.c:238:9: warning: variable 'i' set but not used [-Wunused-but-set-variable]
     int i;
         ^
main.c:235:11: warning: unused variable 'counter2' [-Wunused-variable]
     int32 counter2 = QuadDec_2_GetCounter();
           ^
main.c:234:11: warning: unused variable 'counter1' [-Wunused-variable]
     int32 counter1 = QuadDec_1_GetCounter();
           ^
arm-none-eabi-ar.exe -rs .\CortexM3\ARM_GCC_541\Debug\Design01.a .\CortexM3\ARM_GCC_541\Debug\Motor_1_PWM.o .\CortexM3\ARM_GCC_541\Debug\Motor_1_PWM_PM.o .\CortexM3\ARM_GCC_541\Debug\Motor_2_PWM.o .\CortexM3\ARM_GCC_541\Debug\Motor_2_PWM_PM.o .\CortexM3\ARM_GCC_541\Debug\QuadDec_1.o .\CortexM3\ARM_GCC_541\Debug\QuadDec_1_INT.o .\CortexM3\ARM_GCC_541\Debug\QuadDec_1_PM.o .\CortexM3\ARM_GCC_541\Debug\QuadDec_2.o .\CortexM3\ARM_GCC_541\Debug\QuadDec_2_INT.o .\CortexM3\ARM_GCC_541\Debug\QuadDec_2_PM.o .\CortexM3\ARM_GCC_541\Debug\Clock_1.o .\CortexM3\ARM_GCC_541\Debug\Motor_1_EN.o .\CortexM3\ARM_GCC_541\Debug\Motor_2_EN.o .\CortexM3\ARM_GCC_541\Debug\Motor_1_IN1.o .\CortexM3\ARM_GCC_541\Debug\Motor_1_IN2.o .\CortexM3\ARM_GCC_541\Debug\Motor_2_IN1.o .\CortexM3\ARM_GCC_541\Debug\Motor_2_IN2.o .\CortexM3\ARM_GCC_541\Debug\Motor_1_PhaseA.o .\CortexM3\ARM_GCC_541\Debug\Motor_1_PhaseB.o .\CortexM3\ARM_GCC_541\Debug\Motor_2_PhaseA.o .\CortexM3\ARM_GCC_541\Debug\Motor_2_PhaseB.o .\CortexM3\ARM_GCC_541\Debug\QuadDec_1_isr.o .\CortexM3\ARM_GCC_541\Debug\QuadDec_1_Cnt16.o .\CortexM3\ARM_GCC_541\Debug\QuadDec_1_Cnt16_PM.o .\CortexM3\ARM_GCC_541\Debug\QuadDec_2_isr.o .\CortexM3\ARM_GCC_541\Debug\QuadDec_2_Cnt16.o .\CortexM3\ARM_GCC_541\Debug\QuadDec_2_Cnt16_PM.o .\CortexM3\ARM_GCC_541\Debug\CyDmac.o .\CortexM3\ARM_GCC_541\Debug\CyFlash.o .\CortexM3\ARM_GCC_541\Debug\CyLib.o .\CortexM3\ARM_GCC_541\Debug\cyPm.o .\CortexM3\ARM_GCC_541\Debug\CySpc.o .\CortexM3\ARM_GCC_541\Debug\cyutils.o .\CortexM3\ARM_GCC_541\Debug\cy_em_eeprom.o .\CortexM3\ARM_GCC_541\Debug\UART_1.o .\CortexM3\ARM_GCC_541\Debug\UART_1_PM.o .\CortexM3\ARM_GCC_541\Debug\UART_1_INT.o .\CortexM3\ARM_GCC_541\Debug\UART_1_BOOT.o .\CortexM3\ARM_GCC_541\Debug\UART_1_IntClock.o .\CortexM3\ARM_GCC_541\Debug\UART_2.o .\CortexM3\ARM_GCC_541\Debug\UART_2_PM.o .\CortexM3\ARM_GCC_541\Debug\UART_2_INT.o .\CortexM3\ARM_GCC_541\Debug\UART_2_BOOT.o .\CortexM3\ARM_GCC_541\Debug\UART_2_IntClock.o .\CortexM3\ARM_GCC_541\Debug\timer_clock.o .\CortexM3\ARM_GCC_541\Debug\GlobalClock.o .\CortexM3\ARM_GCC_541\Debug\GlobalClock_PM.o .\CortexM3\ARM_GCC_541\Debug\CyBootAsmGnu.o
arm-none-eabi-ar.exe: creating .\CortexM3\ARM_GCC_541\Debug\Design01.a
arm-none-eabi-gcc.exe -Wl,--start-group -o "D:\Year 4 Sem 1\ECE4191\LatestVersion\ECE4191-G3\ControlOptimized\Design01.cydsn\CortexM3\ARM_GCC_541\Debug\Design01.elf" .\CortexM3\ARM_GCC_541\Debug\main.o .\CortexM3\ARM_GCC_541\Debug\cyfitter_cfg.o .\CortexM3\ARM_GCC_541\Debug\cymetadata.o .\CortexM3\ARM_GCC_541\Debug\Cm3Start.o .\CortexM3\ARM_GCC_541\Debug\Design01.a "C:\Program Files (x86)\Cypress\PSoC Creator\4.4\PSoC Creator\psoc\content\cycomponentlibrary\CyComponentLibrary.cylib\CortexM3\ARM_GCC_541\Debug\CyComponentLibrary.a" -mcpu=cortex-m3 -mthumb -l m -L Generated_Source\PSoC5 -Wl,-Map,.\CortexM3\ARM_GCC_541\Debug/Design01.map -T Generated_Source\PSoC5\cm3gcc.ld -specs=nano.specs -u _printf_float -Wl,--gc-sections -g -ffunction-sections -Og -ffat-lto-objects -Wl,--end-group
cyelftool.exe -C "D:\Year 4 Sem 1\ECE4191\LatestVersion\ECE4191-G3\ControlOptimized\Design01.cydsn\CortexM3\ARM_GCC_541\Debug\Design01.elf" --flash_row_size 256 --flash_size 262144 --flash_offset 0x00000000
No ELF section .cychecksum found, creating one
Application checksum calculated and stored in ELF section .cychecksum
Checksum calculated and stored in ELF section .cymeta
cyelftool.exe -S "D:\Year 4 Sem 1\ECE4191\LatestVersion\ECE4191-G3\ControlOptimized\Design01.cydsn\CortexM3\ARM_GCC_541\Debug\Design01.elf"
Flash used: 24624 of 262144 bytes (9.4%).
SRAM used: 3121 of 65536 bytes (4.8%). Stack: 2048 bytes. Heap: 512 bytes.
--------------- Build Succeeded: 08/08/2024 18:56:20 ---------------
