ARM GAS  C:\Users\Nulan\AppData\Local\Temp\cctmrqCh.s 			page 1


   1              		.syntax unified
   2              		.cpu cortex-m3
   3              		.fpu softvfp
   4              		.eabi_attribute 20, 1
   5              		.eabi_attribute 21, 1
   6              		.eabi_attribute 23, 3
   7              		.eabi_attribute 24, 1
   8              		.eabi_attribute 25, 1
   9              		.eabi_attribute 26, 1
  10              		.eabi_attribute 30, 1
  11              		.eabi_attribute 34, 1
  12              		.eabi_attribute 18, 4
  13              		.thumb
  14              		.syntax unified
  15              		.file	"cymetadata.c"
  16              		.text
  17              	.Ltext0:
  18              		.cfi_sections	.debug_frame
  19              		.global	cy_metadata
  20              		.global	cy_meta_flashprotect
  21              		.global	cy_meta_wonvl
  22              		.global	cy_meta_custnvl
  23              		.global	cy_meta_configecc
  24              		.section	.cyconfigecc,"a",%progbits
  25              		.align	2
  26              		.type	cy_meta_configecc, %object
  27              		.size	cy_meta_configecc, 1000
  28              	cy_meta_configecc:
  29 0000 04       		.byte	4
  30 0001 65       		.byte	101
  31 0002 00       		.byte	0
  32 0003 40       		.byte	64
  33 0004 26       		.byte	38
  34 0005 14       		.byte	20
  35 0006 01       		.byte	1
  36 0007 40       		.byte	64
  37 0008 09       		.byte	9
  38 0009 15       		.byte	21
  39 000a 01       		.byte	1
  40 000b 40       		.byte	64
  41 000c 30       		.byte	48
  42 000d 16       		.byte	22
  43 000e 01       		.byte	1
  44 000f 40       		.byte	64
  45 0010 0F       		.byte	15
  46 0011 17       		.byte	23
  47 0012 01       		.byte	1
  48 0013 40       		.byte	64
  49 0014 72       		.byte	114
  50 0015 18       		.byte	24
  51 0016 01       		.byte	1
  52 0017 40       		.byte	64
  53 0018 3B       		.byte	59
  54 0019 19       		.byte	25
  55 001a 01       		.byte	1
  56 001b 40       		.byte	64
  57 001c 5F       		.byte	95
ARM GAS  C:\Users\Nulan\AppData\Local\Temp\cctmrqCh.s 			page 2


  58 001d 1A       		.byte	26
  59 001e 01       		.byte	1
  60 001f 40       		.byte	64
  61 0020 47       		.byte	71
  62 0021 1B       		.byte	27
  63 0022 01       		.byte	1
  64 0023 40       		.byte	64
  65 0024 08       		.byte	8
  66 0025 4D       		.byte	77
  67 0026 01       		.byte	1
  68 0027 40       		.byte	64
  69 0028 03       		.byte	3
  70 0029 50       		.byte	80
  71 002a 01       		.byte	1
  72 002b 40       		.byte	64
  73 002c 87       		.byte	-121
  74 002d 0D       		.byte	13
  75 002e 88       		.byte	-120
  76 002f 0F       		.byte	15
  77 0030 8A       		.byte	-118
  78 0031 72       		.byte	114
  79 0032 8B       		.byte	-117
  80 0033 38       		.byte	56
  81 0034 40       		.byte	64
  82 0035 46       		.byte	70
  83 0036 49       		.byte	73
  84 0037 FF       		.byte	-1
  85 0038 4A       		.byte	74
  86 0039 FF       		.byte	-1
  87 003a 4B       		.byte	75
  88 003b FF       		.byte	-1
  89 003c 4F       		.byte	79
  90 003d 01       		.byte	1
  91 003e 50       		.byte	80
  92 003f 18       		.byte	24
  93 0040 52       		.byte	82
  94 0041 80       		.byte	-128
  95 0042 5A       		.byte	90
  96 0043 04       		.byte	4
  97 0044 5B       		.byte	91
  98 0045 04       		.byte	4
  99 0046 5F       		.byte	95
 100 0047 01       		.byte	1
 101 0048 60       		.byte	96
 102 0049 40       		.byte	64
 103 004a 62       		.byte	98
 104 004b 40       		.byte	64
 105 004c 64       		.byte	100
 106 004d 40       		.byte	64
 107 004e 65       		.byte	101
 108 004f 40       		.byte	64
 109 0050 66       		.byte	102
 110 0051 80       		.byte	-128
 111 0052 68       		.byte	104
 112 0053 80       		.byte	-128
 113 0054 6A       		.byte	106
 114 0055 80       		.byte	-128
ARM GAS  C:\Users\Nulan\AppData\Local\Temp\cctmrqCh.s 			page 3


 115 0056 6C       		.byte	108
 116 0057 80       		.byte	-128
 117 0058 6E       		.byte	110
 118 0059 80       		.byte	-128
 119 005a C0       		.byte	-64
 120 005b 46       		.byte	70
 121 005c C9       		.byte	-55
 122 005d FF       		.byte	-1
 123 005e CA       		.byte	-54
 124 005f FF       		.byte	-1
 125 0060 CB       		.byte	-53
 126 0061 FF       		.byte	-1
 127 0062 CD       		.byte	-51
 128 0063 83       		.byte	-125
 129 0064 CE       		.byte	-50
 130 0065 03       		.byte	3
 131 0066 CF       		.byte	-49
 132 0067 01       		.byte	1
 133 0068 D0       		.byte	-48
 134 0069 18       		.byte	24
 135 006a DA       		.byte	-38
 136 006b 04       		.byte	4
 137 006c DF       		.byte	-33
 138 006d 01       		.byte	1
 139 006e E0       		.byte	-32
 140 006f 40       		.byte	64
 141 0070 E2       		.byte	-30
 142 0071 40       		.byte	64
 143 0072 E4       		.byte	-28
 144 0073 40       		.byte	64
 145 0074 E5       		.byte	-27
 146 0075 40       		.byte	64
 147 0076 E6       		.byte	-26
 148 0077 80       		.byte	-128
 149 0078 E8       		.byte	-24
 150 0079 80       		.byte	-128
 151 007a EA       		.byte	-22
 152 007b 80       		.byte	-128
 153 007c EC       		.byte	-20
 154 007d 80       		.byte	-128
 155 007e EE       		.byte	-18
 156 007f 80       		.byte	-128
 157 0080 41       		.byte	65
 158 0081 02       		.byte	2
 159 0082 45       		.byte	69
 160 0083 02       		.byte	2
 161 0084 48       		.byte	72
 162 0085 08       		.byte	8
 163 0086 4C       		.byte	76
 164 0087 08       		.byte	8
 165 0088 71       		.byte	113
 166 0089 02       		.byte	2
 167 008a A0       		.byte	-96
 168 008b 08       		.byte	8
 169 008c A5       		.byte	-91
 170 008d 02       		.byte	2
 171 008e D0       		.byte	-48
ARM GAS  C:\Users\Nulan\AppData\Local\Temp\cctmrqCh.s 			page 4


 172 008f 81       		.byte	-127
 173 0090 D2       		.byte	-46
 174 0091 24       		.byte	36
 175 0092 40       		.byte	64
 176 0093 46       		.byte	70
 177 0094 49       		.byte	73
 178 0095 FF       		.byte	-1
 179 0096 4A       		.byte	74
 180 0097 FF       		.byte	-1
 181 0098 4B       		.byte	75
 182 0099 FF       		.byte	-1
 183 009a 4D       		.byte	77
 184 009b 83       		.byte	-125
 185 009c 4E       		.byte	78
 186 009d 03       		.byte	3
 187 009e 4F       		.byte	79
 188 009f 01       		.byte	1
 189 00a0 50       		.byte	80
 190 00a1 18       		.byte	24
 191 00a2 5A       		.byte	90
 192 00a3 04       		.byte	4
 193 00a4 5F       		.byte	95
 194 00a5 01       		.byte	1
 195 00a6 60       		.byte	96
 196 00a7 40       		.byte	64
 197 00a8 62       		.byte	98
 198 00a9 40       		.byte	64
 199 00aa 64       		.byte	100
 200 00ab 40       		.byte	64
 201 00ac 65       		.byte	101
 202 00ad 40       		.byte	64
 203 00ae 66       		.byte	102
 204 00af 80       		.byte	-128
 205 00b0 68       		.byte	104
 206 00b1 80       		.byte	-128
 207 00b2 6A       		.byte	106
 208 00b3 80       		.byte	-128
 209 00b4 6C       		.byte	108
 210 00b5 80       		.byte	-128
 211 00b6 6E       		.byte	110
 212 00b7 80       		.byte	-128
 213 00b8 92       		.byte	-110
 214 00b9 01       		.byte	1
 215 00ba AA       		.byte	-86
 216 00bb 01       		.byte	1
 217 00bc B6       		.byte	-74
 218 00bd 01       		.byte	1
 219 00be BE       		.byte	-66
 220 00bf 40       		.byte	64
 221 00c0 C0       		.byte	-64
 222 00c1 46       		.byte	70
 223 00c2 C5       		.byte	-59
 224 00c3 EC       		.byte	-20
 225 00c4 C7       		.byte	-57
 226 00c5 02       		.byte	2
 227 00c6 C8       		.byte	-56
 228 00c7 13       		.byte	19
ARM GAS  C:\Users\Nulan\AppData\Local\Temp\cctmrqCh.s 			page 5


 229 00c8 C9       		.byte	-55
 230 00c9 FF       		.byte	-1
 231 00ca CA       		.byte	-54
 232 00cb FF       		.byte	-1
 233 00cc CB       		.byte	-53
 234 00cd FF       		.byte	-1
 235 00ce CD       		.byte	-51
 236 00cf 83       		.byte	-125
 237 00d0 CE       		.byte	-50
 238 00d1 03       		.byte	3
 239 00d2 CF       		.byte	-49
 240 00d3 01       		.byte	1
 241 00d4 D0       		.byte	-48
 242 00d5 18       		.byte	24
 243 00d6 D4       		.byte	-44
 244 00d7 01       		.byte	1
 245 00d8 D8       		.byte	-40
 246 00d9 04       		.byte	4
 247 00da DA       		.byte	-38
 248 00db 04       		.byte	4
 249 00dc DB       		.byte	-37
 250 00dd 04       		.byte	4
 251 00de DF       		.byte	-33
 252 00df 01       		.byte	1
 253 00e0 E0       		.byte	-32
 254 00e1 40       		.byte	64
 255 00e2 E2       		.byte	-30
 256 00e3 40       		.byte	64
 257 00e4 E4       		.byte	-28
 258 00e5 40       		.byte	64
 259 00e6 E5       		.byte	-27
 260 00e7 40       		.byte	64
 261 00e8 E6       		.byte	-26
 262 00e9 80       		.byte	-128
 263 00ea E8       		.byte	-24
 264 00eb 80       		.byte	-128
 265 00ec EA       		.byte	-22
 266 00ed 80       		.byte	-128
 267 00ee EC       		.byte	-20
 268 00ef 80       		.byte	-128
 269 00f0 EE       		.byte	-18
 270 00f1 80       		.byte	-128
 271 00f2 09       		.byte	9
 272 00f3 02       		.byte	2
 273 00f4 10       		.byte	16
 274 00f5 08       		.byte	8
 275 00f6 19       		.byte	25
 276 00f7 40       		.byte	64
 277 00f8 41       		.byte	65
 278 00f9 02       		.byte	2
 279 00fa 45       		.byte	69
 280 00fb 02       		.byte	2
 281 00fc 48       		.byte	72
 282 00fd 08       		.byte	8
 283 00fe 49       		.byte	73
 284 00ff 05       		.byte	5
 285 0100 4C       		.byte	76
ARM GAS  C:\Users\Nulan\AppData\Local\Temp\cctmrqCh.s 			page 6


 286 0101 08       		.byte	8
 287 0102 50       		.byte	80
 288 0103 08       		.byte	8
 289 0104 59       		.byte	89
 290 0105 45       		.byte	69
 291 0106 C2       		.byte	-62
 292 0107 08       		.byte	8
 293 0108 C4       		.byte	-60
 294 0109 02       		.byte	2
 295 010a D0       		.byte	-48
 296 010b 81       		.byte	-127
 297 010c D2       		.byte	-46
 298 010d 24       		.byte	36
 299 010e D6       		.byte	-42
 300 010f 0B       		.byte	11
 301 0110 04       		.byte	4
 302 0111 10       		.byte	16
 303 0112 05       		.byte	5
 304 0113 63       		.byte	99
 305 0114 06       		.byte	6
 306 0115 AC       		.byte	-84
 307 0116 07       		.byte	7
 308 0117 04       		.byte	4
 309 0118 08       		.byte	8
 310 0119 0C       		.byte	12
 311 011a 09       		.byte	9
 312 011b 03       		.byte	3
 313 011c 0A       		.byte	10
 314 011d 71       		.byte	113
 315 011e 0B       		.byte	11
 316 011f 24       		.byte	36
 317 0120 0C       		.byte	12
 318 0121 DC       		.byte	-36
 319 0122 0E       		.byte	14
 320 0123 22       		.byte	34
 321 0124 13       		.byte	19
 322 0125 08       		.byte	8
 323 0126 15       		.byte	21
 324 0127 63       		.byte	99
 325 0128 16       		.byte	22
 326 0129 03       		.byte	3
 327 012a 17       		.byte	23
 328 012b 0C       		.byte	12
 329 012c 18       		.byte	24
 330 012d 14       		.byte	20
 331 012e 20       		.byte	32
 332 012f 09       		.byte	9
 333 0130 22       		.byte	34
 334 0131 D0       		.byte	-48
 335 0132 25       		.byte	37
 336 0133 80       		.byte	-128
 337 0134 26       		.byte	38
 338 0135 20       		.byte	32
 339 0136 27       		.byte	39
 340 0137 25       		.byte	37
 341 0138 28       		.byte	40
 342 0139 10       		.byte	16
ARM GAS  C:\Users\Nulan\AppData\Local\Temp\cctmrqCh.s 			page 7


 343 013a 29       		.byte	41
 344 013b 10       		.byte	16
 345 013c 2A       		.byte	42
 346 013d 40       		.byte	64
 347 013e 2D       		.byte	45
 348 013f 0A       		.byte	10
 349 0140 2F       		.byte	47
 350 0141 64       		.byte	100
 351 0142 31       		.byte	49
 352 0143 20       		.byte	32
 353 0144 32       		.byte	50
 354 0145 1F       		.byte	31
 355 0146 33       		.byte	51
 356 0147 0F       		.byte	15
 357 0148 34       		.byte	52
 358 0149 E0       		.byte	-32
 359 014a 35       		.byte	53
 360 014b 10       		.byte	16
 361 014c 37       		.byte	55
 362 014d C0       		.byte	-64
 363 014e 39       		.byte	57
 364 014f 80       		.byte	-128
 365 0150 3A       		.byte	58
 366 0151 20       		.byte	32
 367 0152 3B       		.byte	59
 368 0153 08       		.byte	8
 369 0154 3F       		.byte	63
 370 0155 11       		.byte	17
 371 0156 40       		.byte	64
 372 0157 63       		.byte	99
 373 0158 41       		.byte	65
 374 0159 02       		.byte	2
 375 015a 45       		.byte	69
 376 015b 0B       		.byte	11
 377 015c 46       		.byte	70
 378 015d C0       		.byte	-64
 379 015e 47       		.byte	71
 380 015f 0E       		.byte	14
 381 0160 48       		.byte	72
 382 0161 19       		.byte	25
 383 0162 49       		.byte	73
 384 0163 FF       		.byte	-1
 385 0164 4A       		.byte	74
 386 0165 FF       		.byte	-1
 387 0166 4B       		.byte	75
 388 0167 FF       		.byte	-1
 389 0168 4E       		.byte	78
 390 0169 F0       		.byte	-16
 391 016a 4F       		.byte	79
 392 016b 44       		.byte	68
 393 016c 50       		.byte	80
 394 016d 0C       		.byte	12
 395 016e 54       		.byte	84
 396 016f 01       		.byte	1
 397 0170 58       		.byte	88
 398 0171 04       		.byte	4
 399 0172 59       		.byte	89
ARM GAS  C:\Users\Nulan\AppData\Local\Temp\cctmrqCh.s 			page 8


 400 0173 04       		.byte	4
 401 0174 5A       		.byte	90
 402 0175 04       		.byte	4
 403 0176 5B       		.byte	91
 404 0177 04       		.byte	4
 405 0178 5C       		.byte	92
 406 0179 11       		.byte	17
 407 017a 5D       		.byte	93
 408 017b 11       		.byte	17
 409 017c 5F       		.byte	95
 410 017d 01       		.byte	1
 411 017e 66       		.byte	102
 412 017f C0       		.byte	-64
 413 0180 6A       		.byte	106
 414 0181 40       		.byte	64
 415 0182 6B       		.byte	107
 416 0183 02       		.byte	2
 417 0184 80       		.byte	-128
 418 0185 80       		.byte	-128
 419 0186 82       		.byte	-126
 420 0187 40       		.byte	64
 421 0188 85       		.byte	-123
 422 0189 02       		.byte	2
 423 018a 86       		.byte	-122
 424 018b 13       		.byte	19
 425 018c 87       		.byte	-121
 426 018d 09       		.byte	9
 427 018e 88       		.byte	-120
 428 018f C0       		.byte	-64
 429 0190 89       		.byte	-119
 430 0191 17       		.byte	23
 431 0192 8C       		.byte	-116
 432 0193 2C       		.byte	44
 433 0194 8E       		.byte	-114
 434 0195 03       		.byte	3
 435 0196 91       		.byte	-111
 436 0197 01       		.byte	1
 437 0198 93       		.byte	-109
 438 0199 06       		.byte	6
 439 019a 96       		.byte	-106
 440 019b 08       		.byte	8
 441 019c 98       		.byte	-104
 442 019d 31       		.byte	49
 443 019e 99       		.byte	-103
 444 019f 17       		.byte	23
 445 01a0 9A       		.byte	-102
 446 01a1 0E       		.byte	14
 447 01a2 9D       		.byte	-99
 448 01a3 10       		.byte	16
 449 01a4 A1       		.byte	-95
 450 01a5 04       		.byte	4
 451 01a6 A2       		.byte	-94
 452 01a7 0C       		.byte	12
 453 01a8 A3       		.byte	-93
 454 01a9 01       		.byte	1
 455 01aa A4       		.byte	-92
 456 01ab C0       		.byte	-64
ARM GAS  C:\Users\Nulan\AppData\Local\Temp\cctmrqCh.s 			page 9


 457 01ac A8       		.byte	-88
 458 01ad 31       		.byte	49
 459 01ae A9       		.byte	-87
 460 01af 20       		.byte	32
 461 01b0 AA       		.byte	-86
 462 01b1 06       		.byte	6
 463 01b2 AC       		.byte	-84
 464 01b3 40       		.byte	64
 465 01b4 AE       		.byte	-82
 466 01b5 80       		.byte	-128
 467 01b6 B0       		.byte	-80
 468 01b7 0F       		.byte	15
 469 01b8 B1       		.byte	-79
 470 01b9 07       		.byte	7
 471 01ba B3       		.byte	-77
 472 01bb 10       		.byte	16
 473 01bc B4       		.byte	-76
 474 01bd 30       		.byte	48
 475 01be B5       		.byte	-75
 476 01bf 08       		.byte	8
 477 01c0 B6       		.byte	-74
 478 01c1 C0       		.byte	-64
 479 01c2 B7       		.byte	-73
 480 01c3 20       		.byte	32
 481 01c4 B8       		.byte	-72
 482 01c5 20       		.byte	32
 483 01c6 BA       		.byte	-70
 484 01c7 02       		.byte	2
 485 01c8 BE       		.byte	-66
 486 01c9 10       		.byte	16
 487 01ca BF       		.byte	-65
 488 01cb 40       		.byte	64
 489 01cc C0       		.byte	-64
 490 01cd 02       		.byte	2
 491 01ce C7       		.byte	-57
 492 01cf 04       		.byte	4
 493 01d0 C9       		.byte	-55
 494 01d1 FF       		.byte	-1
 495 01d2 CA       		.byte	-54
 496 01d3 07       		.byte	7
 497 01d4 CB       		.byte	-53
 498 01d5 FF       		.byte	-1
 499 01d6 CC       		.byte	-52
 500 01d7 40       		.byte	64
 501 01d8 CD       		.byte	-51
 502 01d9 20       		.byte	32
 503 01da CE       		.byte	-50
 504 01db F0       		.byte	-16
 505 01dc CF       		.byte	-49
 506 01dd 05       		.byte	5
 507 01de D0       		.byte	-48
 508 01df 08       		.byte	8
 509 01e0 D8       		.byte	-40
 510 01e1 04       		.byte	4
 511 01e2 D9       		.byte	-39
 512 01e3 04       		.byte	4
 513 01e4 DA       		.byte	-38
ARM GAS  C:\Users\Nulan\AppData\Local\Temp\cctmrqCh.s 			page 10


 514 01e5 04       		.byte	4
 515 01e6 DC       		.byte	-36
 516 01e7 11       		.byte	17
 517 01e8 DD       		.byte	-35
 518 01e9 01       		.byte	1
 519 01ea DF       		.byte	-33
 520 01eb 01       		.byte	1
 521 01ec E0       		.byte	-32
 522 01ed 40       		.byte	64
 523 01ee E1       		.byte	-31
 524 01ef A8       		.byte	-88
 525 01f0 E2       		.byte	-30
 526 01f1 40       		.byte	64
 527 01f2 E3       		.byte	-29
 528 01f3 20       		.byte	32
 529 01f4 00       		.byte	0
 530 01f5 40       		.byte	64
 531 01f6 01       		.byte	1
 532 01f7 18       		.byte	24
 533 01f8 02       		.byte	2
 534 01f9 10       		.byte	16
 535 01fa 03       		.byte	3
 536 01fb 80       		.byte	-128
 537 01fc 04       		.byte	4
 538 01fd 40       		.byte	64
 539 01fe 05       		.byte	5
 540 01ff 10       		.byte	16
 541 0200 07       		.byte	7
 542 0201 20       		.byte	32
 543 0202 08       		.byte	8
 544 0203 04       		.byte	4
 545 0204 09       		.byte	9
 546 0205 10       		.byte	16
 547 0206 0A       		.byte	10
 548 0207 04       		.byte	4
 549 0208 0E       		.byte	14
 550 0209 20       		.byte	32
 551 020a 0F       		.byte	15
 552 020b 08       		.byte	8
 553 020c 10       		.byte	16
 554 020d 22       		.byte	34
 555 020e 11       		.byte	17
 556 020f 04       		.byte	4
 557 0210 12       		.byte	18
 558 0211 08       		.byte	8
 559 0212 13       		.byte	19
 560 0213 02       		.byte	2
 561 0214 14       		.byte	20
 562 0215 04       		.byte	4
 563 0216 16       		.byte	22
 564 0217 14       		.byte	20
 565 0218 17       		.byte	23
 566 0219 02       		.byte	2
 567 021a 18       		.byte	24
 568 021b 44       		.byte	68
 569 021c 1B       		.byte	27
 570 021d 82       		.byte	-126
ARM GAS  C:\Users\Nulan\AppData\Local\Temp\cctmrqCh.s 			page 11


 571 021e 1D       		.byte	29
 572 021f 10       		.byte	16
 573 0220 1E       		.byte	30
 574 0221 24       		.byte	36
 575 0222 1F       		.byte	31
 576 0223 08       		.byte	8
 577 0224 21       		.byte	33
 578 0225 9A       		.byte	-102
 579 0226 26       		.byte	38
 580 0227 08       		.byte	8
 581 0228 27       		.byte	39
 582 0229 AA       		.byte	-86
 583 022a 2B       		.byte	43
 584 022b 88       		.byte	-120
 585 022c 2C       		.byte	44
 586 022d 08       		.byte	8
 587 022e 2D       		.byte	45
 588 022f 08       		.byte	8
 589 0230 2F       		.byte	47
 590 0231 02       		.byte	2
 591 0232 30       		.byte	48
 592 0233 20       		.byte	32
 593 0234 31       		.byte	49
 594 0235 02       		.byte	2
 595 0236 32       		.byte	50
 596 0237 40       		.byte	64
 597 0238 36       		.byte	54
 598 0239 08       		.byte	8
 599 023a 37       		.byte	55
 600 023b 02       		.byte	2
 601 023c 39       		.byte	57
 602 023d 18       		.byte	24
 603 023e 3E       		.byte	62
 604 023f 14       		.byte	20
 605 0240 3F       		.byte	63
 606 0241 20       		.byte	32
 607 0242 40       		.byte	64
 608 0243 04       		.byte	4
 609 0244 45       		.byte	69
 610 0245 10       		.byte	16
 611 0246 46       		.byte	70
 612 0247 10       		.byte	16
 613 0248 49       		.byte	73
 614 0249 08       		.byte	8
 615 024a 4E       		.byte	78
 616 024b 08       		.byte	8
 617 024c 4F       		.byte	79
 618 024d 08       		.byte	8
 619 024e 52       		.byte	82
 620 024f 04       		.byte	4
 621 0250 54       		.byte	84
 622 0251 08       		.byte	8
 623 0252 57       		.byte	87
 624 0253 10       		.byte	16
 625 0254 5E       		.byte	94
 626 0255 10       		.byte	16
 627 0256 5F       		.byte	95
ARM GAS  C:\Users\Nulan\AppData\Local\Temp\cctmrqCh.s 			page 12


 628 0257 89       		.byte	-119
 629 0258 C0       		.byte	-64
 630 0259 EF       		.byte	-17
 631 025a C2       		.byte	-62
 632 025b 66       		.byte	102
 633 025c C4       		.byte	-60
 634 025d 7F       		.byte	127
 635 025e CA       		.byte	-54
 636 025f 75       		.byte	117
 637 0260 CC       		.byte	-52
 638 0261 CD       		.byte	-51
 639 0262 CE       		.byte	-50
 640 0263 66       		.byte	102
 641 0264 D0       		.byte	-48
 642 0265 64       		.byte	100
 643 0266 D2       		.byte	-46
 644 0267 20       		.byte	32
 645 0268 D6       		.byte	-42
 646 0269 F0       		.byte	-16
 647 026a 00       		.byte	0
 648 026b 02       		.byte	2
 649 026c 01       		.byte	1
 650 026d 1C       		.byte	28
 651 026e 02       		.byte	2
 652 026f 80       		.byte	-128
 653 0270 03       		.byte	3
 654 0271 E1       		.byte	-31
 655 0272 04       		.byte	4
 656 0273 1C       		.byte	28
 657 0274 05       		.byte	5
 658 0275 44       		.byte	68
 659 0276 06       		.byte	6
 660 0277 23       		.byte	35
 661 0278 0B       		.byte	11
 662 0279 04       		.byte	4
 663 027a 0C       		.byte	12
 664 027b 33       		.byte	51
 665 027c 0D       		.byte	13
 666 027d 10       		.byte	16
 667 027e 0E       		.byte	14
 668 027f 0C       		.byte	12
 669 0280 10       		.byte	16
 670 0281 03       		.byte	3
 671 0282 11       		.byte	17
 672 0283 C0       		.byte	-64
 673 0284 12       		.byte	18
 674 0285 40       		.byte	64
 675 0286 14       		.byte	20
 676 0287 1F       		.byte	31
 677 0288 15       		.byte	21
 678 0289 18       		.byte	24
 679 028a 16       		.byte	22
 680 028b 20       		.byte	32
 681 028c 19       		.byte	25
 682 028d 3C       		.byte	60
 683 028e 1A       		.byte	26
 684 028f 23       		.byte	35
ARM GAS  C:\Users\Nulan\AppData\Local\Temp\cctmrqCh.s 			page 13


 685 0290 1B       		.byte	27
 686 0291 C2       		.byte	-62
 687 0292 1C       		.byte	28
 688 0293 3F       		.byte	63
 689 0294 1D       		.byte	29
 690 0295 FF       		.byte	-1
 691 0296 20       		.byte	32
 692 0297 08       		.byte	8
 693 0298 21       		.byte	33
 694 0299 80       		.byte	-128
 695 029a 24       		.byte	36
 696 029b 04       		.byte	4
 697 029c 27       		.byte	39
 698 029d E3       		.byte	-29
 699 029e 28       		.byte	40
 700 029f 0C       		.byte	12
 701 02a0 29       		.byte	41
 702 02a1 08       		.byte	8
 703 02a2 2C       		.byte	44
 704 02a3 01       		.byte	1
 705 02a4 2D       		.byte	45
 706 02a5 E7       		.byte	-25
 707 02a6 2E       		.byte	46
 708 02a7 80       		.byte	-128
 709 02a8 2F       		.byte	47
 710 02a9 18       		.byte	24
 711 02aa 30       		.byte	48
 712 02ab 10       		.byte	16
 713 02ac 32       		.byte	50
 714 02ad 2C       		.byte	44
 715 02ae 33       		.byte	51
 716 02af 38       		.byte	56
 717 02b0 34       		.byte	52
 718 02b1 C0       		.byte	-64
 719 02b2 35       		.byte	53
 720 02b3 1F       		.byte	31
 721 02b4 36       		.byte	54
 722 02b5 0F       		.byte	15
 723 02b6 37       		.byte	55
 724 02b7 C0       		.byte	-64
 725 02b8 3A       		.byte	58
 726 02b9 88       		.byte	-120
 727 02ba 3B       		.byte	59
 728 02bb 20       		.byte	32
 729 02bc 3E       		.byte	62
 730 02bd 11       		.byte	17
 731 02be 56       		.byte	86
 732 02bf 02       		.byte	2
 733 02c0 57       		.byte	87
 734 02c1 13       		.byte	19
 735 02c2 58       		.byte	88
 736 02c3 04       		.byte	4
 737 02c4 59       		.byte	89
 738 02c5 04       		.byte	4
 739 02c6 5B       		.byte	91
 740 02c7 04       		.byte	4
 741 02c8 5C       		.byte	92
ARM GAS  C:\Users\Nulan\AppData\Local\Temp\cctmrqCh.s 			page 14


 742 02c9 11       		.byte	17
 743 02ca 5D       		.byte	93
 744 02cb 10       		.byte	16
 745 02cc 5F       		.byte	95
 746 02cd 01       		.byte	1
 747 02ce 80       		.byte	-128
 748 02cf 01       		.byte	1
 749 02d0 86       		.byte	-122
 750 02d1 01       		.byte	1
 751 02d2 8A       		.byte	-118
 752 02d3 02       		.byte	2
 753 02d4 8C       		.byte	-116
 754 02d5 01       		.byte	1
 755 02d6 96       		.byte	-106
 756 02d7 01       		.byte	1
 757 02d8 A6       		.byte	-90
 758 02d9 04       		.byte	4
 759 02da AA       		.byte	-86
 760 02db 04       		.byte	4
 761 02dc AE       		.byte	-82
 762 02dd 02       		.byte	2
 763 02de B0       		.byte	-80
 764 02df 04       		.byte	4
 765 02e0 B2       		.byte	-78
 766 02e1 02       		.byte	2
 767 02e2 B4       		.byte	-76
 768 02e3 01       		.byte	1
 769 02e4 B8       		.byte	-72
 770 02e5 20       		.byte	32
 771 02e6 BB       		.byte	-69
 772 02e7 80       		.byte	-128
 773 02e8 BE       		.byte	-66
 774 02e9 05       		.byte	5
 775 02ea C0       		.byte	-64
 776 02eb 43       		.byte	67
 777 02ec C1       		.byte	-63
 778 02ed 05       		.byte	5
 779 02ee C2       		.byte	-62
 780 02ef 02       		.byte	2
 781 02f0 C4       		.byte	-60
 782 02f1 06       		.byte	6
 783 02f2 C6       		.byte	-58
 784 02f3 C0       		.byte	-64
 785 02f4 C7       		.byte	-57
 786 02f5 E0       		.byte	-32
 787 02f6 C8       		.byte	-56
 788 02f7 28       		.byte	40
 789 02f8 C9       		.byte	-55
 790 02f9 FF       		.byte	-1
 791 02fa CA       		.byte	-54
 792 02fb FF       		.byte	-1
 793 02fc CB       		.byte	-53
 794 02fd FF       		.byte	-1
 795 02fe CC       		.byte	-52
 796 02ff 62       		.byte	98
 797 0300 CD       		.byte	-51
 798 0301 A0       		.byte	-96
ARM GAS  C:\Users\Nulan\AppData\Local\Temp\cctmrqCh.s 			page 15


 799 0302 CE       		.byte	-50
 800 0303 F0       		.byte	-16
 801 0304 CF       		.byte	-49
 802 0305 41       		.byte	65
 803 0306 D0       		.byte	-48
 804 0307 0C       		.byte	12
 805 0308 D4       		.byte	-44
 806 0309 18       		.byte	24
 807 030a D8       		.byte	-40
 808 030b 04       		.byte	4
 809 030c D9       		.byte	-39
 810 030d 04       		.byte	4
 811 030e DA       		.byte	-38
 812 030f 04       		.byte	4
 813 0310 DB       		.byte	-37
 814 0311 04       		.byte	4
 815 0312 DC       		.byte	-36
 816 0313 11       		.byte	17
 817 0314 DD       		.byte	-35
 818 0315 11       		.byte	17
 819 0316 DF       		.byte	-33
 820 0317 01       		.byte	1
 821 0318 E6       		.byte	-26
 822 0319 40       		.byte	64
 823 031a E7       		.byte	-25
 824 031b 02       		.byte	2
 825 031c E9       		.byte	-23
 826 031d 10       		.byte	16
 827 031e EA       		.byte	-22
 828 031f 30       		.byte	48
 829 0320 EB       		.byte	-21
 830 0321 10       		.byte	16
 831 0322 ED       		.byte	-19
 832 0323 10       		.byte	16
 833 0324 EE       		.byte	-18
 834 0325 10       		.byte	16
 835 0326 EF       		.byte	-17
 836 0327 12       		.byte	18
 837 0328 00       		.byte	0
 838 0329 04       		.byte	4
 839 032a 01       		.byte	1
 840 032b 80       		.byte	-128
 841 032c 03       		.byte	3
 842 032d 81       		.byte	-127
 843 032e 04       		.byte	4
 844 032f 06       		.byte	6
 845 0330 05       		.byte	5
 846 0331 90       		.byte	-112
 847 0332 08       		.byte	8
 848 0333 10       		.byte	16
 849 0334 09       		.byte	9
 850 0335 42       		.byte	66
 851 0336 0A       		.byte	10
 852 0337 10       		.byte	16
 853 0338 0E       		.byte	14
 854 0339 10       		.byte	16
 855 033a 10       		.byte	16
ARM GAS  C:\Users\Nulan\AppData\Local\Temp\cctmrqCh.s 			page 16


 856 033b 82       		.byte	-126
 857 033c 12       		.byte	18
 858 033d 10       		.byte	16
 859 033e 13       		.byte	19
 860 033f 14       		.byte	20
 861 0340 16       		.byte	22
 862 0341 21       		.byte	33
 863 0342 17       		.byte	23
 864 0343 20       		.byte	32
 865 0344 19       		.byte	25
 866 0345 81       		.byte	-127
 867 0346 1A       		.byte	26
 868 0347 10       		.byte	16
 869 0348 1B       		.byte	27
 870 0349 10       		.byte	16
 871 034a 1D       		.byte	29
 872 034b 10       		.byte	16
 873 034c 1F       		.byte	31
 874 034d 05       		.byte	5
 875 034e 20       		.byte	32
 876 034f 04       		.byte	4
 877 0350 22       		.byte	34
 878 0351 10       		.byte	16
 879 0352 23       		.byte	35
 880 0353 21       		.byte	33
 881 0354 24       		.byte	36
 882 0355 02       		.byte	2
 883 0356 25       		.byte	37
 884 0357 40       		.byte	64
 885 0358 26       		.byte	38
 886 0359 80       		.byte	-128
 887 035a 28       		.byte	40
 888 035b 10       		.byte	16
 889 035c 29       		.byte	41
 890 035d 80       		.byte	-128
 891 035e 2A       		.byte	42
 892 035f 10       		.byte	16
 893 0360 2B       		.byte	43
 894 0361 80       		.byte	-128
 895 0362 31       		.byte	49
 896 0363 06       		.byte	6
 897 0364 32       		.byte	50
 898 0365 90       		.byte	-112
 899 0366 38       		.byte	56
 900 0367 81       		.byte	-127
 901 0368 39       		.byte	57
 902 0369 28       		.byte	40
 903 036a 44       		.byte	68
 904 036b 10       		.byte	16
 905 036c 45       		.byte	69
 906 036d 08       		.byte	8
 907 036e 47       		.byte	71
 908 036f 21       		.byte	33
 909 0370 4C       		.byte	76
 910 0371 01       		.byte	1
 911 0372 4F       		.byte	79
 912 0373 20       		.byte	32
ARM GAS  C:\Users\Nulan\AppData\Local\Temp\cctmrqCh.s 			page 17


 913 0374 56       		.byte	86
 914 0375 21       		.byte	33
 915 0376 59       		.byte	89
 916 0377 01       		.byte	1
 917 0378 5F       		.byte	95
 918 0379 01       		.byte	1
 919 037a 67       		.byte	103
 920 037b 0A       		.byte	10
 921 037c 69       		.byte	105
 922 037d 14       		.byte	20
 923 037e 6A       		.byte	106
 924 037f 80       		.byte	-128
 925 0380 70       		.byte	112
 926 0381 C0       		.byte	-64
 927 0382 71       		.byte	113
 928 0383 04       		.byte	4
 929 0384 73       		.byte	115
 930 0385 14       		.byte	20
 931 0386 80       		.byte	-128
 932 0387 01       		.byte	1
 933 0388 82       		.byte	-126
 934 0389 10       		.byte	16
 935 038a 88       		.byte	-120
 936 038b 02       		.byte	2
 937 038c 89       		.byte	-119
 938 038d 04       		.byte	4
 939 038e 91       		.byte	-111
 940 038f 20       		.byte	32
 941 0390 95       		.byte	-107
 942 0391 1C       		.byte	28
 943 0392 96       		.byte	-106
 944 0393 80       		.byte	-128
 945 0394 A1       		.byte	-95
 946 0395 0A       		.byte	10
 947 0396 A3       		.byte	-93
 948 0397 80       		.byte	-128
 949 0398 A4       		.byte	-92
 950 0399 02       		.byte	2
 951 039a AD       		.byte	-83
 952 039b 80       		.byte	-128
 953 039c B4       		.byte	-76
 954 039d 08       		.byte	8
 955 039e B7       		.byte	-73
 956 039f 01       		.byte	1
 957 03a0 C0       		.byte	-64
 958 03a1 FD       		.byte	-3
 959 03a2 C2       		.byte	-62
 960 03a3 2F       		.byte	47
 961 03a4 C4       		.byte	-60
 962 03a5 EF       		.byte	-17
 963 03a6 CA       		.byte	-54
 964 03a7 0F       		.byte	15
 965 03a8 CC       		.byte	-52
 966 03a9 0F       		.byte	15
 967 03aa CE       		.byte	-50
 968 03ab 0F       		.byte	15
 969 03ac D0       		.byte	-48
ARM GAS  C:\Users\Nulan\AppData\Local\Temp\cctmrqCh.s 			page 18


 970 03ad E0       		.byte	-32
 971 03ae D2       		.byte	-46
 972 03af 30       		.byte	48
 973 03b0 D6       		.byte	-42
 974 03b1 81       		.byte	-127
 975 03b2 D8       		.byte	-40
 976 03b3 30       		.byte	48
 977 03b4 EC       		.byte	-20
 978 03b5 02       		.byte	2
 979 03b6 10       		.byte	16
 980 03b7 80       		.byte	-128
 981 03b8 74       		.byte	116
 982 03b9 04       		.byte	4
 983 03ba 88       		.byte	-120
 984 03bb 80       		.byte	-128
 985 03bc A0       		.byte	-96
 986 03bd 04       		.byte	4
 987 03be AC       		.byte	-84
 988 03bf 04       		.byte	4
 989 03c0 C4       		.byte	-60
 990 03c1 08       		.byte	8
 991 03c2 DE       		.byte	-34
 992 03c3 04       		.byte	4
 993 03c4 E6       		.byte	-26
 994 03c5 01       		.byte	1
 995 03c6 10       		.byte	16
 996 03c7 03       		.byte	3
 997 03c8 1A       		.byte	26
 998 03c9 01       		.byte	1
 999 03ca 1C       		.byte	28
 1000 03cb 02       		.byte	2
 1001 03cc 80       		.byte	-128
 1002 03cd 80       		.byte	-128
 1003 03ce 00       		.byte	0
 1004 03cf 00       		.byte	0
 1005 03d0 40       		.byte	64
 1006 03d1 00       		.byte	0
 1007 03d2 00       		.byte	0
 1008 03d3 00       		.byte	0
 1009 03d4 80       		.byte	-128
 1010 03d5 00       		.byte	0
 1011 03d6 40       		.byte	64
 1012 03d7 80       		.byte	-128
 1013 03d8 80       		.byte	-128
 1014 03d9 00       		.byte	0
 1015 03da 80       		.byte	-128
 1016 03db 00       		.byte	0
 1017 03dc 00       		.byte	0
 1018 03dd 00       		.byte	0
 1019 03de 00       		.byte	0
 1020 03df 00       		.byte	0
 1021 03e0 00       		.byte	0
 1022 03e1 0B       		.byte	11
 1023 03e2 0B       		.byte	11
 1024 03e3 00       		.byte	0
 1025 03e4 00       		.byte	0
 1026 03e5 00       		.byte	0
ARM GAS  C:\Users\Nulan\AppData\Local\Temp\cctmrqCh.s 			page 19


 1027 03e6 00       		.byte	0
 1028 03e7 00       		.byte	0
 1029              		.section	.cywolatch,"a",%progbits
 1030              		.align	2
 1031              		.type	cy_meta_wonvl, %object
 1032              		.size	cy_meta_wonvl, 4
 1033              	cy_meta_wonvl:
 1034 0000 BC       		.byte	-68
 1035 0001 90       		.byte	-112
 1036 0002 AC       		.byte	-84
 1037 0003 AF       		.byte	-81
 1038              		.section	.cycustnvl,"a",%progbits
 1039              		.align	2
 1040              		.type	cy_meta_custnvl, %object
 1041              		.size	cy_meta_custnvl, 4
 1042              	cy_meta_custnvl:
 1043 0000 00       		.byte	0
 1044 0001 00       		.byte	0
 1045 0002 40       		.byte	64
 1046 0003 05       		.byte	5
 1047              		.section	.cymeta,"a",%progbits
 1048              		.align	2
 1049              		.type	cy_metadata, %object
 1050              		.size	cy_metadata, 12
 1051              	cy_metadata:
 1052 0000 00       		.byte	0
 1053 0001 01       		.byte	1
 1054 0002 2E       		.byte	46
 1055 0003 16       		.byte	22
 1056 0004 10       		.byte	16
 1057 0005 69       		.byte	105
 1058 0006 00       		.byte	0
 1059 0007 01       		.byte	1
 1060 0008 00       		.byte	0
 1061 0009 00       		.byte	0
 1062 000a 00       		.byte	0
 1063 000b 00       		.byte	0
 1064              		.section	.cyflashprotect,"a",%progbits
 1065              		.align	2
 1066              		.type	cy_meta_flashprotect, %object
 1067              		.size	cy_meta_flashprotect, 256
 1068              	cy_meta_flashprotect:
 1069 0000 00000000 		.space	256
 1069      00000000 
 1069      00000000 
 1069      00000000 
 1069      00000000 
 1070              		.text
 1071              	.Letext0:
 1072              		.file 1 "c:\\program files (x86)\\cypress\\psoc creator\\4.4\\psoc creator\\import\\gnu\\arm\\5.4.
 1073              		.file 2 "c:\\program files (x86)\\cypress\\psoc creator\\4.4\\psoc creator\\import\\gnu\\arm\\5.4.
 1074              		.file 3 "Generated_Source\\PSoC5\\cymetadata.c"
 1075              		.section	.debug_info,"",%progbits
 1076              	.Ldebug_info0:
 1077 0000 31010000 		.4byte	0x131
 1078 0004 0400     		.2byte	0x4
 1079 0006 00000000 		.4byte	.Ldebug_abbrev0
ARM GAS  C:\Users\Nulan\AppData\Local\Temp\cctmrqCh.s 			page 20


 1080 000a 04       		.byte	0x4
 1081 000b 01       		.uleb128 0x1
 1082 000c 24000000 		.4byte	.LASF17
 1083 0010 0C       		.byte	0xc
 1084 0011 D0010000 		.4byte	.LASF18
 1085 0015 7E010000 		.4byte	.LASF19
 1086 0019 00000000 		.4byte	.Ldebug_line0
 1087 001d 02       		.uleb128 0x2
 1088 001e 01       		.byte	0x1
 1089 001f 06       		.byte	0x6
 1090 0020 72010000 		.4byte	.LASF0
 1091 0024 03       		.uleb128 0x3
 1092 0025 00000000 		.4byte	.LASF9
 1093 0029 01       		.byte	0x1
 1094 002a 1D       		.byte	0x1d
 1095 002b 2F000000 		.4byte	0x2f
 1096 002f 02       		.uleb128 0x2
 1097 0030 01       		.byte	0x1
 1098 0031 08       		.byte	0x8
 1099 0032 16000000 		.4byte	.LASF1
 1100 0036 02       		.uleb128 0x2
 1101 0037 02       		.byte	0x2
 1102 0038 05       		.byte	0x5
 1103 0039 5F010000 		.4byte	.LASF2
 1104 003d 02       		.uleb128 0x2
 1105 003e 02       		.byte	0x2
 1106 003f 07       		.byte	0x7
 1107 0040 C4000000 		.4byte	.LASF3
 1108 0044 02       		.uleb128 0x2
 1109 0045 04       		.byte	0x4
 1110 0046 05       		.byte	0x5
 1111 0047 69010000 		.4byte	.LASF4
 1112 004b 02       		.uleb128 0x2
 1113 004c 04       		.byte	0x4
 1114 004d 07       		.byte	0x7
 1115 004e B2000000 		.4byte	.LASF5
 1116 0052 02       		.uleb128 0x2
 1117 0053 08       		.byte	0x8
 1118 0054 05       		.byte	0x5
 1119 0055 51010000 		.4byte	.LASF6
 1120 0059 02       		.uleb128 0x2
 1121 005a 08       		.byte	0x8
 1122 005b 07       		.byte	0x7
 1123 005c 06010000 		.4byte	.LASF7
 1124 0060 04       		.uleb128 0x4
 1125 0061 04       		.byte	0x4
 1126 0062 05       		.byte	0x5
 1127 0063 696E7400 		.ascii	"int\000"
 1128 0067 02       		.uleb128 0x2
 1129 0068 04       		.byte	0x4
 1130 0069 07       		.byte	0x7
 1131 006a F9000000 		.4byte	.LASF8
 1132 006e 03       		.uleb128 0x3
 1133 006f 1D010000 		.4byte	.LASF10
 1134 0073 02       		.byte	0x2
 1135 0074 18       		.byte	0x18
 1136 0075 24000000 		.4byte	0x24
ARM GAS  C:\Users\Nulan\AppData\Local\Temp\cctmrqCh.s 			page 21


 1137 0079 05       		.uleb128 0x5
 1138 007a 91000000 		.4byte	0x91
 1139 007e 8A000000 		.4byte	0x8a
 1140 0082 06       		.uleb128 0x6
 1141 0083 8A000000 		.4byte	0x8a
 1142 0087 E703     		.2byte	0x3e7
 1143 0089 00       		.byte	0
 1144 008a 02       		.uleb128 0x2
 1145 008b 04       		.byte	0x4
 1146 008c 07       		.byte	0x7
 1147 008d 48010000 		.4byte	.LASF11
 1148 0091 07       		.uleb128 0x7
 1149 0092 6E000000 		.4byte	0x6e
 1150 0096 08       		.uleb128 0x8
 1151 0097 E7000000 		.4byte	.LASF12
 1152 009b 03       		.byte	0x3
 1153 009c 1F       		.byte	0x1f
 1154 009d A7000000 		.4byte	0xa7
 1155 00a1 05       		.uleb128 0x5
 1156 00a2 03       		.byte	0x3
 1157 00a3 00000000 		.4byte	cy_meta_configecc
 1158 00a7 07       		.uleb128 0x7
 1159 00a8 79000000 		.4byte	0x79
 1160 00ac 05       		.uleb128 0x5
 1161 00ad 91000000 		.4byte	0x91
 1162 00b1 BC000000 		.4byte	0xbc
 1163 00b5 09       		.uleb128 0x9
 1164 00b6 8A000000 		.4byte	0x8a
 1165 00ba 03       		.byte	0x3
 1166 00bb 00       		.byte	0
 1167 00bc 08       		.uleb128 0x8
 1168 00bd D7000000 		.4byte	.LASF13
 1169 00c1 03       		.byte	0x3
 1170 00c2 A9       		.byte	0xa9
 1171 00c3 CD000000 		.4byte	0xcd
 1172 00c7 05       		.uleb128 0x5
 1173 00c8 03       		.byte	0x3
 1174 00c9 00000000 		.4byte	cy_meta_custnvl
 1175 00cd 07       		.uleb128 0x7
 1176 00ce AC000000 		.4byte	0xac
 1177 00d2 08       		.uleb128 0x8
 1178 00d3 3A010000 		.4byte	.LASF14
 1179 00d7 03       		.byte	0x3
 1180 00d8 B7       		.byte	0xb7
 1181 00d9 E3000000 		.4byte	0xe3
 1182 00dd 05       		.uleb128 0x5
 1183 00de 03       		.byte	0x3
 1184 00df 00000000 		.4byte	cy_meta_wonvl
 1185 00e3 07       		.uleb128 0x7
 1186 00e4 AC000000 		.4byte	0xac
 1187 00e8 05       		.uleb128 0x5
 1188 00e9 91000000 		.4byte	0x91
 1189 00ed F8000000 		.4byte	0xf8
 1190 00f1 09       		.uleb128 0x9
 1191 00f2 8A000000 		.4byte	0x8a
 1192 00f6 FF       		.byte	0xff
 1193 00f7 00       		.byte	0
ARM GAS  C:\Users\Nulan\AppData\Local\Temp\cctmrqCh.s 			page 22


 1194 00f8 08       		.uleb128 0x8
 1195 00f9 25010000 		.4byte	.LASF15
 1196 00fd 03       		.byte	0x3
 1197 00fe C5       		.byte	0xc5
 1198 00ff 09010000 		.4byte	0x109
 1199 0103 05       		.uleb128 0x5
 1200 0104 03       		.byte	0x3
 1201 0105 00000000 		.4byte	cy_meta_flashprotect
 1202 0109 07       		.uleb128 0x7
 1203 010a E8000000 		.4byte	0xe8
 1204 010e 05       		.uleb128 0x5
 1205 010f 91000000 		.4byte	0x91
 1206 0113 1E010000 		.4byte	0x11e
 1207 0117 09       		.uleb128 0x9
 1208 0118 8A000000 		.4byte	0x8a
 1209 011c 0B       		.byte	0xb
 1210 011d 00       		.byte	0
 1211 011e 08       		.uleb128 0x8
 1212 011f 0A000000 		.4byte	.LASF16
 1213 0123 03       		.byte	0x3
 1214 0124 F2       		.byte	0xf2
 1215 0125 2F010000 		.4byte	0x12f
 1216 0129 05       		.uleb128 0x5
 1217 012a 03       		.byte	0x3
 1218 012b 00000000 		.4byte	cy_metadata
 1219 012f 07       		.uleb128 0x7
 1220 0130 0E010000 		.4byte	0x10e
 1221 0134 00       		.byte	0
 1222              		.section	.debug_abbrev,"",%progbits
 1223              	.Ldebug_abbrev0:
 1224 0000 01       		.uleb128 0x1
 1225 0001 11       		.uleb128 0x11
 1226 0002 01       		.byte	0x1
 1227 0003 25       		.uleb128 0x25
 1228 0004 0E       		.uleb128 0xe
 1229 0005 13       		.uleb128 0x13
 1230 0006 0B       		.uleb128 0xb
 1231 0007 03       		.uleb128 0x3
 1232 0008 0E       		.uleb128 0xe
 1233 0009 1B       		.uleb128 0x1b
 1234 000a 0E       		.uleb128 0xe
 1235 000b 10       		.uleb128 0x10
 1236 000c 17       		.uleb128 0x17
 1237 000d 00       		.byte	0
 1238 000e 00       		.byte	0
 1239 000f 02       		.uleb128 0x2
 1240 0010 24       		.uleb128 0x24
 1241 0011 00       		.byte	0
 1242 0012 0B       		.uleb128 0xb
 1243 0013 0B       		.uleb128 0xb
 1244 0014 3E       		.uleb128 0x3e
 1245 0015 0B       		.uleb128 0xb
 1246 0016 03       		.uleb128 0x3
 1247 0017 0E       		.uleb128 0xe
 1248 0018 00       		.byte	0
 1249 0019 00       		.byte	0
 1250 001a 03       		.uleb128 0x3
ARM GAS  C:\Users\Nulan\AppData\Local\Temp\cctmrqCh.s 			page 23


 1251 001b 16       		.uleb128 0x16
 1252 001c 00       		.byte	0
 1253 001d 03       		.uleb128 0x3
 1254 001e 0E       		.uleb128 0xe
 1255 001f 3A       		.uleb128 0x3a
 1256 0020 0B       		.uleb128 0xb
 1257 0021 3B       		.uleb128 0x3b
 1258 0022 0B       		.uleb128 0xb
 1259 0023 49       		.uleb128 0x49
 1260 0024 13       		.uleb128 0x13
 1261 0025 00       		.byte	0
 1262 0026 00       		.byte	0
 1263 0027 04       		.uleb128 0x4
 1264 0028 24       		.uleb128 0x24
 1265 0029 00       		.byte	0
 1266 002a 0B       		.uleb128 0xb
 1267 002b 0B       		.uleb128 0xb
 1268 002c 3E       		.uleb128 0x3e
 1269 002d 0B       		.uleb128 0xb
 1270 002e 03       		.uleb128 0x3
 1271 002f 08       		.uleb128 0x8
 1272 0030 00       		.byte	0
 1273 0031 00       		.byte	0
 1274 0032 05       		.uleb128 0x5
 1275 0033 01       		.uleb128 0x1
 1276 0034 01       		.byte	0x1
 1277 0035 49       		.uleb128 0x49
 1278 0036 13       		.uleb128 0x13
 1279 0037 01       		.uleb128 0x1
 1280 0038 13       		.uleb128 0x13
 1281 0039 00       		.byte	0
 1282 003a 00       		.byte	0
 1283 003b 06       		.uleb128 0x6
 1284 003c 21       		.uleb128 0x21
 1285 003d 00       		.byte	0
 1286 003e 49       		.uleb128 0x49
 1287 003f 13       		.uleb128 0x13
 1288 0040 2F       		.uleb128 0x2f
 1289 0041 05       		.uleb128 0x5
 1290 0042 00       		.byte	0
 1291 0043 00       		.byte	0
 1292 0044 07       		.uleb128 0x7
 1293 0045 26       		.uleb128 0x26
 1294 0046 00       		.byte	0
 1295 0047 49       		.uleb128 0x49
 1296 0048 13       		.uleb128 0x13
 1297 0049 00       		.byte	0
 1298 004a 00       		.byte	0
 1299 004b 08       		.uleb128 0x8
 1300 004c 34       		.uleb128 0x34
 1301 004d 00       		.byte	0
 1302 004e 03       		.uleb128 0x3
 1303 004f 0E       		.uleb128 0xe
 1304 0050 3A       		.uleb128 0x3a
 1305 0051 0B       		.uleb128 0xb
 1306 0052 3B       		.uleb128 0x3b
 1307 0053 0B       		.uleb128 0xb
ARM GAS  C:\Users\Nulan\AppData\Local\Temp\cctmrqCh.s 			page 24


 1308 0054 49       		.uleb128 0x49
 1309 0055 13       		.uleb128 0x13
 1310 0056 3F       		.uleb128 0x3f
 1311 0057 19       		.uleb128 0x19
 1312 0058 02       		.uleb128 0x2
 1313 0059 18       		.uleb128 0x18
 1314 005a 00       		.byte	0
 1315 005b 00       		.byte	0
 1316 005c 09       		.uleb128 0x9
 1317 005d 21       		.uleb128 0x21
 1318 005e 00       		.byte	0
 1319 005f 49       		.uleb128 0x49
 1320 0060 13       		.uleb128 0x13
 1321 0061 2F       		.uleb128 0x2f
 1322 0062 0B       		.uleb128 0xb
 1323 0063 00       		.byte	0
 1324 0064 00       		.byte	0
 1325 0065 00       		.byte	0
 1326              		.section	.debug_aranges,"",%progbits
 1327 0000 14000000 		.4byte	0x14
 1328 0004 0200     		.2byte	0x2
 1329 0006 00000000 		.4byte	.Ldebug_info0
 1330 000a 04       		.byte	0x4
 1331 000b 00       		.byte	0
 1332 000c 0000     		.2byte	0
 1333 000e 0000     		.2byte	0
 1334 0010 00000000 		.4byte	0
 1335 0014 00000000 		.4byte	0
 1336              		.section	.debug_line,"",%progbits
 1337              	.Ldebug_line0:
 1338 0000 3D010000 		.section	.debug_str,"MS",%progbits,1
 1338      02003701 
 1338      00000201 
 1338      FB0E0D00 
 1338      01010101 
 1339              	.LASF9:
 1340 0000 5F5F7569 		.ascii	"__uint8_t\000"
 1340      6E74385F 
 1340      7400
 1341              	.LASF16:
 1342 000a 63795F6D 		.ascii	"cy_metadata\000"
 1342      65746164 
 1342      61746100 
 1343              	.LASF1:
 1344 0016 756E7369 		.ascii	"unsigned char\000"
 1344      676E6564 
 1344      20636861 
 1344      7200
 1345              	.LASF17:
 1346 0024 474E5520 		.ascii	"GNU C11 5.4.1 20160609 (release) [ARM/embedded-5-br"
 1346      43313120 
 1346      352E342E 
 1346      31203230 
 1346      31363036 
 1347 0057 616E6368 		.ascii	"anch revision 237715] -mcpu=cortex-m3 -mthumb -g -O"
 1347      20726576 
 1347      6973696F 
ARM GAS  C:\Users\Nulan\AppData\Local\Temp\cctmrqCh.s 			page 25


 1347      6E203233 
 1347      37373135 
 1348 008a 67202D66 		.ascii	"g -ffunction-sections -ffat-lto-objects\000"
 1348      66756E63 
 1348      74696F6E 
 1348      2D736563 
 1348      74696F6E 
 1349              	.LASF5:
 1350 00b2 6C6F6E67 		.ascii	"long unsigned int\000"
 1350      20756E73 
 1350      69676E65 
 1350      6420696E 
 1350      7400
 1351              	.LASF3:
 1352 00c4 73686F72 		.ascii	"short unsigned int\000"
 1352      7420756E 
 1352      7369676E 
 1352      65642069 
 1352      6E7400
 1353              	.LASF13:
 1354 00d7 63795F6D 		.ascii	"cy_meta_custnvl\000"
 1354      6574615F 
 1354      63757374 
 1354      6E766C00 
 1355              	.LASF12:
 1356 00e7 63795F6D 		.ascii	"cy_meta_configecc\000"
 1356      6574615F 
 1356      636F6E66 
 1356      69676563 
 1356      6300
 1357              	.LASF8:
 1358 00f9 756E7369 		.ascii	"unsigned int\000"
 1358      676E6564 
 1358      20696E74 
 1358      00
 1359              	.LASF7:
 1360 0106 6C6F6E67 		.ascii	"long long unsigned int\000"
 1360      206C6F6E 
 1360      6720756E 
 1360      7369676E 
 1360      65642069 
 1361              	.LASF10:
 1362 011d 75696E74 		.ascii	"uint8_t\000"
 1362      385F7400 
 1363              	.LASF15:
 1364 0125 63795F6D 		.ascii	"cy_meta_flashprotect\000"
 1364      6574615F 
 1364      666C6173 
 1364      6870726F 
 1364      74656374 
 1365              	.LASF14:
 1366 013a 63795F6D 		.ascii	"cy_meta_wonvl\000"
 1366      6574615F 
 1366      776F6E76 
 1366      6C00
 1367              	.LASF11:
 1368 0148 73697A65 		.ascii	"sizetype\000"
ARM GAS  C:\Users\Nulan\AppData\Local\Temp\cctmrqCh.s 			page 26


 1368      74797065 
 1368      00
 1369              	.LASF6:
 1370 0151 6C6F6E67 		.ascii	"long long int\000"
 1370      206C6F6E 
 1370      6720696E 
 1370      7400
 1371              	.LASF2:
 1372 015f 73686F72 		.ascii	"short int\000"
 1372      7420696E 
 1372      7400
 1373              	.LASF4:
 1374 0169 6C6F6E67 		.ascii	"long int\000"
 1374      20696E74 
 1374      00
 1375              	.LASF0:
 1376 0172 7369676E 		.ascii	"signed char\000"
 1376      65642063 
 1376      68617200 
 1377              	.LASF19:
 1378 017e 443A5C59 		.ascii	"D:\\Year 4 Sem 1\\ECE4191\\LatestVersion\\ECE4191-G"
 1378      65617220 
 1378      34205365 
 1378      6D20315C 
 1378      45434534 
 1379 01ad 335C436F 		.ascii	"3\\ControlOptimized\\TimerCode.cydsn\000"
 1379      6E74726F 
 1379      6C4F7074 
 1379      696D697A 
 1379      65645C54 
 1380              	.LASF18:
 1381 01d0 47656E65 		.ascii	"Generated_Source\\PSoC5\\cymetadata.c\000"
 1381      72617465 
 1381      645F536F 
 1381      75726365 
 1381      5C50536F 
 1382              		.ident	"GCC: (GNU Tools for ARM Embedded Processors) 5.4.1 20160609 (release) [ARM/embedded-5-bran
