ARM GAS  C:\Users\Nulan\AppData\Local\Temp\ccCRsdyW.s 			page 1


   1              		.syntax unified
   2              		.cpu cortex-m3
   3              		.fpu softvfp
   4              		.eabi_attribute 20, 1
   5              		.eabi_attribute 21, 1
   6              		.eabi_attribute 23, 3
   7              		.eabi_attribute 24, 1
   8              		.eabi_attribute 25, 1
   9              		.eabi_attribute 26, 1
  10              		.eabi_attribute 30, 1
  11              		.eabi_attribute 34, 1
  12              		.eabi_attribute 18, 4
  13              		.thumb
  14              		.syntax unified
  15              		.file	"cymetadata.c"
  16              		.text
  17              	.Ltext0:
  18              		.cfi_sections	.debug_frame
  19              		.global	cy_metadata
  20              		.global	cy_meta_flashprotect
  21              		.global	cy_meta_wonvl
  22              		.global	cy_meta_custnvl
  23              		.global	cy_meta_configecc
  24              		.section	.cyconfigecc,"a",%progbits
  25              		.align	2
  26              		.type	cy_meta_configecc, %object
  27              		.size	cy_meta_configecc, 1824
  28              	cy_meta_configecc:
  29 0000 01       		.byte	1
  30 0001 4F       		.byte	79
  31 0002 00       		.byte	0
  32 0003 40       		.byte	64
  33 0004 03       		.byte	3
  34 0005 52       		.byte	82
  35 0006 00       		.byte	0
  36 0007 40       		.byte	64
  37 0008 03       		.byte	3
  38 0009 64       		.byte	100
  39 000a 00       		.byte	0
  40 000b 40       		.byte	64
  41 000c 02       		.byte	2
  42 000d 65       		.byte	101
  43 000e 00       		.byte	0
  44 000f 40       		.byte	64
  45 0010 01       		.byte	1
  46 0011 05       		.byte	5
  47 0012 01       		.byte	1
  48 0013 40       		.byte	64
  49 0014 63       		.byte	99
  50 0015 08       		.byte	8
  51 0016 01       		.byte	1
  52 0017 40       		.byte	64
  53 0018 4E       		.byte	78
  54 0019 09       		.byte	9
  55 001a 01       		.byte	1
  56 001b 40       		.byte	64
  57 001c 53       		.byte	83
ARM GAS  C:\Users\Nulan\AppData\Local\Temp\ccCRsdyW.s 			page 2


  58 001d 0A       		.byte	10
  59 001e 01       		.byte	1
  60 001f 40       		.byte	64
  61 0020 4E       		.byte	78
  62 0021 0B       		.byte	11
  63 0022 01       		.byte	1
  64 0023 40       		.byte	64
  65 0024 41       		.byte	65
  66 0025 0C       		.byte	12
  67 0026 01       		.byte	1
  68 0027 40       		.byte	64
  69 0028 32       		.byte	50
  70 0029 0D       		.byte	13
  71 002a 01       		.byte	1
  72 002b 40       		.byte	64
  73 002c 04       		.byte	4
  74 002d 16       		.byte	22
  75 002e 01       		.byte	1
  76 002f 40       		.byte	64
  77 0030 03       		.byte	3
  78 0031 17       		.byte	23
  79 0032 01       		.byte	1
  80 0033 40       		.byte	64
  81 0034 4D       		.byte	77
  82 0035 18       		.byte	24
  83 0036 01       		.byte	1
  84 0037 40       		.byte	64
  85 0038 4D       		.byte	77
  86 0039 19       		.byte	25
  87 003a 01       		.byte	1
  88 003b 40       		.byte	64
  89 003c 6C       		.byte	108
  90 003d 1A       		.byte	26
  91 003e 01       		.byte	1
  92 003f 40       		.byte	64
  93 0040 4C       		.byte	76
  94 0041 1B       		.byte	27
  95 0042 01       		.byte	1
  96 0043 40       		.byte	64
  97 0044 02       		.byte	2
  98 0045 40       		.byte	64
  99 0046 01       		.byte	1
 100 0047 40       		.byte	64
 101 0048 01       		.byte	1
 102 0049 41       		.byte	65
 103 004a 01       		.byte	1
 104 004b 40       		.byte	64
 105 004c 02       		.byte	2
 106 004d 42       		.byte	66
 107 004e 01       		.byte	1
 108 004f 40       		.byte	64
 109 0050 02       		.byte	2
 110 0051 43       		.byte	67
 111 0052 01       		.byte	1
 112 0053 40       		.byte	64
 113 0054 02       		.byte	2
 114 0055 47       		.byte	71
ARM GAS  C:\Users\Nulan\AppData\Local\Temp\ccCRsdyW.s 			page 3


 115 0056 01       		.byte	1
 116 0057 40       		.byte	64
 117 0058 05       		.byte	5
 118 0059 48       		.byte	72
 119 005a 01       		.byte	1
 120 005b 40       		.byte	64
 121 005c 0B       		.byte	11
 122 005d 4C       		.byte	76
 123 005e 01       		.byte	1
 124 005f 40       		.byte	64
 125 0060 09       		.byte	9
 126 0061 4D       		.byte	77
 127 0062 01       		.byte	1
 128 0063 40       		.byte	64
 129 0064 05       		.byte	5
 130 0065 50       		.byte	80
 131 0066 01       		.byte	1
 132 0067 40       		.byte	64
 133 0068 01       		.byte	1
 134 0069 51       		.byte	81
 135 006a 01       		.byte	1
 136 006b 40       		.byte	64
 137 006c 0A       		.byte	10
 138 006d 36       		.byte	54
 139 006e 09       		.byte	9
 140 006f 20       		.byte	32
 141 0070 61       		.byte	97
 142 0071 80       		.byte	-128
 143 0072 64       		.byte	100
 144 0073 40       		.byte	64
 145 0074 88       		.byte	-120
 146 0075 72       		.byte	114
 147 0076 8B       		.byte	-117
 148 0077 0F       		.byte	15
 149 0078 8D       		.byte	-115
 150 0079 6F       		.byte	111
 151 007a 88       		.byte	-120
 152 007b 38       		.byte	56
 153 007c 89       		.byte	-119
 154 007d 0F       		.byte	15
 155 007e E6       		.byte	-26
 156 007f 40       		.byte	64
 157 0080 00       		.byte	0
 158 0081 03       		.byte	3
 159 0082 05       		.byte	5
 160 0083 01       		.byte	1
 161 0084 06       		.byte	6
 162 0085 03       		.byte	3
 163 0086 08       		.byte	8
 164 0087 04       		.byte	4
 165 0088 09       		.byte	9
 166 0089 01       		.byte	1
 167 008a 0A       		.byte	10
 168 008b 18       		.byte	24
 169 008c 0C       		.byte	12
 170 008d 01       		.byte	1
 171 008e 0D       		.byte	13
ARM GAS  C:\Users\Nulan\AppData\Local\Temp\ccCRsdyW.s 			page 4


 172 008f 01       		.byte	1
 173 0090 0E       		.byte	14
 174 0091 02       		.byte	2
 175 0092 10       		.byte	16
 176 0093 18       		.byte	24
 177 0094 11       		.byte	17
 178 0095 01       		.byte	1
 179 0096 12       		.byte	18
 180 0097 04       		.byte	4
 181 0098 14       		.byte	20
 182 0099 18       		.byte	24
 183 009a 18       		.byte	24
 184 009b 1C       		.byte	28
 185 009c 1C       		.byte	28
 186 009d 18       		.byte	24
 187 009e 1E       		.byte	30
 188 009f 04       		.byte	4
 189 00a0 22       		.byte	34
 190 00a1 04       		.byte	4
 191 00a2 24       		.byte	36
 192 00a3 08       		.byte	8
 193 00a4 2C       		.byte	44
 194 00a5 10       		.byte	16
 195 00a6 30       		.byte	48
 196 00a7 02       		.byte	2
 197 00a8 32       		.byte	50
 198 00a9 01       		.byte	1
 199 00aa 33       		.byte	51
 200 00ab 01       		.byte	1
 201 00ac 36       		.byte	54
 202 00ad 1C       		.byte	28
 203 00ae 3A       		.byte	58
 204 00af A0       		.byte	-96
 205 00b0 3E       		.byte	62
 206 00b1 05       		.byte	5
 207 00b2 3F       		.byte	63
 208 00b3 04       		.byte	4
 209 00b4 40       		.byte	64
 210 00b5 63       		.byte	99
 211 00b6 41       		.byte	65
 212 00b7 05       		.byte	5
 213 00b8 49       		.byte	73
 214 00b9 FF       		.byte	-1
 215 00ba 4A       		.byte	74
 216 00bb FF       		.byte	-1
 217 00bc 4B       		.byte	75
 218 00bd FF       		.byte	-1
 219 00be 4D       		.byte	77
 220 00bf A0       		.byte	-96
 221 00c0 4F       		.byte	79
 222 00c1 01       		.byte	1
 223 00c2 50       		.byte	80
 224 00c3 18       		.byte	24
 225 00c4 56       		.byte	86
 226 00c5 02       		.byte	2
 227 00c6 57       		.byte	87
 228 00c7 12       		.byte	18
ARM GAS  C:\Users\Nulan\AppData\Local\Temp\ccCRsdyW.s 			page 5


 229 00c8 58       		.byte	88
 230 00c9 04       		.byte	4
 231 00ca 59       		.byte	89
 232 00cb 04       		.byte	4
 233 00cc 5A       		.byte	90
 234 00cd 04       		.byte	4
 235 00ce 5B       		.byte	91
 236 00cf 04       		.byte	4
 237 00d0 5C       		.byte	92
 238 00d1 01       		.byte	1
 239 00d2 5D       		.byte	93
 240 00d3 10       		.byte	16
 241 00d4 5F       		.byte	95
 242 00d5 01       		.byte	1
 243 00d6 60       		.byte	96
 244 00d7 40       		.byte	64
 245 00d8 62       		.byte	98
 246 00d9 80       		.byte	-128
 247 00da 64       		.byte	100
 248 00db 40       		.byte	64
 249 00dc 65       		.byte	101
 250 00dd 40       		.byte	64
 251 00de 66       		.byte	102
 252 00df 80       		.byte	-128
 253 00e0 68       		.byte	104
 254 00e1 40       		.byte	64
 255 00e2 6A       		.byte	106
 256 00e3 80       		.byte	-128
 257 00e4 6C       		.byte	108
 258 00e5 40       		.byte	64
 259 00e6 6D       		.byte	109
 260 00e7 20       		.byte	32
 261 00e8 6E       		.byte	110
 262 00e9 80       		.byte	-128
 263 00ea 83       		.byte	-125
 264 00eb 01       		.byte	1
 265 00ec 8B       		.byte	-117
 266 00ed 02       		.byte	2
 267 00ee 90       		.byte	-112
 268 00ef 01       		.byte	1
 269 00f0 92       		.byte	-110
 270 00f1 02       		.byte	2
 271 00f2 94       		.byte	-108
 272 00f3 02       		.byte	2
 273 00f4 96       		.byte	-106
 274 00f5 01       		.byte	1
 275 00f6 97       		.byte	-105
 276 00f7 04       		.byte	4
 277 00f8 9C       		.byte	-100
 278 00f9 01       		.byte	1
 279 00fa 9E       		.byte	-98
 280 00fb 02       		.byte	2
 281 00fc A4       		.byte	-92
 282 00fd 04       		.byte	4
 283 00fe A8       		.byte	-88
 284 00ff 01       		.byte	1
 285 0100 AA       		.byte	-86
ARM GAS  C:\Users\Nulan\AppData\Local\Temp\ccCRsdyW.s 			page 6


 286 0101 02       		.byte	2
 287 0102 B1       		.byte	-79
 288 0103 04       		.byte	4
 289 0104 B2       		.byte	-78
 290 0105 03       		.byte	3
 291 0106 B3       		.byte	-77
 292 0107 01       		.byte	1
 293 0108 B4       		.byte	-76
 294 0109 04       		.byte	4
 295 010a B7       		.byte	-73
 296 010b 02       		.byte	2
 297 010c BA       		.byte	-70
 298 010d 08       		.byte	8
 299 010e BE       		.byte	-66
 300 010f 10       		.byte	16
 301 0110 C0       		.byte	-64
 302 0111 63       		.byte	99
 303 0112 C1       		.byte	-63
 304 0113 05       		.byte	5
 305 0114 C5       		.byte	-59
 306 0115 2E       		.byte	46
 307 0116 C6       		.byte	-58
 308 0117 C3       		.byte	-61
 309 0118 C7       		.byte	-57
 310 0119 04       		.byte	4
 311 011a C8       		.byte	-56
 312 011b 1F       		.byte	31
 313 011c C9       		.byte	-55
 314 011d FF       		.byte	-1
 315 011e CA       		.byte	-54
 316 011f FF       		.byte	-1
 317 0120 CB       		.byte	-53
 318 0121 FF       		.byte	-1
 319 0122 CD       		.byte	-51
 320 0123 AF       		.byte	-81
 321 0124 CE       		.byte	-50
 322 0125 07       		.byte	7
 323 0126 CF       		.byte	-49
 324 0127 01       		.byte	1
 325 0128 D0       		.byte	-48
 326 0129 18       		.byte	24
 327 012a D8       		.byte	-40
 328 012b 04       		.byte	4
 329 012c D9       		.byte	-39
 330 012d 04       		.byte	4
 331 012e DA       		.byte	-38
 332 012f 04       		.byte	4
 333 0130 DF       		.byte	-33
 334 0131 01       		.byte	1
 335 0132 E0       		.byte	-32
 336 0133 40       		.byte	64
 337 0134 E2       		.byte	-30
 338 0135 80       		.byte	-128
 339 0136 E4       		.byte	-28
 340 0137 40       		.byte	64
 341 0138 E5       		.byte	-27
 342 0139 40       		.byte	64
ARM GAS  C:\Users\Nulan\AppData\Local\Temp\ccCRsdyW.s 			page 7


 343 013a E6       		.byte	-26
 344 013b 80       		.byte	-128
 345 013c E8       		.byte	-24
 346 013d 40       		.byte	64
 347 013e EA       		.byte	-22
 348 013f 80       		.byte	-128
 349 0140 EC       		.byte	-20
 350 0141 40       		.byte	64
 351 0142 ED       		.byte	-19
 352 0143 20       		.byte	32
 353 0144 EE       		.byte	-18
 354 0145 80       		.byte	-128
 355 0146 04       		.byte	4
 356 0147 12       		.byte	18
 357 0148 05       		.byte	5
 358 0149 80       		.byte	-128
 359 014a 07       		.byte	7
 360 014b 10       		.byte	16
 361 014c 09       		.byte	9
 362 014d 02       		.byte	2
 363 014e 0A       		.byte	10
 364 014f 20       		.byte	32
 365 0150 0B       		.byte	11
 366 0151 01       		.byte	1
 367 0152 0C       		.byte	12
 368 0153 08       		.byte	8
 369 0154 0E       		.byte	14
 370 0155 02       		.byte	2
 371 0156 0F       		.byte	15
 372 0157 88       		.byte	-120
 373 0158 11       		.byte	17
 374 0159 08       		.byte	8
 375 015a 12       		.byte	18
 376 015b 08       		.byte	8
 377 015c 14       		.byte	20
 378 015d 80       		.byte	-128
 379 015e 16       		.byte	22
 380 015f 02       		.byte	2
 381 0160 17       		.byte	23
 382 0161 04       		.byte	4
 383 0162 18       		.byte	24
 384 0163 08       		.byte	8
 385 0164 1A       		.byte	26
 386 0165 20       		.byte	32
 387 0166 1B       		.byte	27
 388 0167 08       		.byte	8
 389 0168 1C       		.byte	28
 390 0169 48       		.byte	72
 391 016a 1E       		.byte	30
 392 016b 22       		.byte	34
 393 016c 21       		.byte	33
 394 016d 02       		.byte	2
 395 016e 22       		.byte	34
 396 016f 08       		.byte	8
 397 0170 23       		.byte	35
 398 0171 01       		.byte	1
 399 0172 26       		.byte	38
ARM GAS  C:\Users\Nulan\AppData\Local\Temp\ccCRsdyW.s 			page 8


 400 0173 04       		.byte	4
 401 0174 28       		.byte	40
 402 0175 01       		.byte	1
 403 0176 2A       		.byte	42
 404 0177 40       		.byte	64
 405 0178 32       		.byte	50
 406 0179 08       		.byte	8
 407 017a 34       		.byte	52
 408 017b 02       		.byte	2
 409 017c 36       		.byte	54
 410 017d 01       		.byte	1
 411 017e 3A       		.byte	58
 412 017f 10       		.byte	16
 413 0180 3B       		.byte	59
 414 0181 01       		.byte	1
 415 0182 3C       		.byte	60
 416 0183 18       		.byte	24
 417 0184 3D       		.byte	61
 418 0185 80       		.byte	-128
 419 0186 3F       		.byte	63
 420 0187 88       		.byte	-120
 421 0188 41       		.byte	65
 422 0189 08       		.byte	8
 423 018a 45       		.byte	69
 424 018b 08       		.byte	8
 425 018c 49       		.byte	73
 426 018d 04       		.byte	4
 427 018e 4B       		.byte	75
 428 018f 52       		.byte	82
 429 0190 4D       		.byte	77
 430 0191 80       		.byte	-128
 431 0192 4F       		.byte	79
 432 0193 70       		.byte	112
 433 0194 50       		.byte	80
 434 0195 40       		.byte	64
 435 0196 51       		.byte	81
 436 0197 04       		.byte	4
 437 0198 52       		.byte	82
 438 0199 20       		.byte	32
 439 019a 5E       		.byte	94
 440 019b 08       		.byte	8
 441 019c 6C       		.byte	108
 442 019d 10       		.byte	16
 443 019e 6D       		.byte	109
 444 019f 10       		.byte	16
 445 01a0 6E       		.byte	110
 446 01a1 04       		.byte	4
 447 01a2 6F       		.byte	111
 448 01a3 01       		.byte	1
 449 01a4 74       		.byte	116
 450 01a5 08       		.byte	8
 451 01a6 76       		.byte	118
 452 01a7 02       		.byte	2
 453 01a8 77       		.byte	119
 454 01a9 04       		.byte	4
 455 01aa 8C       		.byte	-116
 456 01ab 04       		.byte	4
ARM GAS  C:\Users\Nulan\AppData\Local\Temp\ccCRsdyW.s 			page 9


 457 01ac 90       		.byte	-112
 458 01ad 06       		.byte	6
 459 01ae 93       		.byte	-109
 460 01af C4       		.byte	-60
 461 01b0 94       		.byte	-108
 462 01b1 E0       		.byte	-32
 463 01b2 95       		.byte	-107
 464 01b3 38       		.byte	56
 465 01b4 96       		.byte	-106
 466 01b5 4B       		.byte	75
 467 01b6 97       		.byte	-105
 468 01b7 22       		.byte	34
 469 01b8 98       		.byte	-104
 470 01b9 80       		.byte	-128
 471 01ba 9A       		.byte	-102
 472 01bb 40       		.byte	64
 473 01bc 9B       		.byte	-101
 474 01bd 10       		.byte	16
 475 01be 9C       		.byte	-100
 476 01bf 20       		.byte	32
 477 01c0 9D       		.byte	-99
 478 01c1 94       		.byte	-108
 479 01c2 9E       		.byte	-98
 480 01c3 04       		.byte	4
 481 01c4 9F       		.byte	-97
 482 01c5 01       		.byte	1
 483 01c6 A0       		.byte	-96
 484 01c7 C0       		.byte	-64
 485 01c8 A1       		.byte	-95
 486 01c9 0C       		.byte	12
 487 01ca A2       		.byte	-94
 488 01cb 80       		.byte	-128
 489 01cc A3       		.byte	-93
 490 01cd 30       		.byte	48
 491 01ce A6       		.byte	-90
 492 01cf 30       		.byte	48
 493 01d0 A7       		.byte	-89
 494 01d1 08       		.byte	8
 495 01d2 C0       		.byte	-64
 496 01d3 F0       		.byte	-16
 497 01d4 C2       		.byte	-62
 498 01d5 FD       		.byte	-3
 499 01d6 C4       		.byte	-60
 500 01d7 B6       		.byte	-74
 501 01d8 CC       		.byte	-52
 502 01d9 82       		.byte	-126
 503 01da CE       		.byte	-50
 504 01db 75       		.byte	117
 505 01dc D0       		.byte	-48
 506 01dd 42       		.byte	66
 507 01de D2       		.byte	-46
 508 01df 3C       		.byte	60
 509 01e0 D6       		.byte	-42
 510 01e1 40       		.byte	64
 511 01e2 01       		.byte	1
 512 01e3 01       		.byte	1
 513 01e4 03       		.byte	3
ARM GAS  C:\Users\Nulan\AppData\Local\Temp\ccCRsdyW.s 			page 10


 514 01e5 10       		.byte	16
 515 01e6 04       		.byte	4
 516 01e7 0C       		.byte	12
 517 01e8 06       		.byte	6
 518 01e9 71       		.byte	113
 519 01ea 07       		.byte	7
 520 01eb 40       		.byte	64
 521 01ec 08       		.byte	8
 522 01ed 10       		.byte	16
 523 01ee 09       		.byte	9
 524 01ef 10       		.byte	16
 525 01f0 0A       		.byte	10
 526 01f1 AC       		.byte	-84
 527 01f2 0B       		.byte	11
 528 01f3 01       		.byte	1
 529 01f4 0D       		.byte	13
 530 01f5 05       		.byte	5
 531 01f6 0F       		.byte	15
 532 01f7 08       		.byte	8
 533 01f8 10       		.byte	16
 534 01f9 DC       		.byte	-36
 535 01fa 11       		.byte	17
 536 01fb 1D       		.byte	29
 537 01fc 12       		.byte	18
 538 01fd 22       		.byte	34
 539 01fe 16       		.byte	22
 540 01ff 03       		.byte	3
 541 0200 1A       		.byte	26
 542 0201 20       		.byte	32
 543 0202 1B       		.byte	27
 544 0203 02       		.byte	2
 545 0204 1C       		.byte	28
 546 0205 09       		.byte	9
 547 0206 1E       		.byte	30
 548 0207 D0       		.byte	-48
 549 0208 1F       		.byte	31
 550 0209 20       		.byte	32
 551 020a 21       		.byte	33
 552 020b 1C       		.byte	28
 553 020c 24       		.byte	36
 554 020d 14       		.byte	20
 555 020e 28       		.byte	40
 556 020f 10       		.byte	16
 557 0210 29       		.byte	41
 558 0211 05       		.byte	5
 559 0212 2A       		.byte	42
 560 0213 40       		.byte	64
 561 0214 2B       		.byte	43
 562 0215 08       		.byte	8
 563 0216 2F       		.byte	47
 564 0217 1C       		.byte	28
 565 0218 31       		.byte	49
 566 0219 3C       		.byte	60
 567 021a 32       		.byte	50
 568 021b 1F       		.byte	31
 569 021c 33       		.byte	51
 570 021d 40       		.byte	64
ARM GAS  C:\Users\Nulan\AppData\Local\Temp\ccCRsdyW.s 			page 11


 571 021e 34       		.byte	52
 572 021f E0       		.byte	-32
 573 0220 35       		.byte	53
 574 0221 03       		.byte	3
 575 0222 3A       		.byte	58
 576 0223 20       		.byte	32
 577 0224 40       		.byte	64
 578 0225 62       		.byte	98
 579 0226 41       		.byte	65
 580 0227 03       		.byte	3
 581 0228 45       		.byte	69
 582 0229 CB       		.byte	-53
 583 022a 46       		.byte	70
 584 022b 0E       		.byte	14
 585 022c 48       		.byte	72
 586 022d 07       		.byte	7
 587 022e 49       		.byte	73
 588 022f FF       		.byte	-1
 589 0230 4A       		.byte	74
 590 0231 FF       		.byte	-1
 591 0232 4B       		.byte	75
 592 0233 FF       		.byte	-1
 593 0234 4E       		.byte	78
 594 0235 F0       		.byte	-16
 595 0236 4F       		.byte	79
 596 0237 44       		.byte	68
 597 0238 50       		.byte	80
 598 0239 0C       		.byte	12
 599 023a 58       		.byte	88
 600 023b 04       		.byte	4
 601 023c 59       		.byte	89
 602 023d 04       		.byte	4
 603 023e 5A       		.byte	90
 604 023f 04       		.byte	4
 605 0240 5C       		.byte	92
 606 0241 01       		.byte	1
 607 0242 5D       		.byte	93
 608 0243 01       		.byte	1
 609 0244 5F       		.byte	95
 610 0245 01       		.byte	1
 611 0246 66       		.byte	102
 612 0247 C0       		.byte	-64
 613 0248 6A       		.byte	106
 614 0249 40       		.byte	64
 615 024a 6B       		.byte	107
 616 024b 02       		.byte	2
 617 024c 81       		.byte	-127
 618 024d CF       		.byte	-49
 619 024e 83       		.byte	-125
 620 024f 30       		.byte	48
 621 0250 88       		.byte	-120
 622 0251 07       		.byte	7
 623 0252 8C       		.byte	-116
 624 0253 04       		.byte	4
 625 0254 8F       		.byte	-113
 626 0255 0F       		.byte	15
 627 0256 91       		.byte	-111
ARM GAS  C:\Users\Nulan\AppData\Local\Temp\ccCRsdyW.s 			page 12


 628 0257 FD       		.byte	-3
 629 0258 93       		.byte	-109
 630 0259 02       		.byte	2
 631 025a 98       		.byte	-104
 632 025b 02       		.byte	2
 633 025c 9A       		.byte	-102
 634 025d 01       		.byte	1
 635 025e 9D       		.byte	-99
 636 025f 73       		.byte	115
 637 0260 A1       		.byte	-95
 638 0261 9E       		.byte	-98
 639 0262 A3       		.byte	-93
 640 0263 60       		.byte	96
 641 0264 A4       		.byte	-92
 642 0265 01       		.byte	1
 643 0266 A5       		.byte	-91
 644 0267 30       		.byte	48
 645 0268 A6       		.byte	-90
 646 0269 02       		.byte	2
 647 026a A7       		.byte	-89
 648 026b C9       		.byte	-55
 649 026c A8       		.byte	-88
 650 026d 07       		.byte	7
 651 026e A9       		.byte	-87
 652 026f 94       		.byte	-108
 653 0270 AB       		.byte	-85
 654 0271 60       		.byte	96
 655 0272 B1       		.byte	-79
 656 0273 FF       		.byte	-1
 657 0274 B4       		.byte	-76
 658 0275 03       		.byte	3
 659 0276 B6       		.byte	-74
 660 0277 04       		.byte	4
 661 0278 BF       		.byte	-65
 662 0279 01       		.byte	1
 663 027a D4       		.byte	-44
 664 027b 0F       		.byte	15
 665 027c D6       		.byte	-42
 666 027d 04       		.byte	4
 667 027e D8       		.byte	-40
 668 027f 04       		.byte	4
 669 0280 D9       		.byte	-39
 670 0281 04       		.byte	4
 671 0282 DB       		.byte	-37
 672 0283 04       		.byte	4
 673 0284 DC       		.byte	-36
 674 0285 01       		.byte	1
 675 0286 DF       		.byte	-33
 676 0287 01       		.byte	1
 677 0288 00       		.byte	0
 678 0289 04       		.byte	4
 679 028a 01       		.byte	1
 680 028b 20       		.byte	32
 681 028c 04       		.byte	4
 682 028d 24       		.byte	36
 683 028e 06       		.byte	6
 684 028f 20       		.byte	32
ARM GAS  C:\Users\Nulan\AppData\Local\Temp\ccCRsdyW.s 			page 13


 685 0290 07       		.byte	7
 686 0291 01       		.byte	1
 687 0292 09       		.byte	9
 688 0293 24       		.byte	36
 689 0294 0A       		.byte	10
 690 0295 62       		.byte	98
 691 0296 0E       		.byte	14
 692 0297 04       		.byte	4
 693 0298 10       		.byte	16
 694 0299 20       		.byte	32
 695 029a 12       		.byte	18
 696 029b 04       		.byte	4
 697 029c 14       		.byte	20
 698 029d 20       		.byte	32
 699 029e 15       		.byte	21
 700 029f 10       		.byte	16
 701 02a0 18       		.byte	24
 702 02a1 04       		.byte	4
 703 02a2 1A       		.byte	26
 704 02a3 20       		.byte	32
 705 02a4 1D       		.byte	29
 706 02a5 40       		.byte	64
 707 02a6 1E       		.byte	30
 708 02a7 04       		.byte	4
 709 02a8 1F       		.byte	31
 710 02a9 20       		.byte	32
 711 02aa 20       		.byte	32
 712 02ab 20       		.byte	32
 713 02ac 23       		.byte	35
 714 02ad 44       		.byte	68
 715 02ae 27       		.byte	39
 716 02af 40       		.byte	64
 717 02b0 28       		.byte	40
 718 02b1 40       		.byte	64
 719 02b2 29       		.byte	41
 720 02b3 80       		.byte	-128
 721 02b4 2B       		.byte	43
 722 02b5 08       		.byte	8
 723 02b6 2C       		.byte	44
 724 02b7 10       		.byte	16
 725 02b8 2F       		.byte	47
 726 02b9 58       		.byte	88
 727 02ba 31       		.byte	49
 728 02bb 10       		.byte	16
 729 02bc 32       		.byte	50
 730 02bd 02       		.byte	2
 731 02be 33       		.byte	51
 732 02bf 40       		.byte	64
 733 02c0 34       		.byte	52
 734 02c1 40       		.byte	64
 735 02c2 36       		.byte	54
 736 02c3 83       		.byte	-125
 737 02c4 39       		.byte	57
 738 02c5 01       		.byte	1
 739 02c6 3B       		.byte	59
 740 02c7 A4       		.byte	-92
 741 02c8 3D       		.byte	61
ARM GAS  C:\Users\Nulan\AppData\Local\Temp\ccCRsdyW.s 			page 14


 742 02c9 01       		.byte	1
 743 02ca 3E       		.byte	62
 744 02cb 01       		.byte	1
 745 02cc 3F       		.byte	63
 746 02cd 40       		.byte	64
 747 02ce 41       		.byte	65
 748 02cf 30       		.byte	48
 749 02d0 42       		.byte	66
 750 02d1 20       		.byte	32
 751 02d2 48       		.byte	72
 752 02d3 A0       		.byte	-96
 753 02d4 49       		.byte	73
 754 02d5 20       		.byte	32
 755 02d6 4D       		.byte	77
 756 02d7 20       		.byte	32
 757 02d8 4E       		.byte	78
 758 02d9 04       		.byte	4
 759 02da 52       		.byte	82
 760 02db 40       		.byte	64
 761 02dc 58       		.byte	88
 762 02dd 80       		.byte	-128
 763 02de 59       		.byte	89
 764 02df 40       		.byte	64
 765 02e0 5C       		.byte	92
 766 02e1 40       		.byte	64
 767 02e2 5E       		.byte	94
 768 02e3 2A       		.byte	42
 769 02e4 65       		.byte	101
 770 02e5 01       		.byte	1
 771 02e6 8D       		.byte	-115
 772 02e7 01       		.byte	1
 773 02e8 8E       		.byte	-114
 774 02e9 84       		.byte	-124
 775 02ea 90       		.byte	-112
 776 02eb 02       		.byte	2
 777 02ec 93       		.byte	-109
 778 02ed 80       		.byte	-128
 779 02ee 94       		.byte	-108
 780 02ef 80       		.byte	-128
 781 02f0 95       		.byte	-107
 782 02f1 08       		.byte	8
 783 02f2 96       		.byte	-106
 784 02f3 01       		.byte	1
 785 02f4 97       		.byte	-105
 786 02f5 06       		.byte	6
 787 02f6 9B       		.byte	-101
 788 02f7 10       		.byte	16
 789 02f8 9C       		.byte	-100
 790 02f9 10       		.byte	16
 791 02fa 9D       		.byte	-99
 792 02fb 04       		.byte	4
 793 02fc A0       		.byte	-96
 794 02fd 40       		.byte	64
 795 02fe A1       		.byte	-95
 796 02ff 08       		.byte	8
 797 0300 A2       		.byte	-94
 798 0301 82       		.byte	-126
ARM GAS  C:\Users\Nulan\AppData\Local\Temp\ccCRsdyW.s 			page 15


 799 0302 A3       		.byte	-93
 800 0303 10       		.byte	16
 801 0304 A4       		.byte	-92
 802 0305 10       		.byte	16
 803 0306 A6       		.byte	-90
 804 0307 20       		.byte	32
 805 0308 A7       		.byte	-89
 806 0309 08       		.byte	8
 807 030a B5       		.byte	-75
 808 030b 10       		.byte	16
 809 030c B7       		.byte	-73
 810 030d 01       		.byte	1
 811 030e C0       		.byte	-64
 812 030f C6       		.byte	-58
 813 0310 C2       		.byte	-62
 814 0311 4F       		.byte	79
 815 0312 C4       		.byte	-60
 816 0313 66       		.byte	102
 817 0314 CA       		.byte	-54
 818 0315 ED       		.byte	-19
 819 0316 CC       		.byte	-52
 820 0317 9D       		.byte	-99
 821 0318 CE       		.byte	-50
 822 0319 9F       		.byte	-97
 823 031a D0       		.byte	-48
 824 031b 06       		.byte	6
 825 031c D2       		.byte	-46
 826 031d 04       		.byte	4
 827 031e D6       		.byte	-42
 828 031f F0       		.byte	-16
 829 0320 D8       		.byte	-40
 830 0321 80       		.byte	-128
 831 0322 E6       		.byte	-26
 832 0323 40       		.byte	64
 833 0324 01       		.byte	1
 834 0325 0C       		.byte	12
 835 0326 08       		.byte	8
 836 0327 0C       		.byte	12
 837 0328 0A       		.byte	10
 838 0329 02       		.byte	2
 839 032a 0D       		.byte	13
 840 032b 0A       		.byte	10
 841 032c 10       		.byte	16
 842 032d 0B       		.byte	11
 843 032e 11       		.byte	17
 844 032f 06       		.byte	6
 845 0330 12       		.byte	18
 846 0331 04       		.byte	4
 847 0332 15       		.byte	21
 848 0333 0C       		.byte	12
 849 0334 1A       		.byte	26
 850 0335 0F       		.byte	15
 851 0336 1C       		.byte	28
 852 0337 0C       		.byte	12
 853 0338 1D       		.byte	29
 854 0339 01       		.byte	1
 855 033a 1E       		.byte	30
ARM GAS  C:\Users\Nulan\AppData\Local\Temp\ccCRsdyW.s 			page 16


 856 033b 01       		.byte	1
 857 033c 20       		.byte	32
 858 033d 07       		.byte	7
 859 033e 21       		.byte	33
 860 033f 20       		.byte	32
 861 0340 24       		.byte	36
 862 0341 08       		.byte	8
 863 0342 26       		.byte	38
 864 0343 01       		.byte	1
 865 0344 29       		.byte	41
 866 0345 20       		.byte	32
 867 0346 2B       		.byte	43
 868 0347 11       		.byte	17
 869 0348 31       		.byte	49
 870 0349 10       		.byte	16
 871 034a 33       		.byte	51
 872 034b 20       		.byte	32
 873 034c 35       		.byte	53
 874 034d 01       		.byte	1
 875 034e 36       		.byte	54
 876 034f 0F       		.byte	15
 877 0350 37       		.byte	55
 878 0351 0E       		.byte	14
 879 0352 39       		.byte	57
 880 0353 88       		.byte	-120
 881 0354 3F       		.byte	63
 882 0355 10       		.byte	16
 883 0356 58       		.byte	88
 884 0357 04       		.byte	4
 885 0358 59       		.byte	89
 886 0359 04       		.byte	4
 887 035a 5F       		.byte	95
 888 035b 01       		.byte	1
 889 035c 81       		.byte	-127
 890 035d 10       		.byte	16
 891 035e 83       		.byte	-125
 892 035f 40       		.byte	64
 893 0360 84       		.byte	-124
 894 0361 02       		.byte	2
 895 0362 87       		.byte	-121
 896 0363 20       		.byte	32
 897 0364 88       		.byte	-120
 898 0365 01       		.byte	1
 899 0366 8D       		.byte	-115
 900 0367 0A       		.byte	10
 901 0368 8F       		.byte	-113
 902 0369 05       		.byte	5
 903 036a 91       		.byte	-111
 904 036b 0F       		.byte	15
 905 036c 92       		.byte	-110
 906 036d 01       		.byte	1
 907 036e 95       		.byte	-107
 908 036f 10       		.byte	16
 909 0370 99       		.byte	-103
 910 0371 05       		.byte	5
 911 0372 9A       		.byte	-102
 912 0373 01       		.byte	1
ARM GAS  C:\Users\Nulan\AppData\Local\Temp\ccCRsdyW.s 			page 17


 913 0374 9B       		.byte	-101
 914 0375 0A       		.byte	10
 915 0376 9D       		.byte	-99
 916 0377 17       		.byte	23
 917 0378 9E       		.byte	-98
 918 0379 02       		.byte	2
 919 037a A1       		.byte	-95
 920 037b 20       		.byte	32
 921 037c A6       		.byte	-90
 922 037d 04       		.byte	4
 923 037e A9       		.byte	-87
 924 037f 03       		.byte	3
 925 0380 AB       		.byte	-85
 926 0381 0C       		.byte	12
 927 0382 AD       		.byte	-83
 928 0383 0C       		.byte	12
 929 0384 AF       		.byte	-81
 930 0385 03       		.byte	3
 931 0386 B0       		.byte	-80
 932 0387 02       		.byte	2
 933 0388 B1       		.byte	-79
 934 0389 0F       		.byte	15
 935 038a B3       		.byte	-77
 936 038b 10       		.byte	16
 937 038c B4       		.byte	-76
 938 038d 01       		.byte	1
 939 038e B5       		.byte	-75
 940 038f 40       		.byte	64
 941 0390 B6       		.byte	-74
 942 0391 04       		.byte	4
 943 0392 B7       		.byte	-73
 944 0393 20       		.byte	32
 945 0394 B9       		.byte	-71
 946 0395 08       		.byte	8
 947 0396 BE       		.byte	-66
 948 0397 11       		.byte	17
 949 0398 BF       		.byte	-65
 950 0399 44       		.byte	68
 951 039a D2       		.byte	-46
 952 039b 80       		.byte	-128
 953 039c D4       		.byte	-44
 954 039d 0F       		.byte	15
 955 039e D8       		.byte	-40
 956 039f 04       		.byte	4
 957 03a0 D9       		.byte	-39
 958 03a1 04       		.byte	4
 959 03a2 DB       		.byte	-37
 960 03a3 04       		.byte	4
 961 03a4 DF       		.byte	-33
 962 03a5 05       		.byte	5
 963 03a6 00       		.byte	0
 964 03a7 24       		.byte	36
 965 03a8 07       		.byte	7
 966 03a9 08       		.byte	8
 967 03aa 0A       		.byte	10
 968 03ab 40       		.byte	64
 969 03ac 0B       		.byte	11
ARM GAS  C:\Users\Nulan\AppData\Local\Temp\ccCRsdyW.s 			page 18


 970 03ad 06       		.byte	6
 971 03ae 0C       		.byte	12
 972 03af 10       		.byte	16
 973 03b0 0E       		.byte	14
 974 03b1 01       		.byte	1
 975 03b2 0F       		.byte	15
 976 03b3 42       		.byte	66
 977 03b4 11       		.byte	17
 978 03b5 04       		.byte	4
 979 03b6 16       		.byte	22
 980 03b7 20       		.byte	32
 981 03b8 17       		.byte	23
 982 03b9 01       		.byte	1
 983 03ba 18       		.byte	24
 984 03bb 02       		.byte	2
 985 03bc 19       		.byte	25
 986 03bd 01       		.byte	1
 987 03be 1B       		.byte	27
 988 03bf 50       		.byte	80
 989 03c0 1F       		.byte	31
 990 03c1 40       		.byte	64
 991 03c2 20       		.byte	32
 992 03c3 84       		.byte	-124
 993 03c4 21       		.byte	33
 994 03c5 08       		.byte	8
 995 03c6 22       		.byte	34
 996 03c7 42       		.byte	66
 997 03c8 23       		.byte	35
 998 03c9 40       		.byte	64
 999 03ca 26       		.byte	38
 1000 03cb 80       		.byte	-128
 1001 03cc 27       		.byte	39
 1002 03cd 55       		.byte	85
 1003 03ce 2A       		.byte	42
 1004 03cf 20       		.byte	32
 1005 03d0 2B       		.byte	43
 1006 03d1 49       		.byte	73
 1007 03d2 2C       		.byte	44
 1008 03d3 08       		.byte	8
 1009 03d4 2E       		.byte	46
 1010 03d5 02       		.byte	2
 1011 03d6 30       		.byte	48
 1012 03d7 18       		.byte	24
 1013 03d8 32       		.byte	50
 1014 03d9 82       		.byte	-126
 1015 03da 37       		.byte	55
 1016 03db 49       		.byte	73
 1017 03dc 39       		.byte	57
 1018 03dd 0C       		.byte	12
 1019 03de 3A       		.byte	58
 1020 03df 02       		.byte	2
 1021 03e0 3B       		.byte	59
 1022 03e1 82       		.byte	-126
 1023 03e2 3E       		.byte	62
 1024 03e3 01       		.byte	1
 1025 03e4 3F       		.byte	63
 1026 03e5 40       		.byte	64
ARM GAS  C:\Users\Nulan\AppData\Local\Temp\ccCRsdyW.s 			page 19


 1027 03e6 59       		.byte	89
 1028 03e7 11       		.byte	17
 1029 03e8 5A       		.byte	90
 1030 03e9 80       		.byte	-128
 1031 03ea 5B       		.byte	91
 1032 03eb 04       		.byte	4
 1033 03ec 61       		.byte	97
 1034 03ed 04       		.byte	4
 1035 03ee 62       		.byte	98
 1036 03ef 20       		.byte	32
 1037 03f0 72       		.byte	114
 1038 03f1 40       		.byte	64
 1039 03f2 7A       		.byte	122
 1040 03f3 80       		.byte	-128
 1041 03f4 8B       		.byte	-117
 1042 03f5 48       		.byte	72
 1043 03f6 8C       		.byte	-116
 1044 03f7 48       		.byte	72
 1045 03f8 C0       		.byte	-64
 1046 03f9 46       		.byte	70
 1047 03fa C2       		.byte	-62
 1048 03fb DB       		.byte	-37
 1049 03fc C4       		.byte	-60
 1050 03fd 34       		.byte	52
 1051 03fe CA       		.byte	-54
 1052 03ff AD       		.byte	-83
 1053 0400 CC       		.byte	-52
 1054 0401 DF       		.byte	-33
 1055 0402 CE       		.byte	-50
 1056 0403 9B       		.byte	-101
 1057 0404 D6       		.byte	-42
 1058 0405 0F       		.byte	15
 1059 0406 D8       		.byte	-40
 1060 0407 06       		.byte	6
 1061 0408 DE       		.byte	-34
 1062 0409 01       		.byte	1
 1063 040a B9       		.byte	-71
 1064 040b 08       		.byte	8
 1065 040c BF       		.byte	-65
 1066 040d 04       		.byte	4
 1067 040e D9       		.byte	-39
 1068 040f 04       		.byte	4
 1069 0410 DF       		.byte	-33
 1070 0411 01       		.byte	1
 1071 0412 23       		.byte	35
 1072 0413 10       		.byte	16
 1073 0414 87       		.byte	-121
 1074 0415 10       		.byte	16
 1075 0416 E8       		.byte	-24
 1076 0417 10       		.byte	16
 1077 0418 01       		.byte	1
 1078 0419 10       		.byte	16
 1079 041a 02       		.byte	2
 1080 041b 01       		.byte	1
 1081 041c 05       		.byte	5
 1082 041d FF       		.byte	-1
 1083 041e 06       		.byte	6
ARM GAS  C:\Users\Nulan\AppData\Local\Temp\ccCRsdyW.s 			page 20


 1084 041f 01       		.byte	1
 1085 0420 09       		.byte	9
 1086 0421 E7       		.byte	-25
 1087 0422 0B       		.byte	11
 1088 0423 18       		.byte	24
 1089 0424 0C       		.byte	12
 1090 0425 40       		.byte	64
 1091 0426 0E       		.byte	14
 1092 0427 A0       		.byte	-96
 1093 0428 0F       		.byte	15
 1094 0429 E3       		.byte	-29
 1095 042a 10       		.byte	16
 1096 042b 40       		.byte	64
 1097 042c 11       		.byte	17
 1098 042d 9C       		.byte	-100
 1099 042e 12       		.byte	18
 1100 042f 80       		.byte	-128
 1101 0430 13       		.byte	19
 1102 0431 62       		.byte	98
 1103 0432 14       		.byte	20
 1104 0433 40       		.byte	64
 1105 0434 15       		.byte	21
 1106 0435 08       		.byte	8
 1107 0436 16       		.byte	22
 1108 0437 80       		.byte	-128
 1109 0438 18       		.byte	24
 1110 0439 90       		.byte	-112
 1111 043a 1A       		.byte	26
 1112 043b 42       		.byte	66
 1113 043c 1B       		.byte	27
 1114 043d 04       		.byte	4
 1115 043e 1C       		.byte	28
 1116 043f 18       		.byte	24
 1117 0440 1D       		.byte	29
 1118 0441 60       		.byte	96
 1119 0442 1E       		.byte	30
 1120 0443 04       		.byte	4
 1121 0444 20       		.byte	32
 1122 0445 0E       		.byte	14
 1123 0446 21       		.byte	33
 1124 0447 24       		.byte	36
 1125 0448 24       		.byte	36
 1126 0449 18       		.byte	24
 1127 044a 25       		.byte	37
 1128 044b 40       		.byte	64
 1129 044c 26       		.byte	38
 1130 044d 02       		.byte	2
 1131 044e 29       		.byte	41
 1132 044f 18       		.byte	24
 1133 0450 2A       		.byte	42
 1134 0451 1E       		.byte	30
 1135 0452 2C       		.byte	44
 1136 0453 16       		.byte	22
 1137 0454 2D       		.byte	45
 1138 0455 7C       		.byte	124
 1139 0456 2E       		.byte	46
 1140 0457 08       		.byte	8
ARM GAS  C:\Users\Nulan\AppData\Local\Temp\ccCRsdyW.s 			page 21


 1141 0458 2F       		.byte	47
 1142 0459 81       		.byte	-127
 1143 045a 30       		.byte	48
 1144 045b 20       		.byte	32
 1145 045c 32       		.byte	50
 1146 045d 01       		.byte	1
 1147 045e 33       		.byte	51
 1148 045f 78       		.byte	120
 1149 0460 34       		.byte	52
 1150 0461 C0       		.byte	-64
 1151 0462 35       		.byte	53
 1152 0463 98       		.byte	-104
 1153 0464 36       		.byte	54
 1154 0465 1E       		.byte	30
 1155 0466 37       		.byte	55
 1156 0467 1F       		.byte	31
 1157 0468 3A       		.byte	58
 1158 0469 20       		.byte	32
 1159 046a 3B       		.byte	59
 1160 046b 88       		.byte	-120
 1161 046c 3E       		.byte	62
 1162 046d 04       		.byte	4
 1163 046e 54       		.byte	84
 1164 046f 18       		.byte	24
 1165 0470 58       		.byte	88
 1166 0471 04       		.byte	4
 1167 0472 59       		.byte	89
 1168 0473 04       		.byte	4
 1169 0474 5B       		.byte	91
 1170 0475 04       		.byte	4
 1171 0476 5C       		.byte	92
 1172 0477 10       		.byte	16
 1173 0478 5D       		.byte	93
 1174 0479 10       		.byte	16
 1175 047a 5F       		.byte	95
 1176 047b 01       		.byte	1
 1177 047c 80       		.byte	-128
 1178 047d 7F       		.byte	127
 1179 047e 83       		.byte	-125
 1180 047f 01       		.byte	1
 1181 0480 85       		.byte	-123
 1182 0481 01       		.byte	1
 1183 0482 89       		.byte	-119
 1184 0483 01       		.byte	1
 1185 0484 8C       		.byte	-116
 1186 0485 FE       		.byte	-2
 1187 0486 8E       		.byte	-114
 1188 0487 01       		.byte	1
 1189 0488 90       		.byte	-112
 1190 0489 C5       		.byte	-59
 1191 048a 92       		.byte	-110
 1192 048b 3A       		.byte	58
 1193 048c 94       		.byte	-108
 1194 048d 0E       		.byte	14
 1195 048e 96       		.byte	-106
 1196 048f F0       		.byte	-16
 1197 0490 98       		.byte	-104
ARM GAS  C:\Users\Nulan\AppData\Local\Temp\ccCRsdyW.s 			page 22


 1198 0491 96       		.byte	-106
 1199 0492 9A       		.byte	-102
 1200 0493 68       		.byte	104
 1201 0494 9C       		.byte	-100
 1202 0495 A3       		.byte	-93
 1203 0496 9E       		.byte	-98
 1204 0497 5C       		.byte	92
 1205 0498 A6       		.byte	-90
 1206 0499 01       		.byte	1
 1207 049a AF       		.byte	-81
 1208 049b 01       		.byte	1
 1209 049c B3       		.byte	-77
 1210 049d 01       		.byte	1
 1211 049e B4       		.byte	-76
 1212 049f FF       		.byte	-1
 1213 04a0 B9       		.byte	-71
 1214 04a1 08       		.byte	8
 1215 04a2 BE       		.byte	-66
 1216 04a3 10       		.byte	16
 1217 04a4 D4       		.byte	-44
 1218 04a5 01       		.byte	1
 1219 04a6 D8       		.byte	-40
 1220 04a7 04       		.byte	4
 1221 04a8 D9       		.byte	-39
 1222 04a9 04       		.byte	4
 1223 04aa DB       		.byte	-37
 1224 04ab 04       		.byte	4
 1225 04ac DC       		.byte	-36
 1226 04ad 10       		.byte	16
 1227 04ae DD       		.byte	-35
 1228 04af 10       		.byte	16
 1229 04b0 DF       		.byte	-33
 1230 04b1 01       		.byte	1
 1231 04b2 00       		.byte	0
 1232 04b3 80       		.byte	-128
 1233 04b4 01       		.byte	1
 1234 04b5 01       		.byte	1
 1235 04b6 02       		.byte	2
 1236 04b7 81       		.byte	-127
 1237 04b8 04       		.byte	4
 1238 04b9 50       		.byte	80
 1239 04ba 06       		.byte	6
 1240 04bb 88       		.byte	-120
 1241 04bc 07       		.byte	7
 1242 04bd 20       		.byte	32
 1243 04be 08       		.byte	8
 1244 04bf 08       		.byte	8
 1245 04c0 09       		.byte	9
 1246 04c1 20       		.byte	32
 1247 04c2 0A       		.byte	10
 1248 04c3 21       		.byte	33
 1249 04c4 0B       		.byte	11
 1250 04c5 80       		.byte	-128
 1251 04c6 0D       		.byte	13
 1252 04c7 22       		.byte	34
 1253 04c8 0E       		.byte	14
 1254 04c9 11       		.byte	17
ARM GAS  C:\Users\Nulan\AppData\Local\Temp\ccCRsdyW.s 			page 23


 1255 04ca 13       		.byte	19
 1256 04cb 04       		.byte	4
 1257 04cc 14       		.byte	20
 1258 04cd 08       		.byte	8
 1259 04ce 15       		.byte	21
 1260 04cf 01       		.byte	1
 1261 04d0 16       		.byte	22
 1262 04d1 21       		.byte	33
 1263 04d2 19       		.byte	25
 1264 04d3 10       		.byte	16
 1265 04d4 1D       		.byte	29
 1266 04d5 22       		.byte	34
 1267 04d6 1E       		.byte	30
 1268 04d7 01       		.byte	1
 1269 04d8 1F       		.byte	31
 1270 04d9 14       		.byte	20
 1271 04da 23       		.byte	35
 1272 04db 20       		.byte	32
 1273 04dc 24       		.byte	36
 1274 04dd 12       		.byte	18
 1275 04de 25       		.byte	37
 1276 04df 40       		.byte	64
 1277 04e0 26       		.byte	38
 1278 04e1 10       		.byte	16
 1279 04e2 27       		.byte	39
 1280 04e3 01       		.byte	1
 1281 04e4 28       		.byte	40
 1282 04e5 82       		.byte	-126
 1283 04e6 2B       		.byte	43
 1284 04e7 42       		.byte	66
 1285 04e8 2C       		.byte	44
 1286 04e9 08       		.byte	8
 1287 04ea 2F       		.byte	47
 1288 04eb A2       		.byte	-94
 1289 04ec 35       		.byte	53
 1290 04ed 80       		.byte	-128
 1291 04ee 36       		.byte	54
 1292 04ef 20       		.byte	32
 1293 04f0 37       		.byte	55
 1294 04f1 05       		.byte	5
 1295 04f2 38       		.byte	56
 1296 04f3 02       		.byte	2
 1297 04f4 3A       		.byte	58
 1298 04f5 08       		.byte	8
 1299 04f6 3B       		.byte	59
 1300 04f7 10       		.byte	16
 1301 04f8 3C       		.byte	60
 1302 04f9 18       		.byte	24
 1303 04fa 3E       		.byte	62
 1304 04fb 02       		.byte	2
 1305 04fc 3F       		.byte	63
 1306 04fd 80       		.byte	-128
 1307 04fe 48       		.byte	72
 1308 04ff 04       		.byte	4
 1309 0500 4B       		.byte	75
 1310 0501 10       		.byte	16
 1311 0502 58       		.byte	88
ARM GAS  C:\Users\Nulan\AppData\Local\Temp\ccCRsdyW.s 			page 24


 1312 0503 01       		.byte	1
 1313 0504 59       		.byte	89
 1314 0505 04       		.byte	4
 1315 0506 5A       		.byte	90
 1316 0507 80       		.byte	-128
 1317 0508 5B       		.byte	91
 1318 0509 10       		.byte	16
 1319 050a 5F       		.byte	95
 1320 050b 02       		.byte	2
 1321 050c 65       		.byte	101
 1322 050d 40       		.byte	64
 1323 050e 67       		.byte	103
 1324 050f 08       		.byte	8
 1325 0510 86       		.byte	-122
 1326 0511 20       		.byte	32
 1327 0512 87       		.byte	-121
 1328 0513 40       		.byte	64
 1329 0514 8A       		.byte	-118
 1330 0515 10       		.byte	16
 1331 0516 90       		.byte	-112
 1332 0517 04       		.byte	4
 1333 0518 91       		.byte	-111
 1334 0519 10       		.byte	16
 1335 051a 92       		.byte	-110
 1336 051b 24       		.byte	36
 1337 051c 93       		.byte	-109
 1338 051d 84       		.byte	-124
 1339 051e 94       		.byte	-108
 1340 051f 10       		.byte	16
 1341 0520 95       		.byte	-107
 1342 0521 20       		.byte	32
 1343 0522 96       		.byte	-106
 1344 0523 4B       		.byte	75
 1345 0524 97       		.byte	-105
 1346 0525 20       		.byte	32
 1347 0526 98       		.byte	-104
 1348 0527 83       		.byte	-125
 1349 0528 9A       		.byte	-102
 1350 0529 42       		.byte	66
 1351 052a 9B       		.byte	-101
 1352 052b 04       		.byte	4
 1353 052c 9C       		.byte	-100
 1354 052d 20       		.byte	32
 1355 052e 9D       		.byte	-99
 1356 052f 10       		.byte	16
 1357 0530 9E       		.byte	-98
 1358 0531 14       		.byte	20
 1359 0532 A0       		.byte	-96
 1360 0533 CC       		.byte	-52
 1361 0534 A2       		.byte	-94
 1362 0535 81       		.byte	-127
 1363 0536 A3       		.byte	-93
 1364 0537 20       		.byte	32
 1365 0538 A5       		.byte	-91
 1366 0539 40       		.byte	64
 1367 053a C0       		.byte	-64
 1368 053b B9       		.byte	-71
ARM GAS  C:\Users\Nulan\AppData\Local\Temp\ccCRsdyW.s 			page 25


 1369 053c C2       		.byte	-62
 1370 053d FF       		.byte	-1
 1371 053e C4       		.byte	-60
 1372 053f F4       		.byte	-12
 1373 0540 CA       		.byte	-54
 1374 0541 F8       		.byte	-8
 1375 0542 CC       		.byte	-52
 1376 0543 F0       		.byte	-16
 1377 0544 CE       		.byte	-50
 1378 0545 F7       		.byte	-9
 1379 0546 D6       		.byte	-42
 1380 0547 8F       		.byte	-113
 1381 0548 D8       		.byte	-40
 1382 0549 30       		.byte	48
 1383 054a E8       		.byte	-24
 1384 054b 10       		.byte	16
 1385 054c 04       		.byte	4
 1386 054d 11       		.byte	17
 1387 054e 05       		.byte	5
 1388 054f 73       		.byte	115
 1389 0550 06       		.byte	6
 1390 0551 0E       		.byte	14
 1391 0552 07       		.byte	7
 1392 0553 04       		.byte	4
 1393 0554 0B       		.byte	11
 1394 0555 55       		.byte	85
 1395 0556 10       		.byte	16
 1396 0557 0C       		.byte	12
 1397 0558 12       		.byte	18
 1398 0559 13       		.byte	19
 1399 055a 13       		.byte	19
 1400 055b 08       		.byte	8
 1401 055c 14       		.byte	20
 1402 055d 11       		.byte	17
 1403 055e 15       		.byte	21
 1404 055f 73       		.byte	115
 1405 0560 16       		.byte	22
 1406 0561 06       		.byte	6
 1407 0562 17       		.byte	23
 1408 0563 0C       		.byte	12
 1409 0564 1D       		.byte	29
 1410 0565 03       		.byte	3
 1411 0566 1E       		.byte	30
 1412 0567 0C       		.byte	12
 1413 0568 1F       		.byte	31
 1414 0569 44       		.byte	68
 1415 056a 20       		.byte	32
 1416 056b 40       		.byte	64
 1417 056c 21       		.byte	33
 1418 056d 2A       		.byte	42
 1419 056e 23       		.byte	35
 1420 056f 44       		.byte	68
 1421 0570 24       		.byte	36
 1422 0571 20       		.byte	32
 1423 0572 26       		.byte	38
 1424 0573 03       		.byte	3
 1425 0574 2A       		.byte	42
ARM GAS  C:\Users\Nulan\AppData\Local\Temp\ccCRsdyW.s 			page 26


 1426 0575 08       		.byte	8
 1427 0576 30       		.byte	48
 1428 0577 0F       		.byte	15
 1429 0578 32       		.byte	50
 1430 0579 40       		.byte	64
 1431 057a 33       		.byte	51
 1432 057b 0F       		.byte	15
 1433 057c 35       		.byte	53
 1434 057d 30       		.byte	48
 1435 057e 36       		.byte	54
 1436 057f 30       		.byte	48
 1437 0580 37       		.byte	55
 1438 0581 40       		.byte	64
 1439 0582 38       		.byte	56
 1440 0583 80       		.byte	-128
 1441 0584 39       		.byte	57
 1442 0585 20       		.byte	32
 1443 0586 3A       		.byte	58
 1444 0587 02       		.byte	2
 1445 0588 3B       		.byte	59
 1446 0589 08       		.byte	8
 1447 058a 3E       		.byte	62
 1448 058b 04       		.byte	4
 1449 058c 3F       		.byte	63
 1450 058d 50       		.byte	80
 1451 058e 40       		.byte	64
 1452 058f 02       		.byte	2
 1453 0590 47       		.byte	71
 1454 0591 04       		.byte	4
 1455 0592 49       		.byte	73
 1456 0593 FF       		.byte	-1
 1457 0594 4A       		.byte	74
 1458 0595 07       		.byte	7
 1459 0596 4B       		.byte	75
 1460 0597 FF       		.byte	-1
 1461 0598 4C       		.byte	76
 1462 0599 40       		.byte	64
 1463 059a 4D       		.byte	77
 1464 059b 20       		.byte	32
 1465 059c 4E       		.byte	78
 1466 059d F0       		.byte	-16
 1467 059e 4F       		.byte	79
 1468 059f 05       		.byte	5
 1469 05a0 50       		.byte	80
 1470 05a1 08       		.byte	8
 1471 05a2 58       		.byte	88
 1472 05a3 04       		.byte	4
 1473 05a4 59       		.byte	89
 1474 05a5 04       		.byte	4
 1475 05a6 5A       		.byte	90
 1476 05a7 04       		.byte	4
 1477 05a8 5C       		.byte	92
 1478 05a9 11       		.byte	17
 1479 05aa 5D       		.byte	93
 1480 05ab 01       		.byte	1
 1481 05ac 5F       		.byte	95
 1482 05ad 01       		.byte	1
ARM GAS  C:\Users\Nulan\AppData\Local\Temp\ccCRsdyW.s 			page 27


 1483 05ae 60       		.byte	96
 1484 05af 40       		.byte	64
 1485 05b0 61       		.byte	97
 1486 05b1 A8       		.byte	-88
 1487 05b2 62       		.byte	98
 1488 05b3 40       		.byte	64
 1489 05b4 63       		.byte	99
 1490 05b5 20       		.byte	32
 1491 05b6 81       		.byte	-127
 1492 05b7 09       		.byte	9
 1493 05b8 83       		.byte	-125
 1494 05b9 C4       		.byte	-60
 1495 05ba 85       		.byte	-123
 1496 05bb 1C       		.byte	28
 1497 05bc 89       		.byte	-119
 1498 05bd 03       		.byte	3
 1499 05be 8A       		.byte	-118
 1500 05bf 04       		.byte	4
 1501 05c0 8F       		.byte	-113
 1502 05c1 03       		.byte	3
 1503 05c2 93       		.byte	-109
 1504 05c3 03       		.byte	3
 1505 05c4 95       		.byte	-107
 1506 05c5 03       		.byte	3
 1507 05c6 96       		.byte	-106
 1508 05c7 01       		.byte	1
 1509 05c8 99       		.byte	-103
 1510 05c9 07       		.byte	7
 1511 05ca 9A       		.byte	-102
 1512 05cb 01       		.byte	1
 1513 05cc 9B       		.byte	-101
 1514 05cd 38       		.byte	56
 1515 05ce 9F       		.byte	-97
 1516 05cf 03       		.byte	3
 1517 05d0 A5       		.byte	-91
 1518 05d1 12       		.byte	18
 1519 05d2 A6       		.byte	-90
 1520 05d3 02       		.byte	2
 1521 05d4 A7       		.byte	-89
 1522 05d5 44       		.byte	68
 1523 05d6 A9       		.byte	-87
 1524 05d7 1C       		.byte	28
 1525 05d8 B0       		.byte	-80
 1526 05d9 04       		.byte	4
 1527 05da B1       		.byte	-79
 1528 05db 60       		.byte	96
 1529 05dc B2       		.byte	-78
 1530 05dd 02       		.byte	2
 1531 05de B3       		.byte	-77
 1532 05df 1C       		.byte	28
 1533 05e0 B5       		.byte	-75
 1534 05e1 80       		.byte	-128
 1535 05e2 B6       		.byte	-74
 1536 05e3 01       		.byte	1
 1537 05e4 B7       		.byte	-73
 1538 05e5 03       		.byte	3
 1539 05e6 BE       		.byte	-66
ARM GAS  C:\Users\Nulan\AppData\Local\Temp\ccCRsdyW.s 			page 28


 1540 05e7 40       		.byte	64
 1541 05e8 BF       		.byte	-65
 1542 05e9 01       		.byte	1
 1543 05ea C0       		.byte	-64
 1544 05eb 24       		.byte	36
 1545 05ec C1       		.byte	-63
 1546 05ed 06       		.byte	6
 1547 05ee C2       		.byte	-62
 1548 05ef 03       		.byte	3
 1549 05f0 C4       		.byte	-60
 1550 05f1 01       		.byte	1
 1551 05f2 C5       		.byte	-59
 1552 05f3 0C       		.byte	12
 1553 05f4 C6       		.byte	-58
 1554 05f5 0E       		.byte	14
 1555 05f6 C8       		.byte	-56
 1556 05f7 05       		.byte	5
 1557 05f8 C9       		.byte	-55
 1558 05f9 FF       		.byte	-1
 1559 05fa CA       		.byte	-54
 1560 05fb FF       		.byte	-1
 1561 05fc CB       		.byte	-53
 1562 05fd FF       		.byte	-1
 1563 05fe CC       		.byte	-52
 1564 05ff 62       		.byte	98
 1565 0600 CD       		.byte	-51
 1566 0601 A0       		.byte	-96
 1567 0602 CE       		.byte	-50
 1568 0603 F0       		.byte	-16
 1569 0604 CF       		.byte	-49
 1570 0605 41       		.byte	65
 1571 0606 D0       		.byte	-48
 1572 0607 0C       		.byte	12
 1573 0608 D8       		.byte	-40
 1574 0609 04       		.byte	4
 1575 060a D9       		.byte	-39
 1576 060b 04       		.byte	4
 1577 060c DA       		.byte	-38
 1578 060d 04       		.byte	4
 1579 060e DC       		.byte	-36
 1580 060f 10       		.byte	16
 1581 0610 DD       		.byte	-35
 1582 0611 01       		.byte	1
 1583 0612 DF       		.byte	-33
 1584 0613 01       		.byte	1
 1585 0614 E6       		.byte	-26
 1586 0615 40       		.byte	64
 1587 0616 E7       		.byte	-25
 1588 0617 02       		.byte	2
 1589 0618 E9       		.byte	-23
 1590 0619 10       		.byte	16
 1591 061a EA       		.byte	-22
 1592 061b 30       		.byte	48
 1593 061c EB       		.byte	-21
 1594 061d 10       		.byte	16
 1595 061e ED       		.byte	-19
 1596 061f 10       		.byte	16
ARM GAS  C:\Users\Nulan\AppData\Local\Temp\ccCRsdyW.s 			page 29


 1597 0620 EE       		.byte	-18
 1598 0621 10       		.byte	16
 1599 0622 EF       		.byte	-17
 1600 0623 12       		.byte	18
 1601 0624 00       		.byte	0
 1602 0625 04       		.byte	4
 1603 0626 04       		.byte	4
 1604 0627 10       		.byte	16
 1605 0628 08       		.byte	8
 1606 0629 04       		.byte	4
 1607 062a 0A       		.byte	10
 1608 062b 42       		.byte	66
 1609 062c 0D       		.byte	13
 1610 062d 08       		.byte	8
 1611 062e 0E       		.byte	14
 1612 062f 20       		.byte	32
 1613 0630 0F       		.byte	15
 1614 0631 08       		.byte	8
 1615 0632 10       		.byte	16
 1616 0633 20       		.byte	32
 1617 0634 12       		.byte	18
 1618 0635 44       		.byte	68
 1619 0636 15       		.byte	21
 1620 0637 08       		.byte	8
 1621 0638 19       		.byte	25
 1622 0639 05       		.byte	5
 1623 063a 1A       		.byte	26
 1624 063b 42       		.byte	66
 1625 063c 1C       		.byte	28
 1626 063d 50       		.byte	80
 1627 063e 1D       		.byte	29
 1628 063f 40       		.byte	64
 1629 0640 1E       		.byte	30
 1630 0641 10       		.byte	16
 1631 0642 21       		.byte	33
 1632 0643 20       		.byte	32
 1633 0644 22       		.byte	34
 1634 0645 44       		.byte	68
 1635 0646 25       		.byte	37
 1636 0647 04       		.byte	4
 1637 0648 26       		.byte	38
 1638 0649 20       		.byte	32
 1639 064a 27       		.byte	39
 1640 064b 52       		.byte	82
 1641 064c 29       		.byte	41
 1642 064d 01       		.byte	1
 1643 064e 2D       		.byte	45
 1644 064f 10       		.byte	16
 1645 0650 2F       		.byte	47
 1646 0651 20       		.byte	32
 1647 0652 30       		.byte	48
 1648 0653 84       		.byte	-124
 1649 0654 32       		.byte	50
 1650 0655 05       		.byte	5
 1651 0656 34       		.byte	52
 1652 0657 80       		.byte	-128
 1653 0658 36       		.byte	54
ARM GAS  C:\Users\Nulan\AppData\Local\Temp\ccCRsdyW.s 			page 30


 1654 0659 09       		.byte	9
 1655 065a 37       		.byte	55
 1656 065b 10       		.byte	16
 1657 065c 38       		.byte	56
 1658 065d 24       		.byte	36
 1659 065e 3D       		.byte	61
 1660 065f A0       		.byte	-96
 1661 0660 3E       		.byte	62
 1662 0661 06       		.byte	6
 1663 0662 41       		.byte	65
 1664 0663 20       		.byte	32
 1665 0664 44       		.byte	68
 1666 0665 80       		.byte	-128
 1667 0666 45       		.byte	69
 1668 0667 18       		.byte	24
 1669 0668 46       		.byte	70
 1670 0669 08       		.byte	8
 1671 066a 47       		.byte	71
 1672 066b 40       		.byte	64
 1673 066c 4E       		.byte	78
 1674 066d 08       		.byte	8
 1675 066e 4F       		.byte	79
 1676 066f 18       		.byte	24
 1677 0670 50       		.byte	80
 1678 0671 30       		.byte	48
 1679 0672 51       		.byte	81
 1680 0673 10       		.byte	16
 1681 0674 52       		.byte	82
 1682 0675 04       		.byte	4
 1683 0676 56       		.byte	86
 1684 0677 80       		.byte	-128
 1685 0678 88       		.byte	-120
 1686 0679 20       		.byte	32
 1687 067a 8A       		.byte	-118
 1688 067b 02       		.byte	2
 1689 067c 8B       		.byte	-117
 1690 067d 80       		.byte	-128
 1691 067e 8D       		.byte	-115
 1692 067f 84       		.byte	-124
 1693 0680 90       		.byte	-112
 1694 0681 04       		.byte	4
 1695 0682 91       		.byte	-111
 1696 0683 18       		.byte	24
 1697 0684 92       		.byte	-110
 1698 0685 04       		.byte	4
 1699 0686 93       		.byte	-109
 1700 0687 10       		.byte	16
 1701 0688 94       		.byte	-108
 1702 0689 40       		.byte	64
 1703 068a 95       		.byte	-107
 1704 068b 20       		.byte	32
 1705 068c 96       		.byte	-106
 1706 068d DA       		.byte	-38
 1707 068e 98       		.byte	-104
 1708 068f 80       		.byte	-128
 1709 0690 9A       		.byte	-102
 1710 0691 48       		.byte	72
ARM GAS  C:\Users\Nulan\AppData\Local\Temp\ccCRsdyW.s 			page 31


 1711 0692 9C       		.byte	-100
 1712 0693 20       		.byte	32
 1713 0694 9D       		.byte	-99
 1714 0695 C4       		.byte	-60
 1715 0696 9E       		.byte	-98
 1716 0697 84       		.byte	-124
 1717 0698 9F       		.byte	-97
 1718 0699 02       		.byte	2
 1719 069a A0       		.byte	-96
 1720 069b 80       		.byte	-128
 1721 069c A1       		.byte	-95
 1722 069d 40       		.byte	64
 1723 069e A2       		.byte	-94
 1724 069f 11       		.byte	17
 1725 06a0 A3       		.byte	-93
 1726 06a1 20       		.byte	32
 1727 06a2 A6       		.byte	-90
 1728 06a3 20       		.byte	32
 1729 06a4 A7       		.byte	-89
 1730 06a5 80       		.byte	-128
 1731 06a6 A8       		.byte	-88
 1732 06a7 80       		.byte	-128
 1733 06a8 AB       		.byte	-85
 1734 06a9 10       		.byte	16
 1735 06aa B1       		.byte	-79
 1736 06ab 04       		.byte	4
 1737 06ac C0       		.byte	-64
 1738 06ad 44       		.byte	68
 1739 06ae C2       		.byte	-62
 1740 06af 6D       		.byte	109
 1741 06b0 C4       		.byte	-60
 1742 06b1 2E       		.byte	46
 1743 06b2 CA       		.byte	-54
 1744 06b3 61       		.byte	97
 1745 06b4 CC       		.byte	-52
 1746 06b5 FB       		.byte	-5
 1747 06b6 CE       		.byte	-50
 1748 06b7 F6       		.byte	-10
 1749 06b8 D0       		.byte	-48
 1750 06b9 F4       		.byte	-12
 1751 06ba D2       		.byte	-46
 1752 06bb 20       		.byte	32
 1753 06bc 31       		.byte	49
 1754 06bd 20       		.byte	32
 1755 06be CC       		.byte	-52
 1756 06bf 10       		.byte	16
 1757 06c0 A5       		.byte	-91
 1758 06c1 20       		.byte	32
 1759 06c2 8D       		.byte	-115
 1760 06c3 20       		.byte	32
 1761 06c4 A5       		.byte	-91
 1762 06c5 20       		.byte	32
 1763 06c6 18       		.byte	24
 1764 06c7 10       		.byte	16
 1765 06c8 C6       		.byte	-58
 1766 06c9 10       		.byte	16
 1767 06ca 8E       		.byte	-114
ARM GAS  C:\Users\Nulan\AppData\Local\Temp\ccCRsdyW.s 			page 32


 1768 06cb 01       		.byte	1
 1769 06cc E0       		.byte	-32
 1770 06cd 08       		.byte	8
 1771 06ce 67       		.byte	103
 1772 06cf 80       		.byte	-128
 1773 06d0 87       		.byte	-121
 1774 06d1 40       		.byte	64
 1775 06d2 B4       		.byte	-76
 1776 06d3 10       		.byte	16
 1777 06d4 D8       		.byte	-40
 1778 06d5 80       		.byte	-128
 1779 06d6 E2       		.byte	-30
 1780 06d7 10       		.byte	16
 1781 06d8 09       		.byte	9
 1782 06d9 20       		.byte	32
 1783 06da 0D       		.byte	13
 1784 06db 10       		.byte	16
 1785 06dc 60       		.byte	96
 1786 06dd 80       		.byte	-128
 1787 06de 89       		.byte	-119
 1788 06df 10       		.byte	16
 1789 06e0 98       		.byte	-104
 1790 06e1 80       		.byte	-128
 1791 06e2 A2       		.byte	-94
 1792 06e3 01       		.byte	1
 1793 06e4 B4       		.byte	-76
 1794 06e5 80       		.byte	-128
 1795 06e6 C2       		.byte	-62
 1796 06e7 03       		.byte	3
 1797 06e8 D8       		.byte	-40
 1798 06e9 02       		.byte	2
 1799 06ea E6       		.byte	-26
 1800 06eb 04       		.byte	4
 1801 06ec E8       		.byte	-24
 1802 06ed 08       		.byte	8
 1803 06ee 10       		.byte	16
 1804 06ef 40       		.byte	64
 1805 06f0 7A       		.byte	122
 1806 06f1 01       		.byte	1
 1807 06f2 88       		.byte	-120
 1808 06f3 40       		.byte	64
 1809 06f4 A2       		.byte	-94
 1810 06f5 01       		.byte	1
 1811 06f6 B1       		.byte	-79
 1812 06f7 20       		.byte	32
 1813 06f8 C4       		.byte	-60
 1814 06f9 08       		.byte	8
 1815 06fa DC       		.byte	-36
 1816 06fb 01       		.byte	1
 1817 06fc E2       		.byte	-30
 1818 06fd 01       		.byte	1
 1819 06fe EE       		.byte	-18
 1820 06ff 01       		.byte	1
 1821 0700 00       		.byte	0
 1822 0701 03       		.byte	3
 1823 0702 0C       		.byte	12
 1824 0703 03       		.byte	3
ARM GAS  C:\Users\Nulan\AppData\Local\Temp\ccCRsdyW.s 			page 33


 1825 0704 0E       		.byte	14
 1826 0705 01       		.byte	1
 1827 0706 10       		.byte	16
 1828 0707 03       		.byte	3
 1829 0708 1C       		.byte	28
 1830 0709 03       		.byte	3
 1831 070a 00       		.byte	0
 1832 070b 03       		.byte	3
 1833 070c 80       		.byte	-128
 1834 070d 00       		.byte	0
 1835 070e 40       		.byte	64
 1836 070f 80       		.byte	-128
 1837 0710 80       		.byte	-128
 1838 0711 00       		.byte	0
 1839 0712 80       		.byte	-128
 1840 0713 00       		.byte	0
 1841 0714 00       		.byte	0
 1842 0715 00       		.byte	0
 1843 0716 00       		.byte	0
 1844 0717 00       		.byte	0
 1845 0718 C0       		.byte	-64
 1846 0719 3F       		.byte	63
 1847 071a 3F       		.byte	63
 1848 071b 00       		.byte	0
 1849 071c 20       		.byte	32
 1850 071d 00       		.byte	0
 1851 071e 00       		.byte	0
 1852 071f 00       		.byte	0
 1853              		.section	.cywolatch,"a",%progbits
 1854              		.align	2
 1855              		.type	cy_meta_wonvl, %object
 1856              		.size	cy_meta_wonvl, 4
 1857              	cy_meta_wonvl:
 1858 0000 BC       		.byte	-68
 1859 0001 90       		.byte	-112
 1860 0002 AC       		.byte	-84
 1861 0003 AF       		.byte	-81
 1862              		.section	.cycustnvl,"a",%progbits
 1863              		.align	2
 1864              		.type	cy_meta_custnvl, %object
 1865              		.size	cy_meta_custnvl, 4
 1866              	cy_meta_custnvl:
 1867 0000 00       		.byte	0
 1868 0001 00       		.byte	0
 1869 0002 40       		.byte	64
 1870 0003 05       		.byte	5
 1871              		.section	.cymeta,"a",%progbits
 1872              		.align	2
 1873              		.type	cy_metadata, %object
 1874              		.size	cy_metadata, 12
 1875              	cy_metadata:
 1876 0000 00       		.byte	0
 1877 0001 01       		.byte	1
 1878 0002 2E       		.byte	46
 1879 0003 16       		.byte	22
 1880 0004 10       		.byte	16
 1881 0005 69       		.byte	105
ARM GAS  C:\Users\Nulan\AppData\Local\Temp\ccCRsdyW.s 			page 34


 1882 0006 00       		.byte	0
 1883 0007 01       		.byte	1
 1884 0008 00       		.byte	0
 1885 0009 00       		.byte	0
 1886 000a 00       		.byte	0
 1887 000b 00       		.byte	0
 1888              		.section	.cyflashprotect,"a",%progbits
 1889              		.align	2
 1890              		.type	cy_meta_flashprotect, %object
 1891              		.size	cy_meta_flashprotect, 256
 1892              	cy_meta_flashprotect:
 1893 0000 00000000 		.space	256
 1893      00000000 
 1893      00000000 
 1893      00000000 
 1893      00000000 
 1894              		.text
 1895              	.Letext0:
 1896              		.file 1 "c:\\program files (x86)\\cypress\\psoc creator\\4.4\\psoc creator\\import\\gnu\\arm\\5.4.
 1897              		.file 2 "c:\\program files (x86)\\cypress\\psoc creator\\4.4\\psoc creator\\import\\gnu\\arm\\5.4.
 1898              		.file 3 "Generated_Source\\PSoC5\\cymetadata.c"
 1899              		.section	.debug_info,"",%progbits
 1900              	.Ldebug_info0:
 1901 0000 35010000 		.4byte	0x135
 1902 0004 0400     		.2byte	0x4
 1903 0006 00000000 		.4byte	.Ldebug_abbrev0
 1904 000a 04       		.byte	0x4
 1905 000b 01       		.uleb128 0x1
 1906 000c 24000000 		.4byte	.LASF17
 1907 0010 0C       		.byte	0xc
 1908 0011 E1010000 		.4byte	.LASF18
 1909 0015 E7000000 		.4byte	.LASF19
 1910 0019 00000000 		.4byte	.Ldebug_line0
 1911 001d 02       		.uleb128 0x2
 1912 001e 01       		.byte	0x1
 1913 001f 06       		.byte	0x6
 1914 0020 D5010000 		.4byte	.LASF0
 1915 0024 03       		.uleb128 0x3
 1916 0025 00000000 		.4byte	.LASF9
 1917 0029 01       		.byte	0x1
 1918 002a 1D       		.byte	0x1d
 1919 002b 2F000000 		.4byte	0x2f
 1920 002f 02       		.uleb128 0x2
 1921 0030 01       		.byte	0x1
 1922 0031 08       		.byte	0x8
 1923 0032 16000000 		.4byte	.LASF1
 1924 0036 02       		.uleb128 0x2
 1925 0037 02       		.byte	0x2
 1926 0038 05       		.byte	0x5
 1927 0039 C2010000 		.4byte	.LASF2
 1928 003d 02       		.uleb128 0x2
 1929 003e 02       		.byte	0x2
 1930 003f 07       		.byte	0x7
 1931 0040 C4000000 		.4byte	.LASF3
 1932 0044 02       		.uleb128 0x2
 1933 0045 04       		.byte	0x4
 1934 0046 05       		.byte	0x5
ARM GAS  C:\Users\Nulan\AppData\Local\Temp\ccCRsdyW.s 			page 35


 1935 0047 CC010000 		.4byte	.LASF4
 1936 004b 02       		.uleb128 0x2
 1937 004c 04       		.byte	0x4
 1938 004d 07       		.byte	0x7
 1939 004e B2000000 		.4byte	.LASF5
 1940 0052 02       		.uleb128 0x2
 1941 0053 08       		.byte	0x8
 1942 0054 05       		.byte	0x5
 1943 0055 B4010000 		.4byte	.LASF6
 1944 0059 02       		.uleb128 0x2
 1945 005a 08       		.byte	0x8
 1946 005b 07       		.byte	0x7
 1947 005c 69010000 		.4byte	.LASF7
 1948 0060 04       		.uleb128 0x4
 1949 0061 04       		.byte	0x4
 1950 0062 05       		.byte	0x5
 1951 0063 696E7400 		.ascii	"int\000"
 1952 0067 02       		.uleb128 0x2
 1953 0068 04       		.byte	0x4
 1954 0069 07       		.byte	0x7
 1955 006a 5C010000 		.4byte	.LASF8
 1956 006e 03       		.uleb128 0x3
 1957 006f 80010000 		.4byte	.LASF10
 1958 0073 02       		.byte	0x2
 1959 0074 18       		.byte	0x18
 1960 0075 24000000 		.4byte	0x24
 1961 0079 05       		.uleb128 0x5
 1962 007a 91000000 		.4byte	0x91
 1963 007e 8A000000 		.4byte	0x8a
 1964 0082 06       		.uleb128 0x6
 1965 0083 8A000000 		.4byte	0x8a
 1966 0087 1F07     		.2byte	0x71f
 1967 0089 00       		.byte	0
 1968 008a 02       		.uleb128 0x2
 1969 008b 04       		.byte	0x4
 1970 008c 07       		.byte	0x7
 1971 008d AB010000 		.4byte	.LASF11
 1972 0091 07       		.uleb128 0x7
 1973 0092 6E000000 		.4byte	0x6e
 1974 0096 08       		.uleb128 0x8
 1975 0097 4A010000 		.4byte	.LASF12
 1976 009b 03       		.byte	0x3
 1977 009c 1F       		.byte	0x1f
 1978 009d A7000000 		.4byte	0xa7
 1979 00a1 05       		.uleb128 0x5
 1980 00a2 03       		.byte	0x3
 1981 00a3 00000000 		.4byte	cy_meta_configecc
 1982 00a7 07       		.uleb128 0x7
 1983 00a8 79000000 		.4byte	0x79
 1984 00ac 05       		.uleb128 0x5
 1985 00ad 91000000 		.4byte	0x91
 1986 00b1 BC000000 		.4byte	0xbc
 1987 00b5 09       		.uleb128 0x9
 1988 00b6 8A000000 		.4byte	0x8a
 1989 00ba 03       		.byte	0x3
 1990 00bb 00       		.byte	0
 1991 00bc 0A       		.uleb128 0xa
ARM GAS  C:\Users\Nulan\AppData\Local\Temp\ccCRsdyW.s 			page 36


 1992 00bd D7000000 		.4byte	.LASF13
 1993 00c1 03       		.byte	0x3
 1994 00c2 1001     		.2byte	0x110
 1995 00c4 CE000000 		.4byte	0xce
 1996 00c8 05       		.uleb128 0x5
 1997 00c9 03       		.byte	0x3
 1998 00ca 00000000 		.4byte	cy_meta_custnvl
 1999 00ce 07       		.uleb128 0x7
 2000 00cf AC000000 		.4byte	0xac
 2001 00d3 0A       		.uleb128 0xa
 2002 00d4 9D010000 		.4byte	.LASF14
 2003 00d8 03       		.byte	0x3
 2004 00d9 1E01     		.2byte	0x11e
 2005 00db E5000000 		.4byte	0xe5
 2006 00df 05       		.uleb128 0x5
 2007 00e0 03       		.byte	0x3
 2008 00e1 00000000 		.4byte	cy_meta_wonvl
 2009 00e5 07       		.uleb128 0x7
 2010 00e6 AC000000 		.4byte	0xac
 2011 00ea 05       		.uleb128 0x5
 2012 00eb 91000000 		.4byte	0x91
 2013 00ef FA000000 		.4byte	0xfa
 2014 00f3 09       		.uleb128 0x9
 2015 00f4 8A000000 		.4byte	0x8a
 2016 00f8 FF       		.byte	0xff
 2017 00f9 00       		.byte	0
 2018 00fa 0A       		.uleb128 0xa
 2019 00fb 88010000 		.4byte	.LASF15
 2020 00ff 03       		.byte	0x3
 2021 0100 2C01     		.2byte	0x12c
 2022 0102 0C010000 		.4byte	0x10c
 2023 0106 05       		.uleb128 0x5
 2024 0107 03       		.byte	0x3
 2025 0108 00000000 		.4byte	cy_meta_flashprotect
 2026 010c 07       		.uleb128 0x7
 2027 010d EA000000 		.4byte	0xea
 2028 0111 05       		.uleb128 0x5
 2029 0112 91000000 		.4byte	0x91
 2030 0116 21010000 		.4byte	0x121
 2031 011a 09       		.uleb128 0x9
 2032 011b 8A000000 		.4byte	0x8a
 2033 011f 0B       		.byte	0xb
 2034 0120 00       		.byte	0
 2035 0121 0A       		.uleb128 0xa
 2036 0122 0A000000 		.4byte	.LASF16
 2037 0126 03       		.byte	0x3
 2038 0127 5901     		.2byte	0x159
 2039 0129 33010000 		.4byte	0x133
 2040 012d 05       		.uleb128 0x5
 2041 012e 03       		.byte	0x3
 2042 012f 00000000 		.4byte	cy_metadata
 2043 0133 07       		.uleb128 0x7
 2044 0134 11010000 		.4byte	0x111
 2045 0138 00       		.byte	0
 2046              		.section	.debug_abbrev,"",%progbits
 2047              	.Ldebug_abbrev0:
 2048 0000 01       		.uleb128 0x1
ARM GAS  C:\Users\Nulan\AppData\Local\Temp\ccCRsdyW.s 			page 37


 2049 0001 11       		.uleb128 0x11
 2050 0002 01       		.byte	0x1
 2051 0003 25       		.uleb128 0x25
 2052 0004 0E       		.uleb128 0xe
 2053 0005 13       		.uleb128 0x13
 2054 0006 0B       		.uleb128 0xb
 2055 0007 03       		.uleb128 0x3
 2056 0008 0E       		.uleb128 0xe
 2057 0009 1B       		.uleb128 0x1b
 2058 000a 0E       		.uleb128 0xe
 2059 000b 10       		.uleb128 0x10
 2060 000c 17       		.uleb128 0x17
 2061 000d 00       		.byte	0
 2062 000e 00       		.byte	0
 2063 000f 02       		.uleb128 0x2
 2064 0010 24       		.uleb128 0x24
 2065 0011 00       		.byte	0
 2066 0012 0B       		.uleb128 0xb
 2067 0013 0B       		.uleb128 0xb
 2068 0014 3E       		.uleb128 0x3e
 2069 0015 0B       		.uleb128 0xb
 2070 0016 03       		.uleb128 0x3
 2071 0017 0E       		.uleb128 0xe
 2072 0018 00       		.byte	0
 2073 0019 00       		.byte	0
 2074 001a 03       		.uleb128 0x3
 2075 001b 16       		.uleb128 0x16
 2076 001c 00       		.byte	0
 2077 001d 03       		.uleb128 0x3
 2078 001e 0E       		.uleb128 0xe
 2079 001f 3A       		.uleb128 0x3a
 2080 0020 0B       		.uleb128 0xb
 2081 0021 3B       		.uleb128 0x3b
 2082 0022 0B       		.uleb128 0xb
 2083 0023 49       		.uleb128 0x49
 2084 0024 13       		.uleb128 0x13
 2085 0025 00       		.byte	0
 2086 0026 00       		.byte	0
 2087 0027 04       		.uleb128 0x4
 2088 0028 24       		.uleb128 0x24
 2089 0029 00       		.byte	0
 2090 002a 0B       		.uleb128 0xb
 2091 002b 0B       		.uleb128 0xb
 2092 002c 3E       		.uleb128 0x3e
 2093 002d 0B       		.uleb128 0xb
 2094 002e 03       		.uleb128 0x3
 2095 002f 08       		.uleb128 0x8
 2096 0030 00       		.byte	0
 2097 0031 00       		.byte	0
 2098 0032 05       		.uleb128 0x5
 2099 0033 01       		.uleb128 0x1
 2100 0034 01       		.byte	0x1
 2101 0035 49       		.uleb128 0x49
 2102 0036 13       		.uleb128 0x13
 2103 0037 01       		.uleb128 0x1
 2104 0038 13       		.uleb128 0x13
 2105 0039 00       		.byte	0
ARM GAS  C:\Users\Nulan\AppData\Local\Temp\ccCRsdyW.s 			page 38


 2106 003a 00       		.byte	0
 2107 003b 06       		.uleb128 0x6
 2108 003c 21       		.uleb128 0x21
 2109 003d 00       		.byte	0
 2110 003e 49       		.uleb128 0x49
 2111 003f 13       		.uleb128 0x13
 2112 0040 2F       		.uleb128 0x2f
 2113 0041 05       		.uleb128 0x5
 2114 0042 00       		.byte	0
 2115 0043 00       		.byte	0
 2116 0044 07       		.uleb128 0x7
 2117 0045 26       		.uleb128 0x26
 2118 0046 00       		.byte	0
 2119 0047 49       		.uleb128 0x49
 2120 0048 13       		.uleb128 0x13
 2121 0049 00       		.byte	0
 2122 004a 00       		.byte	0
 2123 004b 08       		.uleb128 0x8
 2124 004c 34       		.uleb128 0x34
 2125 004d 00       		.byte	0
 2126 004e 03       		.uleb128 0x3
 2127 004f 0E       		.uleb128 0xe
 2128 0050 3A       		.uleb128 0x3a
 2129 0051 0B       		.uleb128 0xb
 2130 0052 3B       		.uleb128 0x3b
 2131 0053 0B       		.uleb128 0xb
 2132 0054 49       		.uleb128 0x49
 2133 0055 13       		.uleb128 0x13
 2134 0056 3F       		.uleb128 0x3f
 2135 0057 19       		.uleb128 0x19
 2136 0058 02       		.uleb128 0x2
 2137 0059 18       		.uleb128 0x18
 2138 005a 00       		.byte	0
 2139 005b 00       		.byte	0
 2140 005c 09       		.uleb128 0x9
 2141 005d 21       		.uleb128 0x21
 2142 005e 00       		.byte	0
 2143 005f 49       		.uleb128 0x49
 2144 0060 13       		.uleb128 0x13
 2145 0061 2F       		.uleb128 0x2f
 2146 0062 0B       		.uleb128 0xb
 2147 0063 00       		.byte	0
 2148 0064 00       		.byte	0
 2149 0065 0A       		.uleb128 0xa
 2150 0066 34       		.uleb128 0x34
 2151 0067 00       		.byte	0
 2152 0068 03       		.uleb128 0x3
 2153 0069 0E       		.uleb128 0xe
 2154 006a 3A       		.uleb128 0x3a
 2155 006b 0B       		.uleb128 0xb
 2156 006c 3B       		.uleb128 0x3b
 2157 006d 05       		.uleb128 0x5
 2158 006e 49       		.uleb128 0x49
 2159 006f 13       		.uleb128 0x13
 2160 0070 3F       		.uleb128 0x3f
 2161 0071 19       		.uleb128 0x19
 2162 0072 02       		.uleb128 0x2
ARM GAS  C:\Users\Nulan\AppData\Local\Temp\ccCRsdyW.s 			page 39


 2163 0073 18       		.uleb128 0x18
 2164 0074 00       		.byte	0
 2165 0075 00       		.byte	0
 2166 0076 00       		.byte	0
 2167              		.section	.debug_aranges,"",%progbits
 2168 0000 14000000 		.4byte	0x14
 2169 0004 0200     		.2byte	0x2
 2170 0006 00000000 		.4byte	.Ldebug_info0
 2171 000a 04       		.byte	0x4
 2172 000b 00       		.byte	0
 2173 000c 0000     		.2byte	0
 2174 000e 0000     		.2byte	0
 2175 0010 00000000 		.4byte	0
 2176 0014 00000000 		.4byte	0
 2177              		.section	.debug_line,"",%progbits
 2178              	.Ldebug_line0:
 2179 0000 3D010000 		.section	.debug_str,"MS",%progbits,1
 2179      02003701 
 2179      00000201 
 2179      FB0E0D00 
 2179      01010101 
 2180              	.LASF9:
 2181 0000 5F5F7569 		.ascii	"__uint8_t\000"
 2181      6E74385F 
 2181      7400
 2182              	.LASF16:
 2183 000a 63795F6D 		.ascii	"cy_metadata\000"
 2183      65746164 
 2183      61746100 
 2184              	.LASF1:
 2185 0016 756E7369 		.ascii	"unsigned char\000"
 2185      676E6564 
 2185      20636861 
 2185      7200
 2186              	.LASF17:
 2187 0024 474E5520 		.ascii	"GNU C11 5.4.1 20160609 (release) [ARM/embedded-5-br"
 2187      43313120 
 2187      352E342E 
 2187      31203230 
 2187      31363036 
 2188 0057 616E6368 		.ascii	"anch revision 237715] -mcpu=cortex-m3 -mthumb -g -O"
 2188      20726576 
 2188      6973696F 
 2188      6E203233 
 2188      37373135 
 2189 008a 67202D66 		.ascii	"g -ffunction-sections -ffat-lto-objects\000"
 2189      66756E63 
 2189      74696F6E 
 2189      2D736563 
 2189      74696F6E 
 2190              	.LASF5:
 2191 00b2 6C6F6E67 		.ascii	"long unsigned int\000"
 2191      20756E73 
 2191      69676E65 
 2191      6420696E 
 2191      7400
 2192              	.LASF3:
ARM GAS  C:\Users\Nulan\AppData\Local\Temp\ccCRsdyW.s 			page 40


 2193 00c4 73686F72 		.ascii	"short unsigned int\000"
 2193      7420756E 
 2193      7369676E 
 2193      65642069 
 2193      6E7400
 2194              	.LASF13:
 2195 00d7 63795F6D 		.ascii	"cy_meta_custnvl\000"
 2195      6574615F 
 2195      63757374 
 2195      6E766C00 
 2196              	.LASF19:
 2197 00e7 433A5C55 		.ascii	"C:\\Users\\Nulan\\OneDrive - Monash University\\Doc"
 2197      73657273 
 2197      5C4E756C 
 2197      616E5C4F 
 2197      6E654472 
 2198 0116 756D656E 		.ascii	"uments\\PSoC Creator\\FeedForwardMotor\\Design01.cy"
 2198      74735C50 
 2198      536F4320 
 2198      43726561 
 2198      746F725C 
 2199 0146 64736E00 		.ascii	"dsn\000"
 2200              	.LASF12:
 2201 014a 63795F6D 		.ascii	"cy_meta_configecc\000"
 2201      6574615F 
 2201      636F6E66 
 2201      69676563 
 2201      6300
 2202              	.LASF8:
 2203 015c 756E7369 		.ascii	"unsigned int\000"
 2203      676E6564 
 2203      20696E74 
 2203      00
 2204              	.LASF7:
 2205 0169 6C6F6E67 		.ascii	"long long unsigned int\000"
 2205      206C6F6E 
 2205      6720756E 
 2205      7369676E 
 2205      65642069 
 2206              	.LASF10:
 2207 0180 75696E74 		.ascii	"uint8_t\000"
 2207      385F7400 
 2208              	.LASF15:
 2209 0188 63795F6D 		.ascii	"cy_meta_flashprotect\000"
 2209      6574615F 
 2209      666C6173 
 2209      6870726F 
 2209      74656374 
 2210              	.LASF14:
 2211 019d 63795F6D 		.ascii	"cy_meta_wonvl\000"
 2211      6574615F 
 2211      776F6E76 
 2211      6C00
 2212              	.LASF11:
 2213 01ab 73697A65 		.ascii	"sizetype\000"
 2213      74797065 
 2213      00
ARM GAS  C:\Users\Nulan\AppData\Local\Temp\ccCRsdyW.s 			page 41


 2214              	.LASF6:
 2215 01b4 6C6F6E67 		.ascii	"long long int\000"
 2215      206C6F6E 
 2215      6720696E 
 2215      7400
 2216              	.LASF2:
 2217 01c2 73686F72 		.ascii	"short int\000"
 2217      7420696E 
 2217      7400
 2218              	.LASF4:
 2219 01cc 6C6F6E67 		.ascii	"long int\000"
 2219      20696E74 
 2219      00
 2220              	.LASF0:
 2221 01d5 7369676E 		.ascii	"signed char\000"
 2221      65642063 
 2221      68617200 
 2222              	.LASF18:
 2223 01e1 47656E65 		.ascii	"Generated_Source\\PSoC5\\cymetadata.c\000"
 2223      72617465 
 2223      645F536F 
 2223      75726365 
 2223      5C50536F 
 2224              		.ident	"GCC: (GNU Tools for ARM Embedded Processors) 5.4.1 20160609 (release) [ARM/embedded-5-bran
