ARM GAS  C:\Users\ANDREW~1\AppData\Local\Temp\ccxNhSpD.s 			page 1


   1              		.syntax unified
   2              		.cpu cortex-m3
   3              		.fpu softvfp
   4              		.eabi_attribute 20, 1
   5              		.eabi_attribute 21, 1
   6              		.eabi_attribute 23, 3
   7              		.eabi_attribute 24, 1
   8              		.eabi_attribute 25, 1
   9              		.eabi_attribute 26, 1
  10              		.eabi_attribute 30, 1
  11              		.eabi_attribute 34, 1
  12              		.eabi_attribute 18, 4
  13              		.thumb
  14              		.syntax unified
  15              		.file	"Colour_Sensor.c"
  16              		.text
  17              	.Ltext0:
  18              		.cfi_sections	.debug_frame
  19              		.section	.text.colour_sensor_isr,"ax",%progbits
  20              		.align	2
  21              		.global	colour_sensor_isr
  22              		.thumb
  23              		.thumb_func
  24              		.type	colour_sensor_isr, %function
  25              	colour_sensor_isr:
  26              	.LFB66:
  27              		.file 1 "Colour_Sensor.c"
   1:Colour_Sensor.c **** /* ========================================
   2:Colour_Sensor.c ****  *
   3:Colour_Sensor.c ****  * Copyright YOUR COMPANY, THE YEAR
   4:Colour_Sensor.c ****  * All Rights Reserved
   5:Colour_Sensor.c ****  * UNPUBLISHED, LICENSED SOFTWARE.
   6:Colour_Sensor.c ****  *
   7:Colour_Sensor.c ****  * CONFIDENTIAL AND PROPRIETARY INFORMATION
   8:Colour_Sensor.c ****  * WHICH IS THE PROPERTY OF your company.
   9:Colour_Sensor.c ****  *
  10:Colour_Sensor.c ****  * ========================================
  11:Colour_Sensor.c **** */
  12:Colour_Sensor.c **** #include "project.h" // PSoC Creator generated header for project-specific definitions
  13:Colour_Sensor.c **** #include <stdbool.h>
  14:Colour_Sensor.c **** #include <stdio.h>
  15:Colour_Sensor.c **** 
  16:Colour_Sensor.c **** #include "Colour_Sensor.h"
  17:Colour_Sensor.c **** 
  18:Colour_Sensor.c **** 
  19:Colour_Sensor.c **** 
  20:Colour_Sensor.c **** uint32 map(uint32 x, uint32 in_min, uint32 in_max, uint32 out_min, uint32 out_max) {
  21:Colour_Sensor.c ****     // limit output to 0 or 255 when it is out of desired range
  22:Colour_Sensor.c ****     if (x <=in_min) return out_min;
  23:Colour_Sensor.c ****     else if (x >=in_max) return out_max;
  24:Colour_Sensor.c ****     
  25:Colour_Sensor.c ****     return (x - in_min) * (out_max - out_min) / (in_max - in_min) + out_min;
  26:Colour_Sensor.c **** }
  27:Colour_Sensor.c **** 
  28:Colour_Sensor.c **** 
  29:Colour_Sensor.c **** ///////////////////////////////////////////////////////////////////////////////////////////////////
  30:Colour_Sensor.c **** // Colour sensor functions
ARM GAS  C:\Users\ANDREW~1\AppData\Local\Temp\ccxNhSpD.s 			page 2


  31:Colour_Sensor.c **** void Colour_Sensor_Setup()
  32:Colour_Sensor.c **** {
  33:Colour_Sensor.c ****     // Colour sensor setup
  34:Colour_Sensor.c ****     Pulse_counter_Start();
  35:Colour_Sensor.c ****     Count7_10ms_Start();
  36:Colour_Sensor.c ****     freq_isr_ClearPending(); 
  37:Colour_Sensor.c ****     freq_isr_StartEx(colour_sensor_isr);
  38:Colour_Sensor.c **** }
  39:Colour_Sensor.c **** 
  40:Colour_Sensor.c **** 
  41:Colour_Sensor.c **** 
  42:Colour_Sensor.c **** uint32 value = 0;
  43:Colour_Sensor.c **** bool colour_sensor_ready = 0;
  44:Colour_Sensor.c **** CY_ISR(colour_sensor_isr){
  28              		.loc 1 44 0
  29              		.cfi_startproc
  30              		@ args = 0, pretend = 0, frame = 0
  31              		@ frame_needed = 0, uses_anonymous_args = 0
  32 0000 08B5     		push	{r3, lr}
  33              		.cfi_def_cfa_offset 8
  34              		.cfi_offset 3, -8
  35              		.cfi_offset 14, -4
  45:Colour_Sensor.c ****     value= Pulse_counter_ReadCounter();
  36              		.loc 1 45 0
  37 0002 FFF7FEFF 		bl	Pulse_counter_ReadCounter
  38              	.LVL0:
  39 0006 024B     		ldr	r3, .L3
  40 0008 1860     		str	r0, [r3]
  46:Colour_Sensor.c ****     colour_sensor_ready =1;
  41              		.loc 1 46 0
  42 000a 0122     		movs	r2, #1
  43 000c 1A71     		strb	r2, [r3, #4]
  44 000e 08BD     		pop	{r3, pc}
  45              	.L4:
  46              		.align	2
  47              	.L3:
  48 0010 00000000 		.word	.LANCHOR0
  49              		.cfi_endproc
  50              	.LFE66:
  51              		.size	colour_sensor_isr, .-colour_sensor_isr
  52              		.section	.text.map,"ax",%progbits
  53              		.align	2
  54              		.global	map
  55              		.thumb
  56              		.thumb_func
  57              		.type	map, %function
  58              	map:
  59              	.LFB64:
  20:Colour_Sensor.c ****     // limit output to 0 or 255 when it is out of desired range
  60              		.loc 1 20 0
  61              		.cfi_startproc
  62              		@ args = 4, pretend = 0, frame = 0
  63              		@ frame_needed = 0, uses_anonymous_args = 0
  64              		@ link register save eliminated.
  65              	.LVL1:
  22:Colour_Sensor.c ****     else if (x >=in_max) return out_max;
  66              		.loc 1 22 0
ARM GAS  C:\Users\ANDREW~1\AppData\Local\Temp\ccxNhSpD.s 			page 3


  67 0000 8842     		cmp	r0, r1
  68 0002 0CD9     		bls	.L7
  20:Colour_Sensor.c ****     // limit output to 0 or 255 when it is out of desired range
  69              		.loc 1 20 0
  70 0004 10B4     		push	{r4}
  71              		.cfi_def_cfa_offset 4
  72              		.cfi_offset 4, -4
  23:Colour_Sensor.c ****     
  73              		.loc 1 23 0
  74 0006 9042     		cmp	r0, r2
  75 0008 0BD2     		bcs	.L8
  25:Colour_Sensor.c **** }
  76              		.loc 1 25 0
  77 000a 401A     		subs	r0, r0, r1
  78              	.LVL2:
  79 000c 019C     		ldr	r4, [sp, #4]
  80 000e E41A     		subs	r4, r4, r3
  81 0010 04FB00F0 		mul	r0, r4, r0
  82 0014 511A     		subs	r1, r2, r1
  83              	.LVL3:
  84 0016 B0FBF1F1 		udiv	r1, r0, r1
  85 001a 5818     		adds	r0, r3, r1
  86 001c 02E0     		b	.L6
  87              	.LVL4:
  88              	.L7:
  89              		.cfi_def_cfa_offset 0
  90              		.cfi_restore 4
  22:Colour_Sensor.c ****     else if (x >=in_max) return out_max;
  91              		.loc 1 22 0
  92 001e 1846     		mov	r0, r3
  93              	.LVL5:
  26:Colour_Sensor.c **** 
  94              		.loc 1 26 0
  95 0020 7047     		bx	lr
  96              	.LVL6:
  97              	.L8:
  98              		.cfi_def_cfa_offset 4
  99              		.cfi_offset 4, -4
  23:Colour_Sensor.c ****     
 100              		.loc 1 23 0
 101 0022 0198     		ldr	r0, [sp, #4]
 102              	.LVL7:
 103              	.L6:
  26:Colour_Sensor.c **** 
 104              		.loc 1 26 0
 105 0024 10BC     		pop	{r4}
 106              		.cfi_restore 4
 107              		.cfi_def_cfa_offset 0
 108              	.LVL8:
 109 0026 7047     		bx	lr
 110              		.cfi_endproc
 111              	.LFE64:
 112              		.size	map, .-map
 113              		.section	.text.Colour_Sensor_Setup,"ax",%progbits
 114              		.align	2
 115              		.global	Colour_Sensor_Setup
 116              		.thumb
ARM GAS  C:\Users\ANDREW~1\AppData\Local\Temp\ccxNhSpD.s 			page 4


 117              		.thumb_func
 118              		.type	Colour_Sensor_Setup, %function
 119              	Colour_Sensor_Setup:
 120              	.LFB65:
  32:Colour_Sensor.c ****     // Colour sensor setup
 121              		.loc 1 32 0
 122              		.cfi_startproc
 123              		@ args = 0, pretend = 0, frame = 0
 124              		@ frame_needed = 0, uses_anonymous_args = 0
 125 0000 08B5     		push	{r3, lr}
 126              		.cfi_def_cfa_offset 8
 127              		.cfi_offset 3, -8
 128              		.cfi_offset 14, -4
  34:Colour_Sensor.c ****     Count7_10ms_Start();
 129              		.loc 1 34 0
 130 0002 FFF7FEFF 		bl	Pulse_counter_Start
 131              	.LVL9:
  35:Colour_Sensor.c ****     freq_isr_ClearPending(); 
 132              		.loc 1 35 0
 133 0006 FFF7FEFF 		bl	Count7_10ms_Start
 134              	.LVL10:
  36:Colour_Sensor.c ****     freq_isr_StartEx(colour_sensor_isr);
 135              		.loc 1 36 0
 136 000a FFF7FEFF 		bl	freq_isr_ClearPending
 137              	.LVL11:
  37:Colour_Sensor.c **** }
 138              		.loc 1 37 0
 139 000e 0248     		ldr	r0, .L12
 140 0010 FFF7FEFF 		bl	freq_isr_StartEx
 141              	.LVL12:
 142 0014 08BD     		pop	{r3, pc}
 143              	.L13:
 144 0016 00BF     		.align	2
 145              	.L12:
 146 0018 00000000 		.word	colour_sensor_isr
 147              		.cfi_endproc
 148              	.LFE65:
 149              		.size	Colour_Sensor_Setup, .-Colour_Sensor_Setup
 150              		.section	.text.colourSensor_Single_Scan,"ax",%progbits
 151              		.align	2
 152              		.global	colourSensor_Single_Scan
 153              		.thumb
 154              		.thumb_func
 155              		.type	colourSensor_Single_Scan, %function
 156              	colourSensor_Single_Scan:
 157              	.LFB67:
  47:Colour_Sensor.c ****     
  48:Colour_Sensor.c **** }
  49:Colour_Sensor.c **** 
  50:Colour_Sensor.c **** uint32 colourSensor_Single_Scan(int S2,int S3)
  51:Colour_Sensor.c **** {
 158              		.loc 1 51 0
 159              		.cfi_startproc
 160              		@ args = 0, pretend = 0, frame = 0
 161              		@ frame_needed = 0, uses_anonymous_args = 0
 162              	.LVL13:
 163 0000 38B5     		push	{r3, r4, r5, lr}
ARM GAS  C:\Users\ANDREW~1\AppData\Local\Temp\ccxNhSpD.s 			page 5


 164              		.cfi_def_cfa_offset 16
 165              		.cfi_offset 3, -16
 166              		.cfi_offset 4, -12
 167              		.cfi_offset 5, -8
 168              		.cfi_offset 14, -4
 169 0002 0546     		mov	r5, r0
 170 0004 0C46     		mov	r4, r1
  52:Colour_Sensor.c ****     Control_Reg_1_Write(1);
 171              		.loc 1 52 0
 172 0006 0120     		movs	r0, #1
 173              	.LVL14:
 174 0008 FFF7FEFF 		bl	Control_Reg_1_Write
 175              	.LVL15:
  53:Colour_Sensor.c ****     
  54:Colour_Sensor.c ****     ColourSensor_S2_Write(S2);
 176              		.loc 1 54 0
 177 000c E8B2     		uxtb	r0, r5
 178 000e FFF7FEFF 		bl	ColourSensor_S2_Write
 179              	.LVL16:
  55:Colour_Sensor.c ****     ColourSensor_S3_Write(S3);
 180              		.loc 1 55 0
 181 0012 E0B2     		uxtb	r0, r4
 182 0014 FFF7FEFF 		bl	ColourSensor_S3_Write
 183              	.LVL17:
  56:Colour_Sensor.c ****     colour_sensor_ready =0;
 184              		.loc 1 56 0
 185 0018 0024     		movs	r4, #0
 186              	.LVL18:
 187 001a 094B     		ldr	r3, .L17
 188 001c 1C71     		strb	r4, [r3, #4]
  57:Colour_Sensor.c ****     
  58:Colour_Sensor.c ****     CyDelay(5);
 189              		.loc 1 58 0
 190 001e 0520     		movs	r0, #5
 191 0020 FFF7FEFF 		bl	CyDelay
 192              	.LVL19:
  59:Colour_Sensor.c ****     Control_Reg_1_Write(0);
 193              		.loc 1 59 0
 194 0024 2046     		mov	r0, r4
 195 0026 FFF7FEFF 		bl	Control_Reg_1_Write
 196              	.LVL20:
 197              	.L15:
  60:Colour_Sensor.c ****     
  61:Colour_Sensor.c ****     while(colour_sensor_ready==0)
 198              		.loc 1 61 0 discriminator 1
 199 002a 054B     		ldr	r3, .L17
 200 002c 1B79     		ldrb	r3, [r3, #4]	@ zero_extendqisi2
 201 002e 002B     		cmp	r3, #0
 202 0030 FBD0     		beq	.L15
  62:Colour_Sensor.c ****     {
  63:Colour_Sensor.c ****         // there is an expected 10ms dead zone here
  64:Colour_Sensor.c ****     }
  65:Colour_Sensor.c ****     CyDelay(10);
 203              		.loc 1 65 0
 204 0032 0A20     		movs	r0, #10
 205 0034 FFF7FEFF 		bl	CyDelay
 206              	.LVL21:
ARM GAS  C:\Users\ANDREW~1\AppData\Local\Temp\ccxNhSpD.s 			page 6


  66:Colour_Sensor.c ****     return value;
  67:Colour_Sensor.c **** }
 207              		.loc 1 67 0
 208 0038 014B     		ldr	r3, .L17
 209 003a 1868     		ldr	r0, [r3]
 210 003c 38BD     		pop	{r3, r4, r5, pc}
 211              	.LVL22:
 212              	.L18:
 213 003e 00BF     		.align	2
 214              	.L17:
 215 0040 00000000 		.word	.LANCHOR0
 216              		.cfi_endproc
 217              	.LFE67:
 218              		.size	colourSensor_Single_Scan, .-colourSensor_Single_Scan
 219              		.global	colour_sensor_ready
 220              		.global	value
 221              		.bss
 222              		.align	2
 223              		.set	.LANCHOR0,. + 0
 224              		.type	value, %object
 225              		.size	value, 4
 226              	value:
 227 0000 00000000 		.space	4
 228              		.type	colour_sensor_ready, %object
 229              		.size	colour_sensor_ready, 1
 230              	colour_sensor_ready:
 231 0004 00       		.space	1
 232              		.text
 233              	.Letext0:
 234              		.file 2 "d:\\monash_apps\\psoc creator\\4.4\\psoc creator\\import\\gnu\\arm\\5.4.1\\arm-none-eabi\
 235              		.file 3 "d:\\monash_apps\\psoc creator\\4.4\\psoc creator\\import\\gnu\\arm\\5.4.1\\arm-none-eabi\
 236              		.file 4 "Generated_Source\\PSoC5/cytypes.h"
 237              		.file 5 "Generated_Source\\PSoC5/core_cm3.h"
 238              		.file 6 "Generated_Source\\PSoC5/Pulse_counter.h"
 239              		.file 7 "Generated_Source\\PSoC5/Count7_10ms.h"
 240              		.file 8 "Generated_Source\\PSoC5/freq_isr.h"
 241              		.file 9 "Generated_Source\\PSoC5/Control_Reg_1.h"
 242              		.file 10 "Generated_Source\\PSoC5/ColourSensor_S2.h"
 243              		.file 11 "Generated_Source\\PSoC5/ColourSensor_S3.h"
 244              		.file 12 "Generated_Source\\PSoC5/CyLib.h"
 245              		.section	.debug_info,"",%progbits
 246              	.Ldebug_info0:
 247 0000 B3020000 		.4byte	0x2b3
 248 0004 0400     		.2byte	0x4
 249 0006 00000000 		.4byte	.Ldebug_abbrev0
 250 000a 04       		.byte	0x4
 251 000b 01       		.uleb128 0x1
 252 000c EA000000 		.4byte	.LASF35
 253 0010 0C       		.byte	0xc
 254 0011 8B020000 		.4byte	.LASF36
 255 0015 52000000 		.4byte	.LASF37
 256 0019 00000000 		.4byte	.Ldebug_ranges0+0
 257 001d 00000000 		.4byte	0
 258 0021 00000000 		.4byte	.Ldebug_line0
 259 0025 02       		.uleb128 0x2
 260 0026 01       		.byte	0x1
 261 0027 06       		.byte	0x6
ARM GAS  C:\Users\ANDREW~1\AppData\Local\Temp\ccxNhSpD.s 			page 7


 262 0028 D8020000 		.4byte	.LASF0
 263 002c 02       		.uleb128 0x2
 264 002d 01       		.byte	0x1
 265 002e 08       		.byte	0x8
 266 002f DC000000 		.4byte	.LASF1
 267 0033 02       		.uleb128 0x2
 268 0034 02       		.byte	0x2
 269 0035 05       		.byte	0x5
 270 0036 CD010000 		.4byte	.LASF2
 271 003a 02       		.uleb128 0x2
 272 003b 02       		.byte	0x2
 273 003c 07       		.byte	0x7
 274 003d 7F010000 		.4byte	.LASF3
 275 0041 03       		.uleb128 0x3
 276 0042 48000000 		.4byte	.LASF9
 277 0046 02       		.byte	0x2
 278 0047 3F       		.byte	0x3f
 279 0048 4C000000 		.4byte	0x4c
 280 004c 02       		.uleb128 0x2
 281 004d 04       		.byte	0x4
 282 004e 05       		.byte	0x5
 283 004f C3020000 		.4byte	.LASF4
 284 0053 02       		.uleb128 0x2
 285 0054 04       		.byte	0x4
 286 0055 07       		.byte	0x7
 287 0056 BB010000 		.4byte	.LASF5
 288 005a 02       		.uleb128 0x2
 289 005b 08       		.byte	0x8
 290 005c 05       		.byte	0x5
 291 005d 49020000 		.4byte	.LASF6
 292 0061 02       		.uleb128 0x2
 293 0062 08       		.byte	0x8
 294 0063 07       		.byte	0x7
 295 0064 C5000000 		.4byte	.LASF7
 296 0068 04       		.uleb128 0x4
 297 0069 04       		.byte	0x4
 298 006a 05       		.byte	0x5
 299 006b 696E7400 		.ascii	"int\000"
 300 006f 02       		.uleb128 0x2
 301 0070 04       		.byte	0x4
 302 0071 07       		.byte	0x7
 303 0072 F0010000 		.4byte	.LASF8
 304 0076 03       		.uleb128 0x3
 305 0077 22020000 		.4byte	.LASF10
 306 007b 03       		.byte	0x3
 307 007c 2C       		.byte	0x2c
 308 007d 41000000 		.4byte	0x41
 309 0081 05       		.uleb128 0x5
 310 0082 D7010000 		.4byte	.LASF11
 311 0086 04       		.byte	0x4
 312 0087 EA01     		.2byte	0x1ea
 313 0089 53000000 		.4byte	0x53
 314 008d 02       		.uleb128 0x2
 315 008e 04       		.byte	0x4
 316 008f 04       		.byte	0x4
 317 0090 BF000000 		.4byte	.LASF12
 318 0094 02       		.uleb128 0x2
ARM GAS  C:\Users\ANDREW~1\AppData\Local\Temp\ccxNhSpD.s 			page 8


 319 0095 08       		.byte	0x8
 320 0096 04       		.byte	0x4
 321 0097 A9000000 		.4byte	.LASF13
 322 009b 02       		.uleb128 0x2
 323 009c 01       		.byte	0x1
 324 009d 08       		.byte	0x8
 325 009e 70020000 		.4byte	.LASF14
 326 00a2 02       		.uleb128 0x2
 327 00a3 08       		.byte	0x8
 328 00a4 04       		.byte	0x4
 329 00a5 CC020000 		.4byte	.LASF15
 330 00a9 02       		.uleb128 0x2
 331 00aa 04       		.byte	0x4
 332 00ab 07       		.byte	0x7
 333 00ac 40020000 		.4byte	.LASF16
 334 00b0 06       		.uleb128 0x6
 335 00b1 DE010000 		.4byte	.LASF38
 336 00b5 01       		.byte	0x1
 337 00b6 2C       		.byte	0x2c
 338 00b7 00000000 		.4byte	.LFB66
 339 00bb 14000000 		.4byte	.LFE66-.LFB66
 340 00bf 01       		.uleb128 0x1
 341 00c0 9C       		.byte	0x9c
 342 00c1 CF000000 		.4byte	0xcf
 343 00c5 07       		.uleb128 0x7
 344 00c6 06000000 		.4byte	.LVL0
 345 00ca 53020000 		.4byte	0x253
 346 00ce 00       		.byte	0
 347 00cf 08       		.uleb128 0x8
 348 00d0 6D617000 		.ascii	"map\000"
 349 00d4 01       		.byte	0x1
 350 00d5 14       		.byte	0x14
 351 00d6 81000000 		.4byte	0x81
 352 00da 00000000 		.4byte	.LFB64
 353 00de 28000000 		.4byte	.LFE64-.LFB64
 354 00e2 01       		.uleb128 0x1
 355 00e3 9C       		.byte	0x9c
 356 00e4 2E010000 		.4byte	0x12e
 357 00e8 09       		.uleb128 0x9
 358 00e9 7800     		.ascii	"x\000"
 359 00eb 01       		.byte	0x1
 360 00ec 14       		.byte	0x14
 361 00ed 81000000 		.4byte	0x81
 362 00f1 00000000 		.4byte	.LLST0
 363 00f5 0A       		.uleb128 0xa
 364 00f6 78010000 		.4byte	.LASF17
 365 00fa 01       		.byte	0x1
 366 00fb 14       		.byte	0x14
 367 00fc 81000000 		.4byte	0x81
 368 0100 53000000 		.4byte	.LLST1
 369 0104 0B       		.uleb128 0xb
 370 0105 B0000000 		.4byte	.LASF18
 371 0109 01       		.byte	0x1
 372 010a 14       		.byte	0x14
 373 010b 81000000 		.4byte	0x81
 374 010f 01       		.uleb128 0x1
 375 0110 52       		.byte	0x52
ARM GAS  C:\Users\ANDREW~1\AppData\Local\Temp\ccxNhSpD.s 			page 9


 376 0111 0B       		.uleb128 0xb
 377 0112 92010000 		.4byte	.LASF19
 378 0116 01       		.byte	0x1
 379 0117 14       		.byte	0x14
 380 0118 81000000 		.4byte	0x81
 381 011c 01       		.uleb128 0x1
 382 011d 53       		.byte	0x53
 383 011e 0A       		.uleb128 0xa
 384 011f B7000000 		.4byte	.LASF20
 385 0123 01       		.byte	0x1
 386 0124 14       		.byte	0x14
 387 0125 81000000 		.4byte	0x81
 388 0129 8D000000 		.4byte	.LLST2
 389 012d 00       		.byte	0
 390 012e 0C       		.uleb128 0xc
 391 012f A7010000 		.4byte	.LASF39
 392 0133 01       		.byte	0x1
 393 0134 1F       		.byte	0x1f
 394 0135 00000000 		.4byte	.LFB65
 395 0139 1C000000 		.4byte	.LFE65-.LFB65
 396 013d 01       		.uleb128 0x1
 397 013e 9C       		.byte	0x9c
 398 013f 72010000 		.4byte	0x172
 399 0143 07       		.uleb128 0x7
 400 0144 06000000 		.4byte	.LVL9
 401 0148 5E020000 		.4byte	0x25e
 402 014c 07       		.uleb128 0x7
 403 014d 0A000000 		.4byte	.LVL10
 404 0151 69020000 		.4byte	0x269
 405 0155 07       		.uleb128 0x7
 406 0156 0E000000 		.4byte	.LVL11
 407 015a 74020000 		.4byte	0x274
 408 015e 0D       		.uleb128 0xd
 409 015f 14000000 		.4byte	.LVL12
 410 0163 7F020000 		.4byte	0x27f
 411 0167 0E       		.uleb128 0xe
 412 0168 01       		.uleb128 0x1
 413 0169 50       		.byte	0x50
 414 016a 05       		.uleb128 0x5
 415 016b 03       		.byte	0x3
 416 016c 00000000 		.4byte	colour_sensor_isr
 417 0170 00       		.byte	0
 418 0171 00       		.byte	0
 419 0172 0F       		.uleb128 0xf
 420 0173 57020000 		.4byte	.LASF21
 421 0177 01       		.byte	0x1
 422 0178 32       		.byte	0x32
 423 0179 81000000 		.4byte	0x81
 424 017d 00000000 		.4byte	.LFB67
 425 0181 44000000 		.4byte	.LFE67-.LFB67
 426 0185 01       		.uleb128 0x1
 427 0186 9C       		.byte	0x9c
 428 0187 19020000 		.4byte	0x219
 429 018b 09       		.uleb128 0x9
 430 018c 533200   		.ascii	"S2\000"
 431 018f 01       		.byte	0x1
 432 0190 32       		.byte	0x32
ARM GAS  C:\Users\ANDREW~1\AppData\Local\Temp\ccxNhSpD.s 			page 10


 433 0191 68000000 		.4byte	0x68
 434 0195 AD000000 		.4byte	.LLST3
 435 0199 09       		.uleb128 0x9
 436 019a 533300   		.ascii	"S3\000"
 437 019d 01       		.byte	0x1
 438 019e 32       		.byte	0x32
 439 019f 68000000 		.4byte	0x68
 440 01a3 D9000000 		.4byte	.LLST4
 441 01a7 10       		.uleb128 0x10
 442 01a8 0C000000 		.4byte	.LVL15
 443 01ac 8A020000 		.4byte	0x28a
 444 01b0 BA010000 		.4byte	0x1ba
 445 01b4 0E       		.uleb128 0xe
 446 01b5 01       		.uleb128 0x1
 447 01b6 50       		.byte	0x50
 448 01b7 01       		.uleb128 0x1
 449 01b8 31       		.byte	0x31
 450 01b9 00       		.byte	0
 451 01ba 10       		.uleb128 0x10
 452 01bb 12000000 		.4byte	.LVL16
 453 01bf 95020000 		.4byte	0x295
 454 01c3 CE010000 		.4byte	0x1ce
 455 01c7 0E       		.uleb128 0xe
 456 01c8 01       		.uleb128 0x1
 457 01c9 50       		.byte	0x50
 458 01ca 02       		.uleb128 0x2
 459 01cb 75       		.byte	0x75
 460 01cc 00       		.sleb128 0
 461 01cd 00       		.byte	0
 462 01ce 10       		.uleb128 0x10
 463 01cf 18000000 		.4byte	.LVL17
 464 01d3 A0020000 		.4byte	0x2a0
 465 01d7 E2010000 		.4byte	0x1e2
 466 01db 0E       		.uleb128 0xe
 467 01dc 01       		.uleb128 0x1
 468 01dd 50       		.byte	0x50
 469 01de 02       		.uleb128 0x2
 470 01df 74       		.byte	0x74
 471 01e0 00       		.sleb128 0
 472 01e1 00       		.byte	0
 473 01e2 10       		.uleb128 0x10
 474 01e3 24000000 		.4byte	.LVL19
 475 01e7 AB020000 		.4byte	0x2ab
 476 01eb F5010000 		.4byte	0x1f5
 477 01ef 0E       		.uleb128 0xe
 478 01f0 01       		.uleb128 0x1
 479 01f1 50       		.byte	0x50
 480 01f2 01       		.uleb128 0x1
 481 01f3 35       		.byte	0x35
 482 01f4 00       		.byte	0
 483 01f5 10       		.uleb128 0x10
 484 01f6 2A000000 		.4byte	.LVL20
 485 01fa 8A020000 		.4byte	0x28a
 486 01fe 09020000 		.4byte	0x209
 487 0202 0E       		.uleb128 0xe
 488 0203 01       		.uleb128 0x1
 489 0204 50       		.byte	0x50
ARM GAS  C:\Users\ANDREW~1\AppData\Local\Temp\ccxNhSpD.s 			page 11


 490 0205 02       		.uleb128 0x2
 491 0206 74       		.byte	0x74
 492 0207 00       		.sleb128 0
 493 0208 00       		.byte	0
 494 0209 0D       		.uleb128 0xd
 495 020a 38000000 		.4byte	.LVL21
 496 020e AB020000 		.4byte	0x2ab
 497 0212 0E       		.uleb128 0xe
 498 0213 01       		.uleb128 0x1
 499 0214 50       		.byte	0x50
 500 0215 01       		.uleb128 0x1
 501 0216 3A       		.byte	0x3a
 502 0217 00       		.byte	0
 503 0218 00       		.byte	0
 504 0219 11       		.uleb128 0x11
 505 021a 9A010000 		.4byte	.LASF22
 506 021e 05       		.byte	0x5
 507 021f 1207     		.2byte	0x712
 508 0221 25020000 		.4byte	0x225
 509 0225 12       		.uleb128 0x12
 510 0226 76000000 		.4byte	0x76
 511 022a 13       		.uleb128 0x13
 512 022b 42000000 		.4byte	.LASF23
 513 022f 01       		.byte	0x1
 514 0230 2A       		.byte	0x2a
 515 0231 81000000 		.4byte	0x81
 516 0235 05       		.uleb128 0x5
 517 0236 03       		.byte	0x3
 518 0237 00000000 		.4byte	value
 519 023b 13       		.uleb128 0x13
 520 023c 00000000 		.4byte	.LASF24
 521 0240 01       		.byte	0x1
 522 0241 2B       		.byte	0x2b
 523 0242 4C020000 		.4byte	0x24c
 524 0246 05       		.uleb128 0x5
 525 0247 03       		.byte	0x3
 526 0248 00000000 		.4byte	colour_sensor_ready
 527 024c 02       		.uleb128 0x2
 528 024d 01       		.byte	0x1
 529 024e 02       		.byte	0x2
 530 024f E4020000 		.4byte	.LASF25
 531 0253 14       		.uleb128 0x14
 532 0254 14000000 		.4byte	.LASF26
 533 0258 14000000 		.4byte	.LASF26
 534 025c 06       		.byte	0x6
 535 025d 5D       		.byte	0x5d
 536 025e 14       		.uleb128 0x14
 537 025f 2E000000 		.4byte	.LASF27
 538 0263 2E000000 		.4byte	.LASF27
 539 0267 06       		.byte	0x6
 540 0268 4F       		.byte	0x4f
 541 0269 14       		.uleb128 0x14
 542 026a 9B020000 		.4byte	.LASF28
 543 026e 9B020000 		.4byte	.LASF28
 544 0272 07       		.byte	0x7
 545 0273 26       		.byte	0x26
 546 0274 14       		.uleb128 0x14
ARM GAS  C:\Users\ANDREW~1\AppData\Local\Temp\ccxNhSpD.s 			page 12


 547 0275 AD020000 		.4byte	.LASF29
 548 0279 AD020000 		.4byte	.LASF29
 549 027d 08       		.byte	0x8
 550 027e 28       		.byte	0x28
 551 027f 14       		.uleb128 0x14
 552 0280 FD010000 		.4byte	.LASF30
 553 0284 FD010000 		.4byte	.LASF30
 554 0288 08       		.byte	0x8
 555 0289 18       		.byte	0x18
 556 028a 14       		.uleb128 0x14
 557 028b 0E020000 		.4byte	.LASF31
 558 028f 0E020000 		.4byte	.LASF31
 559 0293 09       		.byte	0x9
 560 0294 2F       		.byte	0x2f
 561 0295 14       		.uleb128 0x14
 562 0296 2A020000 		.4byte	.LASF32
 563 029a 2A020000 		.4byte	.LASF32
 564 029e 0A       		.byte	0xa
 565 029f 26       		.byte	0x26
 566 02a0 14       		.uleb128 0x14
 567 02a1 75020000 		.4byte	.LASF33
 568 02a5 75020000 		.4byte	.LASF33
 569 02a9 0B       		.byte	0xb
 570 02aa 26       		.byte	0x26
 571 02ab 14       		.uleb128 0x14
 572 02ac EA020000 		.4byte	.LASF34
 573 02b0 EA020000 		.4byte	.LASF34
 574 02b4 0C       		.byte	0xc
 575 02b5 76       		.byte	0x76
 576 02b6 00       		.byte	0
 577              		.section	.debug_abbrev,"",%progbits
 578              	.Ldebug_abbrev0:
 579 0000 01       		.uleb128 0x1
 580 0001 11       		.uleb128 0x11
 581 0002 01       		.byte	0x1
 582 0003 25       		.uleb128 0x25
 583 0004 0E       		.uleb128 0xe
 584 0005 13       		.uleb128 0x13
 585 0006 0B       		.uleb128 0xb
 586 0007 03       		.uleb128 0x3
 587 0008 0E       		.uleb128 0xe
 588 0009 1B       		.uleb128 0x1b
 589 000a 0E       		.uleb128 0xe
 590 000b 55       		.uleb128 0x55
 591 000c 17       		.uleb128 0x17
 592 000d 11       		.uleb128 0x11
 593 000e 01       		.uleb128 0x1
 594 000f 10       		.uleb128 0x10
 595 0010 17       		.uleb128 0x17
 596 0011 00       		.byte	0
 597 0012 00       		.byte	0
 598 0013 02       		.uleb128 0x2
 599 0014 24       		.uleb128 0x24
 600 0015 00       		.byte	0
 601 0016 0B       		.uleb128 0xb
 602 0017 0B       		.uleb128 0xb
 603 0018 3E       		.uleb128 0x3e
ARM GAS  C:\Users\ANDREW~1\AppData\Local\Temp\ccxNhSpD.s 			page 13


 604 0019 0B       		.uleb128 0xb
 605 001a 03       		.uleb128 0x3
 606 001b 0E       		.uleb128 0xe
 607 001c 00       		.byte	0
 608 001d 00       		.byte	0
 609 001e 03       		.uleb128 0x3
 610 001f 16       		.uleb128 0x16
 611 0020 00       		.byte	0
 612 0021 03       		.uleb128 0x3
 613 0022 0E       		.uleb128 0xe
 614 0023 3A       		.uleb128 0x3a
 615 0024 0B       		.uleb128 0xb
 616 0025 3B       		.uleb128 0x3b
 617 0026 0B       		.uleb128 0xb
 618 0027 49       		.uleb128 0x49
 619 0028 13       		.uleb128 0x13
 620 0029 00       		.byte	0
 621 002a 00       		.byte	0
 622 002b 04       		.uleb128 0x4
 623 002c 24       		.uleb128 0x24
 624 002d 00       		.byte	0
 625 002e 0B       		.uleb128 0xb
 626 002f 0B       		.uleb128 0xb
 627 0030 3E       		.uleb128 0x3e
 628 0031 0B       		.uleb128 0xb
 629 0032 03       		.uleb128 0x3
 630 0033 08       		.uleb128 0x8
 631 0034 00       		.byte	0
 632 0035 00       		.byte	0
 633 0036 05       		.uleb128 0x5
 634 0037 16       		.uleb128 0x16
 635 0038 00       		.byte	0
 636 0039 03       		.uleb128 0x3
 637 003a 0E       		.uleb128 0xe
 638 003b 3A       		.uleb128 0x3a
 639 003c 0B       		.uleb128 0xb
 640 003d 3B       		.uleb128 0x3b
 641 003e 05       		.uleb128 0x5
 642 003f 49       		.uleb128 0x49
 643 0040 13       		.uleb128 0x13
 644 0041 00       		.byte	0
 645 0042 00       		.byte	0
 646 0043 06       		.uleb128 0x6
 647 0044 2E       		.uleb128 0x2e
 648 0045 01       		.byte	0x1
 649 0046 3F       		.uleb128 0x3f
 650 0047 19       		.uleb128 0x19
 651 0048 03       		.uleb128 0x3
 652 0049 0E       		.uleb128 0xe
 653 004a 3A       		.uleb128 0x3a
 654 004b 0B       		.uleb128 0xb
 655 004c 3B       		.uleb128 0x3b
 656 004d 0B       		.uleb128 0xb
 657 004e 27       		.uleb128 0x27
 658 004f 19       		.uleb128 0x19
 659 0050 11       		.uleb128 0x11
 660 0051 01       		.uleb128 0x1
ARM GAS  C:\Users\ANDREW~1\AppData\Local\Temp\ccxNhSpD.s 			page 14


 661 0052 12       		.uleb128 0x12
 662 0053 06       		.uleb128 0x6
 663 0054 40       		.uleb128 0x40
 664 0055 18       		.uleb128 0x18
 665 0056 9742     		.uleb128 0x2117
 666 0058 19       		.uleb128 0x19
 667 0059 01       		.uleb128 0x1
 668 005a 13       		.uleb128 0x13
 669 005b 00       		.byte	0
 670 005c 00       		.byte	0
 671 005d 07       		.uleb128 0x7
 672 005e 898201   		.uleb128 0x4109
 673 0061 00       		.byte	0
 674 0062 11       		.uleb128 0x11
 675 0063 01       		.uleb128 0x1
 676 0064 31       		.uleb128 0x31
 677 0065 13       		.uleb128 0x13
 678 0066 00       		.byte	0
 679 0067 00       		.byte	0
 680 0068 08       		.uleb128 0x8
 681 0069 2E       		.uleb128 0x2e
 682 006a 01       		.byte	0x1
 683 006b 3F       		.uleb128 0x3f
 684 006c 19       		.uleb128 0x19
 685 006d 03       		.uleb128 0x3
 686 006e 08       		.uleb128 0x8
 687 006f 3A       		.uleb128 0x3a
 688 0070 0B       		.uleb128 0xb
 689 0071 3B       		.uleb128 0x3b
 690 0072 0B       		.uleb128 0xb
 691 0073 27       		.uleb128 0x27
 692 0074 19       		.uleb128 0x19
 693 0075 49       		.uleb128 0x49
 694 0076 13       		.uleb128 0x13
 695 0077 11       		.uleb128 0x11
 696 0078 01       		.uleb128 0x1
 697 0079 12       		.uleb128 0x12
 698 007a 06       		.uleb128 0x6
 699 007b 40       		.uleb128 0x40
 700 007c 18       		.uleb128 0x18
 701 007d 9742     		.uleb128 0x2117
 702 007f 19       		.uleb128 0x19
 703 0080 01       		.uleb128 0x1
 704 0081 13       		.uleb128 0x13
 705 0082 00       		.byte	0
 706 0083 00       		.byte	0
 707 0084 09       		.uleb128 0x9
 708 0085 05       		.uleb128 0x5
 709 0086 00       		.byte	0
 710 0087 03       		.uleb128 0x3
 711 0088 08       		.uleb128 0x8
 712 0089 3A       		.uleb128 0x3a
 713 008a 0B       		.uleb128 0xb
 714 008b 3B       		.uleb128 0x3b
 715 008c 0B       		.uleb128 0xb
 716 008d 49       		.uleb128 0x49
 717 008e 13       		.uleb128 0x13
ARM GAS  C:\Users\ANDREW~1\AppData\Local\Temp\ccxNhSpD.s 			page 15


 718 008f 02       		.uleb128 0x2
 719 0090 17       		.uleb128 0x17
 720 0091 00       		.byte	0
 721 0092 00       		.byte	0
 722 0093 0A       		.uleb128 0xa
 723 0094 05       		.uleb128 0x5
 724 0095 00       		.byte	0
 725 0096 03       		.uleb128 0x3
 726 0097 0E       		.uleb128 0xe
 727 0098 3A       		.uleb128 0x3a
 728 0099 0B       		.uleb128 0xb
 729 009a 3B       		.uleb128 0x3b
 730 009b 0B       		.uleb128 0xb
 731 009c 49       		.uleb128 0x49
 732 009d 13       		.uleb128 0x13
 733 009e 02       		.uleb128 0x2
 734 009f 17       		.uleb128 0x17
 735 00a0 00       		.byte	0
 736 00a1 00       		.byte	0
 737 00a2 0B       		.uleb128 0xb
 738 00a3 05       		.uleb128 0x5
 739 00a4 00       		.byte	0
 740 00a5 03       		.uleb128 0x3
 741 00a6 0E       		.uleb128 0xe
 742 00a7 3A       		.uleb128 0x3a
 743 00a8 0B       		.uleb128 0xb
 744 00a9 3B       		.uleb128 0x3b
 745 00aa 0B       		.uleb128 0xb
 746 00ab 49       		.uleb128 0x49
 747 00ac 13       		.uleb128 0x13
 748 00ad 02       		.uleb128 0x2
 749 00ae 18       		.uleb128 0x18
 750 00af 00       		.byte	0
 751 00b0 00       		.byte	0
 752 00b1 0C       		.uleb128 0xc
 753 00b2 2E       		.uleb128 0x2e
 754 00b3 01       		.byte	0x1
 755 00b4 3F       		.uleb128 0x3f
 756 00b5 19       		.uleb128 0x19
 757 00b6 03       		.uleb128 0x3
 758 00b7 0E       		.uleb128 0xe
 759 00b8 3A       		.uleb128 0x3a
 760 00b9 0B       		.uleb128 0xb
 761 00ba 3B       		.uleb128 0x3b
 762 00bb 0B       		.uleb128 0xb
 763 00bc 11       		.uleb128 0x11
 764 00bd 01       		.uleb128 0x1
 765 00be 12       		.uleb128 0x12
 766 00bf 06       		.uleb128 0x6
 767 00c0 40       		.uleb128 0x40
 768 00c1 18       		.uleb128 0x18
 769 00c2 9742     		.uleb128 0x2117
 770 00c4 19       		.uleb128 0x19
 771 00c5 01       		.uleb128 0x1
 772 00c6 13       		.uleb128 0x13
 773 00c7 00       		.byte	0
 774 00c8 00       		.byte	0
ARM GAS  C:\Users\ANDREW~1\AppData\Local\Temp\ccxNhSpD.s 			page 16


 775 00c9 0D       		.uleb128 0xd
 776 00ca 898201   		.uleb128 0x4109
 777 00cd 01       		.byte	0x1
 778 00ce 11       		.uleb128 0x11
 779 00cf 01       		.uleb128 0x1
 780 00d0 31       		.uleb128 0x31
 781 00d1 13       		.uleb128 0x13
 782 00d2 00       		.byte	0
 783 00d3 00       		.byte	0
 784 00d4 0E       		.uleb128 0xe
 785 00d5 8A8201   		.uleb128 0x410a
 786 00d8 00       		.byte	0
 787 00d9 02       		.uleb128 0x2
 788 00da 18       		.uleb128 0x18
 789 00db 9142     		.uleb128 0x2111
 790 00dd 18       		.uleb128 0x18
 791 00de 00       		.byte	0
 792 00df 00       		.byte	0
 793 00e0 0F       		.uleb128 0xf
 794 00e1 2E       		.uleb128 0x2e
 795 00e2 01       		.byte	0x1
 796 00e3 3F       		.uleb128 0x3f
 797 00e4 19       		.uleb128 0x19
 798 00e5 03       		.uleb128 0x3
 799 00e6 0E       		.uleb128 0xe
 800 00e7 3A       		.uleb128 0x3a
 801 00e8 0B       		.uleb128 0xb
 802 00e9 3B       		.uleb128 0x3b
 803 00ea 0B       		.uleb128 0xb
 804 00eb 27       		.uleb128 0x27
 805 00ec 19       		.uleb128 0x19
 806 00ed 49       		.uleb128 0x49
 807 00ee 13       		.uleb128 0x13
 808 00ef 11       		.uleb128 0x11
 809 00f0 01       		.uleb128 0x1
 810 00f1 12       		.uleb128 0x12
 811 00f2 06       		.uleb128 0x6
 812 00f3 40       		.uleb128 0x40
 813 00f4 18       		.uleb128 0x18
 814 00f5 9742     		.uleb128 0x2117
 815 00f7 19       		.uleb128 0x19
 816 00f8 01       		.uleb128 0x1
 817 00f9 13       		.uleb128 0x13
 818 00fa 00       		.byte	0
 819 00fb 00       		.byte	0
 820 00fc 10       		.uleb128 0x10
 821 00fd 898201   		.uleb128 0x4109
 822 0100 01       		.byte	0x1
 823 0101 11       		.uleb128 0x11
 824 0102 01       		.uleb128 0x1
 825 0103 31       		.uleb128 0x31
 826 0104 13       		.uleb128 0x13
 827 0105 01       		.uleb128 0x1
 828 0106 13       		.uleb128 0x13
 829 0107 00       		.byte	0
 830 0108 00       		.byte	0
 831 0109 11       		.uleb128 0x11
ARM GAS  C:\Users\ANDREW~1\AppData\Local\Temp\ccxNhSpD.s 			page 17


 832 010a 34       		.uleb128 0x34
 833 010b 00       		.byte	0
 834 010c 03       		.uleb128 0x3
 835 010d 0E       		.uleb128 0xe
 836 010e 3A       		.uleb128 0x3a
 837 010f 0B       		.uleb128 0xb
 838 0110 3B       		.uleb128 0x3b
 839 0111 05       		.uleb128 0x5
 840 0112 49       		.uleb128 0x49
 841 0113 13       		.uleb128 0x13
 842 0114 3F       		.uleb128 0x3f
 843 0115 19       		.uleb128 0x19
 844 0116 3C       		.uleb128 0x3c
 845 0117 19       		.uleb128 0x19
 846 0118 00       		.byte	0
 847 0119 00       		.byte	0
 848 011a 12       		.uleb128 0x12
 849 011b 35       		.uleb128 0x35
 850 011c 00       		.byte	0
 851 011d 49       		.uleb128 0x49
 852 011e 13       		.uleb128 0x13
 853 011f 00       		.byte	0
 854 0120 00       		.byte	0
 855 0121 13       		.uleb128 0x13
 856 0122 34       		.uleb128 0x34
 857 0123 00       		.byte	0
 858 0124 03       		.uleb128 0x3
 859 0125 0E       		.uleb128 0xe
 860 0126 3A       		.uleb128 0x3a
 861 0127 0B       		.uleb128 0xb
 862 0128 3B       		.uleb128 0x3b
 863 0129 0B       		.uleb128 0xb
 864 012a 49       		.uleb128 0x49
 865 012b 13       		.uleb128 0x13
 866 012c 3F       		.uleb128 0x3f
 867 012d 19       		.uleb128 0x19
 868 012e 02       		.uleb128 0x2
 869 012f 18       		.uleb128 0x18
 870 0130 00       		.byte	0
 871 0131 00       		.byte	0
 872 0132 14       		.uleb128 0x14
 873 0133 2E       		.uleb128 0x2e
 874 0134 00       		.byte	0
 875 0135 3F       		.uleb128 0x3f
 876 0136 19       		.uleb128 0x19
 877 0137 3C       		.uleb128 0x3c
 878 0138 19       		.uleb128 0x19
 879 0139 6E       		.uleb128 0x6e
 880 013a 0E       		.uleb128 0xe
 881 013b 03       		.uleb128 0x3
 882 013c 0E       		.uleb128 0xe
 883 013d 3A       		.uleb128 0x3a
 884 013e 0B       		.uleb128 0xb
 885 013f 3B       		.uleb128 0x3b
 886 0140 0B       		.uleb128 0xb
 887 0141 00       		.byte	0
 888 0142 00       		.byte	0
ARM GAS  C:\Users\ANDREW~1\AppData\Local\Temp\ccxNhSpD.s 			page 18


 889 0143 00       		.byte	0
 890              		.section	.debug_loc,"",%progbits
 891              	.Ldebug_loc0:
 892              	.LLST0:
 893 0000 00000000 		.4byte	.LVL1
 894 0004 0C000000 		.4byte	.LVL2
 895 0008 0100     		.2byte	0x1
 896 000a 50       		.byte	0x50
 897 000b 0C000000 		.4byte	.LVL2
 898 000f 1E000000 		.4byte	.LVL4
 899 0013 0400     		.2byte	0x4
 900 0015 F3       		.byte	0xf3
 901 0016 01       		.uleb128 0x1
 902 0017 50       		.byte	0x50
 903 0018 9F       		.byte	0x9f
 904 0019 1E000000 		.4byte	.LVL4
 905 001d 20000000 		.4byte	.LVL5
 906 0021 0100     		.2byte	0x1
 907 0023 50       		.byte	0x50
 908 0024 20000000 		.4byte	.LVL5
 909 0028 22000000 		.4byte	.LVL6
 910 002c 0400     		.2byte	0x4
 911 002e F3       		.byte	0xf3
 912 002f 01       		.uleb128 0x1
 913 0030 50       		.byte	0x50
 914 0031 9F       		.byte	0x9f
 915 0032 22000000 		.4byte	.LVL6
 916 0036 24000000 		.4byte	.LVL7
 917 003a 0100     		.2byte	0x1
 918 003c 50       		.byte	0x50
 919 003d 24000000 		.4byte	.LVL7
 920 0041 28000000 		.4byte	.LFE64
 921 0045 0400     		.2byte	0x4
 922 0047 F3       		.byte	0xf3
 923 0048 01       		.uleb128 0x1
 924 0049 50       		.byte	0x50
 925 004a 9F       		.byte	0x9f
 926 004b 00000000 		.4byte	0
 927 004f 00000000 		.4byte	0
 928              	.LLST1:
 929 0053 00000000 		.4byte	.LVL1
 930 0057 16000000 		.4byte	.LVL3
 931 005b 0100     		.2byte	0x1
 932 005d 51       		.byte	0x51
 933 005e 16000000 		.4byte	.LVL3
 934 0062 1E000000 		.4byte	.LVL4
 935 0066 0400     		.2byte	0x4
 936 0068 F3       		.byte	0xf3
 937 0069 01       		.uleb128 0x1
 938 006a 51       		.byte	0x51
 939 006b 9F       		.byte	0x9f
 940 006c 1E000000 		.4byte	.LVL4
 941 0070 24000000 		.4byte	.LVL7
 942 0074 0100     		.2byte	0x1
 943 0076 51       		.byte	0x51
 944 0077 24000000 		.4byte	.LVL7
 945 007b 28000000 		.4byte	.LFE64
ARM GAS  C:\Users\ANDREW~1\AppData\Local\Temp\ccxNhSpD.s 			page 19


 946 007f 0400     		.2byte	0x4
 947 0081 F3       		.byte	0xf3
 948 0082 01       		.uleb128 0x1
 949 0083 51       		.byte	0x51
 950 0084 9F       		.byte	0x9f
 951 0085 00000000 		.4byte	0
 952 0089 00000000 		.4byte	0
 953              	.LLST2:
 954 008d 00000000 		.4byte	.LVL1
 955 0091 26000000 		.4byte	.LVL8
 956 0095 0200     		.2byte	0x2
 957 0097 91       		.byte	0x91
 958 0098 00       		.sleb128 0
 959 0099 26000000 		.4byte	.LVL8
 960 009d 28000000 		.4byte	.LFE64
 961 00a1 0200     		.2byte	0x2
 962 00a3 7D       		.byte	0x7d
 963 00a4 00       		.sleb128 0
 964 00a5 00000000 		.4byte	0
 965 00a9 00000000 		.4byte	0
 966              	.LLST3:
 967 00ad 00000000 		.4byte	.LVL13
 968 00b1 08000000 		.4byte	.LVL14
 969 00b5 0100     		.2byte	0x1
 970 00b7 50       		.byte	0x50
 971 00b8 08000000 		.4byte	.LVL14
 972 00bc 3E000000 		.4byte	.LVL22
 973 00c0 0100     		.2byte	0x1
 974 00c2 55       		.byte	0x55
 975 00c3 3E000000 		.4byte	.LVL22
 976 00c7 44000000 		.4byte	.LFE67
 977 00cb 0400     		.2byte	0x4
 978 00cd F3       		.byte	0xf3
 979 00ce 01       		.uleb128 0x1
 980 00cf 50       		.byte	0x50
 981 00d0 9F       		.byte	0x9f
 982 00d1 00000000 		.4byte	0
 983 00d5 00000000 		.4byte	0
 984              	.LLST4:
 985 00d9 00000000 		.4byte	.LVL13
 986 00dd 0B000000 		.4byte	.LVL15-1
 987 00e1 0100     		.2byte	0x1
 988 00e3 51       		.byte	0x51
 989 00e4 0B000000 		.4byte	.LVL15-1
 990 00e8 1A000000 		.4byte	.LVL18
 991 00ec 0100     		.2byte	0x1
 992 00ee 54       		.byte	0x54
 993 00ef 1A000000 		.4byte	.LVL18
 994 00f3 44000000 		.4byte	.LFE67
 995 00f7 0400     		.2byte	0x4
 996 00f9 F3       		.byte	0xf3
 997 00fa 01       		.uleb128 0x1
 998 00fb 51       		.byte	0x51
 999 00fc 9F       		.byte	0x9f
 1000 00fd 00000000 		.4byte	0
 1001 0101 00000000 		.4byte	0
 1002              		.section	.debug_aranges,"",%progbits
ARM GAS  C:\Users\ANDREW~1\AppData\Local\Temp\ccxNhSpD.s 			page 20


 1003 0000 34000000 		.4byte	0x34
 1004 0004 0200     		.2byte	0x2
 1005 0006 00000000 		.4byte	.Ldebug_info0
 1006 000a 04       		.byte	0x4
 1007 000b 00       		.byte	0
 1008 000c 0000     		.2byte	0
 1009 000e 0000     		.2byte	0
 1010 0010 00000000 		.4byte	.LFB66
 1011 0014 14000000 		.4byte	.LFE66-.LFB66
 1012 0018 00000000 		.4byte	.LFB64
 1013 001c 28000000 		.4byte	.LFE64-.LFB64
 1014 0020 00000000 		.4byte	.LFB65
 1015 0024 1C000000 		.4byte	.LFE65-.LFB65
 1016 0028 00000000 		.4byte	.LFB67
 1017 002c 44000000 		.4byte	.LFE67-.LFB67
 1018 0030 00000000 		.4byte	0
 1019 0034 00000000 		.4byte	0
 1020              		.section	.debug_ranges,"",%progbits
 1021              	.Ldebug_ranges0:
 1022 0000 00000000 		.4byte	.LFB66
 1023 0004 14000000 		.4byte	.LFE66
 1024 0008 00000000 		.4byte	.LFB64
 1025 000c 28000000 		.4byte	.LFE64
 1026 0010 00000000 		.4byte	.LFB65
 1027 0014 1C000000 		.4byte	.LFE65
 1028 0018 00000000 		.4byte	.LFB67
 1029 001c 44000000 		.4byte	.LFE67
 1030 0020 00000000 		.4byte	0
 1031 0024 00000000 		.4byte	0
 1032              		.section	.debug_line,"",%progbits
 1033              	.Ldebug_line0:
 1034 0000 0C020000 		.section	.debug_str,"MS",%progbits,1
 1034      0200AF01 
 1034      00000201 
 1034      FB0E0D00 
 1034      01010101 
 1035              	.LASF24:
 1036 0000 636F6C6F 		.ascii	"colour_sensor_ready\000"
 1036      75725F73 
 1036      656E736F 
 1036      725F7265 
 1036      61647900 
 1037              	.LASF26:
 1038 0014 50756C73 		.ascii	"Pulse_counter_ReadCounter\000"
 1038      655F636F 
 1038      756E7465 
 1038      725F5265 
 1038      6164436F 
 1039              	.LASF27:
 1040 002e 50756C73 		.ascii	"Pulse_counter_Start\000"
 1040      655F636F 
 1040      756E7465 
 1040      725F5374 
 1040      61727400 
 1041              	.LASF23:
 1042 0042 76616C75 		.ascii	"value\000"
 1042      6500
ARM GAS  C:\Users\ANDREW~1\AppData\Local\Temp\ccxNhSpD.s 			page 21


 1043              	.LASF9:
 1044 0048 5F5F696E 		.ascii	"__int32_t\000"
 1044      7433325F 
 1044      7400
 1045              	.LASF37:
 1046 0052 443A5C4D 		.ascii	"D:\\Monash - Legion\\Y4S1\\ECE4191\\ECE4191-G3\\PSo"
 1046      6F6E6173 
 1046      68202D20 
 1046      4C656769 
 1046      6F6E5C59 
 1047 0080 4320636F 		.ascii	"C components\\Colour_Sensor\\TCS3200.cydsn\000"
 1047      6D706F6E 
 1047      656E7473 
 1047      5C436F6C 
 1047      6F75725F 
 1048              	.LASF13:
 1049 00a9 646F7562 		.ascii	"double\000"
 1049      6C6500
 1050              	.LASF18:
 1051 00b0 696E5F6D 		.ascii	"in_max\000"
 1051      617800
 1052              	.LASF20:
 1053 00b7 6F75745F 		.ascii	"out_max\000"
 1053      6D617800 
 1054              	.LASF12:
 1055 00bf 666C6F61 		.ascii	"float\000"
 1055      7400
 1056              	.LASF7:
 1057 00c5 6C6F6E67 		.ascii	"long long unsigned int\000"
 1057      206C6F6E 
 1057      6720756E 
 1057      7369676E 
 1057      65642069 
 1058              	.LASF1:
 1059 00dc 756E7369 		.ascii	"unsigned char\000"
 1059      676E6564 
 1059      20636861 
 1059      7200
 1060              	.LASF35:
 1061 00ea 474E5520 		.ascii	"GNU C11 5.4.1 20160609 (release) [ARM/embedded-5-br"
 1061      43313120 
 1061      352E342E 
 1061      31203230 
 1061      31363036 
 1062 011d 616E6368 		.ascii	"anch revision 237715] -mcpu=cortex-m3 -mthumb -g -O"
 1062      20726576 
 1062      6973696F 
 1062      6E203233 
 1062      37373135 
 1063 0150 67202D66 		.ascii	"g -ffunction-sections -ffat-lto-objects\000"
 1063      66756E63 
 1063      74696F6E 
 1063      2D736563 
 1063      74696F6E 
 1064              	.LASF17:
 1065 0178 696E5F6D 		.ascii	"in_min\000"
 1065      696E00
ARM GAS  C:\Users\ANDREW~1\AppData\Local\Temp\ccxNhSpD.s 			page 22


 1066              	.LASF3:
 1067 017f 73686F72 		.ascii	"short unsigned int\000"
 1067      7420756E 
 1067      7369676E 
 1067      65642069 
 1067      6E7400
 1068              	.LASF19:
 1069 0192 6F75745F 		.ascii	"out_min\000"
 1069      6D696E00 
 1070              	.LASF22:
 1071 019a 49544D5F 		.ascii	"ITM_RxBuffer\000"
 1071      52784275 
 1071      66666572 
 1071      00
 1072              	.LASF39:
 1073 01a7 436F6C6F 		.ascii	"Colour_Sensor_Setup\000"
 1073      75725F53 
 1073      656E736F 
 1073      725F5365 
 1073      74757000 
 1074              	.LASF5:
 1075 01bb 6C6F6E67 		.ascii	"long unsigned int\000"
 1075      20756E73 
 1075      69676E65 
 1075      6420696E 
 1075      7400
 1076              	.LASF2:
 1077 01cd 73686F72 		.ascii	"short int\000"
 1077      7420696E 
 1077      7400
 1078              	.LASF11:
 1079 01d7 75696E74 		.ascii	"uint32\000"
 1079      333200
 1080              	.LASF38:
 1081 01de 636F6C6F 		.ascii	"colour_sensor_isr\000"
 1081      75725F73 
 1081      656E736F 
 1081      725F6973 
 1081      7200
 1082              	.LASF8:
 1083 01f0 756E7369 		.ascii	"unsigned int\000"
 1083      676E6564 
 1083      20696E74 
 1083      00
 1084              	.LASF30:
 1085 01fd 66726571 		.ascii	"freq_isr_StartEx\000"
 1085      5F697372 
 1085      5F537461 
 1085      72744578 
 1085      00
 1086              	.LASF31:
 1087 020e 436F6E74 		.ascii	"Control_Reg_1_Write\000"
 1087      726F6C5F 
 1087      5265675F 
 1087      315F5772 
 1087      69746500 
 1088              	.LASF10:
ARM GAS  C:\Users\ANDREW~1\AppData\Local\Temp\ccxNhSpD.s 			page 23


 1089 0222 696E7433 		.ascii	"int32_t\000"
 1089      325F7400 
 1090              	.LASF32:
 1091 022a 436F6C6F 		.ascii	"ColourSensor_S2_Write\000"
 1091      75725365 
 1091      6E736F72 
 1091      5F53325F 
 1091      57726974 
 1092              	.LASF16:
 1093 0240 73697A65 		.ascii	"sizetype\000"
 1093      74797065 
 1093      00
 1094              	.LASF6:
 1095 0249 6C6F6E67 		.ascii	"long long int\000"
 1095      206C6F6E 
 1095      6720696E 
 1095      7400
 1096              	.LASF21:
 1097 0257 636F6C6F 		.ascii	"colourSensor_Single_Scan\000"
 1097      75725365 
 1097      6E736F72 
 1097      5F53696E 
 1097      676C655F 
 1098              	.LASF14:
 1099 0270 63686172 		.ascii	"char\000"
 1099      00
 1100              	.LASF33:
 1101 0275 436F6C6F 		.ascii	"ColourSensor_S3_Write\000"
 1101      75725365 
 1101      6E736F72 
 1101      5F53335F 
 1101      57726974 
 1102              	.LASF36:
 1103 028b 436F6C6F 		.ascii	"Colour_Sensor.c\000"
 1103      75725F53 
 1103      656E736F 
 1103      722E6300 
 1104              	.LASF28:
 1105 029b 436F756E 		.ascii	"Count7_10ms_Start\000"
 1105      74375F31 
 1105      306D735F 
 1105      53746172 
 1105      7400
 1106              	.LASF29:
 1107 02ad 66726571 		.ascii	"freq_isr_ClearPending\000"
 1107      5F697372 
 1107      5F436C65 
 1107      61725065 
 1107      6E64696E 
 1108              	.LASF4:
 1109 02c3 6C6F6E67 		.ascii	"long int\000"
 1109      20696E74 
 1109      00
 1110              	.LASF15:
 1111 02cc 6C6F6E67 		.ascii	"long double\000"
 1111      20646F75 
 1111      626C6500 
ARM GAS  C:\Users\ANDREW~1\AppData\Local\Temp\ccxNhSpD.s 			page 24


 1112              	.LASF0:
 1113 02d8 7369676E 		.ascii	"signed char\000"
 1113      65642063 
 1113      68617200 
 1114              	.LASF25:
 1115 02e4 5F426F6F 		.ascii	"_Bool\000"
 1115      6C00
 1116              	.LASF34:
 1117 02ea 43794465 		.ascii	"CyDelay\000"
 1117      6C617900 
 1118              		.ident	"GCC: (GNU Tools for ARM Embedded Processors) 5.4.1 20160609 (release) [ARM/embedded-5-bran
