ARM GAS  C:\Users\ANDREW~1\AppData\Local\Temp\ccXn1GXs.s 			page 1


   1              		.syntax unified
   2              		.cpu cortex-m3
   3              		.fpu softvfp
   4              		.eabi_attribute 20, 1
   5              		.eabi_attribute 21, 1
   6              		.eabi_attribute 23, 3
   7              		.eabi_attribute 24, 1
   8              		.eabi_attribute 25, 1
   9              		.eabi_attribute 26, 1
  10              		.eabi_attribute 30, 1
  11              		.eabi_attribute 34, 1
  12              		.eabi_attribute 18, 4
  13              		.thumb
  14              		.syntax unified
  15              		.file	"cymetadata.c"
  16              		.text
  17              	.Ltext0:
  18              		.cfi_sections	.debug_frame
  19              		.global	cy_metadata
  20              		.global	cy_meta_flashprotect
  21              		.global	cy_meta_wonvl
  22              		.global	cy_meta_custnvl
  23              		.global	cy_meta_configecc
  24              		.section	.cyconfigecc,"a",%progbits
  25              		.align	2
  26              		.type	cy_meta_configecc, %object
  27              		.size	cy_meta_configecc, 1608
  28              	cy_meta_configecc:
  29 0000 02       		.byte	2
  30 0001 52       		.byte	82
  31 0002 00       		.byte	0
  32 0003 40       		.byte	64
  33 0004 03       		.byte	3
  34 0005 64       		.byte	100
  35 0006 00       		.byte	0
  36 0007 40       		.byte	64
  37 0008 02       		.byte	2
  38 0009 65       		.byte	101
  39 000a 00       		.byte	0
  40 000b 40       		.byte	64
  41 000c 45       		.byte	69
  42 000d 00       		.byte	0
  43 000e 01       		.byte	1
  44 000f 40       		.byte	64
  45 0010 21       		.byte	33
  46 0011 01       		.byte	1
  47 0012 01       		.byte	1
  48 0013 40       		.byte	64
  49 0014 43       		.byte	67
  50 0015 02       		.byte	2
  51 0016 01       		.byte	1
  52 0017 40       		.byte	64
  53 0018 2F       		.byte	47
  54 0019 03       		.byte	3
  55 001a 01       		.byte	1
  56 001b 40       		.byte	64
  57 001c 03       		.byte	3
ARM GAS  C:\Users\ANDREW~1\AppData\Local\Temp\ccXn1GXs.s 			page 2


  58 001d 05       		.byte	5
  59 001e 01       		.byte	1
  60 001f 40       		.byte	64
  61 0020 45       		.byte	69
  62 0021 08       		.byte	8
  63 0022 01       		.byte	1
  64 0023 40       		.byte	64
  65 0024 2D       		.byte	45
  66 0025 09       		.byte	9
  67 0026 01       		.byte	1
  68 0027 40       		.byte	64
  69 0028 02       		.byte	2
  70 0029 0B       		.byte	11
  71 002a 01       		.byte	1
  72 002b 40       		.byte	64
  73 002c 31       		.byte	49
  74 002d 14       		.byte	20
  75 002e 01       		.byte	1
  76 002f 40       		.byte	64
  77 0030 0C       		.byte	12
  78 0031 15       		.byte	21
  79 0032 01       		.byte	1
  80 0033 40       		.byte	64
  81 0034 01       		.byte	1
  82 0035 17       		.byte	23
  83 0036 01       		.byte	1
  84 0037 40       		.byte	64
  85 0038 50       		.byte	80
  86 0039 18       		.byte	24
  87 003a 01       		.byte	1
  88 003b 40       		.byte	64
  89 003c 3F       		.byte	63
  90 003d 19       		.byte	25
  91 003e 01       		.byte	1
  92 003f 40       		.byte	64
  93 0040 06       		.byte	6
  94 0041 1A       		.byte	26
  95 0042 01       		.byte	1
  96 0043 40       		.byte	64
  97 0044 39       		.byte	57
  98 0045 1B       		.byte	27
  99 0046 01       		.byte	1
 100 0047 40       		.byte	64
 101 0048 05       		.byte	5
 102 0049 40       		.byte	64
 103 004a 01       		.byte	1
 104 004b 40       		.byte	64
 105 004c 0D       		.byte	13
 106 004d 41       		.byte	65
 107 004e 01       		.byte	1
 108 004f 40       		.byte	64
 109 0050 01       		.byte	1
 110 0051 42       		.byte	66
 111 0052 01       		.byte	1
 112 0053 40       		.byte	64
 113 0054 01       		.byte	1
 114 0055 43       		.byte	67
ARM GAS  C:\Users\ANDREW~1\AppData\Local\Temp\ccXn1GXs.s 			page 3


 115 0056 01       		.byte	1
 116 0057 40       		.byte	64
 117 0058 04       		.byte	4
 118 0059 45       		.byte	69
 119 005a 01       		.byte	1
 120 005b 40       		.byte	64
 121 005c 02       		.byte	2
 122 005d 46       		.byte	70
 123 005e 01       		.byte	1
 124 005f 40       		.byte	64
 125 0060 02       		.byte	2
 126 0061 47       		.byte	71
 127 0062 01       		.byte	1
 128 0063 40       		.byte	64
 129 0064 03       		.byte	3
 130 0065 48       		.byte	72
 131 0066 01       		.byte	1
 132 0067 40       		.byte	64
 133 0068 01       		.byte	1
 134 0069 4C       		.byte	76
 135 006a 01       		.byte	1
 136 006b 40       		.byte	64
 137 006c 07       		.byte	7
 138 006d 4D       		.byte	77
 139 006e 01       		.byte	1
 140 006f 40       		.byte	64
 141 0070 06       		.byte	6
 142 0071 50       		.byte	80
 143 0072 01       		.byte	1
 144 0073 40       		.byte	64
 145 0074 01       		.byte	1
 146 0075 51       		.byte	81
 147 0076 01       		.byte	1
 148 0077 40       		.byte	64
 149 0078 00       		.byte	0
 150 0079 05       		.byte	5
 151 007a 01       		.byte	1
 152 007b C1       		.byte	-63
 153 007c 80       		.byte	-128
 154 007d 7F       		.byte	127
 155 007e 83       		.byte	-125
 156 007f 67       		.byte	103
 157 0080 88       		.byte	-120
 158 0081 0F       		.byte	15
 159 0082 89       		.byte	-119
 160 0083 72       		.byte	114
 161 0084 8A       		.byte	-118
 162 0085 38       		.byte	56
 163 0086 00       		.byte	0
 164 0087 01       		.byte	1
 165 0088 0E       		.byte	14
 166 0089 01       		.byte	1
 167 008a 10       		.byte	16
 168 008b 04       		.byte	4
 169 008c 11       		.byte	17
 170 008d 02       		.byte	2
 171 008e 18       		.byte	24
ARM GAS  C:\Users\ANDREW~1\AppData\Local\Temp\ccXn1GXs.s 			page 4


 172 008f 04       		.byte	4
 173 0090 1B       		.byte	27
 174 0091 01       		.byte	1
 175 0092 2A       		.byte	42
 176 0093 02       		.byte	2
 177 0094 2E       		.byte	46
 178 0095 04       		.byte	4
 179 0096 30       		.byte	48
 180 0097 02       		.byte	2
 181 0098 31       		.byte	49
 182 0099 02       		.byte	2
 183 009a 34       		.byte	52
 184 009b 04       		.byte	4
 185 009c 35       		.byte	53
 186 009d 01       		.byte	1
 187 009e 36       		.byte	54
 188 009f 01       		.byte	1
 189 00a0 38       		.byte	56
 190 00a1 80       		.byte	-128
 191 00a2 3E       		.byte	62
 192 00a3 50       		.byte	80
 193 00a4 3F       		.byte	63
 194 00a5 01       		.byte	1
 195 00a6 40       		.byte	64
 196 00a7 21       		.byte	33
 197 00a8 41       		.byte	65
 198 00a9 06       		.byte	6
 199 00aa 49       		.byte	73
 200 00ab FF       		.byte	-1
 201 00ac 4A       		.byte	74
 202 00ad FF       		.byte	-1
 203 00ae 4B       		.byte	75
 204 00af FF       		.byte	-1
 205 00b0 4D       		.byte	77
 206 00b1 A0       		.byte	-96
 207 00b2 4F       		.byte	79
 208 00b3 01       		.byte	1
 209 00b4 50       		.byte	80
 210 00b5 18       		.byte	24
 211 00b6 56       		.byte	86
 212 00b7 02       		.byte	2
 213 00b8 57       		.byte	87
 214 00b9 2C       		.byte	44
 215 00ba 58       		.byte	88
 216 00bb 04       		.byte	4
 217 00bc 59       		.byte	89
 218 00bd 04       		.byte	4
 219 00be 5A       		.byte	90
 220 00bf 04       		.byte	4
 221 00c0 5B       		.byte	91
 222 00c1 04       		.byte	4
 223 00c2 5C       		.byte	92
 224 00c3 03       		.byte	3
 225 00c4 5D       		.byte	93
 226 00c5 40       		.byte	64
 227 00c6 5E       		.byte	94
 228 00c7 88       		.byte	-120
ARM GAS  C:\Users\ANDREW~1\AppData\Local\Temp\ccXn1GXs.s 			page 5


 229 00c8 5F       		.byte	95
 230 00c9 01       		.byte	1
 231 00ca 60       		.byte	96
 232 00cb 40       		.byte	64
 233 00cc 62       		.byte	98
 234 00cd 80       		.byte	-128
 235 00ce 64       		.byte	100
 236 00cf 40       		.byte	64
 237 00d0 65       		.byte	101
 238 00d1 40       		.byte	64
 239 00d2 66       		.byte	102
 240 00d3 80       		.byte	-128
 241 00d4 68       		.byte	104
 242 00d5 40       		.byte	64
 243 00d6 6A       		.byte	106
 244 00d7 50       		.byte	80
 245 00d8 6B       		.byte	107
 246 00d9 A8       		.byte	-88
 247 00da 6C       		.byte	108
 248 00db 40       		.byte	64
 249 00dc 6D       		.byte	109
 250 00dd 20       		.byte	32
 251 00de 6E       		.byte	110
 252 00df 50       		.byte	80
 253 00e0 6F       		.byte	111
 254 00e1 A8       		.byte	-88
 255 00e2 C0       		.byte	-64
 256 00e3 65       		.byte	101
 257 00e4 C1       		.byte	-63
 258 00e5 02       		.byte	2
 259 00e6 C9       		.byte	-55
 260 00e7 FF       		.byte	-1
 261 00e8 CA       		.byte	-54
 262 00e9 FF       		.byte	-1
 263 00ea CB       		.byte	-53
 264 00eb FF       		.byte	-1
 265 00ec CD       		.byte	-51
 266 00ed AF       		.byte	-81
 267 00ee CE       		.byte	-50
 268 00ef 07       		.byte	7
 269 00f0 CF       		.byte	-49
 270 00f1 01       		.byte	1
 271 00f2 D0       		.byte	-48
 272 00f3 18       		.byte	24
 273 00f4 DA       		.byte	-38
 274 00f5 04       		.byte	4
 275 00f6 DF       		.byte	-33
 276 00f7 01       		.byte	1
 277 00f8 E0       		.byte	-32
 278 00f9 40       		.byte	64
 279 00fa E2       		.byte	-30
 280 00fb 80       		.byte	-128
 281 00fc E4       		.byte	-28
 282 00fd 40       		.byte	64
 283 00fe E5       		.byte	-27
 284 00ff 40       		.byte	64
 285 0100 E6       		.byte	-26
ARM GAS  C:\Users\ANDREW~1\AppData\Local\Temp\ccXn1GXs.s 			page 6


 286 0101 80       		.byte	-128
 287 0102 E8       		.byte	-24
 288 0103 40       		.byte	64
 289 0104 EA       		.byte	-22
 290 0105 50       		.byte	80
 291 0106 EB       		.byte	-21
 292 0107 A8       		.byte	-88
 293 0108 EC       		.byte	-20
 294 0109 40       		.byte	64
 295 010a ED       		.byte	-19
 296 010b 20       		.byte	32
 297 010c EE       		.byte	-18
 298 010d 50       		.byte	80
 299 010e EF       		.byte	-17
 300 010f A8       		.byte	-88
 301 0110 00       		.byte	0
 302 0111 40       		.byte	64
 303 0112 01       		.byte	1
 304 0113 02       		.byte	2
 305 0114 09       		.byte	9
 306 0115 22       		.byte	34
 307 0116 12       		.byte	18
 308 0117 02       		.byte	2
 309 0118 13       		.byte	19
 310 0119 10       		.byte	16
 311 011a 18       		.byte	24
 312 011b 45       		.byte	69
 313 011c 19       		.byte	25
 314 011d 20       		.byte	32
 315 011e 1A       		.byte	26
 316 011f 08       		.byte	8
 317 0120 1B       		.byte	27
 318 0121 41       		.byte	65
 319 0122 21       		.byte	33
 320 0123 20       		.byte	32
 321 0124 23       		.byte	35
 322 0125 40       		.byte	64
 323 0126 30       		.byte	48
 324 0127 20       		.byte	32
 325 0128 31       		.byte	49
 326 0129 02       		.byte	2
 327 012a 40       		.byte	64
 328 012b 05       		.byte	5
 329 012c 44       		.byte	68
 330 012d 08       		.byte	8
 331 012e 49       		.byte	73
 332 012f 10       		.byte	16
 333 0130 4E       		.byte	78
 334 0131 04       		.byte	4
 335 0132 4F       		.byte	79
 336 0133 80       		.byte	-128
 337 0134 63       		.byte	99
 338 0135 40       		.byte	64
 339 0136 71       		.byte	113
 340 0137 02       		.byte	2
 341 0138 7B       		.byte	123
 342 0139 01       		.byte	1
ARM GAS  C:\Users\ANDREW~1\AppData\Local\Temp\ccXn1GXs.s 			page 7


 343 013a 80       		.byte	-128
 344 013b 08       		.byte	8
 345 013c 81       		.byte	-127
 346 013d 10       		.byte	16
 347 013e 89       		.byte	-119
 348 013f 02       		.byte	2
 349 0140 C0       		.byte	-64
 350 0141 09       		.byte	9
 351 0142 C2       		.byte	-62
 352 0143 0A       		.byte	10
 353 0144 C4       		.byte	-60
 354 0145 03       		.byte	3
 355 0146 CC       		.byte	-52
 356 0147 05       		.byte	5
 357 0148 D0       		.byte	-48
 358 0149 2C       		.byte	44
 359 014a D2       		.byte	-46
 360 014b 34       		.byte	52
 361 014c D8       		.byte	-40
 362 014d 01       		.byte	1
 363 014e DE       		.byte	-34
 364 014f 08       		.byte	8
 365 0150 E6       		.byte	-26
 366 0151 20       		.byte	32
 367 0152 40       		.byte	64
 368 0153 65       		.byte	101
 369 0154 41       		.byte	65
 370 0155 02       		.byte	2
 371 0156 49       		.byte	73
 372 0157 FF       		.byte	-1
 373 0158 4A       		.byte	74
 374 0159 FF       		.byte	-1
 375 015a 4B       		.byte	75
 376 015b FF       		.byte	-1
 377 015c 4D       		.byte	77
 378 015d AF       		.byte	-81
 379 015e 4E       		.byte	78
 380 015f 07       		.byte	7
 381 0160 4F       		.byte	79
 382 0161 01       		.byte	1
 383 0162 50       		.byte	80
 384 0163 18       		.byte	24
 385 0164 5A       		.byte	90
 386 0165 04       		.byte	4
 387 0166 5B       		.byte	91
 388 0167 04       		.byte	4
 389 0168 5F       		.byte	95
 390 0169 01       		.byte	1
 391 016a 60       		.byte	96
 392 016b 40       		.byte	64
 393 016c 62       		.byte	98
 394 016d 80       		.byte	-128
 395 016e 64       		.byte	100
 396 016f 40       		.byte	64
 397 0170 65       		.byte	101
 398 0171 40       		.byte	64
 399 0172 66       		.byte	102
ARM GAS  C:\Users\ANDREW~1\AppData\Local\Temp\ccXn1GXs.s 			page 8


 400 0173 80       		.byte	-128
 401 0174 68       		.byte	104
 402 0175 40       		.byte	64
 403 0176 6A       		.byte	106
 404 0177 50       		.byte	80
 405 0178 6B       		.byte	107
 406 0179 A8       		.byte	-88
 407 017a 6C       		.byte	108
 408 017b 40       		.byte	64
 409 017c 6D       		.byte	109
 410 017d 20       		.byte	32
 411 017e 6E       		.byte	110
 412 017f 50       		.byte	80
 413 0180 6F       		.byte	111
 414 0181 A8       		.byte	-88
 415 0182 83       		.byte	-125
 416 0183 01       		.byte	1
 417 0184 98       		.byte	-104
 418 0185 01       		.byte	1
 419 0186 9E       		.byte	-98
 420 0187 04       		.byte	4
 421 0188 A1       		.byte	-95
 422 0189 01       		.byte	1
 423 018a A6       		.byte	-90
 424 018b 03       		.byte	3
 425 018c B0       		.byte	-80
 426 018d 04       		.byte	4
 427 018e B4       		.byte	-76
 428 018f 02       		.byte	2
 429 0190 B5       		.byte	-75
 430 0191 01       		.byte	1
 431 0192 B6       		.byte	-74
 432 0193 01       		.byte	1
 433 0194 BE       		.byte	-66
 434 0195 40       		.byte	64
 435 0196 BF       		.byte	-65
 436 0197 10       		.byte	16
 437 0198 C0       		.byte	-64
 438 0199 21       		.byte	33
 439 019a C1       		.byte	-63
 440 019b 06       		.byte	6
 441 019c C5       		.byte	-59
 442 019d 05       		.byte	5
 443 019e C6       		.byte	-58
 444 019f C2       		.byte	-62
 445 01a0 C7       		.byte	-57
 446 01a1 0E       		.byte	14
 447 01a2 C8       		.byte	-56
 448 01a3 1F       		.byte	31
 449 01a4 C9       		.byte	-55
 450 01a5 FF       		.byte	-1
 451 01a6 CA       		.byte	-54
 452 01a7 FF       		.byte	-1
 453 01a8 CB       		.byte	-53
 454 01a9 FF       		.byte	-1
 455 01aa CD       		.byte	-51
 456 01ab AF       		.byte	-81
ARM GAS  C:\Users\ANDREW~1\AppData\Local\Temp\ccXn1GXs.s 			page 9


 457 01ac CE       		.byte	-50
 458 01ad 07       		.byte	7
 459 01ae CF       		.byte	-49
 460 01af 01       		.byte	1
 461 01b0 D0       		.byte	-48
 462 01b1 18       		.byte	24
 463 01b2 D4       		.byte	-44
 464 01b3 07       		.byte	7
 465 01b4 D8       		.byte	-40
 466 01b5 04       		.byte	4
 467 01b6 D9       		.byte	-39
 468 01b7 04       		.byte	4
 469 01b8 DA       		.byte	-38
 470 01b9 04       		.byte	4
 471 01ba DB       		.byte	-37
 472 01bb 04       		.byte	4
 473 01bc DE       		.byte	-34
 474 01bd 80       		.byte	-128
 475 01be DF       		.byte	-33
 476 01bf 05       		.byte	5
 477 01c0 E0       		.byte	-32
 478 01c1 40       		.byte	64
 479 01c2 E2       		.byte	-30
 480 01c3 80       		.byte	-128
 481 01c4 E4       		.byte	-28
 482 01c5 40       		.byte	64
 483 01c6 E5       		.byte	-27
 484 01c7 40       		.byte	64
 485 01c8 E6       		.byte	-26
 486 01c9 80       		.byte	-128
 487 01ca E8       		.byte	-24
 488 01cb 40       		.byte	64
 489 01cc EA       		.byte	-22
 490 01cd 50       		.byte	80
 491 01ce EB       		.byte	-21
 492 01cf A8       		.byte	-88
 493 01d0 EC       		.byte	-20
 494 01d1 40       		.byte	64
 495 01d2 ED       		.byte	-19
 496 01d3 20       		.byte	32
 497 01d4 EE       		.byte	-18
 498 01d5 50       		.byte	80
 499 01d6 EF       		.byte	-17
 500 01d7 A8       		.byte	-88
 501 01d8 0A       		.byte	10
 502 01d9 04       		.byte	4
 503 01da 0B       		.byte	11
 504 01db 01       		.byte	1
 505 01dc 10       		.byte	16
 506 01dd 20       		.byte	32
 507 01de 19       		.byte	25
 508 01df 41       		.byte	65
 509 01e0 1A       		.byte	26
 510 01e1 04       		.byte	4
 511 01e2 23       		.byte	35
 512 01e3 08       		.byte	8
 513 01e4 29       		.byte	41
ARM GAS  C:\Users\ANDREW~1\AppData\Local\Temp\ccXn1GXs.s 			page 10


 514 01e5 01       		.byte	1
 515 01e6 3B       		.byte	59
 516 01e7 01       		.byte	1
 517 01e8 40       		.byte	64
 518 01e9 05       		.byte	5
 519 01ea 44       		.byte	68
 520 01eb 08       		.byte	8
 521 01ec 48       		.byte	72
 522 01ed 20       		.byte	32
 523 01ee 49       		.byte	73
 524 01ef 12       		.byte	18
 525 01f0 4B       		.byte	75
 526 01f1 01       		.byte	1
 527 01f2 4D       		.byte	77
 528 01f3 20       		.byte	32
 529 01f4 4F       		.byte	79
 530 01f5 80       		.byte	-128
 531 01f6 51       		.byte	81
 532 01f7 08       		.byte	8
 533 01f8 52       		.byte	82
 534 01f9 10       		.byte	16
 535 01fa 53       		.byte	83
 536 01fb 80       		.byte	-128
 537 01fc 59       		.byte	89
 538 01fd 40       		.byte	64
 539 01fe 5A       		.byte	90
 540 01ff 20       		.byte	32
 541 0200 5B       		.byte	91
 542 0201 08       		.byte	8
 543 0202 61       		.byte	97
 544 0203 08       		.byte	8
 545 0204 62       		.byte	98
 546 0205 10       		.byte	16
 547 0206 6F       		.byte	111
 548 0207 01       		.byte	1
 549 0208 7B       		.byte	123
 550 0209 01       		.byte	1
 551 020a 82       		.byte	-126
 552 020b 10       		.byte	16
 553 020c 83       		.byte	-125
 554 020d 80       		.byte	-128
 555 020e 87       		.byte	-121
 556 020f 01       		.byte	1
 557 0210 90       		.byte	-112
 558 0211 05       		.byte	5
 559 0212 93       		.byte	-109
 560 0213 40       		.byte	64
 561 0214 97       		.byte	-105
 562 0215 10       		.byte	16
 563 0216 98       		.byte	-104
 564 0217 08       		.byte	8
 565 0218 99       		.byte	-103
 566 0219 30       		.byte	48
 567 021a 9D       		.byte	-99
 568 021b 02       		.byte	2
 569 021c A3       		.byte	-93
 570 021d 41       		.byte	65
ARM GAS  C:\Users\ANDREW~1\AppData\Local\Temp\ccXn1GXs.s 			page 11


 571 021e B4       		.byte	-76
 572 021f 20       		.byte	32
 573 0220 B6       		.byte	-74
 574 0221 02       		.byte	2
 575 0222 C2       		.byte	-62
 576 0223 03       		.byte	3
 577 0224 C4       		.byte	-60
 578 0225 04       		.byte	4
 579 0226 CA       		.byte	-54
 580 0227 01       		.byte	1
 581 0228 CE       		.byte	-50
 582 0229 01       		.byte	1
 583 022a D0       		.byte	-48
 584 022b 2C       		.byte	44
 585 022c D2       		.byte	-46
 586 022d 34       		.byte	52
 587 022e D6       		.byte	-42
 588 022f 0E       		.byte	14
 589 0230 D8       		.byte	-40
 590 0231 06       		.byte	6
 591 0232 DE       		.byte	-34
 592 0233 08       		.byte	8
 593 0234 EC       		.byte	-20
 594 0235 10       		.byte	16
 595 0236 AF       		.byte	-81
 596 0237 50       		.byte	80
 597 0238 EA       		.byte	-22
 598 0239 08       		.byte	8
 599 023a EC       		.byte	-20
 600 023b 02       		.byte	2
 601 023c 00       		.byte	0
 602 023d 28       		.byte	40
 603 023e 01       		.byte	1
 604 023f 2C       		.byte	44
 605 0240 02       		.byte	2
 606 0241 12       		.byte	18
 607 0242 03       		.byte	3
 608 0243 11       		.byte	17
 609 0244 04       		.byte	4
 610 0245 0E       		.byte	14
 611 0246 06       		.byte	6
 612 0247 30       		.byte	48
 613 0248 07       		.byte	7
 614 0249 03       		.byte	3
 615 024a 09       		.byte	9
 616 024b 30       		.byte	48
 617 024c 0A       		.byte	10
 618 024d 20       		.byte	32
 619 024e 0B       		.byte	11
 620 024f 0C       		.byte	12
 621 0250 0D       		.byte	13
 622 0251 14       		.byte	20
 623 0252 15       		.byte	21
 624 0253 40       		.byte	64
 625 0254 19       		.byte	25
 626 0255 09       		.byte	9
 627 0256 1B       		.byte	27
ARM GAS  C:\Users\ANDREW~1\AppData\Local\Temp\ccXn1GXs.s 			page 12


 628 0257 10       		.byte	16
 629 0258 1C       		.byte	28
 630 0259 0E       		.byte	14
 631 025a 1E       		.byte	30
 632 025b 10       		.byte	16
 633 025c 22       		.byte	34
 634 025d 16       		.byte	22
 635 025e 24       		.byte	36
 636 025f 0C       		.byte	12
 637 0260 26       		.byte	38
 638 0261 12       		.byte	18
 639 0262 29       		.byte	41
 640 0263 10       		.byte	16
 641 0264 2C       		.byte	44
 642 0265 01       		.byte	1
 643 0266 2D       		.byte	45
 644 0267 1C       		.byte	28
 645 0268 2F       		.byte	47
 646 0269 22       		.byte	34
 647 026a 30       		.byte	48
 648 026b 02       		.byte	2
 649 026c 32       		.byte	50
 650 026d 3C       		.byte	60
 651 026e 33       		.byte	51
 652 026f 1F       		.byte	31
 653 0270 34       		.byte	52
 654 0271 01       		.byte	1
 655 0272 35       		.byte	53
 656 0273 60       		.byte	96
 657 0274 39       		.byte	57
 658 0275 20       		.byte	32
 659 0276 3A       		.byte	58
 660 0277 08       		.byte	8
 661 0278 3E       		.byte	62
 662 0279 11       		.byte	17
 663 027a 40       		.byte	64
 664 027b 26       		.byte	38
 665 027c 41       		.byte	65
 666 027d 04       		.byte	4
 667 027e 46       		.byte	70
 668 027f CB       		.byte	-53
 669 0280 47       		.byte	71
 670 0281 E0       		.byte	-32
 671 0282 48       		.byte	72
 672 0283 2C       		.byte	44
 673 0284 49       		.byte	73
 674 0285 FF       		.byte	-1
 675 0286 4A       		.byte	74
 676 0287 FF       		.byte	-1
 677 0288 4B       		.byte	75
 678 0289 FF       		.byte	-1
 679 028a 4E       		.byte	78
 680 028b F0       		.byte	-16
 681 028c 4F       		.byte	79
 682 028d 44       		.byte	68
 683 028e 50       		.byte	80
 684 028f 0C       		.byte	12
ARM GAS  C:\Users\ANDREW~1\AppData\Local\Temp\ccXn1GXs.s 			page 13


 685 0290 54       		.byte	84
 686 0291 01       		.byte	1
 687 0292 58       		.byte	88
 688 0293 04       		.byte	4
 689 0294 59       		.byte	89
 690 0295 04       		.byte	4
 691 0296 5A       		.byte	90
 692 0297 04       		.byte	4
 693 0298 5B       		.byte	91
 694 0299 04       		.byte	4
 695 029a 5C       		.byte	92
 696 029b 22       		.byte	34
 697 029c 5D       		.byte	93
 698 029d 22       		.byte	34
 699 029e 5F       		.byte	95
 700 029f 01       		.byte	1
 701 02a0 66       		.byte	102
 702 02a1 C0       		.byte	-64
 703 02a2 6A       		.byte	106
 704 02a3 40       		.byte	64
 705 02a4 6B       		.byte	107
 706 02a5 02       		.byte	2
 707 02a6 8C       		.byte	-116
 708 02a7 24       		.byte	36
 709 02a8 8E       		.byte	-114
 710 02a9 11       		.byte	17
 711 02aa 90       		.byte	-112
 712 02ab 12       		.byte	18
 713 02ac 92       		.byte	-110
 714 02ad 21       		.byte	33
 715 02ae 94       		.byte	-108
 716 02af 37       		.byte	55
 717 02b0 98       		.byte	-104
 718 02b1 01       		.byte	1
 719 02b2 9A       		.byte	-102
 720 02b3 06       		.byte	6
 721 02b4 A4       		.byte	-92
 722 02b5 37       		.byte	55
 723 02b6 A8       		.byte	-88
 724 02b7 08       		.byte	8
 725 02b8 B0       		.byte	-80
 726 02b9 30       		.byte	48
 727 02ba B2       		.byte	-78
 728 02bb 08       		.byte	8
 729 02bc B4       		.byte	-76
 730 02bd 07       		.byte	7
 731 02be BE       		.byte	-66
 732 02bf 04       		.byte	4
 733 02c0 D8       		.byte	-40
 734 02c1 04       		.byte	4
 735 02c2 DC       		.byte	-36
 736 02c3 02       		.byte	2
 737 02c4 DF       		.byte	-33
 738 02c5 01       		.byte	1
 739 02c6 00       		.byte	0
 740 02c7 40       		.byte	64
 741 02c8 04       		.byte	4
ARM GAS  C:\Users\ANDREW~1\AppData\Local\Temp\ccXn1GXs.s 			page 14


 742 02c9 02       		.byte	2
 743 02ca 05       		.byte	5
 744 02cb 04       		.byte	4
 745 02cc 06       		.byte	6
 746 02cd 80       		.byte	-128
 747 02ce 07       		.byte	7
 748 02cf 04       		.byte	4
 749 02d0 09       		.byte	9
 750 02d1 01       		.byte	1
 751 02d2 0A       		.byte	10
 752 02d3 24       		.byte	36
 753 02d4 0C       		.byte	12
 754 02d5 40       		.byte	64
 755 02d6 0E       		.byte	14
 756 02d7 01       		.byte	1
 757 02d8 11       		.byte	17
 758 02d9 04       		.byte	4
 759 02da 13       		.byte	19
 760 02db 20       		.byte	32
 761 02dc 14       		.byte	20
 762 02dd 22       		.byte	34
 763 02de 15       		.byte	21
 764 02df 01       		.byte	1
 765 02e0 16       		.byte	22
 766 02e1 11       		.byte	17
 767 02e2 18       		.byte	24
 768 02e3 C0       		.byte	-64
 769 02e4 19       		.byte	25
 770 02e5 18       		.byte	24
 771 02e6 1A       		.byte	26
 772 02e7 04       		.byte	4
 773 02e8 1D       		.byte	29
 774 02e9 04       		.byte	4
 775 02ea 1E       		.byte	30
 776 02eb 58       		.byte	88
 777 02ec 25       		.byte	37
 778 02ed 04       		.byte	4
 779 02ee 26       		.byte	38
 780 02ef 10       		.byte	16
 781 02f0 27       		.byte	39
 782 02f1 24       		.byte	36
 783 02f2 2C       		.byte	44
 784 02f3 08       		.byte	8
 785 02f4 2E       		.byte	46
 786 02f5 80       		.byte	-128
 787 02f6 36       		.byte	54
 788 02f7 18       		.byte	24
 789 02f8 3D       		.byte	61
 790 02f9 28       		.byte	40
 791 02fa 3E       		.byte	62
 792 02fb 11       		.byte	17
 793 02fc 3F       		.byte	63
 794 02fd 80       		.byte	-128
 795 02fe 44       		.byte	68
 796 02ff 40       		.byte	64
 797 0300 45       		.byte	69
 798 0301 10       		.byte	16
ARM GAS  C:\Users\ANDREW~1\AppData\Local\Temp\ccXn1GXs.s 			page 15


 799 0302 4E       		.byte	78
 800 0303 08       		.byte	8
 801 0304 56       		.byte	86
 802 0305 11       		.byte	17
 803 0306 57       		.byte	87
 804 0307 40       		.byte	64
 805 0308 5C       		.byte	92
 806 0309 22       		.byte	34
 807 030a 5E       		.byte	94
 808 030b 48       		.byte	72
 809 030c 8D       		.byte	-115
 810 030d 08       		.byte	8
 811 030e C0       		.byte	-64
 812 030f 71       		.byte	113
 813 0310 C2       		.byte	-62
 814 0311 8E       		.byte	-114
 815 0312 C4       		.byte	-60
 816 0313 B6       		.byte	-74
 817 0314 CA       		.byte	-54
 818 0315 30       		.byte	48
 819 0316 CC       		.byte	-52
 820 0317 60       		.byte	96
 821 0318 CE       		.byte	-50
 822 0319 F0       		.byte	-16
 823 031a D0       		.byte	-48
 824 031b A0       		.byte	-96
 825 031c D2       		.byte	-46
 826 031d 20       		.byte	32
 827 031e D6       		.byte	-42
 828 031f F0       		.byte	-16
 829 0320 EA       		.byte	-22
 830 0321 08       		.byte	8
 831 0322 EC       		.byte	-20
 832 0323 02       		.byte	2
 833 0324 40       		.byte	64
 834 0325 20       		.byte	32
 835 0326 41       		.byte	65
 836 0327 01       		.byte	1
 837 0328 49       		.byte	73
 838 0329 FF       		.byte	-1
 839 032a 4A       		.byte	74
 840 032b FF       		.byte	-1
 841 032c 4B       		.byte	75
 842 032d FF       		.byte	-1
 843 032e 4D       		.byte	77
 844 032f A0       		.byte	-96
 845 0330 4F       		.byte	79
 846 0331 04       		.byte	4
 847 0332 50       		.byte	80
 848 0333 18       		.byte	24
 849 0334 5A       		.byte	90
 850 0335 04       		.byte	4
 851 0336 5D       		.byte	93
 852 0337 01       		.byte	1
 853 0338 5F       		.byte	95
 854 0339 01       		.byte	1
 855 033a 60       		.byte	96
ARM GAS  C:\Users\ANDREW~1\AppData\Local\Temp\ccXn1GXs.s 			page 16


 856 033b 40       		.byte	64
 857 033c 62       		.byte	98
 858 033d C0       		.byte	-64
 859 033e 64       		.byte	100
 860 033f 40       		.byte	64
 861 0340 65       		.byte	101
 862 0341 40       		.byte	64
 863 0342 66       		.byte	102
 864 0343 C0       		.byte	-64
 865 0344 68       		.byte	104
 866 0345 C0       		.byte	-64
 867 0346 6A       		.byte	106
 868 0347 C0       		.byte	-64
 869 0348 6C       		.byte	108
 870 0349 C0       		.byte	-64
 871 034a 6E       		.byte	110
 872 034b C0       		.byte	-64
 873 034c AE       		.byte	-82
 874 034d 01       		.byte	1
 875 034e B4       		.byte	-76
 876 034f 01       		.byte	1
 877 0350 C0       		.byte	-64
 878 0351 20       		.byte	32
 879 0352 C1       		.byte	-63
 880 0353 05       		.byte	5
 881 0354 C6       		.byte	-58
 882 0355 02       		.byte	2
 883 0356 C8       		.byte	-56
 884 0357 04       		.byte	4
 885 0358 C9       		.byte	-55
 886 0359 FF       		.byte	-1
 887 035a CA       		.byte	-54
 888 035b FF       		.byte	-1
 889 035c CB       		.byte	-53
 890 035d FF       		.byte	-1
 891 035e CD       		.byte	-51
 892 035f AF       		.byte	-81
 893 0360 CE       		.byte	-50
 894 0361 0F       		.byte	15
 895 0362 CF       		.byte	-49
 896 0363 04       		.byte	4
 897 0364 D0       		.byte	-48
 898 0365 18       		.byte	24
 899 0366 D2       		.byte	-46
 900 0367 80       		.byte	-128
 901 0368 D8       		.byte	-40
 902 0369 04       		.byte	4
 903 036a DA       		.byte	-38
 904 036b 04       		.byte	4
 905 036c DB       		.byte	-37
 906 036d 04       		.byte	4
 907 036e DC       		.byte	-36
 908 036f 01       		.byte	1
 909 0370 DD       		.byte	-35
 910 0371 11       		.byte	17
 911 0372 DF       		.byte	-33
 912 0373 01       		.byte	1
ARM GAS  C:\Users\ANDREW~1\AppData\Local\Temp\ccXn1GXs.s 			page 17


 913 0374 E0       		.byte	-32
 914 0375 40       		.byte	64
 915 0376 E2       		.byte	-30
 916 0377 C0       		.byte	-64
 917 0378 E4       		.byte	-28
 918 0379 40       		.byte	64
 919 037a E5       		.byte	-27
 920 037b 40       		.byte	64
 921 037c E6       		.byte	-26
 922 037d C0       		.byte	-64
 923 037e E8       		.byte	-24
 924 037f C0       		.byte	-64
 925 0380 EA       		.byte	-22
 926 0381 C0       		.byte	-64
 927 0382 EC       		.byte	-20
 928 0383 C0       		.byte	-64
 929 0384 EE       		.byte	-18
 930 0385 C0       		.byte	-64
 931 0386 17       		.byte	23
 932 0387 80       		.byte	-128
 933 0388 1C       		.byte	28
 934 0389 04       		.byte	4
 935 038a 1D       		.byte	29
 936 038b 20       		.byte	32
 937 038c 40       		.byte	64
 938 038d 04       		.byte	4
 939 038e 43       		.byte	67
 940 038f 80       		.byte	-128
 941 0390 45       		.byte	69
 942 0391 20       		.byte	32
 943 0392 4F       		.byte	79
 944 0393 80       		.byte	-128
 945 0394 57       		.byte	87
 946 0395 C0       		.byte	-64
 947 0396 77       		.byte	119
 948 0397 80       		.byte	-128
 949 0398 C4       		.byte	-60
 950 0399 80       		.byte	-128
 951 039a D0       		.byte	-48
 952 039b 2C       		.byte	44
 953 039c D2       		.byte	-46
 954 039d 10       		.byte	16
 955 039e E6       		.byte	-26
 956 039f 08       		.byte	8
 957 03a0 00       		.byte	0
 958 03a1 06       		.byte	6
 959 03a2 02       		.byte	2
 960 03a3 01       		.byte	1
 961 03a4 03       		.byte	3
 962 03a5 13       		.byte	19
 963 03a6 09       		.byte	9
 964 03a7 31       		.byte	49
 965 03a8 0A       		.byte	10
 966 03a9 02       		.byte	2
 967 03aa 0B       		.byte	11
 968 03ab 06       		.byte	6
 969 03ac 16       		.byte	22
ARM GAS  C:\Users\ANDREW~1\AppData\Local\Temp\ccXn1GXs.s 			page 18


 970 03ad 05       		.byte	5
 971 03ae 17       		.byte	23
 972 03af 0C       		.byte	12
 973 03b0 1D       		.byte	29
 974 03b1 2C       		.byte	44
 975 03b2 1E       		.byte	30
 976 03b3 03       		.byte	3
 977 03b4 1F       		.byte	31
 978 03b5 03       		.byte	3
 979 03b6 21       		.byte	33
 980 03b7 31       		.byte	49
 981 03b8 22       		.byte	34
 982 03b9 01       		.byte	1
 983 03ba 23       		.byte	35
 984 03bb 0E       		.byte	14
 985 03bc 26       		.byte	38
 986 03bd 06       		.byte	6
 987 03be 2B       		.byte	43
 988 03bf 08       		.byte	8
 989 03c0 33       		.byte	51
 990 03c1 30       		.byte	48
 991 03c2 36       		.byte	54
 992 03c3 07       		.byte	7
 993 03c4 37       		.byte	55
 994 03c5 0F       		.byte	15
 995 03c6 38       		.byte	56
 996 03c7 08       		.byte	8
 997 03c8 39       		.byte	57
 998 03c9 08       		.byte	8
 999 03ca 3A       		.byte	58
 1000 03cb 80       		.byte	-128
 1001 03cc 3B       		.byte	59
 1002 03cd 80       		.byte	-128
 1003 03ce 3E       		.byte	62
 1004 03cf 04       		.byte	4
 1005 03d0 3F       		.byte	63
 1006 03d1 04       		.byte	4
 1007 03d2 40       		.byte	64
 1008 03d3 02       		.byte	2
 1009 03d4 47       		.byte	71
 1010 03d5 04       		.byte	4
 1011 03d6 49       		.byte	73
 1012 03d7 FF       		.byte	-1
 1013 03d8 4A       		.byte	74
 1014 03d9 07       		.byte	7
 1015 03da 4B       		.byte	75
 1016 03db FF       		.byte	-1
 1017 03dc 4C       		.byte	76
 1018 03dd 40       		.byte	64
 1019 03de 4D       		.byte	77
 1020 03df 20       		.byte	32
 1021 03e0 4E       		.byte	78
 1022 03e1 F0       		.byte	-16
 1023 03e2 4F       		.byte	79
 1024 03e3 05       		.byte	5
 1025 03e4 50       		.byte	80
 1026 03e5 08       		.byte	8
ARM GAS  C:\Users\ANDREW~1\AppData\Local\Temp\ccXn1GXs.s 			page 19


 1027 03e6 58       		.byte	88
 1028 03e7 04       		.byte	4
 1029 03e8 59       		.byte	89
 1030 03e9 04       		.byte	4
 1031 03ea 5A       		.byte	90
 1032 03eb 04       		.byte	4
 1033 03ec 5C       		.byte	92
 1034 03ed 22       		.byte	34
 1035 03ee 5D       		.byte	93
 1036 03ef 02       		.byte	2
 1037 03f0 5F       		.byte	95
 1038 03f1 01       		.byte	1
 1039 03f2 60       		.byte	96
 1040 03f3 40       		.byte	64
 1041 03f4 61       		.byte	97
 1042 03f5 A8       		.byte	-88
 1043 03f6 62       		.byte	98
 1044 03f7 40       		.byte	64
 1045 03f8 63       		.byte	99
 1046 03f9 20       		.byte	32
 1047 03fa 84       		.byte	-124
 1048 03fb 01       		.byte	1
 1049 03fc 85       		.byte	-123
 1050 03fd 0C       		.byte	12
 1051 03fe 88       		.byte	-120
 1052 03ff 01       		.byte	1
 1053 0400 89       		.byte	-119
 1054 0401 04       		.byte	4
 1055 0402 8D       		.byte	-115
 1056 0403 02       		.byte	2
 1057 0404 91       		.byte	-111
 1058 0405 01       		.byte	1
 1059 0406 94       		.byte	-108
 1060 0407 01       		.byte	1
 1061 0408 95       		.byte	-107
 1062 0409 13       		.byte	19
 1063 040a 97       		.byte	-105
 1064 040b 0C       		.byte	12
 1065 040c 99       		.byte	-103
 1066 040d 03       		.byte	3
 1067 040e 9C       		.byte	-100
 1068 040f 01       		.byte	1
 1069 0410 9D       		.byte	-99
 1070 0411 0F       		.byte	15
 1071 0412 9F       		.byte	-97
 1072 0413 10       		.byte	16
 1073 0414 A1       		.byte	-95
 1074 0415 08       		.byte	8
 1075 0416 A4       		.byte	-92
 1076 0417 02       		.byte	2
 1077 0418 A5       		.byte	-91
 1078 0419 1F       		.byte	31
 1079 041a A8       		.byte	-88
 1080 041b 02       		.byte	2
 1081 041c A9       		.byte	-87
 1082 041d 0C       		.byte	12
 1083 041e AB       		.byte	-85
ARM GAS  C:\Users\ANDREW~1\AppData\Local\Temp\ccXn1GXs.s 			page 20


 1084 041f 13       		.byte	19
 1085 0420 AC       		.byte	-84
 1086 0421 02       		.byte	2
 1087 0422 AF       		.byte	-81
 1088 0423 13       		.byte	19
 1089 0424 B0       		.byte	-80
 1090 0425 01       		.byte	1
 1091 0426 B3       		.byte	-77
 1092 0427 0F       		.byte	15
 1093 0428 B6       		.byte	-74
 1094 0429 02       		.byte	2
 1095 042a B7       		.byte	-73
 1096 042b 1C       		.byte	28
 1097 042c BB       		.byte	-69
 1098 042d 88       		.byte	-120
 1099 042e BE       		.byte	-66
 1100 042f 01       		.byte	1
 1101 0430 D6       		.byte	-42
 1102 0431 02       		.byte	2
 1103 0432 D7       		.byte	-41
 1104 0433 13       		.byte	19
 1105 0434 D8       		.byte	-40
 1106 0435 04       		.byte	4
 1107 0436 D9       		.byte	-39
 1108 0437 04       		.byte	4
 1109 0438 DB       		.byte	-37
 1110 0439 04       		.byte	4
 1111 043a DC       		.byte	-36
 1112 043b 22       		.byte	34
 1113 043c DD       		.byte	-35
 1114 043d 20       		.byte	32
 1115 043e DF       		.byte	-33
 1116 043f 01       		.byte	1
 1117 0440 00       		.byte	0
 1118 0441 04       		.byte	4
 1119 0442 01       		.byte	1
 1120 0443 08       		.byte	8
 1121 0444 03       		.byte	3
 1122 0445 08       		.byte	8
 1123 0446 04       		.byte	4
 1124 0447 02       		.byte	2
 1125 0448 06       		.byte	6
 1126 0449 04       		.byte	4
 1127 044a 09       		.byte	9
 1128 044b 88       		.byte	-120
 1129 044c 0E       		.byte	14
 1130 044d 11       		.byte	17
 1131 044e 10       		.byte	16
 1132 044f 02       		.byte	2
 1133 0450 11       		.byte	17
 1134 0451 14       		.byte	20
 1135 0452 15       		.byte	21
 1136 0453 01       		.byte	1
 1137 0454 17       		.byte	23
 1138 0455 04       		.byte	4
 1139 0456 19       		.byte	25
 1140 0457 41       		.byte	65
ARM GAS  C:\Users\ANDREW~1\AppData\Local\Temp\ccXn1GXs.s 			page 21


 1141 0458 1E       		.byte	30
 1142 0459 01       		.byte	1
 1143 045a 1F       		.byte	31
 1144 045b 44       		.byte	68
 1145 045c 21       		.byte	33
 1146 045d 88       		.byte	-120
 1147 045e 24       		.byte	36
 1148 045f 02       		.byte	2
 1149 0460 26       		.byte	38
 1150 0461 80       		.byte	-128
 1151 0462 27       		.byte	39
 1152 0463 20       		.byte	32
 1153 0464 29       		.byte	41
 1154 0465 48       		.byte	72
 1155 0466 2A       		.byte	42
 1156 0467 02       		.byte	2
 1157 0468 2B       		.byte	43
 1158 0469 08       		.byte	8
 1159 046a 2C       		.byte	44
 1160 046b 08       		.byte	8
 1161 046c 2F       		.byte	47
 1162 046d 40       		.byte	64
 1163 046e 31       		.byte	49
 1164 046f 98       		.byte	-104
 1165 0470 33       		.byte	51
 1166 0471 01       		.byte	1
 1167 0472 36       		.byte	54
 1168 0473 80       		.byte	-128
 1169 0474 37       		.byte	55
 1170 0475 04       		.byte	4
 1171 0476 38       		.byte	56
 1172 0477 A8       		.byte	-88
 1173 0478 3E       		.byte	62
 1174 0479 10       		.byte	16
 1175 047a 3F       		.byte	63
 1176 047b 01       		.byte	1
 1177 047c 45       		.byte	69
 1178 047d 01       		.byte	1
 1179 047e 47       		.byte	71
 1180 047f 21       		.byte	33
 1181 0480 4D       		.byte	77
 1182 0481 01       		.byte	1
 1183 0482 4F       		.byte	79
 1184 0483 01       		.byte	1
 1185 0484 54       		.byte	84
 1186 0485 08       		.byte	8
 1187 0486 56       		.byte	86
 1188 0487 04       		.byte	4
 1189 0488 59       		.byte	89
 1190 0489 01       		.byte	1
 1191 048a 68       		.byte	104
 1192 048b 02       		.byte	2
 1193 048c 69       		.byte	105
 1194 048d 14       		.byte	20
 1195 048e 6A       		.byte	106
 1196 048f 20       		.byte	32
 1197 0490 70       		.byte	112
ARM GAS  C:\Users\ANDREW~1\AppData\Local\Temp\ccXn1GXs.s 			page 22


 1198 0491 94       		.byte	-108
 1199 0492 72       		.byte	114
 1200 0493 02       		.byte	2
 1201 0494 73       		.byte	115
 1202 0495 14       		.byte	20
 1203 0496 87       		.byte	-121
 1204 0497 04       		.byte	4
 1205 0498 90       		.byte	-112
 1206 0499 80       		.byte	-128
 1207 049a 92       		.byte	-110
 1208 049b 10       		.byte	16
 1209 049c 94       		.byte	-108
 1210 049d 02       		.byte	2
 1211 049e 95       		.byte	-107
 1212 049f 05       		.byte	5
 1213 04a0 96       		.byte	-106
 1214 04a1 21       		.byte	33
 1215 04a2 99       		.byte	-103
 1216 04a3 10       		.byte	16
 1217 04a4 9B       		.byte	-101
 1218 04a5 04       		.byte	4
 1219 04a6 A4       		.byte	-92
 1220 04a7 08       		.byte	8
 1221 04a8 A5       		.byte	-91
 1222 04a9 01       		.byte	1
 1223 04aa B1       		.byte	-79
 1224 04ab 01       		.byte	1
 1225 04ac B2       		.byte	-78
 1226 04ad 08       		.byte	8
 1227 04ae C0       		.byte	-64
 1228 04af 56       		.byte	86
 1229 04b0 C2       		.byte	-62
 1230 04b1 A5       		.byte	-91
 1231 04b2 C4       		.byte	-60
 1232 04b3 37       		.byte	55
 1233 04b4 CA       		.byte	-54
 1234 04b5 AF       		.byte	-81
 1235 04b6 CC       		.byte	-52
 1236 04b7 5F       		.byte	95
 1237 04b8 CE       		.byte	-50
 1238 04b9 AE       		.byte	-82
 1239 04ba D0       		.byte	-48
 1240 04bb 20       		.byte	32
 1241 04bc D6       		.byte	-42
 1242 04bd 01       		.byte	1
 1243 04be 83       		.byte	-125
 1244 04bf 01       		.byte	1
 1245 04c0 AF       		.byte	-81
 1246 04c1 01       		.byte	1
 1247 04c2 B7       		.byte	-73
 1248 04c3 01       		.byte	1
 1249 04c4 BF       		.byte	-65
 1250 04c5 40       		.byte	64
 1251 04c6 D9       		.byte	-39
 1252 04c7 04       		.byte	4
 1253 04c8 DF       		.byte	-33
 1254 04c9 01       		.byte	1
ARM GAS  C:\Users\ANDREW~1\AppData\Local\Temp\ccXn1GXs.s 			page 23


 1255 04ca 00       		.byte	0
 1256 04cb 46       		.byte	70
 1257 04cc 03       		.byte	3
 1258 04cd 08       		.byte	8
 1259 04ce 09       		.byte	9
 1260 04cf 88       		.byte	-120
 1261 04d0 0A       		.byte	10
 1262 04d1 80       		.byte	-128
 1263 04d2 0B       		.byte	11
 1264 04d3 08       		.byte	8
 1265 04d4 10       		.byte	16
 1266 04d5 80       		.byte	-128
 1267 04d6 11       		.byte	17
 1268 04d7 40       		.byte	64
 1269 04d8 13       		.byte	19
 1270 04d9 14       		.byte	20
 1271 04da 18       		.byte	24
 1272 04db 04       		.byte	4
 1273 04dc 19       		.byte	25
 1274 04dd 81       		.byte	-127
 1275 04de 1B       		.byte	27
 1276 04df 28       		.byte	40
 1277 04e0 21       		.byte	33
 1278 04e1 02       		.byte	2
 1279 04e2 22       		.byte	34
 1280 04e3 68       		.byte	104
 1281 04e4 26       		.byte	38
 1282 04e5 80       		.byte	-128
 1283 04e6 29       		.byte	41
 1284 04e7 10       		.byte	16
 1285 04e8 2A       		.byte	42
 1286 04e9 01       		.byte	1
 1287 04ea 2D       		.byte	45
 1288 04eb 80       		.byte	-128
 1289 04ec 2E       		.byte	46
 1290 04ed 40       		.byte	64
 1291 04ee 31       		.byte	49
 1292 04ef 82       		.byte	-126
 1293 04f0 33       		.byte	51
 1294 04f1 28       		.byte	40
 1295 04f2 38       		.byte	56
 1296 04f3 88       		.byte	-120
 1297 04f4 39       		.byte	57
 1298 04f5 40       		.byte	64
 1299 04f6 3A       		.byte	58
 1300 04f7 20       		.byte	32
 1301 04f8 3B       		.byte	59
 1302 04f9 08       		.byte	8
 1303 04fa 3F       		.byte	63
 1304 04fb 01       		.byte	1
 1305 04fc 40       		.byte	64
 1306 04fd 04       		.byte	4
 1307 04fe 41       		.byte	65
 1308 04ff 08       		.byte	8
 1309 0500 42       		.byte	66
 1310 0501 60       		.byte	96
 1311 0502 48       		.byte	72
ARM GAS  C:\Users\ANDREW~1\AppData\Local\Temp\ccXn1GXs.s 			page 24


 1312 0503 01       		.byte	1
 1313 0504 49       		.byte	73
 1314 0505 40       		.byte	64
 1315 0506 4A       		.byte	74
 1316 0507 08       		.byte	8
 1317 0508 4B       		.byte	75
 1318 0509 01       		.byte	1
 1319 050a 52       		.byte	82
 1320 050b 01       		.byte	1
 1321 050c 59       		.byte	89
 1322 050d 01       		.byte	1
 1323 050e 62       		.byte	98
 1324 050f A0       		.byte	-96
 1325 0510 80       		.byte	-128
 1326 0511 40       		.byte	64
 1327 0512 81       		.byte	-127
 1328 0513 10       		.byte	16
 1329 0514 8C       		.byte	-116
 1330 0515 04       		.byte	4
 1331 0516 8D       		.byte	-115
 1332 0517 01       		.byte	1
 1333 0518 90       		.byte	-112
 1334 0519 80       		.byte	-128
 1335 051a 93       		.byte	-109
 1336 051b 14       		.byte	20
 1337 051c 94       		.byte	-108
 1338 051d 04       		.byte	4
 1339 051e 99       		.byte	-103
 1340 051f 50       		.byte	80
 1341 0520 A0       		.byte	-96
 1342 0521 80       		.byte	-128
 1343 0522 A1       		.byte	-95
 1344 0523 88       		.byte	-120
 1345 0524 A5       		.byte	-91
 1346 0525 01       		.byte	1
 1347 0526 A7       		.byte	-89
 1348 0527 08       		.byte	8
 1349 0528 C0       		.byte	-64
 1350 0529 0F       		.byte	15
 1351 052a C2       		.byte	-62
 1352 052b 0F       		.byte	15
 1353 052c C4       		.byte	-60
 1354 052d 0F       		.byte	15
 1355 052e CA       		.byte	-54
 1356 052f 15       		.byte	21
 1357 0530 CC       		.byte	-52
 1358 0531 0F       		.byte	15
 1359 0532 CE       		.byte	-50
 1360 0533 8E       		.byte	-114
 1361 0534 D0       		.byte	-48
 1362 0535 07       		.byte	7
 1363 0536 D2       		.byte	-46
 1364 0537 0C       		.byte	12
 1365 0538 D6       		.byte	-42
 1366 0539 01       		.byte	1
 1367 053a D8       		.byte	-40
 1368 053b 0C       		.byte	12
ARM GAS  C:\Users\ANDREW~1\AppData\Local\Temp\ccXn1GXs.s 			page 25


 1369 053c 30       		.byte	48
 1370 053d 20       		.byte	32
 1371 053e 83       		.byte	-125
 1372 053f 80       		.byte	-128
 1373 0540 88       		.byte	-120
 1374 0541 20       		.byte	32
 1375 0542 CC       		.byte	-52
 1376 0543 10       		.byte	16
 1377 0544 E4       		.byte	-28
 1378 0545 20       		.byte	32
 1379 0546 0C       		.byte	12
 1380 0547 08       		.byte	8
 1381 0548 57       		.byte	87
 1382 0549 84       		.byte	-124
 1383 054a 5F       		.byte	95
 1384 054b 80       		.byte	-128
 1385 054c 63       		.byte	99
 1386 054d 08       		.byte	8
 1387 054e 87       		.byte	-121
 1388 054f 80       		.byte	-128
 1389 0550 A4       		.byte	-92
 1390 0551 08       		.byte	8
 1391 0552 A7       		.byte	-89
 1392 0553 80       		.byte	-128
 1393 0554 B4       		.byte	-76
 1394 0555 08       		.byte	8
 1395 0556 C2       		.byte	-62
 1396 0557 20       		.byte	32
 1397 0558 D4       		.byte	-44
 1398 0559 40       		.byte	64
 1399 055a D6       		.byte	-42
 1400 055b 20       		.byte	32
 1401 055c D8       		.byte	-40
 1402 055d 40       		.byte	64
 1403 055e E2       		.byte	-30
 1404 055f 40       		.byte	64
 1405 0560 A7       		.byte	-89
 1406 0561 80       		.byte	-128
 1407 0562 A7       		.byte	-89
 1408 0563 80       		.byte	-128
 1409 0564 03       		.byte	3
 1410 0565 02       		.byte	2
 1411 0566 52       		.byte	82
 1412 0567 20       		.byte	32
 1413 0568 C0       		.byte	-64
 1414 0569 02       		.byte	2
 1415 056a D4       		.byte	-44
 1416 056b 04       		.byte	4
 1417 056c AE       		.byte	-82
 1418 056d 20       		.byte	32
 1419 056e AF       		.byte	-81
 1420 056f 02       		.byte	2
 1421 0570 8D       		.byte	-115
 1422 0571 02       		.byte	2
 1423 0572 E0       		.byte	-32
 1424 0573 02       		.byte	2
 1425 0574 87       		.byte	-121
ARM GAS  C:\Users\ANDREW~1\AppData\Local\Temp\ccXn1GXs.s 			page 26


 1426 0575 80       		.byte	-128
 1427 0576 A7       		.byte	-89
 1428 0577 80       		.byte	-128
 1429 0578 E6       		.byte	-26
 1430 0579 10       		.byte	16
 1431 057a 99       		.byte	-103
 1432 057b 02       		.byte	2
 1433 057c 12       		.byte	18
 1434 057d 20       		.byte	32
 1435 057e 75       		.byte	117
 1436 057f 02       		.byte	2
 1437 0580 8E       		.byte	-114
 1438 0581 20       		.byte	32
 1439 0582 99       		.byte	-103
 1440 0583 02       		.byte	2
 1441 0584 C4       		.byte	-60
 1442 0585 08       		.byte	8
 1443 0586 DE       		.byte	-34
 1444 0587 04       		.byte	4
 1445 0588 E2       		.byte	-30
 1446 0589 08       		.byte	8
 1447 058a 00       		.byte	0
 1448 058b 1D       		.byte	29
 1449 058c 08       		.byte	8
 1450 058d 19       		.byte	25
 1451 058e 0C       		.byte	12
 1452 058f 04       		.byte	4
 1453 0590 10       		.byte	16
 1454 0591 06       		.byte	6
 1455 0592 1A       		.byte	26
 1456 0593 02       		.byte	2
 1457 0594 1C       		.byte	28
 1458 0595 04       		.byte	4
 1459 0596 00       		.byte	0
 1460 0597 03       		.byte	3
 1461 0598 80       		.byte	-128
 1462 0599 80       		.byte	-128
 1463 059a 00       		.byte	0
 1464 059b 00       		.byte	0
 1465 059c 40       		.byte	64
 1466 059d 00       		.byte	0
 1467 059e 00       		.byte	0
 1468 059f 00       		.byte	0
 1469 05a0 00       		.byte	0
 1470 05a1 00       		.byte	0
 1471 05a2 E3       		.byte	-29
 1472 05a3 00       		.byte	0
 1473 05a4 FF       		.byte	-1
 1474 05a5 00       		.byte	0
 1475 05a6 00       		.byte	0
 1476 05a7 18       		.byte	24
 1477 05a8 3C       		.byte	60
 1478 05a9 01       		.byte	1
 1479 05aa C2       		.byte	-62
 1480 05ab 00       		.byte	0
 1481 05ac C0       		.byte	-64
 1482 05ad 00       		.byte	0
ARM GAS  C:\Users\ANDREW~1\AppData\Local\Temp\ccXn1GXs.s 			page 27


 1483 05ae 00       		.byte	0
 1484 05af 08       		.byte	8
 1485 05b0 00       		.byte	0
 1486 05b1 00       		.byte	0
 1487 05b2 04       		.byte	4
 1488 05b3 02       		.byte	2
 1489 05b4 E7       		.byte	-25
 1490 05b5 00       		.byte	0
 1491 05b6 18       		.byte	24
 1492 05b7 01       		.byte	1
 1493 05b8 44       		.byte	68
 1494 05b9 01       		.byte	1
 1495 05ba 00       		.byte	0
 1496 05bb 00       		.byte	0
 1497 05bc 1C       		.byte	28
 1498 05bd 00       		.byte	0
 1499 05be E1       		.byte	-31
 1500 05bf 01       		.byte	1
 1501 05c0 10       		.byte	16
 1502 05c1 00       		.byte	0
 1503 05c2 00       		.byte	0
 1504 05c3 02       		.byte	2
 1505 05c4 08       		.byte	8
 1506 05c5 00       		.byte	0
 1507 05c6 00       		.byte	0
 1508 05c7 00       		.byte	0
 1509 05c8 18       		.byte	24
 1510 05c9 00       		.byte	0
 1511 05ca 00       		.byte	0
 1512 05cb 04       		.byte	4
 1513 05cc 80       		.byte	-128
 1514 05cd 00       		.byte	0
 1515 05ce 00       		.byte	0
 1516 05cf 00       		.byte	0
 1517 05d0 C0       		.byte	-64
 1518 05d1 01       		.byte	1
 1519 05d2 1F       		.byte	31
 1520 05d3 0C       		.byte	12
 1521 05d4 00       		.byte	0
 1522 05d5 02       		.byte	2
 1523 05d6 38       		.byte	56
 1524 05d7 10       		.byte	16
 1525 05d8 00       		.byte	0
 1526 05d9 02       		.byte	2
 1527 05da 28       		.byte	40
 1528 05db 00       		.byte	0
 1529 05dc 00       		.byte	0
 1530 05dd 00       		.byte	0
 1531 05de 00       		.byte	0
 1532 05df 14       		.byte	20
 1533 05e0 35       		.byte	53
 1534 05e1 02       		.byte	2
 1535 05e2 04       		.byte	4
 1536 05e3 00       		.byte	0
 1537 05e4 06       		.byte	6
 1538 05e5 C0       		.byte	-64
 1539 05e6 00       		.byte	0
ARM GAS  C:\Users\ANDREW~1\AppData\Local\Temp\ccXn1GXs.s 			page 28


 1540 05e7 E0       		.byte	-32
 1541 05e8 22       		.byte	34
 1542 05e9 FF       		.byte	-1
 1543 05ea FF       		.byte	-1
 1544 05eb FF       		.byte	-1
 1545 05ec 62       		.byte	98
 1546 05ed A0       		.byte	-96
 1547 05ee F0       		.byte	-16
 1548 05ef 41       		.byte	65
 1549 05f0 0C       		.byte	12
 1550 05f1 00       		.byte	0
 1551 05f2 00       		.byte	0
 1552 05f3 00       		.byte	0
 1553 05f4 18       		.byte	24
 1554 05f5 00       		.byte	0
 1555 05f6 00       		.byte	0
 1556 05f7 00       		.byte	0
 1557 05f8 04       		.byte	4
 1558 05f9 04       		.byte	4
 1559 05fa 04       		.byte	4
 1560 05fb 04       		.byte	4
 1561 05fc 22       		.byte	34
 1562 05fd 22       		.byte	34
 1563 05fe 00       		.byte	0
 1564 05ff 01       		.byte	1
 1565 0600 00       		.byte	0
 1566 0601 00       		.byte	0
 1567 0602 00       		.byte	0
 1568 0603 00       		.byte	0
 1569 0604 00       		.byte	0
 1570 0605 00       		.byte	0
 1571 0606 40       		.byte	64
 1572 0607 02       		.byte	2
 1573 0608 00       		.byte	0
 1574 0609 10       		.byte	16
 1575 060a 30       		.byte	48
 1576 060b 10       		.byte	16
 1577 060c 00       		.byte	0
 1578 060d 10       		.byte	16
 1579 060e 10       		.byte	16
 1580 060f 12       		.byte	18
 1581 0610 00       		.byte	0
 1582 0611 00       		.byte	0
 1583 0612 00       		.byte	0
 1584 0613 00       		.byte	0
 1585 0614 00       		.byte	0
 1586 0615 00       		.byte	0
 1587 0616 00       		.byte	0
 1588 0617 00       		.byte	0
 1589 0618 00       		.byte	0
 1590 0619 00       		.byte	0
 1591 061a 00       		.byte	0
 1592 061b 00       		.byte	0
 1593 061c 00       		.byte	0
 1594 061d 00       		.byte	0
 1595 061e 00       		.byte	0
 1596 061f 00       		.byte	0
ARM GAS  C:\Users\ANDREW~1\AppData\Local\Temp\ccXn1GXs.s 			page 29


 1597 0620 20       		.byte	32
 1598 0621 DD       		.byte	-35
 1599 0622 DD       		.byte	-35
 1600 0623 00       		.byte	0
 1601 0624 C5       		.byte	-59
 1602 0625 00       		.byte	0
 1603 0626 00       		.byte	0
 1604 0627 00       		.byte	0
 1605 0628 80       		.byte	-128
 1606 0629 00       		.byte	0
 1607 062a 40       		.byte	64
 1608 062b 80       		.byte	-128
 1609 062c 80       		.byte	-128
 1610 062d 00       		.byte	0
 1611 062e 80       		.byte	-128
 1612 062f 00       		.byte	0
 1613 0630 00       		.byte	0
 1614 0631 00       		.byte	0
 1615 0632 00       		.byte	0
 1616 0633 00       		.byte	0
 1617 0634 00       		.byte	0
 1618 0635 0B       		.byte	11
 1619 0636 0B       		.byte	11
 1620 0637 00       		.byte	0
 1621 0638 00       		.byte	0
 1622 0639 00       		.byte	0
 1623 063a 00       		.byte	0
 1624 063b 00       		.byte	0
 1625 063c 04       		.byte	4
 1626 063d 00       		.byte	0
 1627 063e 00       		.byte	0
 1628 063f 06       		.byte	6
 1629 0640 02       		.byte	2
 1630 0641 00       		.byte	0
 1631 0642 02       		.byte	2
 1632 0643 00       		.byte	0
 1633 0644 00       		.byte	0
 1634 0645 00       		.byte	0
 1635 0646 00       		.byte	0
 1636 0647 00       		.byte	0
 1637              		.section	.cywolatch,"a",%progbits
 1638              		.align	2
 1639              		.type	cy_meta_wonvl, %object
 1640              		.size	cy_meta_wonvl, 4
 1641              	cy_meta_wonvl:
 1642 0000 BC       		.byte	-68
 1643 0001 90       		.byte	-112
 1644 0002 AC       		.byte	-84
 1645 0003 AF       		.byte	-81
 1646              		.section	.cycustnvl,"a",%progbits
 1647              		.align	2
 1648              		.type	cy_meta_custnvl, %object
 1649              		.size	cy_meta_custnvl, 4
 1650              	cy_meta_custnvl:
 1651 0000 00       		.byte	0
 1652 0001 00       		.byte	0
 1653 0002 40       		.byte	64
ARM GAS  C:\Users\ANDREW~1\AppData\Local\Temp\ccXn1GXs.s 			page 30


 1654 0003 05       		.byte	5
 1655              		.section	.cymeta,"a",%progbits
 1656              		.align	2
 1657              		.type	cy_metadata, %object
 1658              		.size	cy_metadata, 12
 1659              	cy_metadata:
 1660 0000 00       		.byte	0
 1661 0001 01       		.byte	1
 1662 0002 2E       		.byte	46
 1663 0003 16       		.byte	22
 1664 0004 10       		.byte	16
 1665 0005 69       		.byte	105
 1666 0006 00       		.byte	0
 1667 0007 01       		.byte	1
 1668 0008 00       		.byte	0
 1669 0009 00       		.byte	0
 1670 000a 00       		.byte	0
 1671 000b 00       		.byte	0
 1672              		.section	.cyflashprotect,"a",%progbits
 1673              		.align	2
 1674              		.type	cy_meta_flashprotect, %object
 1675              		.size	cy_meta_flashprotect, 256
 1676              	cy_meta_flashprotect:
 1677 0000 00000000 		.space	256
 1677      00000000 
 1677      00000000 
 1677      00000000 
 1677      00000000 
 1678              		.text
 1679              	.Letext0:
 1680              		.file 1 "d:\\monash_apps\\psoc creator\\4.4\\psoc creator\\import\\gnu\\arm\\5.4.1\\arm-none-eabi\
 1681              		.file 2 "d:\\monash_apps\\psoc creator\\4.4\\psoc creator\\import\\gnu\\arm\\5.4.1\\arm-none-eabi\
 1682              		.file 3 "Generated_Source\\PSoC5\\cymetadata.c"
 1683              		.section	.debug_info,"",%progbits
 1684              	.Ldebug_info0:
 1685 0000 34010000 		.4byte	0x134
 1686 0004 0400     		.2byte	0x4
 1687 0006 00000000 		.4byte	.Ldebug_abbrev0
 1688 000a 04       		.byte	0x4
 1689 000b 01       		.uleb128 0x1
 1690 000c 7B000000 		.4byte	.LASF17
 1691 0010 0C       		.byte	0xc
 1692 0011 D5010000 		.4byte	.LASF18
 1693 0015 0A000000 		.4byte	.LASF19
 1694 0019 00000000 		.4byte	.Ldebug_line0
 1695 001d 02       		.uleb128 0x2
 1696 001e 01       		.byte	0x1
 1697 001f 06       		.byte	0x6
 1698 0020 C9010000 		.4byte	.LASF0
 1699 0024 03       		.uleb128 0x3
 1700 0025 00000000 		.4byte	.LASF9
 1701 0029 01       		.byte	0x1
 1702 002a 1D       		.byte	0x1d
 1703 002b 2F000000 		.4byte	0x2f
 1704 002f 02       		.uleb128 0x2
 1705 0030 01       		.byte	0x1
 1706 0031 08       		.byte	0x8
ARM GAS  C:\Users\ANDREW~1\AppData\Local\Temp\ccXn1GXs.s 			page 31


 1707 0032 6D000000 		.4byte	.LASF1
 1708 0036 02       		.uleb128 0x2
 1709 0037 02       		.byte	0x2
 1710 0038 05       		.byte	0x5
 1711 0039 B6010000 		.4byte	.LASF2
 1712 003d 02       		.uleb128 0x2
 1713 003e 02       		.byte	0x2
 1714 003f 07       		.byte	0x7
 1715 0040 1B010000 		.4byte	.LASF3
 1716 0044 02       		.uleb128 0x2
 1717 0045 04       		.byte	0x4
 1718 0046 05       		.byte	0x5
 1719 0047 C0010000 		.4byte	.LASF4
 1720 004b 02       		.uleb128 0x2
 1721 004c 04       		.byte	0x4
 1722 004d 07       		.byte	0x7
 1723 004e 09010000 		.4byte	.LASF5
 1724 0052 02       		.uleb128 0x2
 1725 0053 08       		.byte	0x8
 1726 0054 05       		.byte	0x5
 1727 0055 A8010000 		.4byte	.LASF6
 1728 0059 02       		.uleb128 0x2
 1729 005a 08       		.byte	0x8
 1730 005b 07       		.byte	0x7
 1731 005c 5D010000 		.4byte	.LASF7
 1732 0060 04       		.uleb128 0x4
 1733 0061 04       		.byte	0x4
 1734 0062 05       		.byte	0x5
 1735 0063 696E7400 		.ascii	"int\000"
 1736 0067 02       		.uleb128 0x2
 1737 0068 04       		.byte	0x4
 1738 0069 07       		.byte	0x7
 1739 006a 50010000 		.4byte	.LASF8
 1740 006e 03       		.uleb128 0x3
 1741 006f 74010000 		.4byte	.LASF10
 1742 0073 02       		.byte	0x2
 1743 0074 18       		.byte	0x18
 1744 0075 24000000 		.4byte	0x24
 1745 0079 05       		.uleb128 0x5
 1746 007a 91000000 		.4byte	0x91
 1747 007e 8A000000 		.4byte	0x8a
 1748 0082 06       		.uleb128 0x6
 1749 0083 8A000000 		.4byte	0x8a
 1750 0087 4706     		.2byte	0x647
 1751 0089 00       		.byte	0
 1752 008a 02       		.uleb128 0x2
 1753 008b 04       		.byte	0x4
 1754 008c 07       		.byte	0x7
 1755 008d 9F010000 		.4byte	.LASF11
 1756 0091 07       		.uleb128 0x7
 1757 0092 6E000000 		.4byte	0x6e
 1758 0096 08       		.uleb128 0x8
 1759 0097 3E010000 		.4byte	.LASF12
 1760 009b 03       		.byte	0x3
 1761 009c 1F       		.byte	0x1f
 1762 009d A7000000 		.4byte	0xa7
 1763 00a1 05       		.uleb128 0x5
ARM GAS  C:\Users\ANDREW~1\AppData\Local\Temp\ccXn1GXs.s 			page 32


 1764 00a2 03       		.byte	0x3
 1765 00a3 00000000 		.4byte	cy_meta_configecc
 1766 00a7 07       		.uleb128 0x7
 1767 00a8 79000000 		.4byte	0x79
 1768 00ac 05       		.uleb128 0x5
 1769 00ad 91000000 		.4byte	0x91
 1770 00b1 BC000000 		.4byte	0xbc
 1771 00b5 09       		.uleb128 0x9
 1772 00b6 8A000000 		.4byte	0x8a
 1773 00ba 03       		.byte	0x3
 1774 00bb 00       		.byte	0
 1775 00bc 08       		.uleb128 0x8
 1776 00bd 2E010000 		.4byte	.LASF13
 1777 00c1 03       		.byte	0x3
 1778 00c2 F5       		.byte	0xf5
 1779 00c3 CD000000 		.4byte	0xcd
 1780 00c7 05       		.uleb128 0x5
 1781 00c8 03       		.byte	0x3
 1782 00c9 00000000 		.4byte	cy_meta_custnvl
 1783 00cd 07       		.uleb128 0x7
 1784 00ce AC000000 		.4byte	0xac
 1785 00d2 0A       		.uleb128 0xa
 1786 00d3 91010000 		.4byte	.LASF14
 1787 00d7 03       		.byte	0x3
 1788 00d8 0301     		.2byte	0x103
 1789 00da E4000000 		.4byte	0xe4
 1790 00de 05       		.uleb128 0x5
 1791 00df 03       		.byte	0x3
 1792 00e0 00000000 		.4byte	cy_meta_wonvl
 1793 00e4 07       		.uleb128 0x7
 1794 00e5 AC000000 		.4byte	0xac
 1795 00e9 05       		.uleb128 0x5
 1796 00ea 91000000 		.4byte	0x91
 1797 00ee F9000000 		.4byte	0xf9
 1798 00f2 09       		.uleb128 0x9
 1799 00f3 8A000000 		.4byte	0x8a
 1800 00f7 FF       		.byte	0xff
 1801 00f8 00       		.byte	0
 1802 00f9 0A       		.uleb128 0xa
 1803 00fa 7C010000 		.4byte	.LASF15
 1804 00fe 03       		.byte	0x3
 1805 00ff 1101     		.2byte	0x111
 1806 0101 0B010000 		.4byte	0x10b
 1807 0105 05       		.uleb128 0x5
 1808 0106 03       		.byte	0x3
 1809 0107 00000000 		.4byte	cy_meta_flashprotect
 1810 010b 07       		.uleb128 0x7
 1811 010c E9000000 		.4byte	0xe9
 1812 0110 05       		.uleb128 0x5
 1813 0111 91000000 		.4byte	0x91
 1814 0115 20010000 		.4byte	0x120
 1815 0119 09       		.uleb128 0x9
 1816 011a 8A000000 		.4byte	0x8a
 1817 011e 0B       		.byte	0xb
 1818 011f 00       		.byte	0
 1819 0120 0A       		.uleb128 0xa
 1820 0121 61000000 		.4byte	.LASF16
ARM GAS  C:\Users\ANDREW~1\AppData\Local\Temp\ccXn1GXs.s 			page 33


 1821 0125 03       		.byte	0x3
 1822 0126 3E01     		.2byte	0x13e
 1823 0128 32010000 		.4byte	0x132
 1824 012c 05       		.uleb128 0x5
 1825 012d 03       		.byte	0x3
 1826 012e 00000000 		.4byte	cy_metadata
 1827 0132 07       		.uleb128 0x7
 1828 0133 10010000 		.4byte	0x110
 1829 0137 00       		.byte	0
 1830              		.section	.debug_abbrev,"",%progbits
 1831              	.Ldebug_abbrev0:
 1832 0000 01       		.uleb128 0x1
 1833 0001 11       		.uleb128 0x11
 1834 0002 01       		.byte	0x1
 1835 0003 25       		.uleb128 0x25
 1836 0004 0E       		.uleb128 0xe
 1837 0005 13       		.uleb128 0x13
 1838 0006 0B       		.uleb128 0xb
 1839 0007 03       		.uleb128 0x3
 1840 0008 0E       		.uleb128 0xe
 1841 0009 1B       		.uleb128 0x1b
 1842 000a 0E       		.uleb128 0xe
 1843 000b 10       		.uleb128 0x10
 1844 000c 17       		.uleb128 0x17
 1845 000d 00       		.byte	0
 1846 000e 00       		.byte	0
 1847 000f 02       		.uleb128 0x2
 1848 0010 24       		.uleb128 0x24
 1849 0011 00       		.byte	0
 1850 0012 0B       		.uleb128 0xb
 1851 0013 0B       		.uleb128 0xb
 1852 0014 3E       		.uleb128 0x3e
 1853 0015 0B       		.uleb128 0xb
 1854 0016 03       		.uleb128 0x3
 1855 0017 0E       		.uleb128 0xe
 1856 0018 00       		.byte	0
 1857 0019 00       		.byte	0
 1858 001a 03       		.uleb128 0x3
 1859 001b 16       		.uleb128 0x16
 1860 001c 00       		.byte	0
 1861 001d 03       		.uleb128 0x3
 1862 001e 0E       		.uleb128 0xe
 1863 001f 3A       		.uleb128 0x3a
 1864 0020 0B       		.uleb128 0xb
 1865 0021 3B       		.uleb128 0x3b
 1866 0022 0B       		.uleb128 0xb
 1867 0023 49       		.uleb128 0x49
 1868 0024 13       		.uleb128 0x13
 1869 0025 00       		.byte	0
 1870 0026 00       		.byte	0
 1871 0027 04       		.uleb128 0x4
 1872 0028 24       		.uleb128 0x24
 1873 0029 00       		.byte	0
 1874 002a 0B       		.uleb128 0xb
 1875 002b 0B       		.uleb128 0xb
 1876 002c 3E       		.uleb128 0x3e
 1877 002d 0B       		.uleb128 0xb
ARM GAS  C:\Users\ANDREW~1\AppData\Local\Temp\ccXn1GXs.s 			page 34


 1878 002e 03       		.uleb128 0x3
 1879 002f 08       		.uleb128 0x8
 1880 0030 00       		.byte	0
 1881 0031 00       		.byte	0
 1882 0032 05       		.uleb128 0x5
 1883 0033 01       		.uleb128 0x1
 1884 0034 01       		.byte	0x1
 1885 0035 49       		.uleb128 0x49
 1886 0036 13       		.uleb128 0x13
 1887 0037 01       		.uleb128 0x1
 1888 0038 13       		.uleb128 0x13
 1889 0039 00       		.byte	0
 1890 003a 00       		.byte	0
 1891 003b 06       		.uleb128 0x6
 1892 003c 21       		.uleb128 0x21
 1893 003d 00       		.byte	0
 1894 003e 49       		.uleb128 0x49
 1895 003f 13       		.uleb128 0x13
 1896 0040 2F       		.uleb128 0x2f
 1897 0041 05       		.uleb128 0x5
 1898 0042 00       		.byte	0
 1899 0043 00       		.byte	0
 1900 0044 07       		.uleb128 0x7
 1901 0045 26       		.uleb128 0x26
 1902 0046 00       		.byte	0
 1903 0047 49       		.uleb128 0x49
 1904 0048 13       		.uleb128 0x13
 1905 0049 00       		.byte	0
 1906 004a 00       		.byte	0
 1907 004b 08       		.uleb128 0x8
 1908 004c 34       		.uleb128 0x34
 1909 004d 00       		.byte	0
 1910 004e 03       		.uleb128 0x3
 1911 004f 0E       		.uleb128 0xe
 1912 0050 3A       		.uleb128 0x3a
 1913 0051 0B       		.uleb128 0xb
 1914 0052 3B       		.uleb128 0x3b
 1915 0053 0B       		.uleb128 0xb
 1916 0054 49       		.uleb128 0x49
 1917 0055 13       		.uleb128 0x13
 1918 0056 3F       		.uleb128 0x3f
 1919 0057 19       		.uleb128 0x19
 1920 0058 02       		.uleb128 0x2
 1921 0059 18       		.uleb128 0x18
 1922 005a 00       		.byte	0
 1923 005b 00       		.byte	0
 1924 005c 09       		.uleb128 0x9
 1925 005d 21       		.uleb128 0x21
 1926 005e 00       		.byte	0
 1927 005f 49       		.uleb128 0x49
 1928 0060 13       		.uleb128 0x13
 1929 0061 2F       		.uleb128 0x2f
 1930 0062 0B       		.uleb128 0xb
 1931 0063 00       		.byte	0
 1932 0064 00       		.byte	0
 1933 0065 0A       		.uleb128 0xa
 1934 0066 34       		.uleb128 0x34
ARM GAS  C:\Users\ANDREW~1\AppData\Local\Temp\ccXn1GXs.s 			page 35


 1935 0067 00       		.byte	0
 1936 0068 03       		.uleb128 0x3
 1937 0069 0E       		.uleb128 0xe
 1938 006a 3A       		.uleb128 0x3a
 1939 006b 0B       		.uleb128 0xb
 1940 006c 3B       		.uleb128 0x3b
 1941 006d 05       		.uleb128 0x5
 1942 006e 49       		.uleb128 0x49
 1943 006f 13       		.uleb128 0x13
 1944 0070 3F       		.uleb128 0x3f
 1945 0071 19       		.uleb128 0x19
 1946 0072 02       		.uleb128 0x2
 1947 0073 18       		.uleb128 0x18
 1948 0074 00       		.byte	0
 1949 0075 00       		.byte	0
 1950 0076 00       		.byte	0
 1951              		.section	.debug_aranges,"",%progbits
 1952 0000 14000000 		.4byte	0x14
 1953 0004 0200     		.2byte	0x2
 1954 0006 00000000 		.4byte	.Ldebug_info0
 1955 000a 04       		.byte	0x4
 1956 000b 00       		.byte	0
 1957 000c 0000     		.2byte	0
 1958 000e 0000     		.2byte	0
 1959 0010 00000000 		.4byte	0
 1960 0014 00000000 		.4byte	0
 1961              		.section	.debug_line,"",%progbits
 1962              	.Ldebug_line0:
 1963 0000 1D010000 		.section	.debug_str,"MS",%progbits,1
 1963      02001701 
 1963      00000201 
 1963      FB0E0D00 
 1963      01010101 
 1964              	.LASF9:
 1965 0000 5F5F7569 		.ascii	"__uint8_t\000"
 1965      6E74385F 
 1965      7400
 1966              	.LASF19:
 1967 000a 443A5C4D 		.ascii	"D:\\Monash - Legion\\Y4S1\\ECE4191\\ECE4191-G3\\PSo"
 1967      6F6E6173 
 1967      68202D20 
 1967      4C656769 
 1967      6F6E5C59 
 1968 0038 4320636F 		.ascii	"C components\\Colour_Sensor\\TCS3200.cydsn\000"
 1968      6D706F6E 
 1968      656E7473 
 1968      5C436F6C 
 1968      6F75725F 
 1969              	.LASF16:
 1970 0061 63795F6D 		.ascii	"cy_metadata\000"
 1970      65746164 
 1970      61746100 
 1971              	.LASF1:
 1972 006d 756E7369 		.ascii	"unsigned char\000"
 1972      676E6564 
 1972      20636861 
 1972      7200
ARM GAS  C:\Users\ANDREW~1\AppData\Local\Temp\ccXn1GXs.s 			page 36


 1973              	.LASF17:
 1974 007b 474E5520 		.ascii	"GNU C11 5.4.1 20160609 (release) [ARM/embedded-5-br"
 1974      43313120 
 1974      352E342E 
 1974      31203230 
 1974      31363036 
 1975 00ae 616E6368 		.ascii	"anch revision 237715] -mcpu=cortex-m3 -mthumb -g -O"
 1975      20726576 
 1975      6973696F 
 1975      6E203233 
 1975      37373135 
 1976 00e1 67202D66 		.ascii	"g -ffunction-sections -ffat-lto-objects\000"
 1976      66756E63 
 1976      74696F6E 
 1976      2D736563 
 1976      74696F6E 
 1977              	.LASF5:
 1978 0109 6C6F6E67 		.ascii	"long unsigned int\000"
 1978      20756E73 
 1978      69676E65 
 1978      6420696E 
 1978      7400
 1979              	.LASF3:
 1980 011b 73686F72 		.ascii	"short unsigned int\000"
 1980      7420756E 
 1980      7369676E 
 1980      65642069 
 1980      6E7400
 1981              	.LASF13:
 1982 012e 63795F6D 		.ascii	"cy_meta_custnvl\000"
 1982      6574615F 
 1982      63757374 
 1982      6E766C00 
 1983              	.LASF12:
 1984 013e 63795F6D 		.ascii	"cy_meta_configecc\000"
 1984      6574615F 
 1984      636F6E66 
 1984      69676563 
 1984      6300
 1985              	.LASF8:
 1986 0150 756E7369 		.ascii	"unsigned int\000"
 1986      676E6564 
 1986      20696E74 
 1986      00
 1987              	.LASF7:
 1988 015d 6C6F6E67 		.ascii	"long long unsigned int\000"
 1988      206C6F6E 
 1988      6720756E 
 1988      7369676E 
 1988      65642069 
 1989              	.LASF10:
 1990 0174 75696E74 		.ascii	"uint8_t\000"
 1990      385F7400 
 1991              	.LASF15:
 1992 017c 63795F6D 		.ascii	"cy_meta_flashprotect\000"
 1992      6574615F 
 1992      666C6173 
ARM GAS  C:\Users\ANDREW~1\AppData\Local\Temp\ccXn1GXs.s 			page 37


 1992      6870726F 
 1992      74656374 
 1993              	.LASF14:
 1994 0191 63795F6D 		.ascii	"cy_meta_wonvl\000"
 1994      6574615F 
 1994      776F6E76 
 1994      6C00
 1995              	.LASF11:
 1996 019f 73697A65 		.ascii	"sizetype\000"
 1996      74797065 
 1996      00
 1997              	.LASF6:
 1998 01a8 6C6F6E67 		.ascii	"long long int\000"
 1998      206C6F6E 
 1998      6720696E 
 1998      7400
 1999              	.LASF2:
 2000 01b6 73686F72 		.ascii	"short int\000"
 2000      7420696E 
 2000      7400
 2001              	.LASF4:
 2002 01c0 6C6F6E67 		.ascii	"long int\000"
 2002      20696E74 
 2002      00
 2003              	.LASF0:
 2004 01c9 7369676E 		.ascii	"signed char\000"
 2004      65642063 
 2004      68617200 
 2005              	.LASF18:
 2006 01d5 47656E65 		.ascii	"Generated_Source\\PSoC5\\cymetadata.c\000"
 2006      72617465 
 2006      645F536F 
 2006      75726365 
 2006      5C50536F 
 2007              		.ident	"GCC: (GNU Tools for ARM Embedded Processors) 5.4.1 20160609 (release) [ARM/embedded-5-bran
